[2026-02-19T21:32:50.435+0000] {taskinstance.py:1956} INFO - Dependencies all met for dep_context=non-requeueable deps ti=<TaskInstance: spotify_etl.transformar_silver scheduled__2026-02-18T00:00:00+00:00 [queued]>
[2026-02-19T21:32:50.449+0000] {taskinstance.py:1956} INFO - Dependencies all met for dep_context=requeueable deps ti=<TaskInstance: spotify_etl.transformar_silver scheduled__2026-02-18T00:00:00+00:00 [queued]>
[2026-02-19T21:32:50.452+0000] {taskinstance.py:2170} INFO - Starting attempt 2 of 3
[2026-02-19T21:32:50.481+0000] {taskinstance.py:2191} INFO - Executing <Task(_PythonDecoratedOperator): transformar_silver> on 2026-02-18 00:00:00+00:00
[2026-02-19T21:32:50.490+0000] {standard_task_runner.py:60} INFO - Started process 9045 to run task
[2026-02-19T21:32:50.496+0000] {standard_task_runner.py:87} INFO - Running: ['***', 'tasks', 'run', 'spotify_etl', 'transformar_silver', 'scheduled__2026-02-18T00:00:00+00:00', '--job-id', '59', '--raw', '--subdir', 'DAGS_FOLDER/spotyfy_etl.py', '--cfg-path', '/tmp/tmplspn3qia']
[2026-02-19T21:32:50.500+0000] {standard_task_runner.py:88} INFO - Job 59: Subtask transformar_silver
[2026-02-19T21:32:50.531+0000] {logging_mixin.py:188} WARNING - /home/***/.local/lib/python3.8/site-packages/***/settings.py:194 DeprecationWarning: The sql_alchemy_conn option in [core] has been moved to the sql_alchemy_conn option in [database] - the old setting has been used, but please update your config.
[2026-02-19T21:32:50.607+0000] {task_command.py:423} INFO - Running <TaskInstance: spotify_etl.transformar_silver scheduled__2026-02-18T00:00:00+00:00 [running]> on host 9c61b33cde5a
[2026-02-19T21:32:51.152+0000] {taskinstance.py:2480} INFO - Exporting env vars: AIRFLOW_CTX_DAG_OWNER='maestria_bigdata' AIRFLOW_CTX_DAG_ID='spotify_etl' AIRFLOW_CTX_TASK_ID='transformar_silver' AIRFLOW_CTX_EXECUTION_DATE='2026-02-18T00:00:00+00:00' AIRFLOW_CTX_TRY_NUMBER='2' AIRFLOW_CTX_DAG_RUN_ID='scheduled__2026-02-18T00:00:00+00:00'
[2026-02-19T21:32:51.153+0000] {logging_mixin.py:188} INFO - ⚙️ [SILVER] Procesando: /opt/***/dags/data_lake/spotify_project/bronze/raw_artists_20260219_2130.parquet
[2026-02-19T21:32:51.239+0000] {taskinstance.py:2698} ERROR - Task failed with exception
Traceback (most recent call last):
  File "/home/airflow/.local/lib/python3.8/site-packages/airflow/models/taskinstance.py", line 433, in _execute_task
    result = execute_callable(context=context, **execute_callable_kwargs)
  File "/home/airflow/.local/lib/python3.8/site-packages/airflow/decorators/base.py", line 241, in execute
    return_value = super().execute(context)
  File "/home/airflow/.local/lib/python3.8/site-packages/airflow/operators/python.py", line 199, in execute
    return_value = self.execute_callable()
  File "/home/airflow/.local/lib/python3.8/site-packages/airflow/operators/python.py", line 216, in execute_callable
    return self.python_callable(*self.op_args, **self.op_kwargs)
  File "/opt/airflow/dags/spotyfy_etl.py", line 91, in transformar_silver
    'followers': row['followers'].get('total'),
AttributeError: 'NoneType' object has no attribute 'get'
[2026-02-19T21:32:51.265+0000] {taskinstance.py:1138} INFO - Marking task as UP_FOR_RETRY. dag_id=spotify_etl, task_id=transformar_silver, execution_date=20260218T000000, start_date=20260219T213250, end_date=20260219T213251
[2026-02-19T21:32:51.327+0000] {standard_task_runner.py:107} ERROR - Failed to execute job 59 for task transformar_silver ('NoneType' object has no attribute 'get'; 9045)
[2026-02-19T21:32:51.391+0000] {local_task_job_runner.py:234} INFO - Task exited with return code 1
[2026-02-19T21:32:51.452+0000] {taskinstance.py:3280} INFO - 0 downstream tasks scheduled from follow-on schedule check
