[2026-02-21T04:25:08.442+0000] {taskinstance.py:1956} INFO - Dependencies all met for dep_context=non-requeueable deps ti=<TaskInstance: 08_spotify_albums_etl.extraer_albumes_bronze manual__2026-02-21T04:20:06.972967+00:00 [queued]>
[2026-02-21T04:25:08.453+0000] {taskinstance.py:1956} INFO - Dependencies all met for dep_context=requeueable deps ti=<TaskInstance: 08_spotify_albums_etl.extraer_albumes_bronze manual__2026-02-21T04:20:06.972967+00:00 [queued]>
[2026-02-21T04:25:08.454+0000] {taskinstance.py:2170} INFO - Starting attempt 3 of 3
[2026-02-21T04:25:08.476+0000] {taskinstance.py:2191} INFO - Executing <Task(_PythonDecoratedOperator): extraer_albumes_bronze> on 2026-02-21 04:20:06.972967+00:00
[2026-02-21T04:25:08.483+0000] {standard_task_runner.py:60} INFO - Started process 9942 to run task
[2026-02-21T04:25:08.488+0000] {standard_task_runner.py:87} INFO - Running: ['***', 'tasks', 'run', '08_spotify_albums_etl', 'extraer_albumes_bronze', 'manual__2026-02-21T04:20:06.972967+00:00', '--job-id', '225', '--raw', '--subdir', 'DAGS_FOLDER/spotify_albums_etl.py', '--cfg-path', '/tmp/tmptb53muq4']
[2026-02-21T04:25:08.491+0000] {standard_task_runner.py:88} INFO - Job 225: Subtask extraer_albumes_bronze
[2026-02-21T04:25:08.518+0000] {logging_mixin.py:188} WARNING - /home/***/.local/lib/python3.8/site-packages/***/settings.py:194 DeprecationWarning: The sql_alchemy_conn option in [core] has been moved to the sql_alchemy_conn option in [database] - the old setting has been used, but please update your config.
[2026-02-21T04:25:08.585+0000] {task_command.py:423} INFO - Running <TaskInstance: 08_spotify_albums_etl.extraer_albumes_bronze manual__2026-02-21T04:20:06.972967+00:00 [running]> on host 4db39a7f84f2
[2026-02-21T04:25:08.900+0000] {taskinstance.py:2480} INFO - Exporting env vars: AIRFLOW_CTX_DAG_OWNER='maestria_bigdata' AIRFLOW_CTX_DAG_ID='08_spotify_albums_etl' AIRFLOW_CTX_TASK_ID='extraer_albumes_bronze' AIRFLOW_CTX_EXECUTION_DATE='2026-02-21T04:20:06.972967+00:00' AIRFLOW_CTX_TRY_NUMBER='3' AIRFLOW_CTX_DAG_RUN_ID='manual__2026-02-21T04:20:06.972967+00:00'
[2026-02-21T04:25:08.901+0000] {logging_mixin.py:188} INFO - 🔐 [BRONZE] Iniciando autenticación OAuth 2.0...
[2026-02-21T04:25:26.990+0000] {logging_mixin.py:188} INFO -    ❌ Error con The Weeknd: RetryError[<Future at 0x778e62f1e7c0 state=finished raised HTTPError>]
[2026-02-21T04:25:44.690+0000] {logging_mixin.py:188} INFO -    ❌ Error con ROSALÍA: RetryError[<Future at 0x778e62f30af0 state=finished raised HTTPError>]
[2026-02-21T04:26:02.590+0000] {logging_mixin.py:188} INFO -    ❌ Error con Daft Punk: RetryError[<Future at 0x778e62f307f0 state=finished raised HTTPError>]
[2026-02-21T04:26:20.191+0000] {logging_mixin.py:188} INFO -    ❌ Error con Adele: RetryError[<Future at 0x778e62ee4fd0 state=finished raised HTTPError>]
[2026-02-21T04:26:37.864+0000] {logging_mixin.py:188} INFO -    ❌ Error con Eminem: RetryError[<Future at 0x778e62f30940 state=finished raised HTTPError>]
[2026-02-21T04:26:37.865+0000] {taskinstance.py:2698} ERROR - Task failed with exception
Traceback (most recent call last):
  File "/home/airflow/.local/lib/python3.8/site-packages/airflow/models/taskinstance.py", line 433, in _execute_task
    result = execute_callable(context=context, **execute_callable_kwargs)
  File "/home/airflow/.local/lib/python3.8/site-packages/airflow/decorators/base.py", line 241, in execute
    return_value = super().execute(context)
  File "/home/airflow/.local/lib/python3.8/site-packages/airflow/operators/python.py", line 199, in execute
    return_value = self.execute_callable()
  File "/home/airflow/.local/lib/python3.8/site-packages/airflow/operators/python.py", line 216, in execute_callable
    return self.python_callable(*self.op_args, **self.op_kwargs)
  File "/opt/airflow/dags/spotify_albums_etl.py", line 86, in extraer_albumes_bronze
    print(f"\n🎤 Procesando artista: {artist_name} ({artist_id})")
ValueError: Fallo Crítico: No se extrajo ningún álbum. El pipeline se detiene aquí para proteger el Data Lakehouse.
[2026-02-21T04:26:37.883+0000] {taskinstance.py:1138} INFO - Marking task as FAILED. dag_id=08_spotify_albums_etl, task_id=extraer_albumes_bronze, execution_date=20260221T042006, start_date=20260221T042508, end_date=20260221T042637
[2026-02-21T04:26:37.932+0000] {standard_task_runner.py:107} ERROR - Failed to execute job 225 for task extraer_albumes_bronze (Fallo Crítico: No se extrajo ningún álbum. El pipeline se detiene aquí para proteger el Data Lakehouse.; 9942)
[2026-02-21T04:26:37.972+0000] {local_task_job_runner.py:234} INFO - Task exited with return code 1
[2026-02-21T04:26:37.997+0000] {taskinstance.py:3280} INFO - 0 downstream tasks scheduled from follow-on schedule check
