[2026-02-19T15:49:42.535+0000] {taskinstance.py:1956} INFO - Dependencies all met for dep_context=non-requeueable deps ti=<TaskInstance: owd_etl_robusto.extraer_raw manual__2026-02-19T15:48:39.462716+00:00 [queued]>
[2026-02-19T15:49:42.548+0000] {taskinstance.py:1956} INFO - Dependencies all met for dep_context=requeueable deps ti=<TaskInstance: owd_etl_robusto.extraer_raw manual__2026-02-19T15:48:39.462716+00:00 [queued]>
[2026-02-19T15:49:42.549+0000] {taskinstance.py:2170} INFO - Starting attempt 2 of 3
[2026-02-19T15:49:42.574+0000] {taskinstance.py:2191} INFO - Executing <Task(_PythonDecoratedOperator): extraer_raw> on 2026-02-19 15:48:39.462716+00:00
[2026-02-19T15:49:42.583+0000] {standard_task_runner.py:60} INFO - Started process 92599 to run task
[2026-02-19T15:49:42.589+0000] {standard_task_runner.py:87} INFO - Running: ['***', 'tasks', 'run', 'owd_etl_robusto', 'extraer_raw', 'manual__2026-02-19T15:48:39.462716+00:00', '--job-id', '32', '--raw', '--subdir', 'DAGS_FOLDER/owd_etl_robusto.py', '--cfg-path', '/tmp/tmpxt8e6qyx']
[2026-02-19T15:49:42.593+0000] {standard_task_runner.py:88} INFO - Job 32: Subtask extraer_raw
[2026-02-19T15:49:42.619+0000] {logging_mixin.py:188} WARNING - /home/***/.local/lib/python3.8/site-packages/***/settings.py:194 DeprecationWarning: The sql_alchemy_conn option in [core] has been moved to the sql_alchemy_conn option in [database] - the old setting has been used, but please update your config.
[2026-02-19T15:49:42.685+0000] {task_command.py:423} INFO - Running <TaskInstance: owd_etl_robusto.extraer_raw manual__2026-02-19T15:48:39.462716+00:00 [running]> on host 21fafdf21d68
[2026-02-19T15:49:43.013+0000] {taskinstance.py:2480} INFO - Exporting env vars: AIRFLOW_CTX_DAG_OWNER='Procesos_ETL' AIRFLOW_CTX_DAG_ID='owd_etl_robusto' AIRFLOW_CTX_TASK_ID='extraer_raw' AIRFLOW_CTX_EXECUTION_DATE='2026-02-19T15:48:39.462716+00:00' AIRFLOW_CTX_TRY_NUMBER='2' AIRFLOW_CTX_DAG_RUN_ID='manual__2026-02-19T15:48:39.462716+00:00'
[2026-02-19T15:49:43.015+0000] {logging_mixin.py:188} INFO - Iniciando la extracción de datos desde la Api...
[2026-02-19T15:49:43.025+0000] {taskinstance.py:2698} ERROR - Task failed with exception
Traceback (most recent call last):
  File "/home/airflow/.local/lib/python3.8/site-packages/airflow/models/taskinstance.py", line 433, in _execute_task
    result = execute_callable(context=context, **execute_callable_kwargs)
  File "/home/airflow/.local/lib/python3.8/site-packages/airflow/decorators/base.py", line 241, in execute
    return_value = super().execute(context)
  File "/home/airflow/.local/lib/python3.8/site-packages/airflow/operators/python.py", line 199, in execute
    return_value = self.execute_callable()
  File "/home/airflow/.local/lib/python3.8/site-packages/airflow/operators/python.py", line 216, in execute_callable
    return self.python_callable(*self.op_args, **self.op_kwargs)
  File "/opt/airflow/dags/owd_etl_robusto.py", line 32, in extraer_raw
    API_KEY = Variable.get('OPENWEATHER_API_KEY')
  File "/home/airflow/.local/lib/python3.8/site-packages/airflow/models/variable.py", line 143, in get
    raise KeyError(f"Variable {key} does not exist")
KeyError: 'Variable OPENWEATHER_API_KEY does not exist'
[2026-02-19T15:49:43.043+0000] {taskinstance.py:1138} INFO - Marking task as UP_FOR_RETRY. dag_id=owd_etl_robusto, task_id=extraer_raw, execution_date=20260219T154839, start_date=20260219T154942, end_date=20260219T154943
[2026-02-19T15:49:43.060+0000] {standard_task_runner.py:107} ERROR - Failed to execute job 32 for task extraer_raw ('Variable OPENWEATHER_API_KEY does not exist'; 92599)
[2026-02-19T15:49:43.084+0000] {local_task_job_runner.py:234} INFO - Task exited with return code 1
[2026-02-19T15:49:43.114+0000] {taskinstance.py:3280} INFO - 0 downstream tasks scheduled from follow-on schedule check
