[2026-02-15T00:00:02.512+0000] {taskinstance.py:1956} INFO - Dependencies all met for dep_context=non-requeueable deps ti=<TaskInstance: owd_etl.extraer_api_y_explorar scheduled__2026-02-14T00:00:00+00:00 [queued]>
[2026-02-15T00:00:02.524+0000] {taskinstance.py:1956} INFO - Dependencies all met for dep_context=requeueable deps ti=<TaskInstance: owd_etl.extraer_api_y_explorar scheduled__2026-02-14T00:00:00+00:00 [queued]>
[2026-02-15T00:00:02.525+0000] {taskinstance.py:2170} INFO - Starting attempt 1 of 2
[2026-02-15T00:00:02.594+0000] {taskinstance.py:2191} INFO - Executing <Task(_PythonDecoratedOperator): extraer_api_y_explorar> on 2026-02-14 00:00:00+00:00
[2026-02-15T00:00:02.603+0000] {standard_task_runner.py:60} INFO - Started process 17976 to run task
[2026-02-15T00:00:02.612+0000] {standard_task_runner.py:87} INFO - Running: ['***', 'tasks', 'run', 'owd_etl', 'extraer_api_y_explorar', 'scheduled__2026-02-14T00:00:00+00:00', '--job-id', '10', '--raw', '--subdir', 'DAGS_FOLDER/owd_etl.py', '--cfg-path', '/tmp/tmpjdq81h7g']
[2026-02-15T00:00:02.617+0000] {standard_task_runner.py:88} INFO - Job 10: Subtask extraer_api_y_explorar
[2026-02-15T00:00:02.649+0000] {logging_mixin.py:188} WARNING - /home/***/.local/lib/python3.8/site-packages/***/settings.py:194 DeprecationWarning: The sql_alchemy_conn option in [core] has been moved to the sql_alchemy_conn option in [database] - the old setting has been used, but please update your config.
[2026-02-15T00:00:02.721+0000] {task_command.py:423} INFO - Running <TaskInstance: owd_etl.extraer_api_y_explorar scheduled__2026-02-14T00:00:00+00:00 [running]> on host 21fafdf21d68
[2026-02-15T00:00:03.421+0000] {taskinstance.py:2480} INFO - Exporting env vars: AIRFLOW_CTX_DAG_OWNER='Clases_etl' AIRFLOW_CTX_DAG_ID='owd_etl' AIRFLOW_CTX_TASK_ID='extraer_api_y_explorar' AIRFLOW_CTX_EXECUTION_DATE='2026-02-14T00:00:00+00:00' AIRFLOW_CTX_TRY_NUMBER='1' AIRFLOW_CTX_DAG_RUN_ID='scheduled__2026-02-14T00:00:00+00:00'
[2026-02-15T00:00:03.424+0000] {logging_mixin.py:188} INFO - 📡 Solicitando clima actual para: Loja,EC
[2026-02-15T00:00:04.086+0000] {logging_mixin.py:188} INFO - 
==================================================
[2026-02-15T00:00:04.087+0000] {logging_mixin.py:188} INFO - 🔍 ESTRUCTURA DEL JSON RECIBIDO (RAW DATA):
[2026-02-15T00:00:04.088+0000] {logging_mixin.py:188} INFO - {
    "coord": {
        "lon": -79.2042,
        "lat": -3.9931
    },
    "weather": [
        {
            "id": 500,
            "main": "Rain",
            "description": "light rain",
            "icon": "10n"
        }
    ],
    "base": "stations",
    "main": {
        "temp": 13.17,
        "feels_like": 13.02,
        "temp_min": 13.17,
        "temp_max": 13.17,
        "pressure": 1015,
        "humidity": 95,
        "sea_level": 1015,
        "grnd_level": 798
    },
    "visibility": 10000,
    "wind": {
        "speed": 0.26,
        "deg": 148,
        "gust": 0.54
    },
    "rain": {
        "1h": 0.11
    },
    "clouds": {
        "all": 96
    },
    "dt": 1771113604,
    "sys": {
        "country": "EC",
        "sunrise": 1771068240,
        "sunset": 1771112293
    },
    "timezone": -18000,
    "id": 3654667,
    "name": "Loja",
    "cod": 200
}
[2026-02-15T00:00:04.088+0000] {logging_mixin.py:188} INFO - ==================================================
[2026-02-15T00:00:04.105+0000] {python.py:201} INFO - Done. Returned value was: /opt/***/dags/data_lake/simple_weather/raw/clima_crudo.json
[2026-02-15T00:00:04.162+0000] {taskinstance.py:1138} INFO - Marking task as SUCCESS. dag_id=owd_etl, task_id=extraer_api_y_explorar, execution_date=20260214T000000, start_date=20260215T000002, end_date=20260215T000004
[2026-02-15T00:00:04.197+0000] {local_task_job_runner.py:234} INFO - Task exited with return code 0
[2026-02-15T00:00:04.229+0000] {taskinstance.py:3280} INFO - 1 downstream tasks scheduled from follow-on schedule check
