[2026-02-20T01:00:01.795+0000] {taskinstance.py:1956} INFO - Dependencies all met for dep_context=non-requeueable deps ti=<TaskInstance: owd_etl_robusto.extraer_raw scheduled__2026-02-20T00:00:00+00:00 [queued]>
[2026-02-20T01:00:01.806+0000] {taskinstance.py:1956} INFO - Dependencies all met for dep_context=requeueable deps ti=<TaskInstance: owd_etl_robusto.extraer_raw scheduled__2026-02-20T00:00:00+00:00 [queued]>
[2026-02-20T01:00:01.806+0000] {taskinstance.py:2170} INFO - Starting attempt 1 of 3
[2026-02-20T01:00:01.823+0000] {taskinstance.py:2191} INFO - Executing <Task(_PythonDecoratedOperator): extraer_raw> on 2026-02-20 00:00:00+00:00
[2026-02-20T01:00:01.832+0000] {standard_task_runner.py:60} INFO - Started process 18426 to run task
[2026-02-20T01:00:01.837+0000] {standard_task_runner.py:87} INFO - Running: ['***', 'tasks', 'run', 'owd_etl_robusto', 'extraer_raw', 'scheduled__2026-02-20T00:00:00+00:00', '--job-id', '75', '--raw', '--subdir', 'DAGS_FOLDER/owd_etl_robusto.py', '--cfg-path', '/tmp/tmpumg8fbpa']
[2026-02-20T01:00:01.841+0000] {standard_task_runner.py:88} INFO - Job 75: Subtask extraer_raw
[2026-02-20T01:00:01.864+0000] {logging_mixin.py:188} WARNING - /home/***/.local/lib/python3.8/site-packages/***/settings.py:194 DeprecationWarning: The sql_alchemy_conn option in [core] has been moved to the sql_alchemy_conn option in [database] - the old setting has been used, but please update your config.
[2026-02-20T01:00:01.931+0000] {task_command.py:423} INFO - Running <TaskInstance: owd_etl_robusto.extraer_raw scheduled__2026-02-20T00:00:00+00:00 [running]> on host 9c61b33cde5a
[2026-02-20T01:00:02.255+0000] {taskinstance.py:2480} INFO - Exporting env vars: AIRFLOW_CTX_DAG_OWNER='Procesos_ETL' AIRFLOW_CTX_DAG_ID='owd_etl_robusto' AIRFLOW_CTX_TASK_ID='extraer_raw' AIRFLOW_CTX_EXECUTION_DATE='2026-02-20T00:00:00+00:00' AIRFLOW_CTX_TRY_NUMBER='1' AIRFLOW_CTX_DAG_RUN_ID='scheduled__2026-02-20T00:00:00+00:00'
[2026-02-20T01:00:02.256+0000] {logging_mixin.py:188} INFO - Iniciando la extracción de datos desde la Api...
[2026-02-20T01:00:02.787+0000] {logging_mixin.py:188} INFO - Extraido: Quito
[2026-02-20T01:00:03.198+0000] {logging_mixin.py:188} INFO - Extraido: Loja
[2026-02-20T01:00:03.624+0000] {logging_mixin.py:188} INFO - Extraido: Guayaquil
[2026-02-20T01:00:04.071+0000] {logging_mixin.py:188} INFO - Extraido: Cuenca
[2026-02-20T01:00:04.649+0000] {logging_mixin.py:188} INFO - Extraido: London
[2026-02-20T01:00:05.161+0000] {logging_mixin.py:188} INFO - Extraido: Tokyo
[2026-02-20T01:00:05.703+0000] {logging_mixin.py:188} INFO - Extraido: Madrid
[2026-02-20T01:00:05.851+0000] {logging_mixin.py:188} INFO - (Bronze) Datos guardados en: /opt/***/dags/data_lake/master_weather/bronze/raw_weather_20260220_0100.parquet
[2026-02-20T01:00:05.853+0000] {python.py:201} INFO - Done. Returned value was: /opt/***/dags/data_lake/master_weather/bronze/raw_weather_20260220_0100.parquet
[2026-02-20T01:00:05.892+0000] {taskinstance.py:1138} INFO - Marking task as SUCCESS. dag_id=owd_etl_robusto, task_id=extraer_raw, execution_date=20260220T000000, start_date=20260220T010001, end_date=20260220T010005
[2026-02-20T01:00:05.950+0000] {local_task_job_runner.py:234} INFO - Task exited with return code 0
[2026-02-20T01:00:05.993+0000] {taskinstance.py:3280} INFO - 1 downstream tasks scheduled from follow-on schedule check
