[2026-02-21T03:19:19.833+0000] {taskinstance.py:1956} INFO - Dependencies all met for dep_context=non-requeueable deps ti=<TaskInstance: spotify_etl.extraer_spotify_bronze manual__2026-02-21T03:19:17.038896+00:00 [queued]>
[2026-02-21T03:19:19.844+0000] {taskinstance.py:1956} INFO - Dependencies all met for dep_context=requeueable deps ti=<TaskInstance: spotify_etl.extraer_spotify_bronze manual__2026-02-21T03:19:17.038896+00:00 [queued]>
[2026-02-21T03:19:19.845+0000] {taskinstance.py:2170} INFO - Starting attempt 1 of 3
[2026-02-21T03:19:19.877+0000] {taskinstance.py:2191} INFO - Executing <Task(_PythonDecoratedOperator): extraer_spotify_bronze> on 2026-02-21 03:19:17.038896+00:00
[2026-02-21T03:19:19.887+0000] {standard_task_runner.py:60} INFO - Started process 6214 to run task
[2026-02-21T03:19:19.892+0000] {standard_task_runner.py:87} INFO - Running: ['***', 'tasks', 'run', 'spotify_etl', 'extraer_spotify_bronze', 'manual__2026-02-21T03:19:17.038896+00:00', '--job-id', '165', '--raw', '--subdir', 'DAGS_FOLDER/spotyfy_etl.py', '--cfg-path', '/tmp/tmpq1kxct31']
[2026-02-21T03:19:19.899+0000] {standard_task_runner.py:88} INFO - Job 165: Subtask extraer_spotify_bronze
[2026-02-21T03:19:19.934+0000] {logging_mixin.py:188} WARNING - /home/***/.local/lib/python3.8/site-packages/***/settings.py:194 DeprecationWarning: The sql_alchemy_conn option in [core] has been moved to the sql_alchemy_conn option in [database] - the old setting has been used, but please update your config.
[2026-02-21T03:19:20.023+0000] {task_command.py:423} INFO - Running <TaskInstance: spotify_etl.extraer_spotify_bronze manual__2026-02-21T03:19:17.038896+00:00 [running]> on host 4db39a7f84f2
[2026-02-21T03:19:20.458+0000] {taskinstance.py:2480} INFO - Exporting env vars: AIRFLOW_CTX_DAG_OWNER='maestria_bigdata' AIRFLOW_CTX_DAG_ID='spotify_etl' AIRFLOW_CTX_TASK_ID='extraer_spotify_bronze' AIRFLOW_CTX_EXECUTION_DATE='2026-02-21T03:19:17.038896+00:00' AIRFLOW_CTX_TRY_NUMBER='1' AIRFLOW_CTX_DAG_RUN_ID='manual__2026-02-21T03:19:17.038896+00:00'
[2026-02-21T03:19:20.460+0000] {logging_mixin.py:188} INFO - 🔐 [BRONZE] Autenticando con Spotify OAuth 2.0...
[2026-02-21T03:19:20.915+0000] {logging_mixin.py:188} INFO - 🔑 Token (primeros 20 chars): BQAs47E1owqoo4zQ8zFv...
[2026-02-21T03:19:20.917+0000] {logging_mixin.py:188} INFO -    🔍 Solicitando artista 1Xyo4u8uXC1ZmMpatF05PJ desde https://api.spotify.com/v1/artists/1Xyo4u8uXC1ZmMpatF05PJ
[2026-02-21T03:19:21.352+0000] {logging_mixin.py:188} INFO -    📡 Código de respuesta: 200
[2026-02-21T03:19:21.353+0000] {logging_mixin.py:188} INFO -    📨 Headers de respuesta: {'content-type': 'application/json; charset=utf-8', 'cache-control': 'public, max-age=0', 'etag': '"MC-IjJlMzhlMTExYmZhYjMyZjcwMjA4OTQ3ODU3MWMxYTQ1Ig=="', 'x-robots-tag': 'noindex, nofollow', 'access-control-allow-origin': '*', 'access-control-allow-headers': 'Accept, App-Platform, Authorization, Content-Type, Origin, Retry-After, Spotify-App-Version, X-Cloud-Trace-Context, client-token, content-access-token', 'access-control-allow-methods': 'GET, POST, OPTIONS, PUT, DELETE, PATCH', 'access-control-allow-credentials': 'true', 'access-control-max-age': '604800', 'content-encoding': 'gzip', 'strict-transport-security': 'max-age=31536000', 'x-content-type-options': 'nosniff', 'alt-svc': 'h3=":443"; ma=2592000,h3-29=":443"; ma=2592000, h3=":443"; ma=2592000,h3-29=":443"; ma=2592000', 'date': 'Sat, 21 Feb 2026 03:19:20 GMT', 'server': 'envoy', 'via': 'HTTP/2 edgeproxy, 1.1 google', 'Transfer-Encoding': 'chunked'}
[2026-02-21T03:19:21.355+0000] {logging_mixin.py:188} INFO -    ✅ Claves recibidas: ['external_urls', 'href', 'id', 'images', 'name', 'type', 'uri']
[2026-02-21T03:19:21.356+0000] {logging_mixin.py:188} INFO -    📦 JSON completo: {'external_urls': {'spotify': 'https://open.spotify.com/artist/1Xyo4u8uXC1ZmMpatF05PJ'}, 'href': 'https://api.spotify.com/v1/artists/1Xyo4u8uXC1ZmMpatF05PJ', 'id': '1Xyo4u8uXC1ZmMpatF05PJ', 'images': [{'url': 'https://i.scdn.co/image/ab6761610000e5eb9e528993a2820267b97f6aae', 'height': 640, 'width': 640}, {'url': 'https://i.scdn.co/image/ab676161000051749e528993a2820267b97f6aae', 'height': 320, 'width': 320}, {'url': 'https://i.scdn.co/image/ab6761610000f1789e528993a2820267b97f6aae', 'height': 160, 'width': 160}], 'name': 'The Weeknd', 'type': 'artist', 'uri': 'spotify:artist:1Xyo4u8uXC1ZmMpatF05PJ'}
[2026-02-21T03:19:21.358+0000] {logging_mixin.py:188} INFO -    ✅ Artista extraído exitosamente.
[2026-02-21T03:19:21.361+0000] {logging_mixin.py:188} INFO -    🔍 Solicitando artista 7ltDVBr6mKbRvohxheJ9h1 desde https://api.spotify.com/v1/artists/7ltDVBr6mKbRvohxheJ9h1
[2026-02-21T03:19:21.773+0000] {logging_mixin.py:188} INFO -    📡 Código de respuesta: 200
[2026-02-21T03:19:21.774+0000] {logging_mixin.py:188} INFO -    📨 Headers de respuesta: {'content-type': 'application/json; charset=utf-8', 'cache-control': 'public, max-age=0', 'etag': '"MC-ImU1ZjE0YzJjMTRlYmUxZmI1NDY1NDIzNzIwNTY4MzUyIg=="', 'x-robots-tag': 'noindex, nofollow', 'access-control-allow-origin': '*', 'access-control-allow-headers': 'Accept, App-Platform, Authorization, Content-Type, Origin, Retry-After, Spotify-App-Version, X-Cloud-Trace-Context, client-token, content-access-token', 'access-control-allow-methods': 'GET, POST, OPTIONS, PUT, DELETE, PATCH', 'access-control-allow-credentials': 'true', 'access-control-max-age': '604800', 'content-encoding': 'gzip', 'strict-transport-security': 'max-age=31536000', 'x-content-type-options': 'nosniff', 'alt-svc': 'h3=":443"; ma=2592000,h3-29=":443"; ma=2592000, h3=":443"; ma=2592000,h3-29=":443"; ma=2592000', 'date': 'Sat, 21 Feb 2026 03:19:21 GMT', 'server': 'envoy', 'via': 'HTTP/2 edgeproxy, 1.1 google', 'Transfer-Encoding': 'chunked'}
[2026-02-21T03:19:21.775+0000] {logging_mixin.py:188} INFO -    ✅ Claves recibidas: ['external_urls', 'href', 'id', 'images', 'name', 'type', 'uri']
[2026-02-21T03:19:21.776+0000] {logging_mixin.py:188} INFO -    📦 JSON completo: {'external_urls': {'spotify': 'https://open.spotify.com/artist/7ltDVBr6mKbRvohxheJ9h1'}, 'href': 'https://api.spotify.com/v1/artists/7ltDVBr6mKbRvohxheJ9h1', 'id': '7ltDVBr6mKbRvohxheJ9h1', 'images': [{'url': 'https://i.scdn.co/image/ab6761610000e5eb9354faf80eb87961466edfbf', 'height': 640, 'width': 640}, {'url': 'https://i.scdn.co/image/ab676161000051749354faf80eb87961466edfbf', 'height': 320, 'width': 320}, {'url': 'https://i.scdn.co/image/ab6761610000f1789354faf80eb87961466edfbf', 'height': 160, 'width': 160}], 'name': 'ROSALÍA', 'type': 'artist', 'uri': 'spotify:artist:7ltDVBr6mKbRvohxheJ9h1'}
[2026-02-21T03:19:21.779+0000] {logging_mixin.py:188} INFO -    ✅ Artista extraído exitosamente.
[2026-02-21T03:19:21.780+0000] {logging_mixin.py:188} INFO -    🔍 Solicitando artista 4tZwfgrHOc3mvqYlEYSvVi desde https://api.spotify.com/v1/artists/4tZwfgrHOc3mvqYlEYSvVi
[2026-02-21T03:19:22.194+0000] {logging_mixin.py:188} INFO -    📡 Código de respuesta: 200
[2026-02-21T03:19:22.195+0000] {logging_mixin.py:188} INFO -    📨 Headers de respuesta: {'content-type': 'application/json; charset=utf-8', 'cache-control': 'public, max-age=0', 'etag': '"MC-IjdhNWVkOGRkNWVkZTFiMzY3YzRjYjVjNDQwZGVhMGQxIg=="', 'x-robots-tag': 'noindex, nofollow', 'access-control-allow-origin': '*', 'access-control-allow-headers': 'Accept, App-Platform, Authorization, Content-Type, Origin, Retry-After, Spotify-App-Version, X-Cloud-Trace-Context, client-token, content-access-token', 'access-control-allow-methods': 'GET, POST, OPTIONS, PUT, DELETE, PATCH', 'access-control-allow-credentials': 'true', 'access-control-max-age': '604800', 'content-encoding': 'gzip', 'strict-transport-security': 'max-age=31536000', 'x-content-type-options': 'nosniff', 'alt-svc': 'h3=":443"; ma=2592000,h3-29=":443"; ma=2592000, h3=":443"; ma=2592000,h3-29=":443"; ma=2592000', 'date': 'Sat, 21 Feb 2026 03:19:21 GMT', 'server': 'envoy', 'via': 'HTTP/2 edgeproxy, 1.1 google', 'Transfer-Encoding': 'chunked'}
[2026-02-21T03:19:22.198+0000] {logging_mixin.py:188} INFO -    ✅ Claves recibidas: ['external_urls', 'href', 'id', 'images', 'name', 'type', 'uri']
[2026-02-21T03:19:22.199+0000] {logging_mixin.py:188} INFO -    📦 JSON completo: {'external_urls': {'spotify': 'https://open.spotify.com/artist/4tZwfgrHOc3mvqYlEYSvVi'}, 'href': 'https://api.spotify.com/v1/artists/4tZwfgrHOc3mvqYlEYSvVi', 'id': '4tZwfgrHOc3mvqYlEYSvVi', 'images': [{'url': 'https://i.scdn.co/image/ab6761610000e5ebd3aa7cc0e419b6c459b08e8e', 'height': 640, 'width': 640}, {'url': 'https://i.scdn.co/image/ab67616100005174d3aa7cc0e419b6c459b08e8e', 'height': 320, 'width': 320}, {'url': 'https://i.scdn.co/image/ab6761610000f178d3aa7cc0e419b6c459b08e8e', 'height': 160, 'width': 160}], 'name': 'Daft Punk', 'type': 'artist', 'uri': 'spotify:artist:4tZwfgrHOc3mvqYlEYSvVi'}
[2026-02-21T03:19:22.202+0000] {logging_mixin.py:188} INFO -    ✅ Artista extraído exitosamente.
[2026-02-21T03:19:22.203+0000] {logging_mixin.py:188} INFO -    🔍 Solicitando artista 44uqzzJg3ww5eH7IgGV7DMT desde https://api.spotify.com/v1/artists/44uqzzJg3ww5eH7IgGV7DMT
[2026-02-21T03:19:22.571+0000] {logging_mixin.py:188} INFO -    📡 Código de respuesta: 400
[2026-02-21T03:19:22.573+0000] {logging_mixin.py:188} INFO -    📨 Headers de respuesta: {'content-type': 'application/json; charset=utf-8', 'cache-control': 'private, max-age=0', 'access-control-allow-origin': '*', 'access-control-allow-headers': 'Accept, App-Platform, Authorization, Content-Type, Origin, Retry-After, Spotify-App-Version, X-Cloud-Trace-Context, client-token, content-access-token', 'access-control-allow-methods': 'GET, POST, OPTIONS, PUT, DELETE, PATCH', 'access-control-allow-credentials': 'true', 'access-control-max-age': '604800', 'strict-transport-security': 'max-age=31536000', 'x-content-type-options': 'nosniff', 'alt-svc': 'h3=":443"; ma=2592000,h3-29=":443"; ma=2592000, h3=":443"; ma=2592000,h3-29=":443"; ma=2592000', 'content-encoding': 'gzip', 'vary': 'Accept-Encoding', 'date': 'Sat, 21 Feb 2026 03:19:21 GMT', 'server': 'envoy', 'via': 'HTTP/2 edgeproxy, 1.1 google', 'Transfer-Encoding': 'chunked'}
[2026-02-21T03:19:22.574+0000] {logging_mixin.py:188} INFO -    ⚠️ Contenido del error: {"error": {"status": 400, "message": "Invalid base62 id" } }
[2026-02-21T03:19:24.580+0000] {logging_mixin.py:188} INFO -    🔍 Solicitando artista 44uqzzJg3ww5eH7IgGV7DMT desde https://api.spotify.com/v1/artists/44uqzzJg3ww5eH7IgGV7DMT
[2026-02-21T03:19:24.937+0000] {logging_mixin.py:188} INFO -    📡 Código de respuesta: 400
[2026-02-21T03:19:24.939+0000] {logging_mixin.py:188} INFO -    📨 Headers de respuesta: {'content-type': 'application/json; charset=utf-8', 'cache-control': 'private, max-age=0', 'access-control-allow-origin': '*', 'access-control-allow-headers': 'Accept, App-Platform, Authorization, Content-Type, Origin, Retry-After, Spotify-App-Version, X-Cloud-Trace-Context, client-token, content-access-token', 'access-control-allow-methods': 'GET, POST, OPTIONS, PUT, DELETE, PATCH', 'access-control-allow-credentials': 'true', 'access-control-max-age': '604800', 'strict-transport-security': 'max-age=31536000', 'x-content-type-options': 'nosniff', 'alt-svc': 'h3=":443"; ma=2592000,h3-29=":443"; ma=2592000, h3=":443"; ma=2592000,h3-29=":443"; ma=2592000', 'content-encoding': 'gzip', 'vary': 'Accept-Encoding', 'date': 'Sat, 21 Feb 2026 03:19:24 GMT', 'server': 'envoy', 'via': 'HTTP/2 edgeproxy, 1.1 google', 'Transfer-Encoding': 'chunked'}
[2026-02-21T03:19:24.942+0000] {logging_mixin.py:188} INFO -    ⚠️ Contenido del error: {"error": {"status": 400, "message": "Invalid base62 id" } }
[2026-02-21T03:19:26.948+0000] {logging_mixin.py:188} INFO -    🔍 Solicitando artista 44uqzzJg3ww5eH7IgGV7DMT desde https://api.spotify.com/v1/artists/44uqzzJg3ww5eH7IgGV7DMT
[2026-02-21T03:19:27.381+0000] {logging_mixin.py:188} INFO -    📡 Código de respuesta: 400
[2026-02-21T03:19:27.391+0000] {logging_mixin.py:188} INFO -    📨 Headers de respuesta: {'content-type': 'application/json; charset=utf-8', 'cache-control': 'private, max-age=0', 'access-control-allow-origin': '*', 'access-control-allow-headers': 'Accept, App-Platform, Authorization, Content-Type, Origin, Retry-After, Spotify-App-Version, X-Cloud-Trace-Context, client-token, content-access-token', 'access-control-allow-methods': 'GET, POST, OPTIONS, PUT, DELETE, PATCH', 'access-control-allow-credentials': 'true', 'access-control-max-age': '604800', 'strict-transport-security': 'max-age=31536000', 'x-content-type-options': 'nosniff', 'alt-svc': 'h3=":443"; ma=2592000,h3-29=":443"; ma=2592000, h3=":443"; ma=2592000,h3-29=":443"; ma=2592000', 'content-encoding': 'gzip', 'vary': 'Accept-Encoding', 'date': 'Sat, 21 Feb 2026 03:19:26 GMT', 'server': 'envoy', 'via': 'HTTP/2 edgeproxy, 1.1 google', 'Transfer-Encoding': 'chunked'}
[2026-02-21T03:19:27.393+0000] {logging_mixin.py:188} INFO -    ⚠️ Contenido del error: {"error": {"status": 400, "message": "Invalid base62 id" } }
[2026-02-21T03:19:31.401+0000] {logging_mixin.py:188} INFO -    🔍 Solicitando artista 44uqzzJg3ww5eH7IgGV7DMT desde https://api.spotify.com/v1/artists/44uqzzJg3ww5eH7IgGV7DMT
[2026-02-21T03:19:31.780+0000] {logging_mixin.py:188} INFO -    📡 Código de respuesta: 400
[2026-02-21T03:19:31.781+0000] {logging_mixin.py:188} INFO -    📨 Headers de respuesta: {'content-type': 'application/json; charset=utf-8', 'cache-control': 'private, max-age=0', 'access-control-allow-origin': '*', 'access-control-allow-headers': 'Accept, App-Platform, Authorization, Content-Type, Origin, Retry-After, Spotify-App-Version, X-Cloud-Trace-Context, client-token, content-access-token', 'access-control-allow-methods': 'GET, POST, OPTIONS, PUT, DELETE, PATCH', 'access-control-allow-credentials': 'true', 'access-control-max-age': '604800', 'strict-transport-security': 'max-age=31536000', 'x-content-type-options': 'nosniff', 'alt-svc': 'h3=":443"; ma=2592000,h3-29=":443"; ma=2592000, h3=":443"; ma=2592000,h3-29=":443"; ma=2592000', 'content-encoding': 'gzip', 'vary': 'Accept-Encoding', 'date': 'Sat, 21 Feb 2026 03:19:30 GMT', 'server': 'envoy', 'via': 'HTTP/2 edgeproxy, 1.1 google', 'Transfer-Encoding': 'chunked'}
[2026-02-21T03:19:31.782+0000] {logging_mixin.py:188} INFO -    ⚠️ Contenido del error: {"error": {"status": 400, "message": "Invalid base62 id" } }
[2026-02-21T03:19:39.591+0000] {logging_mixin.py:188} INFO -    🔍 Solicitando artista 44uqzzJg3ww5eH7IgGV7DMT desde https://api.spotify.com/v1/artists/44uqzzJg3ww5eH7IgGV7DMT
[2026-02-21T03:19:40.010+0000] {logging_mixin.py:188} INFO -    📡 Código de respuesta: 400
[2026-02-21T03:19:40.011+0000] {logging_mixin.py:188} INFO -    📨 Headers de respuesta: {'content-type': 'application/json; charset=utf-8', 'cache-control': 'private, max-age=0', 'access-control-allow-origin': '*', 'access-control-allow-headers': 'Accept, App-Platform, Authorization, Content-Type, Origin, Retry-After, Spotify-App-Version, X-Cloud-Trace-Context, client-token, content-access-token', 'access-control-allow-methods': 'GET, POST, OPTIONS, PUT, DELETE, PATCH', 'access-control-allow-credentials': 'true', 'access-control-max-age': '604800', 'strict-transport-security': 'max-age=31536000', 'x-content-type-options': 'nosniff', 'alt-svc': 'h3=":443"; ma=2592000,h3-29=":443"; ma=2592000, h3=":443"; ma=2592000,h3-29=":443"; ma=2592000', 'content-encoding': 'gzip', 'vary': 'Accept-Encoding', 'date': 'Sat, 21 Feb 2026 03:19:39 GMT', 'server': 'envoy', 'via': 'HTTP/2 edgeproxy, 1.1 google', 'Transfer-Encoding': 'chunked'}
[2026-02-21T03:19:40.012+0000] {logging_mixin.py:188} INFO -    ⚠️ Contenido del error: {"error": {"status": 400, "message": "Invalid base62 id" } }
[2026-02-21T03:19:40.013+0000] {logging_mixin.py:188} INFO -    ❌ Error extrayendo artista 44uqzzJg3ww5eH7IgGV7DMT: RetryError[<Future at 0x778e62f150d0 state=finished raised HTTPError>]
[2026-02-21T03:19:40.111+0000] {python.py:201} INFO - Done. Returned value was: /opt/***/dags/data_lake/spotify_project/bronze/raw_artists_20260221_0319.parquet
[2026-02-21T03:19:40.184+0000] {taskinstance.py:1138} INFO - Marking task as SUCCESS. dag_id=spotify_etl, task_id=extraer_spotify_bronze, execution_date=20260221T031917, start_date=20260221T031919, end_date=20260221T031940
[2026-02-21T03:19:40.298+0000] {local_task_job_runner.py:234} INFO - Task exited with return code 0
[2026-02-21T03:19:40.358+0000] {taskinstance.py:3280} INFO - 1 downstream tasks scheduled from follow-on schedule check
