[2026-02-21T13:42:03.360+0000] {taskinstance.py:1956} INFO - Dependencies all met for dep_context=non-requeueable deps ti=<TaskInstance: 10_crypto_live_etl.cargar_crypto_gold scheduled__2026-02-21T05:00:00+00:00 [queued]>
[2026-02-21T13:42:03.381+0000] {taskinstance.py:1956} INFO - Dependencies all met for dep_context=requeueable deps ti=<TaskInstance: 10_crypto_live_etl.cargar_crypto_gold scheduled__2026-02-21T05:00:00+00:00 [queued]>
[2026-02-21T13:42:03.382+0000] {taskinstance.py:2170} INFO - Starting attempt 2 of 3
[2026-02-21T13:42:03.441+0000] {taskinstance.py:2191} INFO - Executing <Task(_PythonDecoratedOperator): cargar_crypto_gold> on 2026-02-21 05:00:00+00:00
[2026-02-21T13:42:03.460+0000] {standard_task_runner.py:60} INFO - Started process 198 to run task
[2026-02-21T13:42:03.476+0000] {standard_task_runner.py:87} INFO - Running: ['***', 'tasks', 'run', '10_crypto_live_etl', 'cargar_crypto_gold', 'scheduled__2026-02-21T05:00:00+00:00', '--job-id', '276', '--raw', '--subdir', 'DAGS_FOLDER/crypto_live_etl.py', '--cfg-path', '/tmp/tmpbdvd4h7t']
[2026-02-21T13:42:03.495+0000] {standard_task_runner.py:88} INFO - Job 276: Subtask cargar_crypto_gold
[2026-02-21T13:42:03.542+0000] {logging_mixin.py:188} WARNING - /home/***/.local/lib/python3.8/site-packages/***/settings.py:194 DeprecationWarning: The sql_alchemy_conn option in [core] has been moved to the sql_alchemy_conn option in [database] - the old setting has been used, but please update your config.
[2026-02-21T13:42:03.697+0000] {task_command.py:423} INFO - Running <TaskInstance: 10_crypto_live_etl.cargar_crypto_gold scheduled__2026-02-21T05:00:00+00:00 [running]> on host 4db39a7f84f2
[2026-02-21T13:42:04.456+0000] {taskinstance.py:2480} INFO - Exporting env vars: AIRFLOW_CTX_DAG_OWNER='maestria_bigdata' AIRFLOW_CTX_DAG_ID='10_crypto_live_etl' AIRFLOW_CTX_TASK_ID='cargar_crypto_gold' AIRFLOW_CTX_EXECUTION_DATE='2026-02-21T05:00:00+00:00' AIRFLOW_CTX_TRY_NUMBER='2' AIRFLOW_CTX_DAG_RUN_ID='scheduled__2026-02-21T05:00:00+00:00'
[2026-02-21T13:42:04.462+0000] {logging_mixin.py:188} INFO - 🎯 [GOLD] Ejecutando Merge Bursátil (CDC)...
[2026-02-21T13:42:04.798+0000] {logging_mixin.py:188} INFO - ==================================================
[2026-02-21T13:42:04.799+0000] {logging_mixin.py:188} INFO - 📈 REPORTE CDC EN VIVO:
[2026-02-21T13:42:04.800+0000] {logging_mixin.py:188} INFO -    🔄 Precios Actualizados (Updates): 299
[2026-02-21T13:42:04.801+0000] {logging_mixin.py:188} INFO -    ✨ Nuevas Monedas en el Top 300 (Inserts): 1
[2026-02-21T13:42:04.802+0000] {logging_mixin.py:188} INFO -    🏦 Total de activos rastreados: 301
[2026-02-21T13:42:04.803+0000] {logging_mixin.py:188} INFO - ==================================================
[2026-02-21T13:42:04.805+0000] {python.py:201} INFO - Done. Returned value was: None
[2026-02-21T13:42:04.829+0000] {taskinstance.py:1138} INFO - Marking task as SUCCESS. dag_id=10_crypto_live_etl, task_id=cargar_crypto_gold, execution_date=20260221T050000, start_date=20260221T134203, end_date=20260221T134204
[2026-02-21T13:42:04.888+0000] {local_task_job_runner.py:234} INFO - Task exited with return code 0
[2026-02-21T13:42:04.933+0000] {taskinstance.py:3280} INFO - 0 downstream tasks scheduled from follow-on schedule check
