[2026-02-21T02:46:37.890+0000] {taskinstance.py:1956} INFO - Dependencies all met for dep_context=non-requeueable deps ti=<TaskInstance: spotify_etl.extraer_spotify_bronze manual__2026-02-21T02:46:35.252540+00:00 [queued]>
[2026-02-21T02:46:37.911+0000] {taskinstance.py:1956} INFO - Dependencies all met for dep_context=requeueable deps ti=<TaskInstance: spotify_etl.extraer_spotify_bronze manual__2026-02-21T02:46:35.252540+00:00 [queued]>
[2026-02-21T02:46:37.912+0000] {taskinstance.py:2170} INFO - Starting attempt 1 of 3
[2026-02-21T02:46:37.947+0000] {taskinstance.py:2191} INFO - Executing <Task(_PythonDecoratedOperator): extraer_spotify_bronze> on 2026-02-21 02:46:35.252540+00:00
[2026-02-21T02:46:37.966+0000] {standard_task_runner.py:60} INFO - Started process 4583 to run task
[2026-02-21T02:46:37.973+0000] {standard_task_runner.py:87} INFO - Running: ['***', 'tasks', 'run', 'spotify_etl', 'extraer_spotify_bronze', 'manual__2026-02-21T02:46:35.252540+00:00', '--job-id', '148', '--raw', '--subdir', 'DAGS_FOLDER/spotyfy_etl.py', '--cfg-path', '/tmp/tmp5qnn4298']
[2026-02-21T02:46:37.978+0000] {standard_task_runner.py:88} INFO - Job 148: Subtask extraer_spotify_bronze
[2026-02-21T02:46:38.016+0000] {logging_mixin.py:188} WARNING - /home/***/.local/lib/python3.8/site-packages/***/settings.py:194 DeprecationWarning: The sql_alchemy_conn option in [core] has been moved to the sql_alchemy_conn option in [database] - the old setting has been used, but please update your config.
[2026-02-21T02:46:38.118+0000] {task_command.py:423} INFO - Running <TaskInstance: spotify_etl.extraer_spotify_bronze manual__2026-02-21T02:46:35.252540+00:00 [running]> on host 4db39a7f84f2
[2026-02-21T02:46:38.642+0000] {taskinstance.py:2480} INFO - Exporting env vars: AIRFLOW_CTX_DAG_OWNER='maestria_bigdata' AIRFLOW_CTX_DAG_ID='spotify_etl' AIRFLOW_CTX_TASK_ID='extraer_spotify_bronze' AIRFLOW_CTX_EXECUTION_DATE='2026-02-21T02:46:35.252540+00:00' AIRFLOW_CTX_TRY_NUMBER='1' AIRFLOW_CTX_DAG_RUN_ID='manual__2026-02-21T02:46:35.252540+00:00'
[2026-02-21T02:46:38.643+0000] {logging_mixin.py:188} INFO - 🔐 [BRONZE] Autenticando con Spotify OAuth 2.0...
[2026-02-21T02:46:38.673+0000] {taskinstance.py:2698} ERROR - Task failed with exception
Traceback (most recent call last):
  File "/home/airflow/.local/lib/python3.8/site-packages/airflow/models/taskinstance.py", line 433, in _execute_task
    result = execute_callable(context=context, **execute_callable_kwargs)
  File "/home/airflow/.local/lib/python3.8/site-packages/airflow/decorators/base.py", line 241, in execute
    return_value = super().execute(context)
  File "/home/airflow/.local/lib/python3.8/site-packages/airflow/operators/python.py", line 199, in execute
    return_value = self.execute_callable()
  File "/home/airflow/.local/lib/python3.8/site-packages/airflow/operators/python.py", line 216, in execute_callable
    return self.python_callable(*self.op_args, **self.op_kwargs)
  File "/opt/airflow/dags/spotyfy_etl.py", line 38, in extraer_spotify_bronze
    auth_response = requests.post(auth_url, data={
NameError: name 'auth_url' is not defined
[2026-02-21T02:46:38.698+0000] {taskinstance.py:1138} INFO - Marking task as UP_FOR_RETRY. dag_id=spotify_etl, task_id=extraer_spotify_bronze, execution_date=20260221T024635, start_date=20260221T024637, end_date=20260221T024638
[2026-02-21T02:46:38.722+0000] {standard_task_runner.py:107} ERROR - Failed to execute job 148 for task extraer_spotify_bronze (name 'auth_url' is not defined; 4583)
[2026-02-21T02:46:38.756+0000] {local_task_job_runner.py:234} INFO - Task exited with return code 1
[2026-02-21T02:46:38.801+0000] {taskinstance.py:3280} INFO - 0 downstream tasks scheduled from follow-on schedule check
