[2026-03-25T16:39:32.283+0000] {taskinstance.py:1956} INFO - Dependencies all met for dep_context=non-requeueable deps ti=<TaskInstance: 10_crypto_live_etl.cargar_crypto_gold scheduled__2026-03-25T15:00:00+00:00 [queued]>
[2026-03-25T16:39:32.294+0000] {taskinstance.py:1956} INFO - Dependencies all met for dep_context=requeueable deps ti=<TaskInstance: 10_crypto_live_etl.cargar_crypto_gold scheduled__2026-03-25T15:00:00+00:00 [queued]>
[2026-03-25T16:39:32.295+0000] {taskinstance.py:2170} INFO - Starting attempt 1 of 3
[2026-03-25T16:39:32.310+0000] {taskinstance.py:2191} INFO - Executing <Task(_PythonDecoratedOperator): cargar_crypto_gold> on 2026-03-25 15:00:00+00:00
[2026-03-25T16:39:32.316+0000] {standard_task_runner.py:60} INFO - Started process 256 to run task
[2026-03-25T16:39:32.320+0000] {standard_task_runner.py:87} INFO - Running: ['***', 'tasks', 'run', '10_crypto_live_etl', 'cargar_crypto_gold', 'scheduled__2026-03-25T15:00:00+00:00', '--job-id', '468', '--raw', '--subdir', 'DAGS_FOLDER/crypto_live_etl.py', '--cfg-path', '/tmp/tmpnp4pahm3']
[2026-03-25T16:39:32.324+0000] {standard_task_runner.py:88} INFO - Job 468: Subtask cargar_crypto_gold
[2026-03-25T16:39:32.346+0000] {logging_mixin.py:188} WARNING - /home/***/.local/lib/python3.8/site-packages/***/settings.py:194 DeprecationWarning: The sql_alchemy_conn option in [core] has been moved to the sql_alchemy_conn option in [database] - the old setting has been used, but please update your config.
[2026-03-25T16:39:32.400+0000] {task_command.py:423} INFO - Running <TaskInstance: 10_crypto_live_etl.cargar_crypto_gold scheduled__2026-03-25T15:00:00+00:00 [running]> on host 355eed2d90f4
[2026-03-25T16:39:32.702+0000] {taskinstance.py:2480} INFO - Exporting env vars: AIRFLOW_CTX_DAG_OWNER='maestria_bigdata' AIRFLOW_CTX_DAG_ID='10_crypto_live_etl' AIRFLOW_CTX_TASK_ID='cargar_crypto_gold' AIRFLOW_CTX_EXECUTION_DATE='2026-03-25T15:00:00+00:00' AIRFLOW_CTX_TRY_NUMBER='1' AIRFLOW_CTX_DAG_RUN_ID='scheduled__2026-03-25T15:00:00+00:00'
[2026-03-25T16:39:32.704+0000] {logging_mixin.py:188} INFO - 🎯 [GOLD] Ejecutando Merge Bursátil (CDC)...
[2026-03-25T16:39:32.825+0000] {logging_mixin.py:188} INFO - ==================================================
[2026-03-25T16:39:32.826+0000] {logging_mixin.py:188} INFO - 📈 REPORTE CDC EN VIVO:
[2026-03-25T16:39:32.827+0000] {logging_mixin.py:188} INFO -    🔄 Precios Actualizados (Updates): 100
[2026-03-25T16:39:32.827+0000] {logging_mixin.py:188} INFO -    ✨ Nuevas Monedas en el Top 300 (Inserts): 0
[2026-03-25T16:39:32.828+0000] {logging_mixin.py:188} INFO -    🏦 Total de activos rastreados: 332
[2026-03-25T16:39:32.829+0000] {logging_mixin.py:188} INFO - ==================================================
[2026-03-25T16:39:32.830+0000] {python.py:201} INFO - Done. Returned value was: None
[2026-03-25T16:39:32.844+0000] {taskinstance.py:1138} INFO - Marking task as SUCCESS. dag_id=10_crypto_live_etl, task_id=cargar_crypto_gold, execution_date=20260325T150000, start_date=20260325T163932, end_date=20260325T163932
[2026-03-25T16:39:32.894+0000] {local_task_job_runner.py:234} INFO - Task exited with return code 0
[2026-03-25T16:39:32.923+0000] {taskinstance.py:3280} INFO - 0 downstream tasks scheduled from follow-on schedule check
