[2026-02-21T04:02:08.246+0000] {taskinstance.py:1956} INFO - Dependencies all met for dep_context=non-requeueable deps ti=<TaskInstance: spotify_albums_etl.extraer_albumes_bronze manual__2026-02-21T03:57:26.626949+00:00 [queued]>
[2026-02-21T04:02:08.257+0000] {taskinstance.py:1956} INFO - Dependencies all met for dep_context=requeueable deps ti=<TaskInstance: spotify_albums_etl.extraer_albumes_bronze manual__2026-02-21T03:57:26.626949+00:00 [queued]>
[2026-02-21T04:02:08.258+0000] {taskinstance.py:2170} INFO - Starting attempt 3 of 3
[2026-02-21T04:02:08.276+0000] {taskinstance.py:2191} INFO - Executing <Task(_PythonDecoratedOperator): extraer_albumes_bronze> on 2026-02-21 03:57:26.626949+00:00
[2026-02-21T04:02:08.283+0000] {standard_task_runner.py:60} INFO - Started process 8582 to run task
[2026-02-21T04:02:08.288+0000] {standard_task_runner.py:87} INFO - Running: ['***', 'tasks', 'run', 'spotify_albums_etl', 'extraer_albumes_bronze', 'manual__2026-02-21T03:57:26.626949+00:00', '--job-id', '212', '--raw', '--subdir', 'DAGS_FOLDER/spotify_albums_etl.py', '--cfg-path', '/tmp/tmphj1piov5']
[2026-02-21T04:02:08.290+0000] {standard_task_runner.py:88} INFO - Job 212: Subtask extraer_albumes_bronze
[2026-02-21T04:02:08.318+0000] {logging_mixin.py:188} WARNING - /home/***/.local/lib/python3.8/site-packages/***/settings.py:194 DeprecationWarning: The sql_alchemy_conn option in [core] has been moved to the sql_alchemy_conn option in [database] - the old setting has been used, but please update your config.
[2026-02-21T04:02:08.387+0000] {task_command.py:423} INFO - Running <TaskInstance: spotify_albums_etl.extraer_albumes_bronze manual__2026-02-21T03:57:26.626949+00:00 [running]> on host 4db39a7f84f2
[2026-02-21T04:02:08.744+0000] {taskinstance.py:2480} INFO - Exporting env vars: AIRFLOW_CTX_DAG_OWNER='maestria_bigdata' AIRFLOW_CTX_DAG_ID='spotify_albums_etl' AIRFLOW_CTX_TASK_ID='extraer_albumes_bronze' AIRFLOW_CTX_EXECUTION_DATE='2026-02-21T03:57:26.626949+00:00' AIRFLOW_CTX_TRY_NUMBER='3' AIRFLOW_CTX_DAG_RUN_ID='manual__2026-02-21T03:57:26.626949+00:00'
[2026-02-21T04:02:08.746+0000] {logging_mixin.py:188} INFO - 🔐 [BRONZE] Autenticando con Spotify OAuth 2.0...
[2026-02-21T04:02:09.105+0000] {logging_mixin.py:188} INFO - 🔑 Token obtenido correctamente.
[2026-02-21T04:02:09.107+0000] {logging_mixin.py:188} INFO - 
🎤 Procesando artista: The Weeknd (1Xyo4u8uXC1ZmMpatF05PJ)
[2026-02-21T04:02:09.108+0000] {logging_mixin.py:188} INFO -    📄 Página 1 (offset 0)...
[2026-02-21T04:02:09.469+0000] {logging_mixin.py:188} INFO -    ❌ Error 429: Too many requests
[2026-02-21T04:02:11.829+0000] {logging_mixin.py:188} INFO -    ❌ Error 429: Too many requests
[2026-02-21T04:02:14.184+0000] {logging_mixin.py:188} INFO -    ❌ Error 429: Too many requests
[2026-02-21T04:02:18.324+0000] {logging_mixin.py:188} INFO -    ❌ Error 429: Too many requests
[2026-02-21T04:02:26.683+0000] {logging_mixin.py:188} INFO -    ❌ Error 429: Too many requests
[2026-02-21T04:02:26.684+0000] {taskinstance.py:2698} ERROR - Task failed with exception
Traceback (most recent call last):
  File "/home/airflow/.local/lib/python3.8/site-packages/tenacity/__init__.py", line 382, in __call__
    result = fn(*args, **kwargs)
  File "/opt/airflow/dags/spotify_albums_etl.py", line 74, in _fetch_albums
    resp.raise_for_status()
  File "/home/airflow/.local/lib/python3.8/site-packages/requests/models.py", line 1021, in raise_for_status
    raise HTTPError(http_error_msg, response=self)
requests.exceptions.HTTPError: 429 Client Error: Too Many Requests for url: https://api.spotify.com/v1/artists/1Xyo4u8uXC1ZmMpatF05PJ/albums?limit=20&offset=0

The above exception was the direct cause of the following exception:

Traceback (most recent call last):
  File "/home/airflow/.local/lib/python3.8/site-packages/airflow/models/taskinstance.py", line 433, in _execute_task
    result = execute_callable(context=context, **execute_callable_kwargs)
  File "/home/airflow/.local/lib/python3.8/site-packages/airflow/decorators/base.py", line 241, in execute
    return_value = super().execute(context)
  File "/home/airflow/.local/lib/python3.8/site-packages/airflow/operators/python.py", line 199, in execute
    return_value = self.execute_callable()
  File "/home/airflow/.local/lib/python3.8/site-packages/airflow/operators/python.py", line 216, in execute_callable
    return self.python_callable(*self.op_args, **self.op_kwargs)
  File "/opt/airflow/dags/spotify_albums_etl.py", line 93, in extraer_albumes_bronze
    data = _fetch_albums(artist_id, offset, limit)
  File "/home/airflow/.local/lib/python3.8/site-packages/tenacity/__init__.py", line 289, in wrapped_f
    return self(f, *args, **kw)
  File "/home/airflow/.local/lib/python3.8/site-packages/tenacity/__init__.py", line 379, in __call__
    do = self.iter(retry_state=retry_state)
  File "/home/airflow/.local/lib/python3.8/site-packages/tenacity/__init__.py", line 326, in iter
    raise retry_exc from fut.exception()
tenacity.RetryError: RetryError[<Future at 0x778e62f28f10 state=finished raised HTTPError>]
[2026-02-21T04:02:26.703+0000] {taskinstance.py:1138} INFO - Marking task as FAILED. dag_id=spotify_albums_etl, task_id=extraer_albumes_bronze, execution_date=20260221T035726, start_date=20260221T040208, end_date=20260221T040226
[2026-02-21T04:02:26.747+0000] {standard_task_runner.py:107} ERROR - Failed to execute job 212 for task extraer_albumes_bronze (RetryError[<Future at 0x778e62f28f10 state=finished raised HTTPError>]; 8582)
[2026-02-21T04:02:26.781+0000] {local_task_job_runner.py:234} INFO - Task exited with return code 1
[2026-02-21T04:02:26.809+0000] {taskinstance.py:3280} INFO - 0 downstream tasks scheduled from follow-on schedule check
