[2026-03-25T16:54:45.006+0000] {taskinstance.py:1956} INFO - Dependencies all met for dep_context=non-requeueable deps ti=<TaskInstance: laboratorio_6_spark_etl.demostrar_resultados_spark manual__2026-03-25T16:54:20.156114+00:00 [queued]>
[2026-03-25T16:54:45.016+0000] {taskinstance.py:1956} INFO - Dependencies all met for dep_context=requeueable deps ti=<TaskInstance: laboratorio_6_spark_etl.demostrar_resultados_spark manual__2026-03-25T16:54:20.156114+00:00 [queued]>
[2026-03-25T16:54:45.017+0000] {taskinstance.py:2170} INFO - Starting attempt 1 of 1
[2026-03-25T16:54:45.032+0000] {taskinstance.py:2191} INFO - Executing <Task(_PythonDecoratedOperator): demostrar_resultados_spark> on 2026-03-25 16:54:20.156114+00:00
[2026-03-25T16:54:45.039+0000] {standard_task_runner.py:60} INFO - Started process 1516 to run task
[2026-03-25T16:54:45.044+0000] {standard_task_runner.py:87} INFO - Running: ['***', 'tasks', 'run', 'laboratorio_6_spark_etl', 'demostrar_resultados_spark', 'manual__2026-03-25T16:54:20.156114+00:00', '--job-id', '473', '--raw', '--subdir', 'DAGS_FOLDER/dag_spark_taller.py', '--cfg-path', '/tmp/tmpqb4kvje2']
[2026-03-25T16:54:45.048+0000] {standard_task_runner.py:88} INFO - Job 473: Subtask demostrar_resultados_spark
[2026-03-25T16:54:45.070+0000] {logging_mixin.py:188} WARNING - /home/***/.local/lib/python3.8/site-packages/***/settings.py:194 DeprecationWarning: The sql_alchemy_conn option in [core] has been moved to the sql_alchemy_conn option in [database] - the old setting has been used, but please update your config.
[2026-03-25T16:54:45.126+0000] {task_command.py:423} INFO - Running <TaskInstance: laboratorio_6_spark_etl.demostrar_resultados_spark manual__2026-03-25T16:54:20.156114+00:00 [running]> on host 355eed2d90f4
[2026-03-25T16:54:45.223+0000] {taskinstance.py:2480} INFO - Exporting env vars: AIRFLOW_CTX_DAG_OWNER='***' AIRFLOW_CTX_DAG_ID='laboratorio_6_spark_etl' AIRFLOW_CTX_TASK_ID='demostrar_resultados_spark' AIRFLOW_CTX_EXECUTION_DATE='2026-03-25T16:54:20.156114+00:00' AIRFLOW_CTX_TRY_NUMBER='1' AIRFLOW_CTX_DAG_RUN_ID='manual__2026-03-25T16:54:20.156114+00:00'
[2026-03-25T16:54:49.641+0000] {logging_mixin.py:188} INFO - === RESULTADOS DEL PROCESAMIENTO DISTRIBUIDO ===
[2026-03-25T16:54:56.628+0000] {logging_mixin.py:188} INFO - +----------+-----------+------------------+--------------------------+---------------+
|id_sensor |temp_maxima|temp_promedio     |total_registros_procesados|fecha_particion|
+----------+-----------+------------------+--------------------------+---------------+
|SENS-SUR  |42.0       |18.44890841151216 |62890                     |2026-03-21     |
|SENS-NTE  |42.0       |18.423755022330322|62471                     |2026-03-21     |
|SENS-ESTE |42.0       |18.477134943318706|62278                     |2026-03-21     |
|SENS-OESTE|42.0       |18.45008979971448 |62361                     |2026-03-21     |
+----------+-----------+------------------+--------------------------+---------------+
[2026-03-25T16:54:57.577+0000] {logging_mixin.py:188} INFO - Total de registros agregados: 4
[2026-03-25T16:54:57.945+0000] {python.py:201} INFO - Done. Returned value was: None
[2026-03-25T16:54:57.972+0000] {taskinstance.py:1138} INFO - Marking task as SUCCESS. dag_id=laboratorio_6_spark_etl, task_id=demostrar_resultados_spark, execution_date=20260325T165420, start_date=20260325T165445, end_date=20260325T165457
[2026-03-25T16:54:58.065+0000] {local_task_job_runner.py:234} INFO - Task exited with return code 0
[2026-03-25T16:54:58.099+0000] {taskinstance.py:3280} INFO - 0 downstream tasks scheduled from follow-on schedule check
