[2026-02-21T14:00:31.796+0000] {taskinstance.py:1956} INFO - Dependencies all met for dep_context=non-requeueable deps ti=<TaskInstance: spotify_etl.transformar_silver manual__2026-02-21T14:00:23.345248+00:00 [queued]>
[2026-02-21T14:00:31.812+0000] {taskinstance.py:1956} INFO - Dependencies all met for dep_context=requeueable deps ti=<TaskInstance: spotify_etl.transformar_silver manual__2026-02-21T14:00:23.345248+00:00 [queued]>
[2026-02-21T14:00:31.813+0000] {taskinstance.py:2170} INFO - Starting attempt 1 of 3
[2026-02-21T14:00:31.841+0000] {taskinstance.py:2191} INFO - Executing <Task(_PythonDecoratedOperator): transformar_silver> on 2026-02-21 14:00:23.345248+00:00
[2026-02-21T14:00:31.850+0000] {standard_task_runner.py:60} INFO - Started process 1590 to run task
[2026-02-21T14:00:31.856+0000] {standard_task_runner.py:87} INFO - Running: ['***', 'tasks', 'run', 'spotify_etl', 'transformar_silver', 'manual__2026-02-21T14:00:23.345248+00:00', '--job-id', '291', '--raw', '--subdir', 'DAGS_FOLDER/spotyfy_etl.py', '--cfg-path', '/tmp/tmp8_zxd33w']
[2026-02-21T14:00:31.860+0000] {standard_task_runner.py:88} INFO - Job 291: Subtask transformar_silver
[2026-02-21T14:00:31.889+0000] {logging_mixin.py:188} WARNING - /home/***/.local/lib/python3.8/site-packages/***/settings.py:194 DeprecationWarning: The sql_alchemy_conn option in [core] has been moved to the sql_alchemy_conn option in [database] - the old setting has been used, but please update your config.
[2026-02-21T14:00:31.962+0000] {task_command.py:423} INFO - Running <TaskInstance: spotify_etl.transformar_silver manual__2026-02-21T14:00:23.345248+00:00 [running]> on host 4db39a7f84f2
[2026-02-21T14:00:32.359+0000] {taskinstance.py:2480} INFO - Exporting env vars: AIRFLOW_CTX_DAG_OWNER='maestria_bigdata' AIRFLOW_CTX_DAG_ID='spotify_etl' AIRFLOW_CTX_TASK_ID='transformar_silver' AIRFLOW_CTX_EXECUTION_DATE='2026-02-21T14:00:23.345248+00:00' AIRFLOW_CTX_TRY_NUMBER='1' AIRFLOW_CTX_DAG_RUN_ID='manual__2026-02-21T14:00:23.345248+00:00'
[2026-02-21T14:00:32.361+0000] {logging_mixin.py:188} INFO - ⚙️ [SILVER] Procesando: /opt/***/dags/data_lake/spotify_project/bronze/raw_artists_20260221_1400.parquet
[2026-02-21T14:00:32.427+0000] {logging_mixin.py:188} INFO - external_urls    {'spotify': 'https://open.spotify.com/artist/1...
href             https://api.spotify.com/v1/artists/1Xyo4u8uXC1...
id                                          1Xyo4u8uXC1ZmMpatF05PJ
images           [{'height': 640, 'url': 'https://i.scdn.co/ima...
name                                                    The Weeknd
type                                                        artist
uri                          spotify:artist:1Xyo4u8uXC1ZmMpatF05PJ
Name: 0, dtype: object
[2026-02-21T14:00:32.431+0000] {logging_mixin.py:188} INFO - external_urls    {'spotify': 'https://open.spotify.com/artist/7...
href             https://api.spotify.com/v1/artists/7ltDVBr6mKb...
id                                          7ltDVBr6mKbRvohxheJ9h1
images           [{'height': 640, 'url': 'https://i.scdn.co/ima...
name                                                       ROSALÍA
type                                                        artist
uri                          spotify:artist:7ltDVBr6mKbRvohxheJ9h1
Name: 1, dtype: object
[2026-02-21T14:00:32.435+0000] {logging_mixin.py:188} INFO - external_urls    {'spotify': 'https://open.spotify.com/artist/4...
href             https://api.spotify.com/v1/artists/4tZwfgrHOc3...
id                                          4tZwfgrHOc3mvqYlEYSvVi
images           [{'height': 640, 'url': 'https://i.scdn.co/ima...
name                                                     Daft Punk
type                                                        artist
uri                          spotify:artist:4tZwfgrHOc3mvqYlEYSvVi
Name: 2, dtype: object
[2026-02-21T14:00:32.437+0000] {logging_mixin.py:188} INFO - external_urls    {'spotify': 'https://open.spotify.com/artist/4...
href             https://api.spotify.com/v1/artists/4dpARuHxo51...
id                                          4dpARuHxo51G3z768sgnrY
images           [{'height': 640, 'url': 'https://i.scdn.co/ima...
name                                                         Adele
type                                                        artist
uri                          spotify:artist:4dpARuHxo51G3z768sgnrY
Name: 3, dtype: object
[2026-02-21T14:00:32.440+0000] {logging_mixin.py:188} INFO - external_urls    {'spotify': 'https://open.spotify.com/artist/7...
href             https://api.spotify.com/v1/artists/7dGJo4pcD2V...
id                                          7dGJo4pcD2V6oG8kP0tJRR
images           [{'height': 640, 'url': 'https://i.scdn.co/ima...
name                                                        Eminem
type                                                        artist
uri                          spotify:artist:7dGJo4pcD2V6oG8kP0tJRR
Name: 4, dtype: object
[2026-02-21T14:00:32.477+0000] {python.py:201} INFO - Done. Returned value was: /opt/***/dags/data_lake/spotify_project/silver/clean_artists.parquet
[2026-02-21T14:00:32.511+0000] {taskinstance.py:1138} INFO - Marking task as SUCCESS. dag_id=spotify_etl, task_id=transformar_silver, execution_date=20260221T140023, start_date=20260221T140031, end_date=20260221T140032
[2026-02-21T14:00:32.555+0000] {local_task_job_runner.py:234} INFO - Task exited with return code 0
[2026-02-21T14:00:32.605+0000] {taskinstance.py:3280} INFO - 1 downstream tasks scheduled from follow-on schedule check
