[2026-02-21T14:30:42.601+0000] {taskinstance.py:1956} INFO - Dependencies all met for dep_context=non-requeueable deps ti=<TaskInstance: 10_crypto_live_etl.cargar_crypto_gold manual__2026-02-21T14:30:08.371532+00:00 [queued]>
[2026-02-21T14:30:42.622+0000] {taskinstance.py:1956} INFO - Dependencies all met for dep_context=requeueable deps ti=<TaskInstance: 10_crypto_live_etl.cargar_crypto_gold manual__2026-02-21T14:30:08.371532+00:00 [queued]>
[2026-02-21T14:30:42.623+0000] {taskinstance.py:2170} INFO - Starting attempt 1 of 3
[2026-02-21T14:30:42.650+0000] {taskinstance.py:2191} INFO - Executing <Task(_PythonDecoratedOperator): cargar_crypto_gold> on 2026-02-21 14:30:08.371532+00:00
[2026-02-21T14:30:42.666+0000] {standard_task_runner.py:60} INFO - Started process 3698 to run task
[2026-02-21T14:30:42.672+0000] {standard_task_runner.py:87} INFO - Running: ['***', 'tasks', 'run', '10_crypto_live_etl', 'cargar_crypto_gold', 'manual__2026-02-21T14:30:08.371532+00:00', '--job-id', '305', '--raw', '--subdir', 'DAGS_FOLDER/crypto_live_etl.py', '--cfg-path', '/tmp/tmpfpzi07gm']
[2026-02-21T14:30:42.675+0000] {standard_task_runner.py:88} INFO - Job 305: Subtask cargar_crypto_gold
[2026-02-21T14:30:42.699+0000] {logging_mixin.py:188} WARNING - /home/***/.local/lib/python3.8/site-packages/***/settings.py:194 DeprecationWarning: The sql_alchemy_conn option in [core] has been moved to the sql_alchemy_conn option in [database] - the old setting has been used, but please update your config.
[2026-02-21T14:30:42.776+0000] {task_command.py:423} INFO - Running <TaskInstance: 10_crypto_live_etl.cargar_crypto_gold manual__2026-02-21T14:30:08.371532+00:00 [running]> on host 4db39a7f84f2
[2026-02-21T14:30:43.205+0000] {taskinstance.py:2480} INFO - Exporting env vars: AIRFLOW_CTX_DAG_OWNER='maestria_bigdata' AIRFLOW_CTX_DAG_ID='10_crypto_live_etl' AIRFLOW_CTX_TASK_ID='cargar_crypto_gold' AIRFLOW_CTX_EXECUTION_DATE='2026-02-21T14:30:08.371532+00:00' AIRFLOW_CTX_TRY_NUMBER='1' AIRFLOW_CTX_DAG_RUN_ID='manual__2026-02-21T14:30:08.371532+00:00'
[2026-02-21T14:30:43.206+0000] {logging_mixin.py:188} INFO - 🎯 [GOLD] Ejecutando Merge Bursátil (CDC)...
[2026-02-21T14:30:43.364+0000] {logging_mixin.py:188} INFO - ==================================================
[2026-02-21T14:30:43.366+0000] {logging_mixin.py:188} INFO - 📈 REPORTE CDC EN VIVO:
[2026-02-21T14:30:43.367+0000] {logging_mixin.py:188} INFO -    🔄 Precios Actualizados (Updates): 200
[2026-02-21T14:30:43.367+0000] {logging_mixin.py:188} INFO -    ✨ Nuevas Monedas en el Top 300 (Inserts): 0
[2026-02-21T14:30:43.368+0000] {logging_mixin.py:188} INFO -    🏦 Total de activos rastreados: 300
[2026-02-21T14:30:43.369+0000] {logging_mixin.py:188} INFO - ==================================================
[2026-02-21T14:30:43.371+0000] {python.py:201} INFO - Done. Returned value was: None
[2026-02-21T14:30:43.390+0000] {taskinstance.py:1138} INFO - Marking task as SUCCESS. dag_id=10_crypto_live_etl, task_id=cargar_crypto_gold, execution_date=20260221T143008, start_date=20260221T143042, end_date=20260221T143043
[2026-02-21T14:30:43.447+0000] {local_task_job_runner.py:234} INFO - Task exited with return code 0
[2026-02-21T14:30:43.486+0000] {taskinstance.py:3280} INFO - 0 downstream tasks scheduled from follow-on schedule check
