[2026-02-21T03:56:01.978+0000] {taskinstance.py:1956} INFO - Dependencies all met for dep_context=non-requeueable deps ti=<TaskInstance: spotify_albums_etl.extraer_albumes_bronze scheduled__2026-02-20T00:00:00+00:00 [queued]>
[2026-02-21T03:56:01.990+0000] {taskinstance.py:1956} INFO - Dependencies all met for dep_context=requeueable deps ti=<TaskInstance: spotify_albums_etl.extraer_albumes_bronze scheduled__2026-02-20T00:00:00+00:00 [queued]>
[2026-02-21T03:56:01.991+0000] {taskinstance.py:2170} INFO - Starting attempt 6 of 6
[2026-02-21T03:56:02.008+0000] {taskinstance.py:2191} INFO - Executing <Task(_PythonDecoratedOperator): extraer_albumes_bronze> on 2026-02-20 00:00:00+00:00
[2026-02-21T03:56:02.015+0000] {standard_task_runner.py:60} INFO - Started process 8198 to run task
[2026-02-21T03:56:02.019+0000] {standard_task_runner.py:87} INFO - Running: ['***', 'tasks', 'run', 'spotify_albums_etl', 'extraer_albumes_bronze', 'scheduled__2026-02-20T00:00:00+00:00', '--job-id', '202', '--raw', '--subdir', 'DAGS_FOLDER/spotify_albums_etl.py', '--cfg-path', '/tmp/tmpc_21co22']
[2026-02-21T03:56:02.021+0000] {standard_task_runner.py:88} INFO - Job 202: Subtask extraer_albumes_bronze
[2026-02-21T03:56:02.048+0000] {logging_mixin.py:188} WARNING - /home/***/.local/lib/python3.8/site-packages/***/settings.py:194 DeprecationWarning: The sql_alchemy_conn option in [core] has been moved to the sql_alchemy_conn option in [database] - the old setting has been used, but please update your config.
[2026-02-21T03:56:02.112+0000] {task_command.py:423} INFO - Running <TaskInstance: spotify_albums_etl.extraer_albumes_bronze scheduled__2026-02-20T00:00:00+00:00 [running]> on host 4db39a7f84f2
[2026-02-21T03:56:02.448+0000] {taskinstance.py:2480} INFO - Exporting env vars: AIRFLOW_CTX_DAG_OWNER='maestria_bigdata' AIRFLOW_CTX_DAG_ID='spotify_albums_etl' AIRFLOW_CTX_TASK_ID='extraer_albumes_bronze' AIRFLOW_CTX_EXECUTION_DATE='2026-02-20T00:00:00+00:00' AIRFLOW_CTX_TRY_NUMBER='6' AIRFLOW_CTX_DAG_RUN_ID='scheduled__2026-02-20T00:00:00+00:00'
[2026-02-21T03:56:02.450+0000] {logging_mixin.py:188} INFO - 🔐 [BRONZE] Autenticando con Spotify OAuth 2.0...
[2026-02-21T03:56:02.805+0000] {logging_mixin.py:188} INFO - 🔑 Token obtenido correctamente.
[2026-02-21T03:56:02.806+0000] {logging_mixin.py:188} INFO - 
🎤 Procesando artista: The Weeknd (1Xyo4u8uXC1ZmMpatF05PJ)
[2026-02-21T03:56:02.807+0000] {logging_mixin.py:188} INFO -    📄 Página 1 (offset 0)...
[2026-02-21T03:56:03.126+0000] {logging_mixin.py:188} INFO -    ❌ Error 429: Too many requests
[2026-02-21T03:56:05.445+0000] {logging_mixin.py:188} INFO -    ❌ Error 429: Too many requests
[2026-02-21T03:56:07.771+0000] {logging_mixin.py:188} INFO -    ❌ Error 429: Too many requests
[2026-02-21T03:56:12.102+0000] {logging_mixin.py:188} INFO -    ❌ Error 429: Too many requests
[2026-02-21T03:56:20.228+0000] {logging_mixin.py:188} INFO -    ❌ Error 429: Too many requests
[2026-02-21T03:56:20.229+0000] {taskinstance.py:2698} ERROR - Task failed with exception
Traceback (most recent call last):
  File "/home/airflow/.local/lib/python3.8/site-packages/tenacity/__init__.py", line 382, in __call__
    result = fn(*args, **kwargs)
  File "/opt/airflow/dags/spotify_albums_etl.py", line 74, in _fetch_albums
    resp.raise_for_status()
  File "/home/airflow/.local/lib/python3.8/site-packages/requests/models.py", line 1021, in raise_for_status
    raise HTTPError(http_error_msg, response=self)
requests.exceptions.HTTPError: 429 Client Error: Too Many Requests for url: https://api.spotify.com/v1/artists/1Xyo4u8uXC1ZmMpatF05PJ/albums?include_groups=album%2Csingle%2Cappears_on%2Ccompilation&market=US&limit=20&offset=0

The above exception was the direct cause of the following exception:

Traceback (most recent call last):
  File "/home/airflow/.local/lib/python3.8/site-packages/airflow/models/taskinstance.py", line 433, in _execute_task
    result = execute_callable(context=context, **execute_callable_kwargs)
  File "/home/airflow/.local/lib/python3.8/site-packages/airflow/decorators/base.py", line 241, in execute
    return_value = super().execute(context)
  File "/home/airflow/.local/lib/python3.8/site-packages/airflow/operators/python.py", line 199, in execute
    return_value = self.execute_callable()
  File "/home/airflow/.local/lib/python3.8/site-packages/airflow/operators/python.py", line 216, in execute_callable
    return self.python_callable(*self.op_args, **self.op_kwargs)
  File "/opt/airflow/dags/spotify_albums_etl.py", line 92, in extraer_albumes_bronze
    data = _fetch_albums(artist_id, offset, limit)
  File "/home/airflow/.local/lib/python3.8/site-packages/tenacity/__init__.py", line 289, in wrapped_f
    return self(f, *args, **kw)
  File "/home/airflow/.local/lib/python3.8/site-packages/tenacity/__init__.py", line 379, in __call__
    do = self.iter(retry_state=retry_state)
  File "/home/airflow/.local/lib/python3.8/site-packages/tenacity/__init__.py", line 326, in iter
    raise retry_exc from fut.exception()
tenacity.RetryError: RetryError[<Future at 0x778e62e85d90 state=finished raised HTTPError>]
[2026-02-21T03:56:20.247+0000] {taskinstance.py:1138} INFO - Marking task as FAILED. dag_id=spotify_albums_etl, task_id=extraer_albumes_bronze, execution_date=20260220T000000, start_date=20260221T035601, end_date=20260221T035620
[2026-02-21T03:56:20.264+0000] {standard_task_runner.py:107} ERROR - Failed to execute job 202 for task extraer_albumes_bronze (RetryError[<Future at 0x778e62e85d90 state=finished raised HTTPError>]; 8198)
[2026-02-21T03:56:20.318+0000] {local_task_job_runner.py:234} INFO - Task exited with return code 1
[2026-02-21T03:56:20.345+0000] {taskinstance.py:3280} INFO - 0 downstream tasks scheduled from follow-on schedule check
