[2026-03-14T00:00:19.680+0000] {processor.py:161} INFO - Started process (PID=45175) to work on /opt/airflow/dags/owd_etl.py
[2026-03-14T00:00:19.682+0000] {processor.py:830} INFO - Processing file /opt/airflow/dags/owd_etl.py for tasks to queue
[2026-03-14T00:00:19.686+0000] {logging_mixin.py:188} INFO - [2026-03-14T00:00:19.685+0000] {dagbag.py:538} INFO - Filling up the DagBag from /opt/airflow/dags/owd_etl.py
[2026-03-14T00:00:20.451+0000] {processor.py:840} INFO - DAG(s) 'owd_etl' retrieved from /opt/airflow/dags/owd_etl.py
[2026-03-14T00:00:20.514+0000] {logging_mixin.py:188} INFO - [2026-03-14T00:00:20.513+0000] {dag.py:3036} INFO - Sync 1 DAGs
[2026-03-14T00:00:20.557+0000] {logging_mixin.py:188} INFO - [2026-03-14T00:00:20.557+0000] {dag.py:3823} INFO - Setting next_dagrun for owd_etl to 2026-03-13 00:00:00+00:00, run_after=2026-03-14 00:00:00+00:00
[2026-03-14T00:00:20.591+0000] {processor.py:183} INFO - Processing /opt/airflow/dags/owd_etl.py took 0.921 seconds
[2026-03-14T00:00:51.128+0000] {processor.py:161} INFO - Started process (PID=45219) to work on /opt/airflow/dags/owd_etl.py
[2026-03-14T00:00:51.130+0000] {processor.py:830} INFO - Processing file /opt/airflow/dags/owd_etl.py for tasks to queue
[2026-03-14T00:00:51.131+0000] {logging_mixin.py:188} INFO - [2026-03-14T00:00:51.131+0000] {dagbag.py:538} INFO - Filling up the DagBag from /opt/airflow/dags/owd_etl.py
[2026-03-14T00:00:51.818+0000] {processor.py:840} INFO - DAG(s) 'owd_etl' retrieved from /opt/airflow/dags/owd_etl.py
[2026-03-14T00:00:51.858+0000] {logging_mixin.py:188} INFO - [2026-03-14T00:00:51.858+0000] {dag.py:3036} INFO - Sync 1 DAGs
[2026-03-14T00:00:51.898+0000] {logging_mixin.py:188} INFO - [2026-03-14T00:00:51.897+0000] {dag.py:3823} INFO - Setting next_dagrun for owd_etl to 2026-03-13 00:00:00+00:00, run_after=2026-03-14 00:00:00+00:00
[2026-03-14T00:00:51.941+0000] {processor.py:183} INFO - Processing /opt/airflow/dags/owd_etl.py took 0.819 seconds
[2026-03-14T00:01:22.450+0000] {processor.py:161} INFO - Started process (PID=45254) to work on /opt/airflow/dags/owd_etl.py
[2026-03-14T00:01:22.452+0000] {processor.py:830} INFO - Processing file /opt/airflow/dags/owd_etl.py for tasks to queue
[2026-03-14T00:01:22.454+0000] {logging_mixin.py:188} INFO - [2026-03-14T00:01:22.454+0000] {dagbag.py:538} INFO - Filling up the DagBag from /opt/airflow/dags/owd_etl.py
[2026-03-14T00:01:23.075+0000] {processor.py:840} INFO - DAG(s) 'owd_etl' retrieved from /opt/airflow/dags/owd_etl.py
[2026-03-14T00:01:23.113+0000] {logging_mixin.py:188} INFO - [2026-03-14T00:01:23.113+0000] {dag.py:3036} INFO - Sync 1 DAGs
[2026-03-14T00:01:23.146+0000] {logging_mixin.py:188} INFO - [2026-03-14T00:01:23.146+0000] {dag.py:3823} INFO - Setting next_dagrun for owd_etl to 2026-03-13 00:00:00+00:00, run_after=2026-03-14 00:00:00+00:00
[2026-03-14T00:01:23.203+0000] {processor.py:183} INFO - Processing /opt/airflow/dags/owd_etl.py took 0.758 seconds
[2026-03-14T00:01:53.954+0000] {processor.py:161} INFO - Started process (PID=45289) to work on /opt/airflow/dags/owd_etl.py
[2026-03-14T00:01:53.960+0000] {processor.py:830} INFO - Processing file /opt/airflow/dags/owd_etl.py for tasks to queue
[2026-03-14T00:01:53.962+0000] {logging_mixin.py:188} INFO - [2026-03-14T00:01:53.962+0000] {dagbag.py:538} INFO - Filling up the DagBag from /opt/airflow/dags/owd_etl.py
[2026-03-14T00:01:54.965+0000] {processor.py:840} INFO - DAG(s) 'owd_etl' retrieved from /opt/airflow/dags/owd_etl.py
[2026-03-14T00:01:55.032+0000] {logging_mixin.py:188} INFO - [2026-03-14T00:01:55.030+0000] {dag.py:3036} INFO - Sync 1 DAGs
[2026-03-14T00:01:55.098+0000] {logging_mixin.py:188} INFO - [2026-03-14T00:01:55.097+0000] {dag.py:3823} INFO - Setting next_dagrun for owd_etl to 2026-03-13 00:00:00+00:00, run_after=2026-03-14 00:00:00+00:00
[2026-03-14T00:01:55.135+0000] {processor.py:183} INFO - Processing /opt/airflow/dags/owd_etl.py took 1.193 seconds
[2026-03-14T00:02:25.320+0000] {processor.py:161} INFO - Started process (PID=45324) to work on /opt/airflow/dags/owd_etl.py
[2026-03-14T00:02:25.323+0000] {processor.py:830} INFO - Processing file /opt/airflow/dags/owd_etl.py for tasks to queue
[2026-03-14T00:02:25.325+0000] {logging_mixin.py:188} INFO - [2026-03-14T00:02:25.325+0000] {dagbag.py:538} INFO - Filling up the DagBag from /opt/airflow/dags/owd_etl.py
[2026-03-14T00:02:25.950+0000] {processor.py:840} INFO - DAG(s) 'owd_etl' retrieved from /opt/airflow/dags/owd_etl.py
[2026-03-14T00:02:25.999+0000] {logging_mixin.py:188} INFO - [2026-03-14T00:02:25.998+0000] {dag.py:3036} INFO - Sync 1 DAGs
[2026-03-14T00:02:26.034+0000] {logging_mixin.py:188} INFO - [2026-03-14T00:02:26.034+0000] {dag.py:3823} INFO - Setting next_dagrun for owd_etl to 2026-03-13 00:00:00+00:00, run_after=2026-03-14 00:00:00+00:00
[2026-03-14T00:02:26.092+0000] {processor.py:183} INFO - Processing /opt/airflow/dags/owd_etl.py took 0.778 seconds
[2026-03-14T00:02:56.625+0000] {processor.py:161} INFO - Started process (PID=45359) to work on /opt/airflow/dags/owd_etl.py
[2026-03-14T00:02:56.627+0000] {processor.py:830} INFO - Processing file /opt/airflow/dags/owd_etl.py for tasks to queue
[2026-03-14T00:02:56.629+0000] {logging_mixin.py:188} INFO - [2026-03-14T00:02:56.628+0000] {dagbag.py:538} INFO - Filling up the DagBag from /opt/airflow/dags/owd_etl.py
[2026-03-14T00:02:57.473+0000] {processor.py:840} INFO - DAG(s) 'owd_etl' retrieved from /opt/airflow/dags/owd_etl.py
[2026-03-14T00:02:57.522+0000] {logging_mixin.py:188} INFO - [2026-03-14T00:02:57.522+0000] {dag.py:3036} INFO - Sync 1 DAGs
[2026-03-14T00:02:57.571+0000] {logging_mixin.py:188} INFO - [2026-03-14T00:02:57.571+0000] {dag.py:3823} INFO - Setting next_dagrun for owd_etl to 2026-03-13 00:00:00+00:00, run_after=2026-03-14 00:00:00+00:00
[2026-03-14T00:02:57.621+0000] {processor.py:183} INFO - Processing /opt/airflow/dags/owd_etl.py took 1.002 seconds
[2026-03-14T00:03:27.836+0000] {processor.py:161} INFO - Started process (PID=45394) to work on /opt/airflow/dags/owd_etl.py
[2026-03-14T00:03:27.839+0000] {processor.py:830} INFO - Processing file /opt/airflow/dags/owd_etl.py for tasks to queue
[2026-03-14T00:03:27.842+0000] {logging_mixin.py:188} INFO - [2026-03-14T00:03:27.841+0000] {dagbag.py:538} INFO - Filling up the DagBag from /opt/airflow/dags/owd_etl.py
[2026-03-14T00:03:28.600+0000] {processor.py:840} INFO - DAG(s) 'owd_etl' retrieved from /opt/airflow/dags/owd_etl.py
[2026-03-14T00:03:28.639+0000] {logging_mixin.py:188} INFO - [2026-03-14T00:03:28.639+0000] {dag.py:3036} INFO - Sync 1 DAGs
[2026-03-14T00:03:28.811+0000] {logging_mixin.py:188} INFO - [2026-03-14T00:03:28.810+0000] {dag.py:3823} INFO - Setting next_dagrun for owd_etl to 2026-03-13 00:00:00+00:00, run_after=2026-03-14 00:00:00+00:00
[2026-03-14T00:03:28.859+0000] {processor.py:183} INFO - Processing /opt/airflow/dags/owd_etl.py took 1.029 seconds
[2026-03-14T00:03:59.542+0000] {processor.py:161} INFO - Started process (PID=45428) to work on /opt/airflow/dags/owd_etl.py
[2026-03-14T00:03:59.544+0000] {processor.py:830} INFO - Processing file /opt/airflow/dags/owd_etl.py for tasks to queue
[2026-03-14T00:03:59.547+0000] {logging_mixin.py:188} INFO - [2026-03-14T00:03:59.546+0000] {dagbag.py:538} INFO - Filling up the DagBag from /opt/airflow/dags/owd_etl.py
[2026-03-14T00:04:00.352+0000] {processor.py:840} INFO - DAG(s) 'owd_etl' retrieved from /opt/airflow/dags/owd_etl.py
[2026-03-14T00:04:00.467+0000] {logging_mixin.py:188} INFO - [2026-03-14T00:04:00.465+0000] {dag.py:3036} INFO - Sync 1 DAGs
[2026-03-14T00:04:00.535+0000] {logging_mixin.py:188} INFO - [2026-03-14T00:04:00.534+0000] {dag.py:3823} INFO - Setting next_dagrun for owd_etl to 2026-03-13 00:00:00+00:00, run_after=2026-03-14 00:00:00+00:00
[2026-03-14T00:04:00.580+0000] {processor.py:183} INFO - Processing /opt/airflow/dags/owd_etl.py took 1.046 seconds
[2026-03-14T00:04:31.110+0000] {processor.py:161} INFO - Started process (PID=45464) to work on /opt/airflow/dags/owd_etl.py
[2026-03-14T00:04:31.113+0000] {processor.py:830} INFO - Processing file /opt/airflow/dags/owd_etl.py for tasks to queue
[2026-03-14T00:04:31.116+0000] {logging_mixin.py:188} INFO - [2026-03-14T00:04:31.115+0000] {dagbag.py:538} INFO - Filling up the DagBag from /opt/airflow/dags/owd_etl.py
[2026-03-14T00:04:32.201+0000] {processor.py:840} INFO - DAG(s) 'owd_etl' retrieved from /opt/airflow/dags/owd_etl.py
[2026-03-14T00:04:32.236+0000] {logging_mixin.py:188} INFO - [2026-03-14T00:04:32.235+0000] {dag.py:3036} INFO - Sync 1 DAGs
[2026-03-14T00:04:32.269+0000] {logging_mixin.py:188} INFO - [2026-03-14T00:04:32.268+0000] {dag.py:3823} INFO - Setting next_dagrun for owd_etl to 2026-03-13 00:00:00+00:00, run_after=2026-03-14 00:00:00+00:00
[2026-03-14T00:04:32.295+0000] {processor.py:183} INFO - Processing /opt/airflow/dags/owd_etl.py took 1.192 seconds
[2026-03-14T00:05:03.077+0000] {processor.py:161} INFO - Started process (PID=45497) to work on /opt/airflow/dags/owd_etl.py
[2026-03-14T00:05:03.079+0000] {processor.py:830} INFO - Processing file /opt/airflow/dags/owd_etl.py for tasks to queue
[2026-03-14T00:05:03.080+0000] {logging_mixin.py:188} INFO - [2026-03-14T00:05:03.080+0000] {dagbag.py:538} INFO - Filling up the DagBag from /opt/airflow/dags/owd_etl.py
[2026-03-14T00:05:04.244+0000] {processor.py:840} INFO - DAG(s) 'owd_etl' retrieved from /opt/airflow/dags/owd_etl.py
[2026-03-14T00:05:04.314+0000] {logging_mixin.py:188} INFO - [2026-03-14T00:05:04.313+0000] {dag.py:3036} INFO - Sync 1 DAGs
[2026-03-14T00:05:04.417+0000] {logging_mixin.py:188} INFO - [2026-03-14T00:05:04.416+0000] {dag.py:3823} INFO - Setting next_dagrun for owd_etl to 2026-03-13 00:00:00+00:00, run_after=2026-03-14 00:00:00+00:00
[2026-03-14T00:05:04.499+0000] {processor.py:183} INFO - Processing /opt/airflow/dags/owd_etl.py took 1.432 seconds
[2026-03-14T00:05:34.724+0000] {processor.py:161} INFO - Started process (PID=45531) to work on /opt/airflow/dags/owd_etl.py
[2026-03-14T00:05:34.727+0000] {processor.py:830} INFO - Processing file /opt/airflow/dags/owd_etl.py for tasks to queue
[2026-03-14T00:05:34.729+0000] {logging_mixin.py:188} INFO - [2026-03-14T00:05:34.728+0000] {dagbag.py:538} INFO - Filling up the DagBag from /opt/airflow/dags/owd_etl.py
[2026-03-14T00:05:35.731+0000] {processor.py:840} INFO - DAG(s) 'owd_etl' retrieved from /opt/airflow/dags/owd_etl.py
[2026-03-14T00:05:35.770+0000] {logging_mixin.py:188} INFO - [2026-03-14T00:05:35.770+0000] {dag.py:3036} INFO - Sync 1 DAGs
[2026-03-14T00:05:35.817+0000] {logging_mixin.py:188} INFO - [2026-03-14T00:05:35.816+0000] {dag.py:3823} INFO - Setting next_dagrun for owd_etl to 2026-03-13 00:00:00+00:00, run_after=2026-03-14 00:00:00+00:00
[2026-03-14T00:05:35.875+0000] {processor.py:183} INFO - Processing /opt/airflow/dags/owd_etl.py took 1.159 seconds
[2026-03-14T00:06:06.496+0000] {processor.py:161} INFO - Started process (PID=45566) to work on /opt/airflow/dags/owd_etl.py
[2026-03-14T00:06:06.499+0000] {processor.py:830} INFO - Processing file /opt/airflow/dags/owd_etl.py for tasks to queue
[2026-03-14T00:06:06.500+0000] {logging_mixin.py:188} INFO - [2026-03-14T00:06:06.500+0000] {dagbag.py:538} INFO - Filling up the DagBag from /opt/airflow/dags/owd_etl.py
[2026-03-14T00:06:07.452+0000] {processor.py:840} INFO - DAG(s) 'owd_etl' retrieved from /opt/airflow/dags/owd_etl.py
[2026-03-14T00:06:07.487+0000] {logging_mixin.py:188} INFO - [2026-03-14T00:06:07.486+0000] {dag.py:3036} INFO - Sync 1 DAGs
[2026-03-14T00:06:07.521+0000] {logging_mixin.py:188} INFO - [2026-03-14T00:06:07.521+0000] {dag.py:3823} INFO - Setting next_dagrun for owd_etl to 2026-03-13 00:00:00+00:00, run_after=2026-03-14 00:00:00+00:00
[2026-03-14T00:06:07.560+0000] {processor.py:183} INFO - Processing /opt/airflow/dags/owd_etl.py took 1.069 seconds
[2026-03-14T00:06:37.964+0000] {processor.py:161} INFO - Started process (PID=45601) to work on /opt/airflow/dags/owd_etl.py
[2026-03-14T00:06:37.966+0000] {processor.py:830} INFO - Processing file /opt/airflow/dags/owd_etl.py for tasks to queue
[2026-03-14T00:06:37.969+0000] {logging_mixin.py:188} INFO - [2026-03-14T00:06:37.968+0000] {dagbag.py:538} INFO - Filling up the DagBag from /opt/airflow/dags/owd_etl.py
[2026-03-14T00:06:38.705+0000] {processor.py:840} INFO - DAG(s) 'owd_etl' retrieved from /opt/airflow/dags/owd_etl.py
[2026-03-14T00:06:38.753+0000] {logging_mixin.py:188} INFO - [2026-03-14T00:06:38.753+0000] {dag.py:3036} INFO - Sync 1 DAGs
[2026-03-14T00:06:38.803+0000] {logging_mixin.py:188} INFO - [2026-03-14T00:06:38.802+0000] {dag.py:3823} INFO - Setting next_dagrun for owd_etl to 2026-03-13 00:00:00+00:00, run_after=2026-03-14 00:00:00+00:00
[2026-03-14T00:06:38.832+0000] {processor.py:183} INFO - Processing /opt/airflow/dags/owd_etl.py took 0.875 seconds
[2026-03-14T00:07:09.180+0000] {processor.py:161} INFO - Started process (PID=45636) to work on /opt/airflow/dags/owd_etl.py
[2026-03-14T00:07:09.183+0000] {processor.py:830} INFO - Processing file /opt/airflow/dags/owd_etl.py for tasks to queue
[2026-03-14T00:07:09.185+0000] {logging_mixin.py:188} INFO - [2026-03-14T00:07:09.185+0000] {dagbag.py:538} INFO - Filling up the DagBag from /opt/airflow/dags/owd_etl.py
[2026-03-14T00:07:10.004+0000] {processor.py:840} INFO - DAG(s) 'owd_etl' retrieved from /opt/airflow/dags/owd_etl.py
[2026-03-14T00:07:10.079+0000] {logging_mixin.py:188} INFO - [2026-03-14T00:07:10.078+0000] {dag.py:3036} INFO - Sync 1 DAGs
[2026-03-14T00:07:10.128+0000] {logging_mixin.py:188} INFO - [2026-03-14T00:07:10.128+0000] {dag.py:3823} INFO - Setting next_dagrun for owd_etl to 2026-03-13 00:00:00+00:00, run_after=2026-03-14 00:00:00+00:00
[2026-03-14T00:07:10.164+0000] {processor.py:183} INFO - Processing /opt/airflow/dags/owd_etl.py took 0.995 seconds
[2026-03-14T00:07:40.716+0000] {processor.py:161} INFO - Started process (PID=45671) to work on /opt/airflow/dags/owd_etl.py
[2026-03-14T00:07:40.718+0000] {processor.py:830} INFO - Processing file /opt/airflow/dags/owd_etl.py for tasks to queue
[2026-03-14T00:07:40.721+0000] {logging_mixin.py:188} INFO - [2026-03-14T00:07:40.720+0000] {dagbag.py:538} INFO - Filling up the DagBag from /opt/airflow/dags/owd_etl.py
[2026-03-14T00:07:41.556+0000] {processor.py:840} INFO - DAG(s) 'owd_etl' retrieved from /opt/airflow/dags/owd_etl.py
[2026-03-14T00:07:41.591+0000] {logging_mixin.py:188} INFO - [2026-03-14T00:07:41.590+0000] {dag.py:3036} INFO - Sync 1 DAGs
[2026-03-14T00:07:41.620+0000] {logging_mixin.py:188} INFO - [2026-03-14T00:07:41.619+0000] {dag.py:3823} INFO - Setting next_dagrun for owd_etl to 2026-03-13 00:00:00+00:00, run_after=2026-03-14 00:00:00+00:00
[2026-03-14T00:07:41.668+0000] {processor.py:183} INFO - Processing /opt/airflow/dags/owd_etl.py took 0.961 seconds
[2026-03-14T00:08:11.988+0000] {processor.py:161} INFO - Started process (PID=45706) to work on /opt/airflow/dags/owd_etl.py
[2026-03-14T00:08:11.992+0000] {processor.py:830} INFO - Processing file /opt/airflow/dags/owd_etl.py for tasks to queue
[2026-03-14T00:08:11.995+0000] {logging_mixin.py:188} INFO - [2026-03-14T00:08:11.994+0000] {dagbag.py:538} INFO - Filling up the DagBag from /opt/airflow/dags/owd_etl.py
[2026-03-14T00:08:12.685+0000] {processor.py:840} INFO - DAG(s) 'owd_etl' retrieved from /opt/airflow/dags/owd_etl.py
[2026-03-14T00:08:12.715+0000] {logging_mixin.py:188} INFO - [2026-03-14T00:08:12.714+0000] {dag.py:3036} INFO - Sync 1 DAGs
[2026-03-14T00:08:12.747+0000] {logging_mixin.py:188} INFO - [2026-03-14T00:08:12.746+0000] {dag.py:3823} INFO - Setting next_dagrun for owd_etl to 2026-03-13 00:00:00+00:00, run_after=2026-03-14 00:00:00+00:00
[2026-03-14T00:08:12.789+0000] {processor.py:183} INFO - Processing /opt/airflow/dags/owd_etl.py took 0.810 seconds
[2026-03-14T00:08:43.059+0000] {processor.py:161} INFO - Started process (PID=45741) to work on /opt/airflow/dags/owd_etl.py
[2026-03-14T00:08:43.062+0000] {processor.py:830} INFO - Processing file /opt/airflow/dags/owd_etl.py for tasks to queue
[2026-03-14T00:08:43.074+0000] {logging_mixin.py:188} INFO - [2026-03-14T00:08:43.071+0000] {dagbag.py:538} INFO - Filling up the DagBag from /opt/airflow/dags/owd_etl.py
[2026-03-14T00:08:44.111+0000] {processor.py:840} INFO - DAG(s) 'owd_etl' retrieved from /opt/airflow/dags/owd_etl.py
[2026-03-14T00:08:44.171+0000] {logging_mixin.py:188} INFO - [2026-03-14T00:08:44.171+0000] {dag.py:3036} INFO - Sync 1 DAGs
[2026-03-14T00:08:44.247+0000] {logging_mixin.py:188} INFO - [2026-03-14T00:08:44.247+0000] {dag.py:3823} INFO - Setting next_dagrun for owd_etl to 2026-03-13 00:00:00+00:00, run_after=2026-03-14 00:00:00+00:00
[2026-03-14T00:08:44.383+0000] {processor.py:183} INFO - Processing /opt/airflow/dags/owd_etl.py took 1.332 seconds
[2026-03-14T00:09:14.682+0000] {processor.py:161} INFO - Started process (PID=45776) to work on /opt/airflow/dags/owd_etl.py
[2026-03-14T00:09:14.683+0000] {processor.py:830} INFO - Processing file /opt/airflow/dags/owd_etl.py for tasks to queue
[2026-03-14T00:09:14.686+0000] {logging_mixin.py:188} INFO - [2026-03-14T00:09:14.685+0000] {dagbag.py:538} INFO - Filling up the DagBag from /opt/airflow/dags/owd_etl.py
[2026-03-14T00:09:15.421+0000] {processor.py:840} INFO - DAG(s) 'owd_etl' retrieved from /opt/airflow/dags/owd_etl.py
[2026-03-14T00:09:15.460+0000] {logging_mixin.py:188} INFO - [2026-03-14T00:09:15.459+0000] {dag.py:3036} INFO - Sync 1 DAGs
[2026-03-14T00:09:15.495+0000] {logging_mixin.py:188} INFO - [2026-03-14T00:09:15.494+0000] {dag.py:3823} INFO - Setting next_dagrun for owd_etl to 2026-03-13 00:00:00+00:00, run_after=2026-03-14 00:00:00+00:00
[2026-03-14T00:09:15.527+0000] {processor.py:183} INFO - Processing /opt/airflow/dags/owd_etl.py took 0.852 seconds
[2026-03-14T00:09:45.846+0000] {processor.py:161} INFO - Started process (PID=45811) to work on /opt/airflow/dags/owd_etl.py
[2026-03-14T00:09:45.853+0000] {processor.py:830} INFO - Processing file /opt/airflow/dags/owd_etl.py for tasks to queue
[2026-03-14T00:09:45.855+0000] {logging_mixin.py:188} INFO - [2026-03-14T00:09:45.855+0000] {dagbag.py:538} INFO - Filling up the DagBag from /opt/airflow/dags/owd_etl.py
[2026-03-14T00:09:46.589+0000] {processor.py:840} INFO - DAG(s) 'owd_etl' retrieved from /opt/airflow/dags/owd_etl.py
[2026-03-14T00:09:46.624+0000] {logging_mixin.py:188} INFO - [2026-03-14T00:09:46.624+0000] {dag.py:3036} INFO - Sync 1 DAGs
[2026-03-14T00:09:46.654+0000] {logging_mixin.py:188} INFO - [2026-03-14T00:09:46.653+0000] {dag.py:3823} INFO - Setting next_dagrun for owd_etl to 2026-03-13 00:00:00+00:00, run_after=2026-03-14 00:00:00+00:00
[2026-03-14T00:09:46.691+0000] {processor.py:183} INFO - Processing /opt/airflow/dags/owd_etl.py took 0.856 seconds
[2026-03-14T00:10:17.220+0000] {processor.py:161} INFO - Started process (PID=45846) to work on /opt/airflow/dags/owd_etl.py
[2026-03-14T00:10:17.224+0000] {processor.py:830} INFO - Processing file /opt/airflow/dags/owd_etl.py for tasks to queue
[2026-03-14T00:10:17.229+0000] {logging_mixin.py:188} INFO - [2026-03-14T00:10:17.227+0000] {dagbag.py:538} INFO - Filling up the DagBag from /opt/airflow/dags/owd_etl.py
[2026-03-14T00:10:18.334+0000] {processor.py:840} INFO - DAG(s) 'owd_etl' retrieved from /opt/airflow/dags/owd_etl.py
[2026-03-14T00:10:18.369+0000] {logging_mixin.py:188} INFO - [2026-03-14T00:10:18.368+0000] {dag.py:3036} INFO - Sync 1 DAGs
[2026-03-14T00:10:18.413+0000] {logging_mixin.py:188} INFO - [2026-03-14T00:10:18.413+0000] {dag.py:3823} INFO - Setting next_dagrun for owd_etl to 2026-03-13 00:00:00+00:00, run_after=2026-03-14 00:00:00+00:00
[2026-03-14T00:10:18.453+0000] {processor.py:183} INFO - Processing /opt/airflow/dags/owd_etl.py took 1.253 seconds
[2026-03-14T00:10:48.703+0000] {processor.py:161} INFO - Started process (PID=45881) to work on /opt/airflow/dags/owd_etl.py
[2026-03-14T00:10:48.706+0000] {processor.py:830} INFO - Processing file /opt/airflow/dags/owd_etl.py for tasks to queue
[2026-03-14T00:10:48.708+0000] {logging_mixin.py:188} INFO - [2026-03-14T00:10:48.707+0000] {dagbag.py:538} INFO - Filling up the DagBag from /opt/airflow/dags/owd_etl.py
[2026-03-14T00:10:49.990+0000] {processor.py:840} INFO - DAG(s) 'owd_etl' retrieved from /opt/airflow/dags/owd_etl.py
[2026-03-14T00:10:50.033+0000] {logging_mixin.py:188} INFO - [2026-03-14T00:10:50.033+0000] {dag.py:3036} INFO - Sync 1 DAGs
[2026-03-14T00:10:50.072+0000] {logging_mixin.py:188} INFO - [2026-03-14T00:10:50.072+0000] {dag.py:3823} INFO - Setting next_dagrun for owd_etl to 2026-03-13 00:00:00+00:00, run_after=2026-03-14 00:00:00+00:00
[2026-03-14T00:10:50.123+0000] {processor.py:183} INFO - Processing /opt/airflow/dags/owd_etl.py took 1.430 seconds
[2026-03-14T00:11:20.869+0000] {processor.py:161} INFO - Started process (PID=45916) to work on /opt/airflow/dags/owd_etl.py
[2026-03-14T00:11:20.870+0000] {processor.py:830} INFO - Processing file /opt/airflow/dags/owd_etl.py for tasks to queue
[2026-03-14T00:11:20.872+0000] {logging_mixin.py:188} INFO - [2026-03-14T00:11:20.871+0000] {dagbag.py:538} INFO - Filling up the DagBag from /opt/airflow/dags/owd_etl.py
[2026-03-14T00:11:21.765+0000] {processor.py:840} INFO - DAG(s) 'owd_etl' retrieved from /opt/airflow/dags/owd_etl.py
[2026-03-14T00:11:21.824+0000] {logging_mixin.py:188} INFO - [2026-03-14T00:11:21.822+0000] {dag.py:3036} INFO - Sync 1 DAGs
[2026-03-14T00:11:21.862+0000] {logging_mixin.py:188} INFO - [2026-03-14T00:11:21.862+0000] {dag.py:3823} INFO - Setting next_dagrun for owd_etl to 2026-03-13 00:00:00+00:00, run_after=2026-03-14 00:00:00+00:00
[2026-03-14T00:11:21.898+0000] {processor.py:183} INFO - Processing /opt/airflow/dags/owd_etl.py took 1.034 seconds
[2026-03-14T00:11:52.045+0000] {processor.py:161} INFO - Started process (PID=45951) to work on /opt/airflow/dags/owd_etl.py
[2026-03-14T00:11:52.047+0000] {processor.py:830} INFO - Processing file /opt/airflow/dags/owd_etl.py for tasks to queue
[2026-03-14T00:11:52.048+0000] {logging_mixin.py:188} INFO - [2026-03-14T00:11:52.048+0000] {dagbag.py:538} INFO - Filling up the DagBag from /opt/airflow/dags/owd_etl.py
[2026-03-14T00:11:53.070+0000] {processor.py:840} INFO - DAG(s) 'owd_etl' retrieved from /opt/airflow/dags/owd_etl.py
[2026-03-14T00:11:53.132+0000] {logging_mixin.py:188} INFO - [2026-03-14T00:11:53.131+0000] {dag.py:3036} INFO - Sync 1 DAGs
[2026-03-14T00:11:53.175+0000] {logging_mixin.py:188} INFO - [2026-03-14T00:11:53.175+0000] {dag.py:3823} INFO - Setting next_dagrun for owd_etl to 2026-03-13 00:00:00+00:00, run_after=2026-03-14 00:00:00+00:00
[2026-03-14T00:11:53.208+0000] {processor.py:183} INFO - Processing /opt/airflow/dags/owd_etl.py took 1.170 seconds
[2026-03-14T00:12:23.499+0000] {processor.py:161} INFO - Started process (PID=45986) to work on /opt/airflow/dags/owd_etl.py
[2026-03-14T00:12:23.501+0000] {processor.py:830} INFO - Processing file /opt/airflow/dags/owd_etl.py for tasks to queue
[2026-03-14T00:12:23.503+0000] {logging_mixin.py:188} INFO - [2026-03-14T00:12:23.502+0000] {dagbag.py:538} INFO - Filling up the DagBag from /opt/airflow/dags/owd_etl.py
[2026-03-14T00:12:24.588+0000] {processor.py:840} INFO - DAG(s) 'owd_etl' retrieved from /opt/airflow/dags/owd_etl.py
[2026-03-14T00:12:24.672+0000] {logging_mixin.py:188} INFO - [2026-03-14T00:12:24.671+0000] {dag.py:3036} INFO - Sync 1 DAGs
[2026-03-14T00:12:24.738+0000] {logging_mixin.py:188} INFO - [2026-03-14T00:12:24.737+0000] {dag.py:3823} INFO - Setting next_dagrun for owd_etl to 2026-03-13 00:00:00+00:00, run_after=2026-03-14 00:00:00+00:00
[2026-03-14T00:12:24.866+0000] {processor.py:183} INFO - Processing /opt/airflow/dags/owd_etl.py took 1.371 seconds
[2026-03-14T00:12:55.838+0000] {processor.py:161} INFO - Started process (PID=46021) to work on /opt/airflow/dags/owd_etl.py
[2026-03-14T00:12:55.841+0000] {processor.py:830} INFO - Processing file /opt/airflow/dags/owd_etl.py for tasks to queue
[2026-03-14T00:12:55.847+0000] {logging_mixin.py:188} INFO - [2026-03-14T00:12:55.845+0000] {dagbag.py:538} INFO - Filling up the DagBag from /opt/airflow/dags/owd_etl.py
[2026-03-14T00:12:57.327+0000] {processor.py:840} INFO - DAG(s) 'owd_etl' retrieved from /opt/airflow/dags/owd_etl.py
[2026-03-14T00:12:57.413+0000] {logging_mixin.py:188} INFO - [2026-03-14T00:12:57.413+0000] {dag.py:3036} INFO - Sync 1 DAGs
[2026-03-14T00:12:57.502+0000] {logging_mixin.py:188} INFO - [2026-03-14T00:12:57.500+0000] {dag.py:3823} INFO - Setting next_dagrun for owd_etl to 2026-03-13 00:00:00+00:00, run_after=2026-03-14 00:00:00+00:00
[2026-03-14T00:12:57.584+0000] {processor.py:183} INFO - Processing /opt/airflow/dags/owd_etl.py took 1.759 seconds
[2026-03-14T00:13:28.096+0000] {processor.py:161} INFO - Started process (PID=46056) to work on /opt/airflow/dags/owd_etl.py
[2026-03-14T00:13:28.099+0000] {processor.py:830} INFO - Processing file /opt/airflow/dags/owd_etl.py for tasks to queue
[2026-03-14T00:13:28.101+0000] {logging_mixin.py:188} INFO - [2026-03-14T00:13:28.100+0000] {dagbag.py:538} INFO - Filling up the DagBag from /opt/airflow/dags/owd_etl.py
[2026-03-14T00:13:28.790+0000] {processor.py:840} INFO - DAG(s) 'owd_etl' retrieved from /opt/airflow/dags/owd_etl.py
[2026-03-14T00:13:28.824+0000] {logging_mixin.py:188} INFO - [2026-03-14T00:13:28.824+0000] {dag.py:3036} INFO - Sync 1 DAGs
[2026-03-14T00:13:28.865+0000] {logging_mixin.py:188} INFO - [2026-03-14T00:13:28.864+0000] {dag.py:3823} INFO - Setting next_dagrun for owd_etl to 2026-03-13 00:00:00+00:00, run_after=2026-03-14 00:00:00+00:00
[2026-03-14T00:13:28.945+0000] {processor.py:183} INFO - Processing /opt/airflow/dags/owd_etl.py took 0.854 seconds
[2026-03-14T00:13:59.550+0000] {processor.py:161} INFO - Started process (PID=46091) to work on /opt/airflow/dags/owd_etl.py
[2026-03-14T00:13:59.553+0000] {processor.py:830} INFO - Processing file /opt/airflow/dags/owd_etl.py for tasks to queue
[2026-03-14T00:13:59.555+0000] {logging_mixin.py:188} INFO - [2026-03-14T00:13:59.554+0000] {dagbag.py:538} INFO - Filling up the DagBag from /opt/airflow/dags/owd_etl.py
[2026-03-14T00:14:01.920+0000] {processor.py:840} INFO - DAG(s) 'owd_etl' retrieved from /opt/airflow/dags/owd_etl.py
[2026-03-14T00:14:02.034+0000] {logging_mixin.py:188} INFO - [2026-03-14T00:14:02.031+0000] {dag.py:3036} INFO - Sync 1 DAGs
[2026-03-14T00:14:02.149+0000] {logging_mixin.py:188} INFO - [2026-03-14T00:14:02.147+0000] {dag.py:3823} INFO - Setting next_dagrun for owd_etl to 2026-03-13 00:00:00+00:00, run_after=2026-03-14 00:00:00+00:00
[2026-03-14T00:14:02.325+0000] {processor.py:183} INFO - Processing /opt/airflow/dags/owd_etl.py took 2.784 seconds
[2026-03-14T00:14:33.112+0000] {processor.py:161} INFO - Started process (PID=46127) to work on /opt/airflow/dags/owd_etl.py
[2026-03-14T00:14:33.115+0000] {processor.py:830} INFO - Processing file /opt/airflow/dags/owd_etl.py for tasks to queue
[2026-03-14T00:14:33.118+0000] {logging_mixin.py:188} INFO - [2026-03-14T00:14:33.117+0000] {dagbag.py:538} INFO - Filling up the DagBag from /opt/airflow/dags/owd_etl.py
[2026-03-14T00:14:33.919+0000] {processor.py:840} INFO - DAG(s) 'owd_etl' retrieved from /opt/airflow/dags/owd_etl.py
[2026-03-14T00:14:33.947+0000] {logging_mixin.py:188} INFO - [2026-03-14T00:14:33.947+0000] {dag.py:3036} INFO - Sync 1 DAGs
[2026-03-14T00:14:33.974+0000] {logging_mixin.py:188} INFO - [2026-03-14T00:14:33.974+0000] {dag.py:3823} INFO - Setting next_dagrun for owd_etl to 2026-03-13 00:00:00+00:00, run_after=2026-03-14 00:00:00+00:00
[2026-03-14T00:14:34.037+0000] {processor.py:183} INFO - Processing /opt/airflow/dags/owd_etl.py took 0.932 seconds
[2026-03-14T00:15:04.987+0000] {processor.py:161} INFO - Started process (PID=46162) to work on /opt/airflow/dags/owd_etl.py
[2026-03-14T00:15:04.990+0000] {processor.py:830} INFO - Processing file /opt/airflow/dags/owd_etl.py for tasks to queue
[2026-03-14T00:15:04.993+0000] {logging_mixin.py:188} INFO - [2026-03-14T00:15:04.992+0000] {dagbag.py:538} INFO - Filling up the DagBag from /opt/airflow/dags/owd_etl.py
[2026-03-14T00:15:06.086+0000] {processor.py:840} INFO - DAG(s) 'owd_etl' retrieved from /opt/airflow/dags/owd_etl.py
[2026-03-14T00:15:06.127+0000] {logging_mixin.py:188} INFO - [2026-03-14T00:15:06.126+0000] {dag.py:3036} INFO - Sync 1 DAGs
[2026-03-14T00:15:06.157+0000] {logging_mixin.py:188} INFO - [2026-03-14T00:15:06.157+0000] {dag.py:3823} INFO - Setting next_dagrun for owd_etl to 2026-03-13 00:00:00+00:00, run_after=2026-03-14 00:00:00+00:00
[2026-03-14T00:15:06.184+0000] {processor.py:183} INFO - Processing /opt/airflow/dags/owd_etl.py took 1.211 seconds
[2026-03-14T00:15:36.592+0000] {processor.py:161} INFO - Started process (PID=46197) to work on /opt/airflow/dags/owd_etl.py
[2026-03-14T00:15:36.595+0000] {processor.py:830} INFO - Processing file /opt/airflow/dags/owd_etl.py for tasks to queue
[2026-03-14T00:15:36.599+0000] {logging_mixin.py:188} INFO - [2026-03-14T00:15:36.598+0000] {dagbag.py:538} INFO - Filling up the DagBag from /opt/airflow/dags/owd_etl.py
[2026-03-14T00:15:37.871+0000] {processor.py:840} INFO - DAG(s) 'owd_etl' retrieved from /opt/airflow/dags/owd_etl.py
[2026-03-14T00:15:37.910+0000] {logging_mixin.py:188} INFO - [2026-03-14T00:15:37.909+0000] {dag.py:3036} INFO - Sync 1 DAGs
[2026-03-14T00:15:37.946+0000] {logging_mixin.py:188} INFO - [2026-03-14T00:15:37.945+0000] {dag.py:3823} INFO - Setting next_dagrun for owd_etl to 2026-03-13 00:00:00+00:00, run_after=2026-03-14 00:00:00+00:00
[2026-03-14T00:15:37.976+0000] {processor.py:183} INFO - Processing /opt/airflow/dags/owd_etl.py took 1.400 seconds
[2026-03-14T00:16:08.587+0000] {processor.py:161} INFO - Started process (PID=46232) to work on /opt/airflow/dags/owd_etl.py
[2026-03-14T00:16:08.589+0000] {processor.py:830} INFO - Processing file /opt/airflow/dags/owd_etl.py for tasks to queue
[2026-03-14T00:16:08.590+0000] {logging_mixin.py:188} INFO - [2026-03-14T00:16:08.590+0000] {dagbag.py:538} INFO - Filling up the DagBag from /opt/airflow/dags/owd_etl.py
[2026-03-14T00:16:09.316+0000] {processor.py:840} INFO - DAG(s) 'owd_etl' retrieved from /opt/airflow/dags/owd_etl.py
[2026-03-14T00:16:09.360+0000] {logging_mixin.py:188} INFO - [2026-03-14T00:16:09.360+0000] {dag.py:3036} INFO - Sync 1 DAGs
[2026-03-14T00:16:09.416+0000] {logging_mixin.py:188} INFO - [2026-03-14T00:16:09.416+0000] {dag.py:3823} INFO - Setting next_dagrun for owd_etl to 2026-03-13 00:00:00+00:00, run_after=2026-03-14 00:00:00+00:00
[2026-03-14T00:16:09.460+0000] {processor.py:183} INFO - Processing /opt/airflow/dags/owd_etl.py took 0.878 seconds
[2026-03-14T00:16:39.629+0000] {processor.py:161} INFO - Started process (PID=46266) to work on /opt/airflow/dags/owd_etl.py
[2026-03-14T00:16:39.633+0000] {processor.py:830} INFO - Processing file /opt/airflow/dags/owd_etl.py for tasks to queue
[2026-03-14T00:16:39.636+0000] {logging_mixin.py:188} INFO - [2026-03-14T00:16:39.635+0000] {dagbag.py:538} INFO - Filling up the DagBag from /opt/airflow/dags/owd_etl.py
[2026-03-14T00:16:40.467+0000] {processor.py:840} INFO - DAG(s) 'owd_etl' retrieved from /opt/airflow/dags/owd_etl.py
[2026-03-14T00:16:40.509+0000] {logging_mixin.py:188} INFO - [2026-03-14T00:16:40.508+0000] {dag.py:3036} INFO - Sync 1 DAGs
[2026-03-14T00:16:40.551+0000] {logging_mixin.py:188} INFO - [2026-03-14T00:16:40.550+0000] {dag.py:3823} INFO - Setting next_dagrun for owd_etl to 2026-03-13 00:00:00+00:00, run_after=2026-03-14 00:00:00+00:00
[2026-03-14T00:16:40.591+0000] {processor.py:183} INFO - Processing /opt/airflow/dags/owd_etl.py took 0.931 seconds
[2026-03-14T00:17:10.827+0000] {processor.py:161} INFO - Started process (PID=46301) to work on /opt/airflow/dags/owd_etl.py
[2026-03-14T00:17:10.829+0000] {processor.py:830} INFO - Processing file /opt/airflow/dags/owd_etl.py for tasks to queue
[2026-03-14T00:17:10.831+0000] {logging_mixin.py:188} INFO - [2026-03-14T00:17:10.831+0000] {dagbag.py:538} INFO - Filling up the DagBag from /opt/airflow/dags/owd_etl.py
[2026-03-14T00:17:11.736+0000] {processor.py:840} INFO - DAG(s) 'owd_etl' retrieved from /opt/airflow/dags/owd_etl.py
[2026-03-14T00:17:11.785+0000] {logging_mixin.py:188} INFO - [2026-03-14T00:17:11.784+0000] {dag.py:3036} INFO - Sync 1 DAGs
[2026-03-14T00:17:11.844+0000] {logging_mixin.py:188} INFO - [2026-03-14T00:17:11.844+0000] {dag.py:3823} INFO - Setting next_dagrun for owd_etl to 2026-03-13 00:00:00+00:00, run_after=2026-03-14 00:00:00+00:00
[2026-03-14T00:17:11.903+0000] {processor.py:183} INFO - Processing /opt/airflow/dags/owd_etl.py took 1.083 seconds
[2026-03-14T00:17:42.747+0000] {processor.py:161} INFO - Started process (PID=46336) to work on /opt/airflow/dags/owd_etl.py
[2026-03-14T00:17:42.750+0000] {processor.py:830} INFO - Processing file /opt/airflow/dags/owd_etl.py for tasks to queue
[2026-03-14T00:17:42.753+0000] {logging_mixin.py:188} INFO - [2026-03-14T00:17:42.752+0000] {dagbag.py:538} INFO - Filling up the DagBag from /opt/airflow/dags/owd_etl.py
[2026-03-14T00:17:43.440+0000] {processor.py:840} INFO - DAG(s) 'owd_etl' retrieved from /opt/airflow/dags/owd_etl.py
[2026-03-14T00:17:43.470+0000] {logging_mixin.py:188} INFO - [2026-03-14T00:17:43.469+0000] {dag.py:3036} INFO - Sync 1 DAGs
[2026-03-14T00:17:43.498+0000] {logging_mixin.py:188} INFO - [2026-03-14T00:17:43.498+0000] {dag.py:3823} INFO - Setting next_dagrun for owd_etl to 2026-03-13 00:00:00+00:00, run_after=2026-03-14 00:00:00+00:00
[2026-03-14T00:17:43.557+0000] {processor.py:183} INFO - Processing /opt/airflow/dags/owd_etl.py took 0.816 seconds
[2026-03-14T00:18:14.476+0000] {processor.py:161} INFO - Started process (PID=46371) to work on /opt/airflow/dags/owd_etl.py
[2026-03-14T00:18:14.479+0000] {processor.py:830} INFO - Processing file /opt/airflow/dags/owd_etl.py for tasks to queue
[2026-03-14T00:18:14.481+0000] {logging_mixin.py:188} INFO - [2026-03-14T00:18:14.481+0000] {dagbag.py:538} INFO - Filling up the DagBag from /opt/airflow/dags/owd_etl.py
[2026-03-14T00:18:15.327+0000] {processor.py:840} INFO - DAG(s) 'owd_etl' retrieved from /opt/airflow/dags/owd_etl.py
[2026-03-14T00:18:15.363+0000] {logging_mixin.py:188} INFO - [2026-03-14T00:18:15.362+0000] {dag.py:3036} INFO - Sync 1 DAGs
[2026-03-14T00:18:15.393+0000] {logging_mixin.py:188} INFO - [2026-03-14T00:18:15.393+0000] {dag.py:3823} INFO - Setting next_dagrun for owd_etl to 2026-03-13 00:00:00+00:00, run_after=2026-03-14 00:00:00+00:00
[2026-03-14T00:18:15.460+0000] {processor.py:183} INFO - Processing /opt/airflow/dags/owd_etl.py took 0.992 seconds
[2026-03-14T00:18:45.615+0000] {processor.py:161} INFO - Started process (PID=46406) to work on /opt/airflow/dags/owd_etl.py
[2026-03-14T00:18:45.618+0000] {processor.py:830} INFO - Processing file /opt/airflow/dags/owd_etl.py for tasks to queue
[2026-03-14T00:18:45.620+0000] {logging_mixin.py:188} INFO - [2026-03-14T00:18:45.619+0000] {dagbag.py:538} INFO - Filling up the DagBag from /opt/airflow/dags/owd_etl.py
[2026-03-14T00:18:46.501+0000] {processor.py:840} INFO - DAG(s) 'owd_etl' retrieved from /opt/airflow/dags/owd_etl.py
[2026-03-14T00:18:46.543+0000] {logging_mixin.py:188} INFO - [2026-03-14T00:18:46.542+0000] {dag.py:3036} INFO - Sync 1 DAGs
[2026-03-14T00:18:46.597+0000] {logging_mixin.py:188} INFO - [2026-03-14T00:18:46.597+0000] {dag.py:3823} INFO - Setting next_dagrun for owd_etl to 2026-03-13 00:00:00+00:00, run_after=2026-03-14 00:00:00+00:00
[2026-03-14T00:18:46.725+0000] {processor.py:183} INFO - Processing /opt/airflow/dags/owd_etl.py took 1.119 seconds
[2026-03-14T00:19:17.778+0000] {processor.py:161} INFO - Started process (PID=46441) to work on /opt/airflow/dags/owd_etl.py
[2026-03-14T00:19:17.779+0000] {processor.py:830} INFO - Processing file /opt/airflow/dags/owd_etl.py for tasks to queue
[2026-03-14T00:19:17.780+0000] {logging_mixin.py:188} INFO - [2026-03-14T00:19:17.780+0000] {dagbag.py:538} INFO - Filling up the DagBag from /opt/airflow/dags/owd_etl.py
[2026-03-14T00:19:18.517+0000] {processor.py:840} INFO - DAG(s) 'owd_etl' retrieved from /opt/airflow/dags/owd_etl.py
[2026-03-14T00:19:18.565+0000] {logging_mixin.py:188} INFO - [2026-03-14T00:19:18.564+0000] {dag.py:3036} INFO - Sync 1 DAGs
[2026-03-14T00:19:18.613+0000] {logging_mixin.py:188} INFO - [2026-03-14T00:19:18.613+0000] {dag.py:3823} INFO - Setting next_dagrun for owd_etl to 2026-03-13 00:00:00+00:00, run_after=2026-03-14 00:00:00+00:00
[2026-03-14T00:19:18.645+0000] {processor.py:183} INFO - Processing /opt/airflow/dags/owd_etl.py took 0.875 seconds
[2026-03-14T00:19:49.673+0000] {processor.py:161} INFO - Started process (PID=46477) to work on /opt/airflow/dags/owd_etl.py
[2026-03-14T00:19:49.675+0000] {processor.py:830} INFO - Processing file /opt/airflow/dags/owd_etl.py for tasks to queue
[2026-03-14T00:19:49.676+0000] {logging_mixin.py:188} INFO - [2026-03-14T00:19:49.676+0000] {dagbag.py:538} INFO - Filling up the DagBag from /opt/airflow/dags/owd_etl.py
[2026-03-14T00:19:50.438+0000] {processor.py:840} INFO - DAG(s) 'owd_etl' retrieved from /opt/airflow/dags/owd_etl.py
[2026-03-14T00:19:50.468+0000] {logging_mixin.py:188} INFO - [2026-03-14T00:19:50.467+0000] {dag.py:3036} INFO - Sync 1 DAGs
[2026-03-14T00:19:50.497+0000] {logging_mixin.py:188} INFO - [2026-03-14T00:19:50.497+0000] {dag.py:3823} INFO - Setting next_dagrun for owd_etl to 2026-03-13 00:00:00+00:00, run_after=2026-03-14 00:00:00+00:00
[2026-03-14T00:19:50.555+0000] {processor.py:183} INFO - Processing /opt/airflow/dags/owd_etl.py took 0.888 seconds
[2026-03-14T00:20:27.975+0000] {processor.py:161} INFO - Started process (PID=46512) to work on /opt/airflow/dags/owd_etl.py
[2026-03-14T00:20:27.979+0000] {processor.py:830} INFO - Processing file /opt/airflow/dags/owd_etl.py for tasks to queue
[2026-03-14T00:20:27.988+0000] {logging_mixin.py:188} INFO - [2026-03-14T00:20:27.987+0000] {dagbag.py:538} INFO - Filling up the DagBag from /opt/airflow/dags/owd_etl.py
[2026-03-14T00:20:33.009+0000] {processor.py:840} INFO - DAG(s) 'owd_etl' retrieved from /opt/airflow/dags/owd_etl.py
[2026-03-14T00:20:33.362+0000] {logging_mixin.py:188} INFO - [2026-03-14T00:20:33.361+0000] {dag.py:3036} INFO - Sync 1 DAGs
[2026-03-14T00:20:33.612+0000] {logging_mixin.py:188} INFO - [2026-03-14T00:20:33.611+0000] {dag.py:3823} INFO - Setting next_dagrun for owd_etl to 2026-03-13 00:00:00+00:00, run_after=2026-03-14 00:00:00+00:00
[2026-03-14T00:20:33.803+0000] {processor.py:183} INFO - Processing /opt/airflow/dags/owd_etl.py took 5.856 seconds
[2026-03-14T00:21:04.392+0000] {processor.py:161} INFO - Started process (PID=46554) to work on /opt/airflow/dags/owd_etl.py
[2026-03-14T00:21:04.395+0000] {processor.py:830} INFO - Processing file /opt/airflow/dags/owd_etl.py for tasks to queue
[2026-03-14T00:21:04.398+0000] {logging_mixin.py:188} INFO - [2026-03-14T00:21:04.397+0000] {dagbag.py:538} INFO - Filling up the DagBag from /opt/airflow/dags/owd_etl.py
[2026-03-14T00:21:06.139+0000] {processor.py:840} INFO - DAG(s) 'owd_etl' retrieved from /opt/airflow/dags/owd_etl.py
[2026-03-14T00:21:06.184+0000] {logging_mixin.py:188} INFO - [2026-03-14T00:21:06.183+0000] {dag.py:3036} INFO - Sync 1 DAGs
[2026-03-14T00:21:06.235+0000] {logging_mixin.py:188} INFO - [2026-03-14T00:21:06.234+0000] {dag.py:3823} INFO - Setting next_dagrun for owd_etl to 2026-03-13 00:00:00+00:00, run_after=2026-03-14 00:00:00+00:00
[2026-03-14T00:21:06.276+0000] {processor.py:183} INFO - Processing /opt/airflow/dags/owd_etl.py took 1.899 seconds
[2026-03-14T00:21:36.499+0000] {processor.py:161} INFO - Started process (PID=46589) to work on /opt/airflow/dags/owd_etl.py
[2026-03-14T00:21:36.501+0000] {processor.py:830} INFO - Processing file /opt/airflow/dags/owd_etl.py for tasks to queue
[2026-03-14T00:21:36.505+0000] {logging_mixin.py:188} INFO - [2026-03-14T00:21:36.503+0000] {dagbag.py:538} INFO - Filling up the DagBag from /opt/airflow/dags/owd_etl.py
[2026-03-14T00:21:37.417+0000] {processor.py:840} INFO - DAG(s) 'owd_etl' retrieved from /opt/airflow/dags/owd_etl.py
[2026-03-14T00:21:37.450+0000] {logging_mixin.py:188} INFO - [2026-03-14T00:21:37.449+0000] {dag.py:3036} INFO - Sync 1 DAGs
[2026-03-14T00:21:37.481+0000] {logging_mixin.py:188} INFO - [2026-03-14T00:21:37.481+0000] {dag.py:3823} INFO - Setting next_dagrun for owd_etl to 2026-03-13 00:00:00+00:00, run_after=2026-03-14 00:00:00+00:00
[2026-03-14T00:21:37.531+0000] {processor.py:183} INFO - Processing /opt/airflow/dags/owd_etl.py took 1.041 seconds
[2026-03-14T00:22:08.134+0000] {processor.py:161} INFO - Started process (PID=46624) to work on /opt/airflow/dags/owd_etl.py
[2026-03-14T00:22:08.137+0000] {processor.py:830} INFO - Processing file /opt/airflow/dags/owd_etl.py for tasks to queue
[2026-03-14T00:22:08.139+0000] {logging_mixin.py:188} INFO - [2026-03-14T00:22:08.138+0000] {dagbag.py:538} INFO - Filling up the DagBag from /opt/airflow/dags/owd_etl.py
[2026-03-14T00:22:09.430+0000] {processor.py:840} INFO - DAG(s) 'owd_etl' retrieved from /opt/airflow/dags/owd_etl.py
[2026-03-14T00:22:09.472+0000] {logging_mixin.py:188} INFO - [2026-03-14T00:22:09.472+0000] {dag.py:3036} INFO - Sync 1 DAGs
[2026-03-14T00:22:09.504+0000] {logging_mixin.py:188} INFO - [2026-03-14T00:22:09.503+0000] {dag.py:3823} INFO - Setting next_dagrun for owd_etl to 2026-03-13 00:00:00+00:00, run_after=2026-03-14 00:00:00+00:00
[2026-03-14T00:22:09.557+0000] {processor.py:183} INFO - Processing /opt/airflow/dags/owd_etl.py took 1.436 seconds
[2026-03-14T00:22:39.883+0000] {processor.py:161} INFO - Started process (PID=46659) to work on /opt/airflow/dags/owd_etl.py
[2026-03-14T00:22:39.884+0000] {processor.py:830} INFO - Processing file /opt/airflow/dags/owd_etl.py for tasks to queue
[2026-03-14T00:22:39.886+0000] {logging_mixin.py:188} INFO - [2026-03-14T00:22:39.886+0000] {dagbag.py:538} INFO - Filling up the DagBag from /opt/airflow/dags/owd_etl.py
[2026-03-14T00:22:40.674+0000] {processor.py:840} INFO - DAG(s) 'owd_etl' retrieved from /opt/airflow/dags/owd_etl.py
[2026-03-14T00:22:40.714+0000] {logging_mixin.py:188} INFO - [2026-03-14T00:22:40.713+0000] {dag.py:3036} INFO - Sync 1 DAGs
[2026-03-14T00:22:40.753+0000] {logging_mixin.py:188} INFO - [2026-03-14T00:22:40.753+0000] {dag.py:3823} INFO - Setting next_dagrun for owd_etl to 2026-03-13 00:00:00+00:00, run_after=2026-03-14 00:00:00+00:00
[2026-03-14T00:22:40.788+0000] {processor.py:183} INFO - Processing /opt/airflow/dags/owd_etl.py took 0.901 seconds
[2026-03-14T00:23:11.246+0000] {processor.py:161} INFO - Started process (PID=46694) to work on /opt/airflow/dags/owd_etl.py
[2026-03-14T00:23:11.247+0000] {processor.py:830} INFO - Processing file /opt/airflow/dags/owd_etl.py for tasks to queue
[2026-03-14T00:23:11.249+0000] {logging_mixin.py:188} INFO - [2026-03-14T00:23:11.249+0000] {dagbag.py:538} INFO - Filling up the DagBag from /opt/airflow/dags/owd_etl.py
[2026-03-14T00:23:11.883+0000] {processor.py:840} INFO - DAG(s) 'owd_etl' retrieved from /opt/airflow/dags/owd_etl.py
[2026-03-14T00:23:11.936+0000] {logging_mixin.py:188} INFO - [2026-03-14T00:23:11.933+0000] {dag.py:3036} INFO - Sync 1 DAGs
[2026-03-14T00:23:11.983+0000] {logging_mixin.py:188} INFO - [2026-03-14T00:23:11.983+0000] {dag.py:3823} INFO - Setting next_dagrun for owd_etl to 2026-03-13 00:00:00+00:00, run_after=2026-03-14 00:00:00+00:00
[2026-03-14T00:23:12.067+0000] {processor.py:183} INFO - Processing /opt/airflow/dags/owd_etl.py took 0.826 seconds
