[2026-03-14T00:00:18.655+0000] {processor.py:161} INFO - Started process (PID=45168) to work on /opt/airflow/dags/owd_etl_robusto.py
[2026-03-14T00:00:18.657+0000] {processor.py:830} INFO - Processing file /opt/airflow/dags/owd_etl_robusto.py for tasks to queue
[2026-03-14T00:00:18.661+0000] {logging_mixin.py:188} INFO - [2026-03-14T00:00:18.659+0000] {dagbag.py:538} INFO - Filling up the DagBag from /opt/airflow/dags/owd_etl_robusto.py
[2026-03-14T00:00:19.435+0000] {processor.py:840} INFO - DAG(s) 'owd_etl_robusto' retrieved from /opt/airflow/dags/owd_etl_robusto.py
[2026-03-14T00:00:19.476+0000] {logging_mixin.py:188} INFO - [2026-03-14T00:00:19.475+0000] {dag.py:3036} INFO - Sync 1 DAGs
[2026-03-14T00:00:19.515+0000] {logging_mixin.py:188} INFO - [2026-03-14T00:00:19.514+0000] {dag.py:3823} INFO - Setting next_dagrun for owd_etl_robusto to 2026-03-13 23:00:00+00:00, run_after=2026-03-14 00:00:00+00:00
[2026-03-14T00:00:19.553+0000] {processor.py:183} INFO - Processing /opt/airflow/dags/owd_etl_robusto.py took 0.903 seconds
[2026-03-14T00:00:50.217+0000] {processor.py:161} INFO - Started process (PID=45213) to work on /opt/airflow/dags/owd_etl_robusto.py
[2026-03-14T00:00:50.219+0000] {processor.py:830} INFO - Processing file /opt/airflow/dags/owd_etl_robusto.py for tasks to queue
[2026-03-14T00:00:50.221+0000] {logging_mixin.py:188} INFO - [2026-03-14T00:00:50.220+0000] {dagbag.py:538} INFO - Filling up the DagBag from /opt/airflow/dags/owd_etl_robusto.py
[2026-03-14T00:00:50.912+0000] {processor.py:840} INFO - DAG(s) 'owd_etl_robusto' retrieved from /opt/airflow/dags/owd_etl_robusto.py
[2026-03-14T00:00:50.952+0000] {logging_mixin.py:188} INFO - [2026-03-14T00:00:50.952+0000] {dag.py:3036} INFO - Sync 1 DAGs
[2026-03-14T00:00:50.990+0000] {logging_mixin.py:188} INFO - [2026-03-14T00:00:50.989+0000] {dag.py:3823} INFO - Setting next_dagrun for owd_etl_robusto to 2026-03-13 23:00:00+00:00, run_after=2026-03-14 00:00:00+00:00
[2026-03-14T00:00:51.043+0000] {processor.py:183} INFO - Processing /opt/airflow/dags/owd_etl_robusto.py took 0.833 seconds
[2026-03-14T00:01:21.554+0000] {processor.py:161} INFO - Started process (PID=45248) to work on /opt/airflow/dags/owd_etl_robusto.py
[2026-03-14T00:01:21.558+0000] {processor.py:830} INFO - Processing file /opt/airflow/dags/owd_etl_robusto.py for tasks to queue
[2026-03-14T00:01:21.561+0000] {logging_mixin.py:188} INFO - [2026-03-14T00:01:21.560+0000] {dagbag.py:538} INFO - Filling up the DagBag from /opt/airflow/dags/owd_etl_robusto.py
[2026-03-14T00:01:22.235+0000] {processor.py:840} INFO - DAG(s) 'owd_etl_robusto' retrieved from /opt/airflow/dags/owd_etl_robusto.py
[2026-03-14T00:01:22.267+0000] {logging_mixin.py:188} INFO - [2026-03-14T00:01:22.266+0000] {dag.py:3036} INFO - Sync 1 DAGs
[2026-03-14T00:01:22.300+0000] {logging_mixin.py:188} INFO - [2026-03-14T00:01:22.300+0000] {dag.py:3823} INFO - Setting next_dagrun for owd_etl_robusto to 2026-03-13 23:00:00+00:00, run_after=2026-03-14 00:00:00+00:00
[2026-03-14T00:01:22.357+0000] {processor.py:183} INFO - Processing /opt/airflow/dags/owd_etl_robusto.py took 0.811 seconds
[2026-03-14T00:01:52.798+0000] {processor.py:161} INFO - Started process (PID=45283) to work on /opt/airflow/dags/owd_etl_robusto.py
[2026-03-14T00:01:52.800+0000] {processor.py:830} INFO - Processing file /opt/airflow/dags/owd_etl_robusto.py for tasks to queue
[2026-03-14T00:01:52.803+0000] {logging_mixin.py:188} INFO - [2026-03-14T00:01:52.802+0000] {dagbag.py:538} INFO - Filling up the DagBag from /opt/airflow/dags/owd_etl_robusto.py
[2026-03-14T00:01:53.539+0000] {processor.py:840} INFO - DAG(s) 'owd_etl_robusto' retrieved from /opt/airflow/dags/owd_etl_robusto.py
[2026-03-14T00:01:53.605+0000] {logging_mixin.py:188} INFO - [2026-03-14T00:01:53.603+0000] {dag.py:3036} INFO - Sync 1 DAGs
[2026-03-14T00:01:53.703+0000] {logging_mixin.py:188} INFO - [2026-03-14T00:01:53.700+0000] {dag.py:3823} INFO - Setting next_dagrun for owd_etl_robusto to 2026-03-13 23:00:00+00:00, run_after=2026-03-14 00:00:00+00:00
[2026-03-14T00:01:53.812+0000] {processor.py:183} INFO - Processing /opt/airflow/dags/owd_etl_robusto.py took 1.023 seconds
[2026-03-14T00:02:24.425+0000] {processor.py:161} INFO - Started process (PID=45318) to work on /opt/airflow/dags/owd_etl_robusto.py
[2026-03-14T00:02:24.427+0000] {processor.py:830} INFO - Processing file /opt/airflow/dags/owd_etl_robusto.py for tasks to queue
[2026-03-14T00:02:24.429+0000] {logging_mixin.py:188} INFO - [2026-03-14T00:02:24.428+0000] {dagbag.py:538} INFO - Filling up the DagBag from /opt/airflow/dags/owd_etl_robusto.py
[2026-03-14T00:02:25.091+0000] {processor.py:840} INFO - DAG(s) 'owd_etl_robusto' retrieved from /opt/airflow/dags/owd_etl_robusto.py
[2026-03-14T00:02:25.124+0000] {logging_mixin.py:188} INFO - [2026-03-14T00:02:25.124+0000] {dag.py:3036} INFO - Sync 1 DAGs
[2026-03-14T00:02:25.157+0000] {logging_mixin.py:188} INFO - [2026-03-14T00:02:25.156+0000] {dag.py:3823} INFO - Setting next_dagrun for owd_etl_robusto to 2026-03-13 23:00:00+00:00, run_after=2026-03-14 00:00:00+00:00
[2026-03-14T00:02:25.215+0000] {processor.py:183} INFO - Processing /opt/airflow/dags/owd_etl_robusto.py took 0.797 seconds
[2026-03-14T00:02:55.642+0000] {processor.py:161} INFO - Started process (PID=45353) to work on /opt/airflow/dags/owd_etl_robusto.py
[2026-03-14T00:02:55.643+0000] {processor.py:830} INFO - Processing file /opt/airflow/dags/owd_etl_robusto.py for tasks to queue
[2026-03-14T00:02:55.645+0000] {logging_mixin.py:188} INFO - [2026-03-14T00:02:55.644+0000] {dagbag.py:538} INFO - Filling up the DagBag from /opt/airflow/dags/owd_etl_robusto.py
[2026-03-14T00:02:56.339+0000] {processor.py:840} INFO - DAG(s) 'owd_etl_robusto' retrieved from /opt/airflow/dags/owd_etl_robusto.py
[2026-03-14T00:02:56.374+0000] {logging_mixin.py:188} INFO - [2026-03-14T00:02:56.373+0000] {dag.py:3036} INFO - Sync 1 DAGs
[2026-03-14T00:02:56.416+0000] {logging_mixin.py:188} INFO - [2026-03-14T00:02:56.415+0000] {dag.py:3823} INFO - Setting next_dagrun for owd_etl_robusto to 2026-03-13 23:00:00+00:00, run_after=2026-03-14 00:00:00+00:00
[2026-03-14T00:02:56.476+0000] {processor.py:183} INFO - Processing /opt/airflow/dags/owd_etl_robusto.py took 0.840 seconds
[2026-03-14T00:03:26.840+0000] {processor.py:161} INFO - Started process (PID=45388) to work on /opt/airflow/dags/owd_etl_robusto.py
[2026-03-14T00:03:26.842+0000] {processor.py:830} INFO - Processing file /opt/airflow/dags/owd_etl_robusto.py for tasks to queue
[2026-03-14T00:03:26.844+0000] {logging_mixin.py:188} INFO - [2026-03-14T00:03:26.843+0000] {dagbag.py:538} INFO - Filling up the DagBag from /opt/airflow/dags/owd_etl_robusto.py
[2026-03-14T00:03:27.574+0000] {processor.py:840} INFO - DAG(s) 'owd_etl_robusto' retrieved from /opt/airflow/dags/owd_etl_robusto.py
[2026-03-14T00:03:27.611+0000] {logging_mixin.py:188} INFO - [2026-03-14T00:03:27.610+0000] {dag.py:3036} INFO - Sync 1 DAGs
[2026-03-14T00:03:27.645+0000] {logging_mixin.py:188} INFO - [2026-03-14T00:03:27.644+0000] {dag.py:3823} INFO - Setting next_dagrun for owd_etl_robusto to 2026-03-13 23:00:00+00:00, run_after=2026-03-14 00:00:00+00:00
[2026-03-14T00:03:27.713+0000] {processor.py:183} INFO - Processing /opt/airflow/dags/owd_etl_robusto.py took 0.879 seconds
[2026-03-14T00:03:58.504+0000] {processor.py:161} INFO - Started process (PID=45423) to work on /opt/airflow/dags/owd_etl_robusto.py
[2026-03-14T00:03:58.506+0000] {processor.py:830} INFO - Processing file /opt/airflow/dags/owd_etl_robusto.py for tasks to queue
[2026-03-14T00:03:58.507+0000] {logging_mixin.py:188} INFO - [2026-03-14T00:03:58.507+0000] {dagbag.py:538} INFO - Filling up the DagBag from /opt/airflow/dags/owd_etl_robusto.py
[2026-03-14T00:03:59.334+0000] {processor.py:840} INFO - DAG(s) 'owd_etl_robusto' retrieved from /opt/airflow/dags/owd_etl_robusto.py
[2026-03-14T00:03:59.387+0000] {logging_mixin.py:188} INFO - [2026-03-14T00:03:59.386+0000] {dag.py:3036} INFO - Sync 1 DAGs
[2026-03-14T00:03:59.435+0000] {logging_mixin.py:188} INFO - [2026-03-14T00:03:59.435+0000] {dag.py:3823} INFO - Setting next_dagrun for owd_etl_robusto to 2026-03-13 23:00:00+00:00, run_after=2026-03-14 00:00:00+00:00
[2026-03-14T00:03:59.503+0000] {processor.py:183} INFO - Processing /opt/airflow/dags/owd_etl_robusto.py took 1.008 seconds
[2026-03-14T00:04:30.225+0000] {processor.py:161} INFO - Started process (PID=45458) to work on /opt/airflow/dags/owd_etl_robusto.py
[2026-03-14T00:04:30.227+0000] {processor.py:830} INFO - Processing file /opt/airflow/dags/owd_etl_robusto.py for tasks to queue
[2026-03-14T00:04:30.229+0000] {logging_mixin.py:188} INFO - [2026-03-14T00:04:30.228+0000] {dagbag.py:538} INFO - Filling up the DagBag from /opt/airflow/dags/owd_etl_robusto.py
[2026-03-14T00:04:30.880+0000] {processor.py:840} INFO - DAG(s) 'owd_etl_robusto' retrieved from /opt/airflow/dags/owd_etl_robusto.py
[2026-03-14T00:04:30.914+0000] {logging_mixin.py:188} INFO - [2026-03-14T00:04:30.913+0000] {dag.py:3036} INFO - Sync 1 DAGs
[2026-03-14T00:04:30.954+0000] {logging_mixin.py:188} INFO - [2026-03-14T00:04:30.953+0000] {dag.py:3823} INFO - Setting next_dagrun for owd_etl_robusto to 2026-03-13 23:00:00+00:00, run_after=2026-03-14 00:00:00+00:00
[2026-03-14T00:04:31.004+0000] {processor.py:183} INFO - Processing /opt/airflow/dags/owd_etl_robusto.py took 0.783 seconds
[2026-03-14T00:05:02.180+0000] {processor.py:161} INFO - Started process (PID=45493) to work on /opt/airflow/dags/owd_etl_robusto.py
[2026-03-14T00:05:02.201+0000] {processor.py:830} INFO - Processing file /opt/airflow/dags/owd_etl_robusto.py for tasks to queue
[2026-03-14T00:05:02.219+0000] {logging_mixin.py:188} INFO - [2026-03-14T00:05:02.217+0000] {dagbag.py:538} INFO - Filling up the DagBag from /opt/airflow/dags/owd_etl_robusto.py
[2026-03-14T00:05:03.659+0000] {processor.py:840} INFO - DAG(s) 'owd_etl_robusto' retrieved from /opt/airflow/dags/owd_etl_robusto.py
[2026-03-14T00:05:03.775+0000] {logging_mixin.py:188} INFO - [2026-03-14T00:05:03.774+0000] {dag.py:3036} INFO - Sync 1 DAGs
[2026-03-14T00:05:03.946+0000] {logging_mixin.py:188} INFO - [2026-03-14T00:05:03.945+0000] {dag.py:3823} INFO - Setting next_dagrun for owd_etl_robusto to 2026-03-13 23:00:00+00:00, run_after=2026-03-14 00:00:00+00:00
[2026-03-14T00:05:04.125+0000] {processor.py:183} INFO - Processing /opt/airflow/dags/owd_etl_robusto.py took 1.977 seconds
[2026-03-14T00:05:34.705+0000] {processor.py:161} INFO - Started process (PID=45528) to work on /opt/airflow/dags/owd_etl_robusto.py
[2026-03-14T00:05:34.709+0000] {processor.py:830} INFO - Processing file /opt/airflow/dags/owd_etl_robusto.py for tasks to queue
[2026-03-14T00:05:34.713+0000] {logging_mixin.py:188} INFO - [2026-03-14T00:05:34.712+0000] {dagbag.py:538} INFO - Filling up the DagBag from /opt/airflow/dags/owd_etl_robusto.py
[2026-03-14T00:05:35.713+0000] {processor.py:840} INFO - DAG(s) 'owd_etl_robusto' retrieved from /opt/airflow/dags/owd_etl_robusto.py
[2026-03-14T00:05:35.749+0000] {logging_mixin.py:188} INFO - [2026-03-14T00:05:35.749+0000] {dag.py:3036} INFO - Sync 1 DAGs
[2026-03-14T00:05:35.796+0000] {logging_mixin.py:188} INFO - [2026-03-14T00:05:35.795+0000] {dag.py:3823} INFO - Setting next_dagrun for owd_etl_robusto to 2026-03-13 23:00:00+00:00, run_after=2026-03-14 00:00:00+00:00
[2026-03-14T00:05:35.864+0000] {processor.py:183} INFO - Processing /opt/airflow/dags/owd_etl_robusto.py took 1.165 seconds
[2026-03-14T00:06:06.485+0000] {processor.py:161} INFO - Started process (PID=45563) to work on /opt/airflow/dags/owd_etl_robusto.py
[2026-03-14T00:06:06.487+0000] {processor.py:830} INFO - Processing file /opt/airflow/dags/owd_etl_robusto.py for tasks to queue
[2026-03-14T00:06:06.489+0000] {logging_mixin.py:188} INFO - [2026-03-14T00:06:06.489+0000] {dagbag.py:538} INFO - Filling up the DagBag from /opt/airflow/dags/owd_etl_robusto.py
[2026-03-14T00:06:07.428+0000] {processor.py:840} INFO - DAG(s) 'owd_etl_robusto' retrieved from /opt/airflow/dags/owd_etl_robusto.py
[2026-03-14T00:06:07.465+0000] {logging_mixin.py:188} INFO - [2026-03-14T00:06:07.465+0000] {dag.py:3036} INFO - Sync 1 DAGs
[2026-03-14T00:06:07.501+0000] {logging_mixin.py:188} INFO - [2026-03-14T00:06:07.501+0000] {dag.py:3823} INFO - Setting next_dagrun for owd_etl_robusto to 2026-03-13 23:00:00+00:00, run_after=2026-03-14 00:00:00+00:00
[2026-03-14T00:06:07.539+0000] {processor.py:183} INFO - Processing /opt/airflow/dags/owd_etl_robusto.py took 1.059 seconds
[2026-03-14T00:06:37.951+0000] {processor.py:161} INFO - Started process (PID=45598) to work on /opt/airflow/dags/owd_etl_robusto.py
[2026-03-14T00:06:37.954+0000] {processor.py:830} INFO - Processing file /opt/airflow/dags/owd_etl_robusto.py for tasks to queue
[2026-03-14T00:06:37.956+0000] {logging_mixin.py:188} INFO - [2026-03-14T00:06:37.956+0000] {dagbag.py:538} INFO - Filling up the DagBag from /opt/airflow/dags/owd_etl_robusto.py
[2026-03-14T00:06:38.725+0000] {processor.py:840} INFO - DAG(s) 'owd_etl_robusto' retrieved from /opt/airflow/dags/owd_etl_robusto.py
[2026-03-14T00:06:38.775+0000] {logging_mixin.py:188} INFO - [2026-03-14T00:06:38.774+0000] {dag.py:3036} INFO - Sync 1 DAGs
[2026-03-14T00:06:38.817+0000] {logging_mixin.py:188} INFO - [2026-03-14T00:06:38.816+0000] {dag.py:3823} INFO - Setting next_dagrun for owd_etl_robusto to 2026-03-13 23:00:00+00:00, run_after=2026-03-14 00:00:00+00:00
[2026-03-14T00:06:38.848+0000] {processor.py:183} INFO - Processing /opt/airflow/dags/owd_etl_robusto.py took 0.904 seconds
[2026-03-14T00:07:09.158+0000] {processor.py:161} INFO - Started process (PID=45633) to work on /opt/airflow/dags/owd_etl_robusto.py
[2026-03-14T00:07:09.162+0000] {processor.py:830} INFO - Processing file /opt/airflow/dags/owd_etl_robusto.py for tasks to queue
[2026-03-14T00:07:09.165+0000] {logging_mixin.py:188} INFO - [2026-03-14T00:07:09.164+0000] {dagbag.py:538} INFO - Filling up the DagBag from /opt/airflow/dags/owd_etl_robusto.py
[2026-03-14T00:07:09.914+0000] {processor.py:840} INFO - DAG(s) 'owd_etl_robusto' retrieved from /opt/airflow/dags/owd_etl_robusto.py
[2026-03-14T00:07:09.971+0000] {logging_mixin.py:188} INFO - [2026-03-14T00:07:09.970+0000] {dag.py:3036} INFO - Sync 1 DAGs
[2026-03-14T00:07:10.059+0000] {logging_mixin.py:188} INFO - [2026-03-14T00:07:10.058+0000] {dag.py:3823} INFO - Setting next_dagrun for owd_etl_robusto to 2026-03-13 23:00:00+00:00, run_after=2026-03-14 00:00:00+00:00
[2026-03-14T00:07:10.126+0000] {processor.py:183} INFO - Processing /opt/airflow/dags/owd_etl_robusto.py took 0.977 seconds
[2026-03-14T00:07:40.699+0000] {processor.py:161} INFO - Started process (PID=45668) to work on /opt/airflow/dags/owd_etl_robusto.py
[2026-03-14T00:07:40.701+0000] {processor.py:830} INFO - Processing file /opt/airflow/dags/owd_etl_robusto.py for tasks to queue
[2026-03-14T00:07:40.703+0000] {logging_mixin.py:188} INFO - [2026-03-14T00:07:40.702+0000] {dagbag.py:538} INFO - Filling up the DagBag from /opt/airflow/dags/owd_etl_robusto.py
[2026-03-14T00:07:41.555+0000] {processor.py:840} INFO - DAG(s) 'owd_etl_robusto' retrieved from /opt/airflow/dags/owd_etl_robusto.py
[2026-03-14T00:07:41.591+0000] {logging_mixin.py:188} INFO - [2026-03-14T00:07:41.590+0000] {dag.py:3036} INFO - Sync 1 DAGs
[2026-03-14T00:07:41.622+0000] {logging_mixin.py:188} INFO - [2026-03-14T00:07:41.621+0000] {dag.py:3823} INFO - Setting next_dagrun for owd_etl_robusto to 2026-03-13 23:00:00+00:00, run_after=2026-03-14 00:00:00+00:00
[2026-03-14T00:07:41.683+0000] {processor.py:183} INFO - Processing /opt/airflow/dags/owd_etl_robusto.py took 0.992 seconds
[2026-03-14T00:08:11.970+0000] {processor.py:161} INFO - Started process (PID=45703) to work on /opt/airflow/dags/owd_etl_robusto.py
[2026-03-14T00:08:11.973+0000] {processor.py:830} INFO - Processing file /opt/airflow/dags/owd_etl_robusto.py for tasks to queue
[2026-03-14T00:08:11.976+0000] {logging_mixin.py:188} INFO - [2026-03-14T00:08:11.974+0000] {dagbag.py:538} INFO - Filling up the DagBag from /opt/airflow/dags/owd_etl_robusto.py
[2026-03-14T00:08:12.665+0000] {processor.py:840} INFO - DAG(s) 'owd_etl_robusto' retrieved from /opt/airflow/dags/owd_etl_robusto.py
[2026-03-14T00:08:12.698+0000] {logging_mixin.py:188} INFO - [2026-03-14T00:08:12.698+0000] {dag.py:3036} INFO - Sync 1 DAGs
[2026-03-14T00:08:12.728+0000] {logging_mixin.py:188} INFO - [2026-03-14T00:08:12.728+0000] {dag.py:3823} INFO - Setting next_dagrun for owd_etl_robusto to 2026-03-13 23:00:00+00:00, run_after=2026-03-14 00:00:00+00:00
[2026-03-14T00:08:12.786+0000] {processor.py:183} INFO - Processing /opt/airflow/dags/owd_etl_robusto.py took 0.824 seconds
[2026-03-14T00:08:43.046+0000] {processor.py:161} INFO - Started process (PID=45738) to work on /opt/airflow/dags/owd_etl_robusto.py
[2026-03-14T00:08:43.048+0000] {processor.py:830} INFO - Processing file /opt/airflow/dags/owd_etl_robusto.py for tasks to queue
[2026-03-14T00:08:43.050+0000] {logging_mixin.py:188} INFO - [2026-03-14T00:08:43.049+0000] {dagbag.py:538} INFO - Filling up the DagBag from /opt/airflow/dags/owd_etl_robusto.py
[2026-03-14T00:08:44.111+0000] {processor.py:840} INFO - DAG(s) 'owd_etl_robusto' retrieved from /opt/airflow/dags/owd_etl_robusto.py
[2026-03-14T00:08:44.172+0000] {logging_mixin.py:188} INFO - [2026-03-14T00:08:44.172+0000] {dag.py:3036} INFO - Sync 1 DAGs
[2026-03-14T00:08:44.250+0000] {logging_mixin.py:188} INFO - [2026-03-14T00:08:44.249+0000] {dag.py:3823} INFO - Setting next_dagrun for owd_etl_robusto to 2026-03-13 23:00:00+00:00, run_after=2026-03-14 00:00:00+00:00
[2026-03-14T00:08:44.386+0000] {processor.py:183} INFO - Processing /opt/airflow/dags/owd_etl_robusto.py took 1.349 seconds
[2026-03-14T00:09:14.663+0000] {processor.py:161} INFO - Started process (PID=45773) to work on /opt/airflow/dags/owd_etl_robusto.py
[2026-03-14T00:09:14.665+0000] {processor.py:830} INFO - Processing file /opt/airflow/dags/owd_etl_robusto.py for tasks to queue
[2026-03-14T00:09:14.668+0000] {logging_mixin.py:188} INFO - [2026-03-14T00:09:14.667+0000] {dagbag.py:538} INFO - Filling up the DagBag from /opt/airflow/dags/owd_etl_robusto.py
[2026-03-14T00:09:15.405+0000] {processor.py:840} INFO - DAG(s) 'owd_etl_robusto' retrieved from /opt/airflow/dags/owd_etl_robusto.py
[2026-03-14T00:09:15.446+0000] {logging_mixin.py:188} INFO - [2026-03-14T00:09:15.445+0000] {dag.py:3036} INFO - Sync 1 DAGs
[2026-03-14T00:09:15.481+0000] {logging_mixin.py:188} INFO - [2026-03-14T00:09:15.481+0000] {dag.py:3823} INFO - Setting next_dagrun for owd_etl_robusto to 2026-03-13 23:00:00+00:00, run_after=2026-03-14 00:00:00+00:00
[2026-03-14T00:09:15.516+0000] {processor.py:183} INFO - Processing /opt/airflow/dags/owd_etl_robusto.py took 0.859 seconds
[2026-03-14T00:09:45.830+0000] {processor.py:161} INFO - Started process (PID=45808) to work on /opt/airflow/dags/owd_etl_robusto.py
[2026-03-14T00:09:45.833+0000] {processor.py:830} INFO - Processing file /opt/airflow/dags/owd_etl_robusto.py for tasks to queue
[2026-03-14T00:09:45.835+0000] {logging_mixin.py:188} INFO - [2026-03-14T00:09:45.834+0000] {dagbag.py:538} INFO - Filling up the DagBag from /opt/airflow/dags/owd_etl_robusto.py
[2026-03-14T00:09:46.599+0000] {processor.py:840} INFO - DAG(s) 'owd_etl_robusto' retrieved from /opt/airflow/dags/owd_etl_robusto.py
[2026-03-14T00:09:46.631+0000] {logging_mixin.py:188} INFO - [2026-03-14T00:09:46.630+0000] {dag.py:3036} INFO - Sync 1 DAGs
[2026-03-14T00:09:46.661+0000] {logging_mixin.py:188} INFO - [2026-03-14T00:09:46.661+0000] {dag.py:3823} INFO - Setting next_dagrun for owd_etl_robusto to 2026-03-13 23:00:00+00:00, run_after=2026-03-14 00:00:00+00:00
[2026-03-14T00:09:46.695+0000] {processor.py:183} INFO - Processing /opt/airflow/dags/owd_etl_robusto.py took 0.872 seconds
[2026-03-14T00:10:17.184+0000] {processor.py:161} INFO - Started process (PID=45843) to work on /opt/airflow/dags/owd_etl_robusto.py
[2026-03-14T00:10:17.197+0000] {processor.py:830} INFO - Processing file /opt/airflow/dags/owd_etl_robusto.py for tasks to queue
[2026-03-14T00:10:17.201+0000] {logging_mixin.py:188} INFO - [2026-03-14T00:10:17.200+0000] {dagbag.py:538} INFO - Filling up the DagBag from /opt/airflow/dags/owd_etl_robusto.py
[2026-03-14T00:10:18.332+0000] {processor.py:840} INFO - DAG(s) 'owd_etl_robusto' retrieved from /opt/airflow/dags/owd_etl_robusto.py
[2026-03-14T00:10:18.369+0000] {logging_mixin.py:188} INFO - [2026-03-14T00:10:18.368+0000] {dag.py:3036} INFO - Sync 1 DAGs
[2026-03-14T00:10:18.416+0000] {logging_mixin.py:188} INFO - [2026-03-14T00:10:18.416+0000] {dag.py:3823} INFO - Setting next_dagrun for owd_etl_robusto to 2026-03-13 23:00:00+00:00, run_after=2026-03-14 00:00:00+00:00
[2026-03-14T00:10:18.459+0000] {processor.py:183} INFO - Processing /opt/airflow/dags/owd_etl_robusto.py took 1.295 seconds
[2026-03-14T00:10:48.680+0000] {processor.py:161} INFO - Started process (PID=45878) to work on /opt/airflow/dags/owd_etl_robusto.py
[2026-03-14T00:10:48.682+0000] {processor.py:830} INFO - Processing file /opt/airflow/dags/owd_etl_robusto.py for tasks to queue
[2026-03-14T00:10:48.684+0000] {logging_mixin.py:188} INFO - [2026-03-14T00:10:48.684+0000] {dagbag.py:538} INFO - Filling up the DagBag from /opt/airflow/dags/owd_etl_robusto.py
[2026-03-14T00:10:49.969+0000] {processor.py:840} INFO - DAG(s) 'owd_etl_robusto' retrieved from /opt/airflow/dags/owd_etl_robusto.py
[2026-03-14T00:10:50.014+0000] {logging_mixin.py:188} INFO - [2026-03-14T00:10:50.013+0000] {dag.py:3036} INFO - Sync 1 DAGs
[2026-03-14T00:10:50.063+0000] {logging_mixin.py:188} INFO - [2026-03-14T00:10:50.062+0000] {dag.py:3823} INFO - Setting next_dagrun for owd_etl_robusto to 2026-03-13 23:00:00+00:00, run_after=2026-03-14 00:00:00+00:00
[2026-03-14T00:10:50.113+0000] {processor.py:183} INFO - Processing /opt/airflow/dags/owd_etl_robusto.py took 1.443 seconds
[2026-03-14T00:11:20.853+0000] {processor.py:161} INFO - Started process (PID=45913) to work on /opt/airflow/dags/owd_etl_robusto.py
[2026-03-14T00:11:20.855+0000] {processor.py:830} INFO - Processing file /opt/airflow/dags/owd_etl_robusto.py for tasks to queue
[2026-03-14T00:11:20.856+0000] {logging_mixin.py:188} INFO - [2026-03-14T00:11:20.856+0000] {dagbag.py:538} INFO - Filling up the DagBag from /opt/airflow/dags/owd_etl_robusto.py
[2026-03-14T00:11:21.624+0000] {processor.py:840} INFO - DAG(s) 'owd_etl_robusto' retrieved from /opt/airflow/dags/owd_etl_robusto.py
[2026-03-14T00:11:21.692+0000] {logging_mixin.py:188} INFO - [2026-03-14T00:11:21.691+0000] {dag.py:3036} INFO - Sync 1 DAGs
[2026-03-14T00:11:21.776+0000] {logging_mixin.py:188} INFO - [2026-03-14T00:11:21.776+0000] {dag.py:3823} INFO - Setting next_dagrun for owd_etl_robusto to 2026-03-13 23:00:00+00:00, run_after=2026-03-14 00:00:00+00:00
[2026-03-14T00:11:21.823+0000] {processor.py:183} INFO - Processing /opt/airflow/dags/owd_etl_robusto.py took 0.976 seconds
[2026-03-14T00:11:52.027+0000] {processor.py:161} INFO - Started process (PID=45948) to work on /opt/airflow/dags/owd_etl_robusto.py
[2026-03-14T00:11:52.030+0000] {processor.py:830} INFO - Processing file /opt/airflow/dags/owd_etl_robusto.py for tasks to queue
[2026-03-14T00:11:52.033+0000] {logging_mixin.py:188} INFO - [2026-03-14T00:11:52.032+0000] {dagbag.py:538} INFO - Filling up the DagBag from /opt/airflow/dags/owd_etl_robusto.py
[2026-03-14T00:11:53.027+0000] {processor.py:840} INFO - DAG(s) 'owd_etl_robusto' retrieved from /opt/airflow/dags/owd_etl_robusto.py
[2026-03-14T00:11:53.115+0000] {logging_mixin.py:188} INFO - [2026-03-14T00:11:53.114+0000] {dag.py:3036} INFO - Sync 1 DAGs
[2026-03-14T00:11:53.167+0000] {logging_mixin.py:188} INFO - [2026-03-14T00:11:53.167+0000] {dag.py:3823} INFO - Setting next_dagrun for owd_etl_robusto to 2026-03-13 23:00:00+00:00, run_after=2026-03-14 00:00:00+00:00
[2026-03-14T00:11:53.202+0000] {processor.py:183} INFO - Processing /opt/airflow/dags/owd_etl_robusto.py took 1.186 seconds
[2026-03-14T00:12:23.487+0000] {processor.py:161} INFO - Started process (PID=45983) to work on /opt/airflow/dags/owd_etl_robusto.py
[2026-03-14T00:12:23.489+0000] {processor.py:830} INFO - Processing file /opt/airflow/dags/owd_etl_robusto.py for tasks to queue
[2026-03-14T00:12:23.491+0000] {logging_mixin.py:188} INFO - [2026-03-14T00:12:23.490+0000] {dagbag.py:538} INFO - Filling up the DagBag from /opt/airflow/dags/owd_etl_robusto.py
[2026-03-14T00:12:24.566+0000] {processor.py:840} INFO - DAG(s) 'owd_etl_robusto' retrieved from /opt/airflow/dags/owd_etl_robusto.py
[2026-03-14T00:12:24.670+0000] {logging_mixin.py:188} INFO - [2026-03-14T00:12:24.670+0000] {dag.py:3036} INFO - Sync 1 DAGs
[2026-03-14T00:12:24.734+0000] {logging_mixin.py:188} INFO - [2026-03-14T00:12:24.734+0000] {dag.py:3823} INFO - Setting next_dagrun for owd_etl_robusto to 2026-03-13 23:00:00+00:00, run_after=2026-03-14 00:00:00+00:00
[2026-03-14T00:12:24.861+0000] {processor.py:183} INFO - Processing /opt/airflow/dags/owd_etl_robusto.py took 1.381 seconds
[2026-03-14T00:12:55.799+0000] {processor.py:161} INFO - Started process (PID=46018) to work on /opt/airflow/dags/owd_etl_robusto.py
[2026-03-14T00:12:55.817+0000] {processor.py:830} INFO - Processing file /opt/airflow/dags/owd_etl_robusto.py for tasks to queue
[2026-03-14T00:12:55.822+0000] {logging_mixin.py:188} INFO - [2026-03-14T00:12:55.820+0000] {dagbag.py:538} INFO - Filling up the DagBag from /opt/airflow/dags/owd_etl_robusto.py
[2026-03-14T00:12:57.196+0000] {processor.py:840} INFO - DAG(s) 'owd_etl_robusto' retrieved from /opt/airflow/dags/owd_etl_robusto.py
[2026-03-14T00:12:57.296+0000] {logging_mixin.py:188} INFO - [2026-03-14T00:12:57.295+0000] {dag.py:3036} INFO - Sync 1 DAGs
[2026-03-14T00:12:57.405+0000] {logging_mixin.py:188} INFO - [2026-03-14T00:12:57.405+0000] {dag.py:3823} INFO - Setting next_dagrun for owd_etl_robusto to 2026-03-13 23:00:00+00:00, run_after=2026-03-14 00:00:00+00:00
[2026-03-14T00:12:57.480+0000] {processor.py:183} INFO - Processing /opt/airflow/dags/owd_etl_robusto.py took 1.705 seconds
[2026-03-14T00:13:28.077+0000] {processor.py:161} INFO - Started process (PID=46053) to work on /opt/airflow/dags/owd_etl_robusto.py
[2026-03-14T00:13:28.080+0000] {processor.py:830} INFO - Processing file /opt/airflow/dags/owd_etl_robusto.py for tasks to queue
[2026-03-14T00:13:28.081+0000] {logging_mixin.py:188} INFO - [2026-03-14T00:13:28.081+0000] {dagbag.py:538} INFO - Filling up the DagBag from /opt/airflow/dags/owd_etl_robusto.py
[2026-03-14T00:13:28.786+0000] {processor.py:840} INFO - DAG(s) 'owd_etl_robusto' retrieved from /opt/airflow/dags/owd_etl_robusto.py
[2026-03-14T00:13:28.822+0000] {logging_mixin.py:188} INFO - [2026-03-14T00:13:28.822+0000] {dag.py:3036} INFO - Sync 1 DAGs
[2026-03-14T00:13:28.863+0000] {logging_mixin.py:188} INFO - [2026-03-14T00:13:28.863+0000] {dag.py:3823} INFO - Setting next_dagrun for owd_etl_robusto to 2026-03-13 23:00:00+00:00, run_after=2026-03-14 00:00:00+00:00
[2026-03-14T00:13:28.938+0000] {processor.py:183} INFO - Processing /opt/airflow/dags/owd_etl_robusto.py took 0.868 seconds
[2026-03-14T00:13:59.533+0000] {processor.py:161} INFO - Started process (PID=46088) to work on /opt/airflow/dags/owd_etl_robusto.py
[2026-03-14T00:13:59.535+0000] {processor.py:830} INFO - Processing file /opt/airflow/dags/owd_etl_robusto.py for tasks to queue
[2026-03-14T00:13:59.539+0000] {logging_mixin.py:188} INFO - [2026-03-14T00:13:59.537+0000] {dagbag.py:538} INFO - Filling up the DagBag from /opt/airflow/dags/owd_etl_robusto.py
[2026-03-14T00:14:01.486+0000] {processor.py:840} INFO - DAG(s) 'owd_etl_robusto' retrieved from /opt/airflow/dags/owd_etl_robusto.py
[2026-03-14T00:14:01.708+0000] {logging_mixin.py:188} INFO - [2026-03-14T00:14:01.705+0000] {dag.py:3036} INFO - Sync 1 DAGs
[2026-03-14T00:14:01.964+0000] {logging_mixin.py:188} INFO - [2026-03-14T00:14:01.961+0000] {dag.py:3823} INFO - Setting next_dagrun for owd_etl_robusto to 2026-03-13 23:00:00+00:00, run_after=2026-03-14 00:00:00+00:00
[2026-03-14T00:14:02.080+0000] {processor.py:183} INFO - Processing /opt/airflow/dags/owd_etl_robusto.py took 2.554 seconds
[2026-03-14T00:14:32.362+0000] {processor.py:161} INFO - Started process (PID=46123) to work on /opt/airflow/dags/owd_etl_robusto.py
[2026-03-14T00:14:32.366+0000] {processor.py:830} INFO - Processing file /opt/airflow/dags/owd_etl_robusto.py for tasks to queue
[2026-03-14T00:14:32.370+0000] {logging_mixin.py:188} INFO - [2026-03-14T00:14:32.368+0000] {dagbag.py:538} INFO - Filling up the DagBag from /opt/airflow/dags/owd_etl_robusto.py
[2026-03-14T00:14:33.211+0000] {processor.py:840} INFO - DAG(s) 'owd_etl_robusto' retrieved from /opt/airflow/dags/owd_etl_robusto.py
[2026-03-14T00:14:33.261+0000] {logging_mixin.py:188} INFO - [2026-03-14T00:14:33.259+0000] {dag.py:3036} INFO - Sync 1 DAGs
[2026-03-14T00:14:33.310+0000] {logging_mixin.py:188} INFO - [2026-03-14T00:14:33.309+0000] {dag.py:3823} INFO - Setting next_dagrun for owd_etl_robusto to 2026-03-13 23:00:00+00:00, run_after=2026-03-14 00:00:00+00:00
[2026-03-14T00:14:33.376+0000] {processor.py:183} INFO - Processing /opt/airflow/dags/owd_etl_robusto.py took 1.023 seconds
[2026-03-14T00:15:03.782+0000] {processor.py:161} INFO - Started process (PID=46158) to work on /opt/airflow/dags/owd_etl_robusto.py
[2026-03-14T00:15:03.785+0000] {processor.py:830} INFO - Processing file /opt/airflow/dags/owd_etl_robusto.py for tasks to queue
[2026-03-14T00:15:03.791+0000] {logging_mixin.py:188} INFO - [2026-03-14T00:15:03.791+0000] {dagbag.py:538} INFO - Filling up the DagBag from /opt/airflow/dags/owd_etl_robusto.py
[2026-03-14T00:15:05.320+0000] {processor.py:840} INFO - DAG(s) 'owd_etl_robusto' retrieved from /opt/airflow/dags/owd_etl_robusto.py
[2026-03-14T00:15:05.366+0000] {logging_mixin.py:188} INFO - [2026-03-14T00:15:05.365+0000] {dag.py:3036} INFO - Sync 1 DAGs
[2026-03-14T00:15:05.449+0000] {logging_mixin.py:188} INFO - [2026-03-14T00:15:05.448+0000] {dag.py:3823} INFO - Setting next_dagrun for owd_etl_robusto to 2026-03-13 23:00:00+00:00, run_after=2026-03-14 00:00:00+00:00
[2026-03-14T00:15:05.518+0000] {processor.py:183} INFO - Processing /opt/airflow/dags/owd_etl_robusto.py took 1.756 seconds
[2026-03-14T00:15:36.059+0000] {processor.py:161} INFO - Started process (PID=46193) to work on /opt/airflow/dags/owd_etl_robusto.py
[2026-03-14T00:15:36.061+0000] {processor.py:830} INFO - Processing file /opt/airflow/dags/owd_etl_robusto.py for tasks to queue
[2026-03-14T00:15:36.064+0000] {logging_mixin.py:188} INFO - [2026-03-14T00:15:36.063+0000] {dagbag.py:538} INFO - Filling up the DagBag from /opt/airflow/dags/owd_etl_robusto.py
[2026-03-14T00:15:37.418+0000] {processor.py:840} INFO - DAG(s) 'owd_etl_robusto' retrieved from /opt/airflow/dags/owd_etl_robusto.py
[2026-03-14T00:15:37.465+0000] {logging_mixin.py:188} INFO - [2026-03-14T00:15:37.465+0000] {dag.py:3036} INFO - Sync 1 DAGs
[2026-03-14T00:15:37.513+0000] {logging_mixin.py:188} INFO - [2026-03-14T00:15:37.513+0000] {dag.py:3823} INFO - Setting next_dagrun for owd_etl_robusto to 2026-03-13 23:00:00+00:00, run_after=2026-03-14 00:00:00+00:00
[2026-03-14T00:15:37.607+0000] {processor.py:183} INFO - Processing /opt/airflow/dags/owd_etl_robusto.py took 1.562 seconds
[2026-03-14T00:16:07.887+0000] {processor.py:161} INFO - Started process (PID=46228) to work on /opt/airflow/dags/owd_etl_robusto.py
[2026-03-14T00:16:07.889+0000] {processor.py:830} INFO - Processing file /opt/airflow/dags/owd_etl_robusto.py for tasks to queue
[2026-03-14T00:16:07.892+0000] {logging_mixin.py:188} INFO - [2026-03-14T00:16:07.891+0000] {dagbag.py:538} INFO - Filling up the DagBag from /opt/airflow/dags/owd_etl_robusto.py
[2026-03-14T00:16:08.740+0000] {processor.py:840} INFO - DAG(s) 'owd_etl_robusto' retrieved from /opt/airflow/dags/owd_etl_robusto.py
[2026-03-14T00:16:08.779+0000] {logging_mixin.py:188} INFO - [2026-03-14T00:16:08.778+0000] {dag.py:3036} INFO - Sync 1 DAGs
[2026-03-14T00:16:08.844+0000] {logging_mixin.py:188} INFO - [2026-03-14T00:16:08.844+0000] {dag.py:3823} INFO - Setting next_dagrun for owd_etl_robusto to 2026-03-13 23:00:00+00:00, run_after=2026-03-14 00:00:00+00:00
[2026-03-14T00:16:08.907+0000] {processor.py:183} INFO - Processing /opt/airflow/dags/owd_etl_robusto.py took 1.033 seconds
[2026-03-14T00:16:39.604+0000] {processor.py:161} INFO - Started process (PID=46263) to work on /opt/airflow/dags/owd_etl_robusto.py
[2026-03-14T00:16:39.607+0000] {processor.py:830} INFO - Processing file /opt/airflow/dags/owd_etl_robusto.py for tasks to queue
[2026-03-14T00:16:39.609+0000] {logging_mixin.py:188} INFO - [2026-03-14T00:16:39.608+0000] {dagbag.py:538} INFO - Filling up the DagBag from /opt/airflow/dags/owd_etl_robusto.py
[2026-03-14T00:16:40.448+0000] {processor.py:840} INFO - DAG(s) 'owd_etl_robusto' retrieved from /opt/airflow/dags/owd_etl_robusto.py
[2026-03-14T00:16:40.483+0000] {logging_mixin.py:188} INFO - [2026-03-14T00:16:40.482+0000] {dag.py:3036} INFO - Sync 1 DAGs
[2026-03-14T00:16:40.526+0000] {logging_mixin.py:188} INFO - [2026-03-14T00:16:40.525+0000] {dag.py:3823} INFO - Setting next_dagrun for owd_etl_robusto to 2026-03-13 23:00:00+00:00, run_after=2026-03-14 00:00:00+00:00
[2026-03-14T00:16:40.589+0000] {processor.py:183} INFO - Processing /opt/airflow/dags/owd_etl_robusto.py took 0.947 seconds
[2026-03-14T00:17:10.804+0000] {processor.py:161} INFO - Started process (PID=46298) to work on /opt/airflow/dags/owd_etl_robusto.py
[2026-03-14T00:17:10.807+0000] {processor.py:830} INFO - Processing file /opt/airflow/dags/owd_etl_robusto.py for tasks to queue
[2026-03-14T00:17:10.812+0000] {logging_mixin.py:188} INFO - [2026-03-14T00:17:10.811+0000] {dagbag.py:538} INFO - Filling up the DagBag from /opt/airflow/dags/owd_etl_robusto.py
[2026-03-14T00:17:11.713+0000] {processor.py:840} INFO - DAG(s) 'owd_etl_robusto' retrieved from /opt/airflow/dags/owd_etl_robusto.py
[2026-03-14T00:17:11.762+0000] {logging_mixin.py:188} INFO - [2026-03-14T00:17:11.762+0000] {dag.py:3036} INFO - Sync 1 DAGs
[2026-03-14T00:17:11.808+0000] {logging_mixin.py:188} INFO - [2026-03-14T00:17:11.807+0000] {dag.py:3823} INFO - Setting next_dagrun for owd_etl_robusto to 2026-03-13 23:00:00+00:00, run_after=2026-03-14 00:00:00+00:00
[2026-03-14T00:17:11.898+0000] {processor.py:183} INFO - Processing /opt/airflow/dags/owd_etl_robusto.py took 1.103 seconds
[2026-03-14T00:17:42.735+0000] {processor.py:161} INFO - Started process (PID=46333) to work on /opt/airflow/dags/owd_etl_robusto.py
[2026-03-14T00:17:42.738+0000] {processor.py:830} INFO - Processing file /opt/airflow/dags/owd_etl_robusto.py for tasks to queue
[2026-03-14T00:17:42.741+0000] {logging_mixin.py:188} INFO - [2026-03-14T00:17:42.740+0000] {dagbag.py:538} INFO - Filling up the DagBag from /opt/airflow/dags/owd_etl_robusto.py
[2026-03-14T00:17:43.434+0000] {processor.py:840} INFO - DAG(s) 'owd_etl_robusto' retrieved from /opt/airflow/dags/owd_etl_robusto.py
[2026-03-14T00:17:43.467+0000] {logging_mixin.py:188} INFO - [2026-03-14T00:17:43.466+0000] {dag.py:3036} INFO - Sync 1 DAGs
[2026-03-14T00:17:43.496+0000] {logging_mixin.py:188} INFO - [2026-03-14T00:17:43.496+0000] {dag.py:3823} INFO - Setting next_dagrun for owd_etl_robusto to 2026-03-13 23:00:00+00:00, run_after=2026-03-14 00:00:00+00:00
[2026-03-14T00:17:43.555+0000] {processor.py:183} INFO - Processing /opt/airflow/dags/owd_etl_robusto.py took 0.828 seconds
[2026-03-14T00:18:14.461+0000] {processor.py:161} INFO - Started process (PID=46368) to work on /opt/airflow/dags/owd_etl_robusto.py
[2026-03-14T00:18:14.464+0000] {processor.py:830} INFO - Processing file /opt/airflow/dags/owd_etl_robusto.py for tasks to queue
[2026-03-14T00:18:14.466+0000] {logging_mixin.py:188} INFO - [2026-03-14T00:18:14.465+0000] {dagbag.py:538} INFO - Filling up the DagBag from /opt/airflow/dags/owd_etl_robusto.py
[2026-03-14T00:18:15.319+0000] {processor.py:840} INFO - DAG(s) 'owd_etl_robusto' retrieved from /opt/airflow/dags/owd_etl_robusto.py
[2026-03-14T00:18:15.357+0000] {logging_mixin.py:188} INFO - [2026-03-14T00:18:15.356+0000] {dag.py:3036} INFO - Sync 1 DAGs
[2026-03-14T00:18:15.388+0000] {logging_mixin.py:188} INFO - [2026-03-14T00:18:15.388+0000] {dag.py:3823} INFO - Setting next_dagrun for owd_etl_robusto to 2026-03-13 23:00:00+00:00, run_after=2026-03-14 00:00:00+00:00
[2026-03-14T00:18:15.459+0000] {processor.py:183} INFO - Processing /opt/airflow/dags/owd_etl_robusto.py took 1.006 seconds
[2026-03-14T00:18:45.597+0000] {processor.py:161} INFO - Started process (PID=46403) to work on /opt/airflow/dags/owd_etl_robusto.py
[2026-03-14T00:18:45.599+0000] {processor.py:830} INFO - Processing file /opt/airflow/dags/owd_etl_robusto.py for tasks to queue
[2026-03-14T00:18:45.600+0000] {logging_mixin.py:188} INFO - [2026-03-14T00:18:45.600+0000] {dagbag.py:538} INFO - Filling up the DagBag from /opt/airflow/dags/owd_etl_robusto.py
[2026-03-14T00:18:46.497+0000] {processor.py:840} INFO - DAG(s) 'owd_etl_robusto' retrieved from /opt/airflow/dags/owd_etl_robusto.py
[2026-03-14T00:18:46.539+0000] {logging_mixin.py:188} INFO - [2026-03-14T00:18:46.539+0000] {dag.py:3036} INFO - Sync 1 DAGs
[2026-03-14T00:18:46.594+0000] {logging_mixin.py:188} INFO - [2026-03-14T00:18:46.593+0000] {dag.py:3823} INFO - Setting next_dagrun for owd_etl_robusto to 2026-03-13 23:00:00+00:00, run_after=2026-03-14 00:00:00+00:00
[2026-03-14T00:18:46.729+0000] {processor.py:183} INFO - Processing /opt/airflow/dags/owd_etl_robusto.py took 1.141 seconds
[2026-03-14T00:19:17.759+0000] {processor.py:161} INFO - Started process (PID=46438) to work on /opt/airflow/dags/owd_etl_robusto.py
[2026-03-14T00:19:17.762+0000] {processor.py:830} INFO - Processing file /opt/airflow/dags/owd_etl_robusto.py for tasks to queue
[2026-03-14T00:19:17.764+0000] {logging_mixin.py:188} INFO - [2026-03-14T00:19:17.763+0000] {dagbag.py:538} INFO - Filling up the DagBag from /opt/airflow/dags/owd_etl_robusto.py
[2026-03-14T00:19:18.477+0000] {processor.py:840} INFO - DAG(s) 'owd_etl_robusto' retrieved from /opt/airflow/dags/owd_etl_robusto.py
[2026-03-14T00:19:18.521+0000] {logging_mixin.py:188} INFO - [2026-03-14T00:19:18.520+0000] {dag.py:3036} INFO - Sync 1 DAGs
[2026-03-14T00:19:18.565+0000] {logging_mixin.py:188} INFO - [2026-03-14T00:19:18.565+0000] {dag.py:3823} INFO - Setting next_dagrun for owd_etl_robusto to 2026-03-13 23:00:00+00:00, run_after=2026-03-14 00:00:00+00:00
[2026-03-14T00:19:18.606+0000] {processor.py:183} INFO - Processing /opt/airflow/dags/owd_etl_robusto.py took 0.858 seconds
[2026-03-14T00:19:48.844+0000] {processor.py:161} INFO - Started process (PID=46473) to work on /opt/airflow/dags/owd_etl_robusto.py
[2026-03-14T00:19:48.847+0000] {processor.py:830} INFO - Processing file /opt/airflow/dags/owd_etl_robusto.py for tasks to queue
[2026-03-14T00:19:48.858+0000] {logging_mixin.py:188} INFO - [2026-03-14T00:19:48.857+0000] {dagbag.py:538} INFO - Filling up the DagBag from /opt/airflow/dags/owd_etl_robusto.py
[2026-03-14T00:19:49.789+0000] {processor.py:840} INFO - DAG(s) 'owd_etl_robusto' retrieved from /opt/airflow/dags/owd_etl_robusto.py
[2026-03-14T00:19:49.840+0000] {logging_mixin.py:188} INFO - [2026-03-14T00:19:49.837+0000] {dag.py:3036} INFO - Sync 1 DAGs
[2026-03-14T00:19:49.905+0000] {logging_mixin.py:188} INFO - [2026-03-14T00:19:49.904+0000] {dag.py:3823} INFO - Setting next_dagrun for owd_etl_robusto to 2026-03-13 23:00:00+00:00, run_after=2026-03-14 00:00:00+00:00
[2026-03-14T00:19:49.970+0000] {processor.py:183} INFO - Processing /opt/airflow/dags/owd_etl_robusto.py took 1.137 seconds
[2026-03-14T00:20:25.840+0000] {processor.py:161} INFO - Started process (PID=46506) to work on /opt/airflow/dags/owd_etl_robusto.py
[2026-03-14T00:20:25.847+0000] {processor.py:830} INFO - Processing file /opt/airflow/dags/owd_etl_robusto.py for tasks to queue
[2026-03-14T00:20:25.868+0000] {logging_mixin.py:188} INFO - [2026-03-14T00:20:25.866+0000] {dagbag.py:538} INFO - Filling up the DagBag from /opt/airflow/dags/owd_etl_robusto.py
[2026-03-14T00:20:29.142+0000] {processor.py:840} INFO - DAG(s) 'owd_etl_robusto' retrieved from /opt/airflow/dags/owd_etl_robusto.py
[2026-03-14T00:20:29.364+0000] {logging_mixin.py:188} INFO - [2026-03-14T00:20:29.360+0000] {dag.py:3036} INFO - Sync 1 DAGs
[2026-03-14T00:20:29.636+0000] {logging_mixin.py:188} INFO - [2026-03-14T00:20:29.635+0000] {dag.py:3823} INFO - Setting next_dagrun for owd_etl_robusto to 2026-03-13 23:00:00+00:00, run_after=2026-03-14 00:00:00+00:00
[2026-03-14T00:20:29.936+0000] {processor.py:183} INFO - Processing /opt/airflow/dags/owd_etl_robusto.py took 4.109 seconds
[2026-03-14T00:21:00.254+0000] {processor.py:161} INFO - Started process (PID=46543) to work on /opt/airflow/dags/owd_etl_robusto.py
[2026-03-14T00:21:00.257+0000] {processor.py:830} INFO - Processing file /opt/airflow/dags/owd_etl_robusto.py for tasks to queue
[2026-03-14T00:21:00.261+0000] {logging_mixin.py:188} INFO - [2026-03-14T00:21:00.260+0000] {dagbag.py:538} INFO - Filling up the DagBag from /opt/airflow/dags/owd_etl_robusto.py
[2026-03-14T00:21:04.009+0000] {processor.py:840} INFO - DAG(s) 'owd_etl_robusto' retrieved from /opt/airflow/dags/owd_etl_robusto.py
[2026-03-14T00:21:04.113+0000] {logging_mixin.py:188} INFO - [2026-03-14T00:21:04.111+0000] {dag.py:3036} INFO - Sync 1 DAGs
[2026-03-14T00:21:04.194+0000] {logging_mixin.py:188} INFO - [2026-03-14T00:21:04.194+0000] {dag.py:3823} INFO - Setting next_dagrun for owd_etl_robusto to 2026-03-13 23:00:00+00:00, run_after=2026-03-14 00:00:00+00:00
[2026-03-14T00:21:04.255+0000] {processor.py:183} INFO - Processing /opt/airflow/dags/owd_etl_robusto.py took 4.012 seconds
[2026-03-14T00:21:34.432+0000] {processor.py:161} INFO - Started process (PID=46583) to work on /opt/airflow/dags/owd_etl_robusto.py
[2026-03-14T00:21:34.434+0000] {processor.py:830} INFO - Processing file /opt/airflow/dags/owd_etl_robusto.py for tasks to queue
[2026-03-14T00:21:34.435+0000] {logging_mixin.py:188} INFO - [2026-03-14T00:21:34.435+0000] {dagbag.py:538} INFO - Filling up the DagBag from /opt/airflow/dags/owd_etl_robusto.py
[2026-03-14T00:21:35.556+0000] {processor.py:840} INFO - DAG(s) 'owd_etl_robusto' retrieved from /opt/airflow/dags/owd_etl_robusto.py
[2026-03-14T00:21:35.599+0000] {logging_mixin.py:188} INFO - [2026-03-14T00:21:35.598+0000] {dag.py:3036} INFO - Sync 1 DAGs
[2026-03-14T00:21:35.664+0000] {logging_mixin.py:188} INFO - [2026-03-14T00:21:35.664+0000] {dag.py:3823} INFO - Setting next_dagrun for owd_etl_robusto to 2026-03-13 23:00:00+00:00, run_after=2026-03-14 00:00:00+00:00
[2026-03-14T00:21:35.694+0000] {processor.py:183} INFO - Processing /opt/airflow/dags/owd_etl_robusto.py took 1.268 seconds
[2026-03-14T00:22:06.164+0000] {processor.py:161} INFO - Started process (PID=46618) to work on /opt/airflow/dags/owd_etl_robusto.py
[2026-03-14T00:22:06.165+0000] {processor.py:830} INFO - Processing file /opt/airflow/dags/owd_etl_robusto.py for tasks to queue
[2026-03-14T00:22:06.167+0000] {logging_mixin.py:188} INFO - [2026-03-14T00:22:06.167+0000] {dagbag.py:538} INFO - Filling up the DagBag from /opt/airflow/dags/owd_etl_robusto.py
[2026-03-14T00:22:06.691+0000] {processor.py:840} INFO - DAG(s) 'owd_etl_robusto' retrieved from /opt/airflow/dags/owd_etl_robusto.py
[2026-03-14T00:22:06.742+0000] {logging_mixin.py:188} INFO - [2026-03-14T00:22:06.742+0000] {dag.py:3036} INFO - Sync 1 DAGs
[2026-03-14T00:22:06.784+0000] {logging_mixin.py:188} INFO - [2026-03-14T00:22:06.784+0000] {dag.py:3823} INFO - Setting next_dagrun for owd_etl_robusto to 2026-03-13 23:00:00+00:00, run_after=2026-03-14 00:00:00+00:00
[2026-03-14T00:22:06.840+0000] {processor.py:183} INFO - Processing /opt/airflow/dags/owd_etl_robusto.py took 0.682 seconds
[2026-03-14T00:22:37.581+0000] {processor.py:161} INFO - Started process (PID=46653) to work on /opt/airflow/dags/owd_etl_robusto.py
[2026-03-14T00:22:37.583+0000] {processor.py:830} INFO - Processing file /opt/airflow/dags/owd_etl_robusto.py for tasks to queue
[2026-03-14T00:22:37.584+0000] {logging_mixin.py:188} INFO - [2026-03-14T00:22:37.584+0000] {dagbag.py:538} INFO - Filling up the DagBag from /opt/airflow/dags/owd_etl_robusto.py
[2026-03-14T00:22:38.222+0000] {processor.py:840} INFO - DAG(s) 'owd_etl_robusto' retrieved from /opt/airflow/dags/owd_etl_robusto.py
[2026-03-14T00:22:38.253+0000] {logging_mixin.py:188} INFO - [2026-03-14T00:22:38.252+0000] {dag.py:3036} INFO - Sync 1 DAGs
[2026-03-14T00:22:38.280+0000] {logging_mixin.py:188} INFO - [2026-03-14T00:22:38.279+0000] {dag.py:3823} INFO - Setting next_dagrun for owd_etl_robusto to 2026-03-13 23:00:00+00:00, run_after=2026-03-14 00:00:00+00:00
[2026-03-14T00:22:38.308+0000] {processor.py:183} INFO - Processing /opt/airflow/dags/owd_etl_robusto.py took 0.733 seconds
[2026-03-14T00:23:08.995+0000] {processor.py:161} INFO - Started process (PID=46688) to work on /opt/airflow/dags/owd_etl_robusto.py
[2026-03-14T00:23:08.999+0000] {processor.py:830} INFO - Processing file /opt/airflow/dags/owd_etl_robusto.py for tasks to queue
[2026-03-14T00:23:09.001+0000] {logging_mixin.py:188} INFO - [2026-03-14T00:23:09.000+0000] {dagbag.py:538} INFO - Filling up the DagBag from /opt/airflow/dags/owd_etl_robusto.py
[2026-03-14T00:23:09.574+0000] {processor.py:840} INFO - DAG(s) 'owd_etl_robusto' retrieved from /opt/airflow/dags/owd_etl_robusto.py
[2026-03-14T00:23:09.624+0000] {logging_mixin.py:188} INFO - [2026-03-14T00:23:09.621+0000] {dag.py:3036} INFO - Sync 1 DAGs
[2026-03-14T00:23:09.673+0000] {logging_mixin.py:188} INFO - [2026-03-14T00:23:09.673+0000] {dag.py:3823} INFO - Setting next_dagrun for owd_etl_robusto to 2026-03-13 23:00:00+00:00, run_after=2026-03-14 00:00:00+00:00
[2026-03-14T00:23:09.736+0000] {processor.py:183} INFO - Processing /opt/airflow/dags/owd_etl_robusto.py took 0.747 seconds
