[2026-03-14T00:00:29.875+0000] {processor.py:161} INFO - Started process (PID=45193) to work on /opt/airflow/dags/spotify_albums_etl.py
[2026-03-14T00:00:29.877+0000] {processor.py:830} INFO - Processing file /opt/airflow/dags/spotify_albums_etl.py for tasks to queue
[2026-03-14T00:00:29.879+0000] {logging_mixin.py:188} INFO - [2026-03-14T00:00:29.878+0000] {dagbag.py:538} INFO - Filling up the DagBag from /opt/airflow/dags/spotify_albums_etl.py
[2026-03-14T00:00:30.611+0000] {processor.py:840} INFO - DAG(s) '08_spotify_albums_etl' retrieved from /opt/airflow/dags/spotify_albums_etl.py
[2026-03-14T00:00:30.698+0000] {logging_mixin.py:188} INFO - [2026-03-14T00:00:30.696+0000] {dag.py:3036} INFO - Sync 1 DAGs
[2026-03-14T00:00:30.741+0000] {logging_mixin.py:188} INFO - [2026-03-14T00:00:30.740+0000] {dag.py:3823} INFO - Setting next_dagrun for 08_spotify_albums_etl to 2026-03-08 00:00:00+00:00, run_after=2026-03-15 00:00:00+00:00
[2026-03-14T00:00:30.783+0000] {processor.py:183} INFO - Processing /opt/airflow/dags/spotify_albums_etl.py took 0.918 seconds
[2026-03-14T00:01:01.318+0000] {processor.py:161} INFO - Started process (PID=45228) to work on /opt/airflow/dags/spotify_albums_etl.py
[2026-03-14T00:01:01.320+0000] {processor.py:830} INFO - Processing file /opt/airflow/dags/spotify_albums_etl.py for tasks to queue
[2026-03-14T00:01:01.323+0000] {logging_mixin.py:188} INFO - [2026-03-14T00:01:01.322+0000] {dagbag.py:538} INFO - Filling up the DagBag from /opt/airflow/dags/spotify_albums_etl.py
[2026-03-14T00:01:02.052+0000] {processor.py:840} INFO - DAG(s) '08_spotify_albums_etl' retrieved from /opt/airflow/dags/spotify_albums_etl.py
[2026-03-14T00:01:02.096+0000] {logging_mixin.py:188} INFO - [2026-03-14T00:01:02.096+0000] {dag.py:3036} INFO - Sync 1 DAGs
[2026-03-14T00:01:02.134+0000] {logging_mixin.py:188} INFO - [2026-03-14T00:01:02.133+0000] {dag.py:3823} INFO - Setting next_dagrun for 08_spotify_albums_etl to 2026-03-08 00:00:00+00:00, run_after=2026-03-15 00:00:00+00:00
[2026-03-14T00:01:02.172+0000] {processor.py:183} INFO - Processing /opt/airflow/dags/spotify_albums_etl.py took 0.866 seconds
[2026-03-14T00:01:32.570+0000] {processor.py:161} INFO - Started process (PID=45263) to work on /opt/airflow/dags/spotify_albums_etl.py
[2026-03-14T00:01:32.572+0000] {processor.py:830} INFO - Processing file /opt/airflow/dags/spotify_albums_etl.py for tasks to queue
[2026-03-14T00:01:32.574+0000] {logging_mixin.py:188} INFO - [2026-03-14T00:01:32.574+0000] {dagbag.py:538} INFO - Filling up the DagBag from /opt/airflow/dags/spotify_albums_etl.py
[2026-03-14T00:01:33.443+0000] {processor.py:840} INFO - DAG(s) '08_spotify_albums_etl' retrieved from /opt/airflow/dags/spotify_albums_etl.py
[2026-03-14T00:01:33.533+0000] {logging_mixin.py:188} INFO - [2026-03-14T00:01:33.532+0000] {dag.py:3036} INFO - Sync 1 DAGs
[2026-03-14T00:01:33.622+0000] {logging_mixin.py:188} INFO - [2026-03-14T00:01:33.621+0000] {dag.py:3823} INFO - Setting next_dagrun for 08_spotify_albums_etl to 2026-03-08 00:00:00+00:00, run_after=2026-03-15 00:00:00+00:00
[2026-03-14T00:01:33.727+0000] {processor.py:183} INFO - Processing /opt/airflow/dags/spotify_albums_etl.py took 1.171 seconds
[2026-03-14T00:02:04.235+0000] {processor.py:161} INFO - Started process (PID=45298) to work on /opt/airflow/dags/spotify_albums_etl.py
[2026-03-14T00:02:04.237+0000] {processor.py:830} INFO - Processing file /opt/airflow/dags/spotify_albums_etl.py for tasks to queue
[2026-03-14T00:02:04.238+0000] {logging_mixin.py:188} INFO - [2026-03-14T00:02:04.238+0000] {dagbag.py:538} INFO - Filling up the DagBag from /opt/airflow/dags/spotify_albums_etl.py
[2026-03-14T00:02:05.005+0000] {processor.py:840} INFO - DAG(s) '08_spotify_albums_etl' retrieved from /opt/airflow/dags/spotify_albums_etl.py
[2026-03-14T00:02:05.046+0000] {logging_mixin.py:188} INFO - [2026-03-14T00:02:05.045+0000] {dag.py:3036} INFO - Sync 1 DAGs
[2026-03-14T00:02:05.078+0000] {logging_mixin.py:188} INFO - [2026-03-14T00:02:05.078+0000] {dag.py:3823} INFO - Setting next_dagrun for 08_spotify_albums_etl to 2026-03-08 00:00:00+00:00, run_after=2026-03-15 00:00:00+00:00
[2026-03-14T00:02:05.107+0000] {processor.py:183} INFO - Processing /opt/airflow/dags/spotify_albums_etl.py took 0.880 seconds
[2026-03-14T00:02:35.358+0000] {processor.py:161} INFO - Started process (PID=45333) to work on /opt/airflow/dags/spotify_albums_etl.py
[2026-03-14T00:02:35.359+0000] {processor.py:830} INFO - Processing file /opt/airflow/dags/spotify_albums_etl.py for tasks to queue
[2026-03-14T00:02:35.361+0000] {logging_mixin.py:188} INFO - [2026-03-14T00:02:35.360+0000] {dagbag.py:538} INFO - Filling up the DagBag from /opt/airflow/dags/spotify_albums_etl.py
[2026-03-14T00:02:36.105+0000] {processor.py:840} INFO - DAG(s) '08_spotify_albums_etl' retrieved from /opt/airflow/dags/spotify_albums_etl.py
[2026-03-14T00:02:36.142+0000] {logging_mixin.py:188} INFO - [2026-03-14T00:02:36.141+0000] {dag.py:3036} INFO - Sync 1 DAGs
[2026-03-14T00:02:36.172+0000] {logging_mixin.py:188} INFO - [2026-03-14T00:02:36.172+0000] {dag.py:3823} INFO - Setting next_dagrun for 08_spotify_albums_etl to 2026-03-08 00:00:00+00:00, run_after=2026-03-15 00:00:00+00:00
[2026-03-14T00:02:36.225+0000] {processor.py:183} INFO - Processing /opt/airflow/dags/spotify_albums_etl.py took 0.875 seconds
[2026-03-14T00:03:06.879+0000] {processor.py:161} INFO - Started process (PID=45368) to work on /opt/airflow/dags/spotify_albums_etl.py
[2026-03-14T00:03:06.881+0000] {processor.py:830} INFO - Processing file /opt/airflow/dags/spotify_albums_etl.py for tasks to queue
[2026-03-14T00:03:06.883+0000] {logging_mixin.py:188} INFO - [2026-03-14T00:03:06.882+0000] {dagbag.py:538} INFO - Filling up the DagBag from /opt/airflow/dags/spotify_albums_etl.py
[2026-03-14T00:03:07.853+0000] {processor.py:840} INFO - DAG(s) '08_spotify_albums_etl' retrieved from /opt/airflow/dags/spotify_albums_etl.py
[2026-03-14T00:03:07.897+0000] {logging_mixin.py:188} INFO - [2026-03-14T00:03:07.896+0000] {dag.py:3036} INFO - Sync 1 DAGs
[2026-03-14T00:03:07.945+0000] {logging_mixin.py:188} INFO - [2026-03-14T00:03:07.944+0000] {dag.py:3823} INFO - Setting next_dagrun for 08_spotify_albums_etl to 2026-03-08 00:00:00+00:00, run_after=2026-03-15 00:00:00+00:00
[2026-03-14T00:03:07.986+0000] {processor.py:183} INFO - Processing /opt/airflow/dags/spotify_albums_etl.py took 1.116 seconds
[2026-03-14T00:03:38.178+0000] {processor.py:161} INFO - Started process (PID=45403) to work on /opt/airflow/dags/spotify_albums_etl.py
[2026-03-14T00:03:38.181+0000] {processor.py:830} INFO - Processing file /opt/airflow/dags/spotify_albums_etl.py for tasks to queue
[2026-03-14T00:03:38.183+0000] {logging_mixin.py:188} INFO - [2026-03-14T00:03:38.182+0000] {dagbag.py:538} INFO - Filling up the DagBag from /opt/airflow/dags/spotify_albums_etl.py
[2026-03-14T00:03:38.938+0000] {processor.py:840} INFO - DAG(s) '08_spotify_albums_etl' retrieved from /opt/airflow/dags/spotify_albums_etl.py
[2026-03-14T00:03:38.985+0000] {logging_mixin.py:188} INFO - [2026-03-14T00:03:38.984+0000] {dag.py:3036} INFO - Sync 1 DAGs
[2026-03-14T00:03:39.034+0000] {logging_mixin.py:188} INFO - [2026-03-14T00:03:39.033+0000] {dag.py:3823} INFO - Setting next_dagrun for 08_spotify_albums_etl to 2026-03-08 00:00:00+00:00, run_after=2026-03-15 00:00:00+00:00
[2026-03-14T00:03:39.064+0000] {processor.py:183} INFO - Processing /opt/airflow/dags/spotify_albums_etl.py took 0.871 seconds
[2026-03-14T00:04:09.842+0000] {processor.py:161} INFO - Started process (PID=45438) to work on /opt/airflow/dags/spotify_albums_etl.py
[2026-03-14T00:04:09.845+0000] {processor.py:830} INFO - Processing file /opt/airflow/dags/spotify_albums_etl.py for tasks to queue
[2026-03-14T00:04:09.847+0000] {logging_mixin.py:188} INFO - [2026-03-14T00:04:09.846+0000] {dagbag.py:538} INFO - Filling up the DagBag from /opt/airflow/dags/spotify_albums_etl.py
[2026-03-14T00:04:10.798+0000] {processor.py:840} INFO - DAG(s) '08_spotify_albums_etl' retrieved from /opt/airflow/dags/spotify_albums_etl.py
[2026-03-14T00:04:10.842+0000] {logging_mixin.py:188} INFO - [2026-03-14T00:04:10.842+0000] {dag.py:3036} INFO - Sync 1 DAGs
[2026-03-14T00:04:10.887+0000] {logging_mixin.py:188} INFO - [2026-03-14T00:04:10.887+0000] {dag.py:3823} INFO - Setting next_dagrun for 08_spotify_albums_etl to 2026-03-08 00:00:00+00:00, run_after=2026-03-15 00:00:00+00:00
[2026-03-14T00:04:10.931+0000] {processor.py:183} INFO - Processing /opt/airflow/dags/spotify_albums_etl.py took 1.097 seconds
[2026-03-14T00:04:41.398+0000] {processor.py:161} INFO - Started process (PID=45473) to work on /opt/airflow/dags/spotify_albums_etl.py
[2026-03-14T00:04:41.401+0000] {processor.py:830} INFO - Processing file /opt/airflow/dags/spotify_albums_etl.py for tasks to queue
[2026-03-14T00:04:41.405+0000] {logging_mixin.py:188} INFO - [2026-03-14T00:04:41.404+0000] {dagbag.py:538} INFO - Filling up the DagBag from /opt/airflow/dags/spotify_albums_etl.py
[2026-03-14T00:04:42.603+0000] {processor.py:840} INFO - DAG(s) '08_spotify_albums_etl' retrieved from /opt/airflow/dags/spotify_albums_etl.py
[2026-03-14T00:04:42.652+0000] {logging_mixin.py:188} INFO - [2026-03-14T00:04:42.651+0000] {dag.py:3036} INFO - Sync 1 DAGs
[2026-03-14T00:04:42.686+0000] {logging_mixin.py:188} INFO - [2026-03-14T00:04:42.686+0000] {dag.py:3823} INFO - Setting next_dagrun for 08_spotify_albums_etl to 2026-03-08 00:00:00+00:00, run_after=2026-03-15 00:00:00+00:00
[2026-03-14T00:04:42.727+0000] {processor.py:183} INFO - Processing /opt/airflow/dags/spotify_albums_etl.py took 1.342 seconds
[2026-03-14T00:05:13.491+0000] {processor.py:161} INFO - Started process (PID=45508) to work on /opt/airflow/dags/spotify_albums_etl.py
[2026-03-14T00:05:13.494+0000] {processor.py:830} INFO - Processing file /opt/airflow/dags/spotify_albums_etl.py for tasks to queue
[2026-03-14T00:05:13.499+0000] {logging_mixin.py:188} INFO - [2026-03-14T00:05:13.498+0000] {dagbag.py:538} INFO - Filling up the DagBag from /opt/airflow/dags/spotify_albums_etl.py
[2026-03-14T00:05:17.103+0000] {processor.py:840} INFO - DAG(s) '08_spotify_albums_etl' retrieved from /opt/airflow/dags/spotify_albums_etl.py
[2026-03-14T00:05:17.233+0000] {logging_mixin.py:188} INFO - [2026-03-14T00:05:17.230+0000] {dag.py:3036} INFO - Sync 1 DAGs
[2026-03-14T00:05:17.350+0000] {logging_mixin.py:188} INFO - [2026-03-14T00:05:17.347+0000] {dag.py:3823} INFO - Setting next_dagrun for 08_spotify_albums_etl to 2026-03-08 00:00:00+00:00, run_after=2026-03-15 00:00:00+00:00
[2026-03-14T00:05:17.489+0000] {processor.py:183} INFO - Processing /opt/airflow/dags/spotify_albums_etl.py took 4.008 seconds
[2026-03-14T00:05:48.252+0000] {processor.py:161} INFO - Started process (PID=45543) to work on /opt/airflow/dags/spotify_albums_etl.py
[2026-03-14T00:05:48.255+0000] {processor.py:830} INFO - Processing file /opt/airflow/dags/spotify_albums_etl.py for tasks to queue
[2026-03-14T00:05:48.259+0000] {logging_mixin.py:188} INFO - [2026-03-14T00:05:48.258+0000] {dagbag.py:538} INFO - Filling up the DagBag from /opt/airflow/dags/spotify_albums_etl.py
[2026-03-14T00:05:49.259+0000] {processor.py:840} INFO - DAG(s) '08_spotify_albums_etl' retrieved from /opt/airflow/dags/spotify_albums_etl.py
[2026-03-14T00:05:49.329+0000] {logging_mixin.py:188} INFO - [2026-03-14T00:05:49.329+0000] {dag.py:3036} INFO - Sync 1 DAGs
[2026-03-14T00:05:49.388+0000] {logging_mixin.py:188} INFO - [2026-03-14T00:05:49.388+0000] {dag.py:3823} INFO - Setting next_dagrun for 08_spotify_albums_etl to 2026-03-08 00:00:00+00:00, run_after=2026-03-15 00:00:00+00:00
[2026-03-14T00:05:49.441+0000] {processor.py:183} INFO - Processing /opt/airflow/dags/spotify_albums_etl.py took 1.199 seconds
[2026-03-14T00:06:19.811+0000] {processor.py:161} INFO - Started process (PID=45578) to work on /opt/airflow/dags/spotify_albums_etl.py
[2026-03-14T00:06:19.813+0000] {processor.py:830} INFO - Processing file /opt/airflow/dags/spotify_albums_etl.py for tasks to queue
[2026-03-14T00:06:19.817+0000] {logging_mixin.py:188} INFO - [2026-03-14T00:06:19.816+0000] {dagbag.py:538} INFO - Filling up the DagBag from /opt/airflow/dags/spotify_albums_etl.py
[2026-03-14T00:06:21.372+0000] {processor.py:840} INFO - DAG(s) '08_spotify_albums_etl' retrieved from /opt/airflow/dags/spotify_albums_etl.py
[2026-03-14T00:06:21.494+0000] {logging_mixin.py:188} INFO - [2026-03-14T00:06:21.490+0000] {dag.py:3036} INFO - Sync 1 DAGs
[2026-03-14T00:06:21.757+0000] {logging_mixin.py:188} INFO - [2026-03-14T00:06:21.756+0000] {dag.py:3823} INFO - Setting next_dagrun for 08_spotify_albums_etl to 2026-03-08 00:00:00+00:00, run_after=2026-03-15 00:00:00+00:00
[2026-03-14T00:06:21.823+0000] {processor.py:183} INFO - Processing /opt/airflow/dags/spotify_albums_etl.py took 2.018 seconds
[2026-03-14T00:06:52.417+0000] {processor.py:161} INFO - Started process (PID=45613) to work on /opt/airflow/dags/spotify_albums_etl.py
[2026-03-14T00:06:52.418+0000] {processor.py:830} INFO - Processing file /opt/airflow/dags/spotify_albums_etl.py for tasks to queue
[2026-03-14T00:06:52.420+0000] {logging_mixin.py:188} INFO - [2026-03-14T00:06:52.420+0000] {dagbag.py:538} INFO - Filling up the DagBag from /opt/airflow/dags/spotify_albums_etl.py
[2026-03-14T00:06:53.335+0000] {processor.py:840} INFO - DAG(s) '08_spotify_albums_etl' retrieved from /opt/airflow/dags/spotify_albums_etl.py
[2026-03-14T00:06:53.371+0000] {logging_mixin.py:188} INFO - [2026-03-14T00:06:53.371+0000] {dag.py:3036} INFO - Sync 1 DAGs
[2026-03-14T00:06:53.405+0000] {logging_mixin.py:188} INFO - [2026-03-14T00:06:53.405+0000] {dag.py:3823} INFO - Setting next_dagrun for 08_spotify_albums_etl to 2026-03-08 00:00:00+00:00, run_after=2026-03-15 00:00:00+00:00
[2026-03-14T00:06:53.436+0000] {processor.py:183} INFO - Processing /opt/airflow/dags/spotify_albums_etl.py took 1.026 seconds
[2026-03-14T00:07:24.483+0000] {processor.py:161} INFO - Started process (PID=45648) to work on /opt/airflow/dags/spotify_albums_etl.py
[2026-03-14T00:07:24.485+0000] {processor.py:830} INFO - Processing file /opt/airflow/dags/spotify_albums_etl.py for tasks to queue
[2026-03-14T00:07:24.487+0000] {logging_mixin.py:188} INFO - [2026-03-14T00:07:24.487+0000] {dagbag.py:538} INFO - Filling up the DagBag from /opt/airflow/dags/spotify_albums_etl.py
[2026-03-14T00:07:25.284+0000] {processor.py:840} INFO - DAG(s) '08_spotify_albums_etl' retrieved from /opt/airflow/dags/spotify_albums_etl.py
[2026-03-14T00:07:25.330+0000] {logging_mixin.py:188} INFO - [2026-03-14T00:07:25.330+0000] {dag.py:3036} INFO - Sync 1 DAGs
[2026-03-14T00:07:25.379+0000] {logging_mixin.py:188} INFO - [2026-03-14T00:07:25.379+0000] {dag.py:3823} INFO - Setting next_dagrun for 08_spotify_albums_etl to 2026-03-08 00:00:00+00:00, run_after=2026-03-15 00:00:00+00:00
[2026-03-14T00:07:25.423+0000] {processor.py:183} INFO - Processing /opt/airflow/dags/spotify_albums_etl.py took 0.946 seconds
[2026-03-14T00:07:56.145+0000] {processor.py:161} INFO - Started process (PID=45683) to work on /opt/airflow/dags/spotify_albums_etl.py
[2026-03-14T00:07:56.147+0000] {processor.py:830} INFO - Processing file /opt/airflow/dags/spotify_albums_etl.py for tasks to queue
[2026-03-14T00:07:56.149+0000] {logging_mixin.py:188} INFO - [2026-03-14T00:07:56.149+0000] {dagbag.py:538} INFO - Filling up the DagBag from /opt/airflow/dags/spotify_albums_etl.py
[2026-03-14T00:07:56.908+0000] {processor.py:840} INFO - DAG(s) '08_spotify_albums_etl' retrieved from /opt/airflow/dags/spotify_albums_etl.py
[2026-03-14T00:07:56.948+0000] {logging_mixin.py:188} INFO - [2026-03-14T00:07:56.948+0000] {dag.py:3036} INFO - Sync 1 DAGs
[2026-03-14T00:07:56.984+0000] {logging_mixin.py:188} INFO - [2026-03-14T00:07:56.984+0000] {dag.py:3823} INFO - Setting next_dagrun for 08_spotify_albums_etl to 2026-03-08 00:00:00+00:00, run_after=2026-03-15 00:00:00+00:00
[2026-03-14T00:07:57.020+0000] {processor.py:183} INFO - Processing /opt/airflow/dags/spotify_albums_etl.py took 0.886 seconds
[2026-03-14T00:08:27.258+0000] {processor.py:161} INFO - Started process (PID=45718) to work on /opt/airflow/dags/spotify_albums_etl.py
[2026-03-14T00:08:27.260+0000] {processor.py:830} INFO - Processing file /opt/airflow/dags/spotify_albums_etl.py for tasks to queue
[2026-03-14T00:08:27.262+0000] {logging_mixin.py:188} INFO - [2026-03-14T00:08:27.262+0000] {dagbag.py:538} INFO - Filling up the DagBag from /opt/airflow/dags/spotify_albums_etl.py
[2026-03-14T00:08:27.978+0000] {processor.py:840} INFO - DAG(s) '08_spotify_albums_etl' retrieved from /opt/airflow/dags/spotify_albums_etl.py
[2026-03-14T00:08:28.020+0000] {logging_mixin.py:188} INFO - [2026-03-14T00:08:28.020+0000] {dag.py:3036} INFO - Sync 1 DAGs
[2026-03-14T00:08:28.052+0000] {logging_mixin.py:188} INFO - [2026-03-14T00:08:28.052+0000] {dag.py:3823} INFO - Setting next_dagrun for 08_spotify_albums_etl to 2026-03-08 00:00:00+00:00, run_after=2026-03-15 00:00:00+00:00
[2026-03-14T00:08:28.102+0000] {processor.py:183} INFO - Processing /opt/airflow/dags/spotify_albums_etl.py took 0.856 seconds
[2026-03-14T00:08:58.572+0000] {processor.py:161} INFO - Started process (PID=45753) to work on /opt/airflow/dags/spotify_albums_etl.py
[2026-03-14T00:08:58.575+0000] {processor.py:830} INFO - Processing file /opt/airflow/dags/spotify_albums_etl.py for tasks to queue
[2026-03-14T00:08:58.582+0000] {logging_mixin.py:188} INFO - [2026-03-14T00:08:58.580+0000] {dagbag.py:538} INFO - Filling up the DagBag from /opt/airflow/dags/spotify_albums_etl.py
[2026-03-14T00:08:59.922+0000] {processor.py:840} INFO - DAG(s) '08_spotify_albums_etl' retrieved from /opt/airflow/dags/spotify_albums_etl.py
[2026-03-14T00:08:59.959+0000] {logging_mixin.py:188} INFO - [2026-03-14T00:08:59.959+0000] {dag.py:3036} INFO - Sync 1 DAGs
[2026-03-14T00:09:00.033+0000] {logging_mixin.py:188} INFO - [2026-03-14T00:09:00.032+0000] {dag.py:3823} INFO - Setting next_dagrun for 08_spotify_albums_etl to 2026-03-08 00:00:00+00:00, run_after=2026-03-15 00:00:00+00:00
[2026-03-14T00:09:00.103+0000] {processor.py:183} INFO - Processing /opt/airflow/dags/spotify_albums_etl.py took 1.545 seconds
[2026-03-14T00:09:30.259+0000] {processor.py:161} INFO - Started process (PID=45788) to work on /opt/airflow/dags/spotify_albums_etl.py
[2026-03-14T00:09:30.261+0000] {processor.py:830} INFO - Processing file /opt/airflow/dags/spotify_albums_etl.py for tasks to queue
[2026-03-14T00:09:30.263+0000] {logging_mixin.py:188} INFO - [2026-03-14T00:09:30.263+0000] {dagbag.py:538} INFO - Filling up the DagBag from /opt/airflow/dags/spotify_albums_etl.py
[2026-03-14T00:09:31.021+0000] {processor.py:840} INFO - DAG(s) '08_spotify_albums_etl' retrieved from /opt/airflow/dags/spotify_albums_etl.py
[2026-03-14T00:09:31.080+0000] {logging_mixin.py:188} INFO - [2026-03-14T00:09:31.079+0000] {dag.py:3036} INFO - Sync 1 DAGs
[2026-03-14T00:09:31.124+0000] {logging_mixin.py:188} INFO - [2026-03-14T00:09:31.123+0000] {dag.py:3823} INFO - Setting next_dagrun for 08_spotify_albums_etl to 2026-03-08 00:00:00+00:00, run_after=2026-03-15 00:00:00+00:00
[2026-03-14T00:09:31.159+0000] {processor.py:183} INFO - Processing /opt/airflow/dags/spotify_albums_etl.py took 0.906 seconds
[2026-03-14T00:10:01.634+0000] {processor.py:161} INFO - Started process (PID=45823) to work on /opt/airflow/dags/spotify_albums_etl.py
[2026-03-14T00:10:01.647+0000] {processor.py:830} INFO - Processing file /opt/airflow/dags/spotify_albums_etl.py for tasks to queue
[2026-03-14T00:10:01.658+0000] {logging_mixin.py:188} INFO - [2026-03-14T00:10:01.654+0000] {dagbag.py:538} INFO - Filling up the DagBag from /opt/airflow/dags/spotify_albums_etl.py
[2026-03-14T00:10:03.358+0000] {processor.py:840} INFO - DAG(s) '08_spotify_albums_etl' retrieved from /opt/airflow/dags/spotify_albums_etl.py
[2026-03-14T00:10:03.391+0000] {logging_mixin.py:188} INFO - [2026-03-14T00:10:03.391+0000] {dag.py:3036} INFO - Sync 1 DAGs
[2026-03-14T00:10:03.421+0000] {logging_mixin.py:188} INFO - [2026-03-14T00:10:03.421+0000] {dag.py:3823} INFO - Setting next_dagrun for 08_spotify_albums_etl to 2026-03-08 00:00:00+00:00, run_after=2026-03-15 00:00:00+00:00
[2026-03-14T00:10:03.449+0000] {processor.py:183} INFO - Processing /opt/airflow/dags/spotify_albums_etl.py took 1.865 seconds
[2026-03-14T00:10:33.682+0000] {processor.py:161} INFO - Started process (PID=45858) to work on /opt/airflow/dags/spotify_albums_etl.py
[2026-03-14T00:10:33.684+0000] {processor.py:830} INFO - Processing file /opt/airflow/dags/spotify_albums_etl.py for tasks to queue
[2026-03-14T00:10:33.688+0000] {logging_mixin.py:188} INFO - [2026-03-14T00:10:33.687+0000] {dagbag.py:538} INFO - Filling up the DagBag from /opt/airflow/dags/spotify_albums_etl.py
[2026-03-14T00:10:35.348+0000] {processor.py:840} INFO - DAG(s) '08_spotify_albums_etl' retrieved from /opt/airflow/dags/spotify_albums_etl.py
[2026-03-14T00:10:35.409+0000] {logging_mixin.py:188} INFO - [2026-03-14T00:10:35.408+0000] {dag.py:3036} INFO - Sync 1 DAGs
[2026-03-14T00:10:35.453+0000] {logging_mixin.py:188} INFO - [2026-03-14T00:10:35.452+0000] {dag.py:3823} INFO - Setting next_dagrun for 08_spotify_albums_etl to 2026-03-08 00:00:00+00:00, run_after=2026-03-15 00:00:00+00:00
[2026-03-14T00:10:35.538+0000] {processor.py:183} INFO - Processing /opt/airflow/dags/spotify_albums_etl.py took 1.873 seconds
[2026-03-14T00:11:07.297+0000] {processor.py:161} INFO - Started process (PID=45893) to work on /opt/airflow/dags/spotify_albums_etl.py
[2026-03-14T00:11:07.305+0000] {processor.py:830} INFO - Processing file /opt/airflow/dags/spotify_albums_etl.py for tasks to queue
[2026-03-14T00:11:07.316+0000] {logging_mixin.py:188} INFO - [2026-03-14T00:11:07.315+0000] {dagbag.py:538} INFO - Filling up the DagBag from /opt/airflow/dags/spotify_albums_etl.py
[2026-03-14T00:11:12.545+0000] {processor.py:840} INFO - DAG(s) '08_spotify_albums_etl' retrieved from /opt/airflow/dags/spotify_albums_etl.py
[2026-03-14T00:11:12.869+0000] {logging_mixin.py:188} INFO - [2026-03-14T00:11:12.868+0000] {dag.py:3036} INFO - Sync 1 DAGs
[2026-03-14T00:11:13.229+0000] {logging_mixin.py:188} INFO - [2026-03-14T00:11:13.228+0000] {dag.py:3823} INFO - Setting next_dagrun for 08_spotify_albums_etl to 2026-03-08 00:00:00+00:00, run_after=2026-03-15 00:00:00+00:00
[2026-03-14T00:11:13.739+0000] {processor.py:183} INFO - Processing /opt/airflow/dags/spotify_albums_etl.py took 6.453 seconds
[2026-03-14T00:11:44.666+0000] {processor.py:161} INFO - Started process (PID=45928) to work on /opt/airflow/dags/spotify_albums_etl.py
[2026-03-14T00:11:44.668+0000] {processor.py:830} INFO - Processing file /opt/airflow/dags/spotify_albums_etl.py for tasks to queue
[2026-03-14T00:11:44.669+0000] {logging_mixin.py:188} INFO - [2026-03-14T00:11:44.669+0000] {dagbag.py:538} INFO - Filling up the DagBag from /opt/airflow/dags/spotify_albums_etl.py
[2026-03-14T00:11:45.472+0000] {processor.py:840} INFO - DAG(s) '08_spotify_albums_etl' retrieved from /opt/airflow/dags/spotify_albums_etl.py
[2026-03-14T00:11:45.574+0000] {logging_mixin.py:188} INFO - [2026-03-14T00:11:45.572+0000] {dag.py:3036} INFO - Sync 1 DAGs
[2026-03-14T00:11:45.665+0000] {logging_mixin.py:188} INFO - [2026-03-14T00:11:45.664+0000] {dag.py:3823} INFO - Setting next_dagrun for 08_spotify_albums_etl to 2026-03-08 00:00:00+00:00, run_after=2026-03-15 00:00:00+00:00
[2026-03-14T00:11:45.736+0000] {processor.py:183} INFO - Processing /opt/airflow/dags/spotify_albums_etl.py took 1.076 seconds
[2026-03-14T00:12:16.651+0000] {processor.py:161} INFO - Started process (PID=45964) to work on /opt/airflow/dags/spotify_albums_etl.py
[2026-03-14T00:12:16.653+0000] {processor.py:830} INFO - Processing file /opt/airflow/dags/spotify_albums_etl.py for tasks to queue
[2026-03-14T00:12:16.655+0000] {logging_mixin.py:188} INFO - [2026-03-14T00:12:16.654+0000] {dagbag.py:538} INFO - Filling up the DagBag from /opt/airflow/dags/spotify_albums_etl.py
[2026-03-14T00:12:17.347+0000] {processor.py:840} INFO - DAG(s) '08_spotify_albums_etl' retrieved from /opt/airflow/dags/spotify_albums_etl.py
[2026-03-14T00:12:17.377+0000] {logging_mixin.py:188} INFO - [2026-03-14T00:12:17.377+0000] {dag.py:3036} INFO - Sync 1 DAGs
[2026-03-14T00:12:17.421+0000] {logging_mixin.py:188} INFO - [2026-03-14T00:12:17.420+0000] {dag.py:3823} INFO - Setting next_dagrun for 08_spotify_albums_etl to 2026-03-08 00:00:00+00:00, run_after=2026-03-15 00:00:00+00:00
[2026-03-14T00:12:17.461+0000] {processor.py:183} INFO - Processing /opt/airflow/dags/spotify_albums_etl.py took 0.817 seconds
[2026-03-14T00:12:47.752+0000] {processor.py:161} INFO - Started process (PID=46004) to work on /opt/airflow/dags/spotify_albums_etl.py
[2026-03-14T00:12:47.754+0000] {processor.py:830} INFO - Processing file /opt/airflow/dags/spotify_albums_etl.py for tasks to queue
[2026-03-14T00:12:47.755+0000] {logging_mixin.py:188} INFO - [2026-03-14T00:12:47.755+0000] {dagbag.py:538} INFO - Filling up the DagBag from /opt/airflow/dags/spotify_albums_etl.py
[2026-03-14T00:12:49.577+0000] {processor.py:840} INFO - DAG(s) '08_spotify_albums_etl' retrieved from /opt/airflow/dags/spotify_albums_etl.py
[2026-03-14T00:12:49.623+0000] {logging_mixin.py:188} INFO - [2026-03-14T00:12:49.623+0000] {dag.py:3036} INFO - Sync 1 DAGs
[2026-03-14T00:12:49.671+0000] {logging_mixin.py:188} INFO - [2026-03-14T00:12:49.671+0000] {dag.py:3823} INFO - Setting next_dagrun for 08_spotify_albums_etl to 2026-03-08 00:00:00+00:00, run_after=2026-03-15 00:00:00+00:00
[2026-03-14T00:12:49.753+0000] {processor.py:183} INFO - Processing /opt/airflow/dags/spotify_albums_etl.py took 2.008 seconds
[2026-03-14T00:13:20.097+0000] {processor.py:161} INFO - Started process (PID=46038) to work on /opt/airflow/dags/spotify_albums_etl.py
[2026-03-14T00:13:20.099+0000] {processor.py:830} INFO - Processing file /opt/airflow/dags/spotify_albums_etl.py for tasks to queue
[2026-03-14T00:13:20.100+0000] {logging_mixin.py:188} INFO - [2026-03-14T00:13:20.100+0000] {dagbag.py:538} INFO - Filling up the DagBag from /opt/airflow/dags/spotify_albums_etl.py
[2026-03-14T00:13:20.932+0000] {processor.py:840} INFO - DAG(s) '08_spotify_albums_etl' retrieved from /opt/airflow/dags/spotify_albums_etl.py
[2026-03-14T00:13:20.996+0000] {logging_mixin.py:188} INFO - [2026-03-14T00:13:20.994+0000] {dag.py:3036} INFO - Sync 1 DAGs
[2026-03-14T00:13:21.035+0000] {logging_mixin.py:188} INFO - [2026-03-14T00:13:21.034+0000] {dag.py:3823} INFO - Setting next_dagrun for 08_spotify_albums_etl to 2026-03-08 00:00:00+00:00, run_after=2026-03-15 00:00:00+00:00
[2026-03-14T00:13:21.112+0000] {processor.py:183} INFO - Processing /opt/airflow/dags/spotify_albums_etl.py took 1.021 seconds
[2026-03-14T00:13:51.607+0000] {processor.py:161} INFO - Started process (PID=46073) to work on /opt/airflow/dags/spotify_albums_etl.py
[2026-03-14T00:13:51.609+0000] {processor.py:830} INFO - Processing file /opt/airflow/dags/spotify_albums_etl.py for tasks to queue
[2026-03-14T00:13:51.610+0000] {logging_mixin.py:188} INFO - [2026-03-14T00:13:51.610+0000] {dagbag.py:538} INFO - Filling up the DagBag from /opt/airflow/dags/spotify_albums_etl.py
[2026-03-14T00:13:52.392+0000] {processor.py:840} INFO - DAG(s) '08_spotify_albums_etl' retrieved from /opt/airflow/dags/spotify_albums_etl.py
[2026-03-14T00:13:52.435+0000] {logging_mixin.py:188} INFO - [2026-03-14T00:13:52.434+0000] {dag.py:3036} INFO - Sync 1 DAGs
[2026-03-14T00:13:52.467+0000] {logging_mixin.py:188} INFO - [2026-03-14T00:13:52.467+0000] {dag.py:3823} INFO - Setting next_dagrun for 08_spotify_albums_etl to 2026-03-08 00:00:00+00:00, run_after=2026-03-15 00:00:00+00:00
[2026-03-14T00:13:52.559+0000] {processor.py:183} INFO - Processing /opt/airflow/dags/spotify_albums_etl.py took 0.960 seconds
[2026-03-14T00:14:23.186+0000] {processor.py:161} INFO - Started process (PID=46108) to work on /opt/airflow/dags/spotify_albums_etl.py
[2026-03-14T00:14:23.189+0000] {processor.py:830} INFO - Processing file /opt/airflow/dags/spotify_albums_etl.py for tasks to queue
[2026-03-14T00:14:23.193+0000] {logging_mixin.py:188} INFO - [2026-03-14T00:14:23.192+0000] {dagbag.py:538} INFO - Filling up the DagBag from /opt/airflow/dags/spotify_albums_etl.py
[2026-03-14T00:14:24.468+0000] {processor.py:840} INFO - DAG(s) '08_spotify_albums_etl' retrieved from /opt/airflow/dags/spotify_albums_etl.py
[2026-03-14T00:14:24.598+0000] {logging_mixin.py:188} INFO - [2026-03-14T00:14:24.597+0000] {dag.py:3036} INFO - Sync 1 DAGs
[2026-03-14T00:14:24.774+0000] {logging_mixin.py:188} INFO - [2026-03-14T00:14:24.773+0000] {dag.py:3823} INFO - Setting next_dagrun for 08_spotify_albums_etl to 2026-03-08 00:00:00+00:00, run_after=2026-03-15 00:00:00+00:00
[2026-03-14T00:14:25.000+0000] {processor.py:183} INFO - Processing /opt/airflow/dags/spotify_albums_etl.py took 1.822 seconds
[2026-03-14T00:14:55.757+0000] {processor.py:161} INFO - Started process (PID=46143) to work on /opt/airflow/dags/spotify_albums_etl.py
[2026-03-14T00:14:55.759+0000] {processor.py:830} INFO - Processing file /opt/airflow/dags/spotify_albums_etl.py for tasks to queue
[2026-03-14T00:14:55.762+0000] {logging_mixin.py:188} INFO - [2026-03-14T00:14:55.761+0000] {dagbag.py:538} INFO - Filling up the DagBag from /opt/airflow/dags/spotify_albums_etl.py
[2026-03-14T00:14:56.684+0000] {processor.py:840} INFO - DAG(s) '08_spotify_albums_etl' retrieved from /opt/airflow/dags/spotify_albums_etl.py
[2026-03-14T00:14:56.718+0000] {logging_mixin.py:188} INFO - [2026-03-14T00:14:56.717+0000] {dag.py:3036} INFO - Sync 1 DAGs
[2026-03-14T00:14:56.746+0000] {logging_mixin.py:188} INFO - [2026-03-14T00:14:56.746+0000] {dag.py:3823} INFO - Setting next_dagrun for 08_spotify_albums_etl to 2026-03-08 00:00:00+00:00, run_after=2026-03-15 00:00:00+00:00
[2026-03-14T00:14:56.774+0000] {processor.py:183} INFO - Processing /opt/airflow/dags/spotify_albums_etl.py took 1.024 seconds
[2026-03-14T00:15:27.700+0000] {processor.py:161} INFO - Started process (PID=46178) to work on /opt/airflow/dags/spotify_albums_etl.py
[2026-03-14T00:15:27.702+0000] {processor.py:830} INFO - Processing file /opt/airflow/dags/spotify_albums_etl.py for tasks to queue
[2026-03-14T00:15:27.703+0000] {logging_mixin.py:188} INFO - [2026-03-14T00:15:27.703+0000] {dagbag.py:538} INFO - Filling up the DagBag from /opt/airflow/dags/spotify_albums_etl.py
[2026-03-14T00:15:28.430+0000] {processor.py:840} INFO - DAG(s) '08_spotify_albums_etl' retrieved from /opt/airflow/dags/spotify_albums_etl.py
[2026-03-14T00:15:28.463+0000] {logging_mixin.py:188} INFO - [2026-03-14T00:15:28.462+0000] {dag.py:3036} INFO - Sync 1 DAGs
[2026-03-14T00:15:28.490+0000] {logging_mixin.py:188} INFO - [2026-03-14T00:15:28.489+0000] {dag.py:3823} INFO - Setting next_dagrun for 08_spotify_albums_etl to 2026-03-08 00:00:00+00:00, run_after=2026-03-15 00:00:00+00:00
[2026-03-14T00:15:28.519+0000] {processor.py:183} INFO - Processing /opt/airflow/dags/spotify_albums_etl.py took 0.824 seconds
[2026-03-14T00:15:58.818+0000] {processor.py:161} INFO - Started process (PID=46213) to work on /opt/airflow/dags/spotify_albums_etl.py
[2026-03-14T00:15:58.820+0000] {processor.py:830} INFO - Processing file /opt/airflow/dags/spotify_albums_etl.py for tasks to queue
[2026-03-14T00:15:58.821+0000] {logging_mixin.py:188} INFO - [2026-03-14T00:15:58.821+0000] {dagbag.py:538} INFO - Filling up the DagBag from /opt/airflow/dags/spotify_albums_etl.py
[2026-03-14T00:15:59.967+0000] {processor.py:840} INFO - DAG(s) '08_spotify_albums_etl' retrieved from /opt/airflow/dags/spotify_albums_etl.py
[2026-03-14T00:16:00.108+0000] {logging_mixin.py:188} INFO - [2026-03-14T00:16:00.107+0000] {dag.py:3036} INFO - Sync 1 DAGs
[2026-03-14T00:16:00.275+0000] {logging_mixin.py:188} INFO - [2026-03-14T00:16:00.272+0000] {dag.py:3823} INFO - Setting next_dagrun for 08_spotify_albums_etl to 2026-03-08 00:00:00+00:00, run_after=2026-03-15 00:00:00+00:00
[2026-03-14T00:16:00.398+0000] {processor.py:183} INFO - Processing /opt/airflow/dags/spotify_albums_etl.py took 1.585 seconds
[2026-03-14T00:16:30.716+0000] {processor.py:161} INFO - Started process (PID=46248) to work on /opt/airflow/dags/spotify_albums_etl.py
[2026-03-14T00:16:30.718+0000] {processor.py:830} INFO - Processing file /opt/airflow/dags/spotify_albums_etl.py for tasks to queue
[2026-03-14T00:16:30.720+0000] {logging_mixin.py:188} INFO - [2026-03-14T00:16:30.719+0000] {dagbag.py:538} INFO - Filling up the DagBag from /opt/airflow/dags/spotify_albums_etl.py
[2026-03-14T00:16:33.247+0000] {processor.py:840} INFO - DAG(s) '08_spotify_albums_etl' retrieved from /opt/airflow/dags/spotify_albums_etl.py
[2026-03-14T00:16:33.347+0000] {logging_mixin.py:188} INFO - [2026-03-14T00:16:33.346+0000] {dag.py:3036} INFO - Sync 1 DAGs
[2026-03-14T00:16:33.406+0000] {logging_mixin.py:188} INFO - [2026-03-14T00:16:33.405+0000] {dag.py:3823} INFO - Setting next_dagrun for 08_spotify_albums_etl to 2026-03-08 00:00:00+00:00, run_after=2026-03-15 00:00:00+00:00
[2026-03-14T00:16:33.450+0000] {processor.py:183} INFO - Processing /opt/airflow/dags/spotify_albums_etl.py took 2.744 seconds
[2026-03-14T00:17:04.368+0000] {processor.py:161} INFO - Started process (PID=46283) to work on /opt/airflow/dags/spotify_albums_etl.py
[2026-03-14T00:17:04.375+0000] {processor.py:830} INFO - Processing file /opt/airflow/dags/spotify_albums_etl.py for tasks to queue
[2026-03-14T00:17:04.378+0000] {logging_mixin.py:188} INFO - [2026-03-14T00:17:04.377+0000] {dagbag.py:538} INFO - Filling up the DagBag from /opt/airflow/dags/spotify_albums_etl.py
[2026-03-14T00:17:05.413+0000] {processor.py:840} INFO - DAG(s) '08_spotify_albums_etl' retrieved from /opt/airflow/dags/spotify_albums_etl.py
[2026-03-14T00:17:05.461+0000] {logging_mixin.py:188} INFO - [2026-03-14T00:17:05.461+0000] {dag.py:3036} INFO - Sync 1 DAGs
[2026-03-14T00:17:05.490+0000] {logging_mixin.py:188} INFO - [2026-03-14T00:17:05.490+0000] {dag.py:3823} INFO - Setting next_dagrun for 08_spotify_albums_etl to 2026-03-08 00:00:00+00:00, run_after=2026-03-15 00:00:00+00:00
[2026-03-14T00:17:05.532+0000] {processor.py:183} INFO - Processing /opt/airflow/dags/spotify_albums_etl.py took 1.179 seconds
[2026-03-14T00:17:36.002+0000] {processor.py:161} INFO - Started process (PID=46318) to work on /opt/airflow/dags/spotify_albums_etl.py
[2026-03-14T00:17:36.004+0000] {processor.py:830} INFO - Processing file /opt/airflow/dags/spotify_albums_etl.py for tasks to queue
[2026-03-14T00:17:36.006+0000] {logging_mixin.py:188} INFO - [2026-03-14T00:17:36.005+0000] {dagbag.py:538} INFO - Filling up the DagBag from /opt/airflow/dags/spotify_albums_etl.py
[2026-03-14T00:17:37.327+0000] {processor.py:840} INFO - DAG(s) '08_spotify_albums_etl' retrieved from /opt/airflow/dags/spotify_albums_etl.py
[2026-03-14T00:17:37.416+0000] {logging_mixin.py:188} INFO - [2026-03-14T00:17:37.415+0000] {dag.py:3036} INFO - Sync 1 DAGs
[2026-03-14T00:17:37.496+0000] {logging_mixin.py:188} INFO - [2026-03-14T00:17:37.494+0000] {dag.py:3823} INFO - Setting next_dagrun for 08_spotify_albums_etl to 2026-03-08 00:00:00+00:00, run_after=2026-03-15 00:00:00+00:00
[2026-03-14T00:17:37.573+0000] {processor.py:183} INFO - Processing /opt/airflow/dags/spotify_albums_etl.py took 1.578 seconds
[2026-03-14T00:18:08.434+0000] {processor.py:161} INFO - Started process (PID=46353) to work on /opt/airflow/dags/spotify_albums_etl.py
[2026-03-14T00:18:08.438+0000] {processor.py:830} INFO - Processing file /opt/airflow/dags/spotify_albums_etl.py for tasks to queue
[2026-03-14T00:18:08.444+0000] {logging_mixin.py:188} INFO - [2026-03-14T00:18:08.442+0000] {dagbag.py:538} INFO - Filling up the DagBag from /opt/airflow/dags/spotify_albums_etl.py
[2026-03-14T00:18:09.596+0000] {processor.py:840} INFO - DAG(s) '08_spotify_albums_etl' retrieved from /opt/airflow/dags/spotify_albums_etl.py
[2026-03-14T00:18:09.647+0000] {logging_mixin.py:188} INFO - [2026-03-14T00:18:09.647+0000] {dag.py:3036} INFO - Sync 1 DAGs
[2026-03-14T00:18:09.874+0000] {logging_mixin.py:188} INFO - [2026-03-14T00:18:09.873+0000] {dag.py:3823} INFO - Setting next_dagrun for 08_spotify_albums_etl to 2026-03-08 00:00:00+00:00, run_after=2026-03-15 00:00:00+00:00
[2026-03-14T00:18:10.117+0000] {processor.py:183} INFO - Processing /opt/airflow/dags/spotify_albums_etl.py took 1.646 seconds
[2026-03-14T00:18:40.976+0000] {processor.py:161} INFO - Started process (PID=46388) to work on /opt/airflow/dags/spotify_albums_etl.py
[2026-03-14T00:18:40.981+0000] {processor.py:830} INFO - Processing file /opt/airflow/dags/spotify_albums_etl.py for tasks to queue
[2026-03-14T00:18:40.988+0000] {logging_mixin.py:188} INFO - [2026-03-14T00:18:40.987+0000] {dagbag.py:538} INFO - Filling up the DagBag from /opt/airflow/dags/spotify_albums_etl.py
[2026-03-14T00:18:42.314+0000] {processor.py:840} INFO - DAG(s) '08_spotify_albums_etl' retrieved from /opt/airflow/dags/spotify_albums_etl.py
[2026-03-14T00:18:42.353+0000] {logging_mixin.py:188} INFO - [2026-03-14T00:18:42.352+0000] {dag.py:3036} INFO - Sync 1 DAGs
[2026-03-14T00:18:42.390+0000] {logging_mixin.py:188} INFO - [2026-03-14T00:18:42.389+0000] {dag.py:3823} INFO - Setting next_dagrun for 08_spotify_albums_etl to 2026-03-08 00:00:00+00:00, run_after=2026-03-15 00:00:00+00:00
[2026-03-14T00:18:42.465+0000] {processor.py:183} INFO - Processing /opt/airflow/dags/spotify_albums_etl.py took 1.498 seconds
[2026-03-14T00:19:13.546+0000] {processor.py:161} INFO - Started process (PID=46423) to work on /opt/airflow/dags/spotify_albums_etl.py
[2026-03-14T00:19:13.548+0000] {processor.py:830} INFO - Processing file /opt/airflow/dags/spotify_albums_etl.py for tasks to queue
[2026-03-14T00:19:13.552+0000] {logging_mixin.py:188} INFO - [2026-03-14T00:19:13.551+0000] {dagbag.py:538} INFO - Filling up the DagBag from /opt/airflow/dags/spotify_albums_etl.py
[2026-03-14T00:19:14.284+0000] {processor.py:840} INFO - DAG(s) '08_spotify_albums_etl' retrieved from /opt/airflow/dags/spotify_albums_etl.py
[2026-03-14T00:19:14.345+0000] {logging_mixin.py:188} INFO - [2026-03-14T00:19:14.344+0000] {dag.py:3036} INFO - Sync 1 DAGs
[2026-03-14T00:19:14.405+0000] {logging_mixin.py:188} INFO - [2026-03-14T00:19:14.404+0000] {dag.py:3823} INFO - Setting next_dagrun for 08_spotify_albums_etl to 2026-03-08 00:00:00+00:00, run_after=2026-03-15 00:00:00+00:00
[2026-03-14T00:19:14.445+0000] {processor.py:183} INFO - Processing /opt/airflow/dags/spotify_albums_etl.py took 0.904 seconds
[2026-03-14T00:19:45.508+0000] {processor.py:161} INFO - Started process (PID=46458) to work on /opt/airflow/dags/spotify_albums_etl.py
[2026-03-14T00:19:45.513+0000] {processor.py:830} INFO - Processing file /opt/airflow/dags/spotify_albums_etl.py for tasks to queue
[2026-03-14T00:19:45.516+0000] {logging_mixin.py:188} INFO - [2026-03-14T00:19:45.514+0000] {dagbag.py:538} INFO - Filling up the DagBag from /opt/airflow/dags/spotify_albums_etl.py
[2026-03-14T00:19:46.274+0000] {processor.py:840} INFO - DAG(s) '08_spotify_albums_etl' retrieved from /opt/airflow/dags/spotify_albums_etl.py
[2026-03-14T00:19:46.333+0000] {logging_mixin.py:188} INFO - [2026-03-14T00:19:46.332+0000] {dag.py:3036} INFO - Sync 1 DAGs
[2026-03-14T00:19:46.367+0000] {logging_mixin.py:188} INFO - [2026-03-14T00:19:46.366+0000] {dag.py:3823} INFO - Setting next_dagrun for 08_spotify_albums_etl to 2026-03-08 00:00:00+00:00, run_after=2026-03-15 00:00:00+00:00
[2026-03-14T00:19:46.429+0000] {processor.py:183} INFO - Processing /opt/airflow/dags/spotify_albums_etl.py took 0.935 seconds
[2026-03-14T00:20:17.617+0000] {processor.py:161} INFO - Started process (PID=46493) to work on /opt/airflow/dags/spotify_albums_etl.py
[2026-03-14T00:20:17.629+0000] {processor.py:830} INFO - Processing file /opt/airflow/dags/spotify_albums_etl.py for tasks to queue
[2026-03-14T00:20:17.645+0000] {logging_mixin.py:188} INFO - [2026-03-14T00:20:17.641+0000] {dagbag.py:538} INFO - Filling up the DagBag from /opt/airflow/dags/spotify_albums_etl.py
[2026-03-14T00:20:24.527+0000] {processor.py:840} INFO - DAG(s) '08_spotify_albums_etl' retrieved from /opt/airflow/dags/spotify_albums_etl.py
[2026-03-14T00:20:24.736+0000] {logging_mixin.py:188} INFO - [2026-03-14T00:20:24.733+0000] {dag.py:3036} INFO - Sync 1 DAGs
[2026-03-14T00:20:24.993+0000] {logging_mixin.py:188} INFO - [2026-03-14T00:20:24.990+0000] {dag.py:3823} INFO - Setting next_dagrun for 08_spotify_albums_etl to 2026-03-08 00:00:00+00:00, run_after=2026-03-15 00:00:00+00:00
[2026-03-14T00:20:25.339+0000] {processor.py:183} INFO - Processing /opt/airflow/dags/spotify_albums_etl.py took 7.759 seconds
[2026-03-14T00:20:56.021+0000] {processor.py:161} INFO - Started process (PID=46531) to work on /opt/airflow/dags/spotify_albums_etl.py
[2026-03-14T00:20:56.032+0000] {processor.py:830} INFO - Processing file /opt/airflow/dags/spotify_albums_etl.py for tasks to queue
[2026-03-14T00:20:56.041+0000] {logging_mixin.py:188} INFO - [2026-03-14T00:20:56.038+0000] {dagbag.py:538} INFO - Filling up the DagBag from /opt/airflow/dags/spotify_albums_etl.py
[2026-03-14T00:20:57.770+0000] {processor.py:840} INFO - DAG(s) '08_spotify_albums_etl' retrieved from /opt/airflow/dags/spotify_albums_etl.py
[2026-03-14T00:20:57.829+0000] {logging_mixin.py:188} INFO - [2026-03-14T00:20:57.828+0000] {dag.py:3036} INFO - Sync 1 DAGs
[2026-03-14T00:20:57.889+0000] {logging_mixin.py:188} INFO - [2026-03-14T00:20:57.888+0000] {dag.py:3823} INFO - Setting next_dagrun for 08_spotify_albums_etl to 2026-03-08 00:00:00+00:00, run_after=2026-03-15 00:00:00+00:00
[2026-03-14T00:20:57.941+0000] {processor.py:183} INFO - Processing /opt/airflow/dags/spotify_albums_etl.py took 1.940 seconds
[2026-03-14T00:21:28.098+0000] {processor.py:161} INFO - Started process (PID=46566) to work on /opt/airflow/dags/spotify_albums_etl.py
[2026-03-14T00:21:28.107+0000] {processor.py:830} INFO - Processing file /opt/airflow/dags/spotify_albums_etl.py for tasks to queue
[2026-03-14T00:21:28.118+0000] {logging_mixin.py:188} INFO - [2026-03-14T00:21:28.117+0000] {dagbag.py:538} INFO - Filling up the DagBag from /opt/airflow/dags/spotify_albums_etl.py
[2026-03-14T00:21:28.911+0000] {processor.py:840} INFO - DAG(s) '08_spotify_albums_etl' retrieved from /opt/airflow/dags/spotify_albums_etl.py
[2026-03-14T00:21:28.980+0000] {logging_mixin.py:188} INFO - [2026-03-14T00:21:28.979+0000] {dag.py:3036} INFO - Sync 1 DAGs
[2026-03-14T00:21:29.109+0000] {logging_mixin.py:188} INFO - [2026-03-14T00:21:29.109+0000] {dag.py:3823} INFO - Setting next_dagrun for 08_spotify_albums_etl to 2026-03-08 00:00:00+00:00, run_after=2026-03-15 00:00:00+00:00
[2026-03-14T00:21:29.164+0000] {processor.py:183} INFO - Processing /opt/airflow/dags/spotify_albums_etl.py took 1.077 seconds
[2026-03-14T00:21:59.711+0000] {processor.py:161} INFO - Started process (PID=46601) to work on /opt/airflow/dags/spotify_albums_etl.py
[2026-03-14T00:21:59.713+0000] {processor.py:830} INFO - Processing file /opt/airflow/dags/spotify_albums_etl.py for tasks to queue
[2026-03-14T00:21:59.715+0000] {logging_mixin.py:188} INFO - [2026-03-14T00:21:59.714+0000] {dagbag.py:538} INFO - Filling up the DagBag from /opt/airflow/dags/spotify_albums_etl.py
[2026-03-14T00:22:00.472+0000] {processor.py:840} INFO - DAG(s) '08_spotify_albums_etl' retrieved from /opt/airflow/dags/spotify_albums_etl.py
[2026-03-14T00:22:00.540+0000] {logging_mixin.py:188} INFO - [2026-03-14T00:22:00.538+0000] {dag.py:3036} INFO - Sync 1 DAGs
[2026-03-14T00:22:00.595+0000] {logging_mixin.py:188} INFO - [2026-03-14T00:22:00.594+0000] {dag.py:3823} INFO - Setting next_dagrun for 08_spotify_albums_etl to 2026-03-08 00:00:00+00:00, run_after=2026-03-15 00:00:00+00:00
[2026-03-14T00:22:00.694+0000] {processor.py:183} INFO - Processing /opt/airflow/dags/spotify_albums_etl.py took 0.988 seconds
[2026-03-14T00:22:31.111+0000] {processor.py:161} INFO - Started process (PID=46636) to work on /opt/airflow/dags/spotify_albums_etl.py
[2026-03-14T00:22:31.120+0000] {processor.py:830} INFO - Processing file /opt/airflow/dags/spotify_albums_etl.py for tasks to queue
[2026-03-14T00:22:31.125+0000] {logging_mixin.py:188} INFO - [2026-03-14T00:22:31.124+0000] {dagbag.py:538} INFO - Filling up the DagBag from /opt/airflow/dags/spotify_albums_etl.py
[2026-03-14T00:22:31.716+0000] {processor.py:840} INFO - DAG(s) '08_spotify_albums_etl' retrieved from /opt/airflow/dags/spotify_albums_etl.py
[2026-03-14T00:22:31.751+0000] {logging_mixin.py:188} INFO - [2026-03-14T00:22:31.751+0000] {dag.py:3036} INFO - Sync 1 DAGs
[2026-03-14T00:22:31.785+0000] {logging_mixin.py:188} INFO - [2026-03-14T00:22:31.784+0000] {dag.py:3823} INFO - Setting next_dagrun for 08_spotify_albums_etl to 2026-03-08 00:00:00+00:00, run_after=2026-03-15 00:00:00+00:00
[2026-03-14T00:22:31.824+0000] {processor.py:183} INFO - Processing /opt/airflow/dags/spotify_albums_etl.py took 0.720 seconds
[2026-03-14T00:23:02.690+0000] {processor.py:161} INFO - Started process (PID=46669) to work on /opt/airflow/dags/spotify_albums_etl.py
[2026-03-14T00:23:02.709+0000] {processor.py:830} INFO - Processing file /opt/airflow/dags/spotify_albums_etl.py for tasks to queue
[2026-03-14T00:23:02.730+0000] {logging_mixin.py:188} INFO - [2026-03-14T00:23:02.726+0000] {dagbag.py:538} INFO - Filling up the DagBag from /opt/airflow/dags/spotify_albums_etl.py
[2026-03-14T00:23:03.727+0000] {processor.py:840} INFO - DAG(s) '08_spotify_albums_etl' retrieved from /opt/airflow/dags/spotify_albums_etl.py
[2026-03-14T00:23:03.762+0000] {logging_mixin.py:188} INFO - [2026-03-14T00:23:03.761+0000] {dag.py:3036} INFO - Sync 1 DAGs
[2026-03-14T00:23:03.798+0000] {logging_mixin.py:188} INFO - [2026-03-14T00:23:03.798+0000] {dag.py:3823} INFO - Setting next_dagrun for 08_spotify_albums_etl to 2026-03-08 00:00:00+00:00, run_after=2026-03-15 00:00:00+00:00
[2026-03-14T00:23:03.851+0000] {processor.py:183} INFO - Processing /opt/airflow/dags/spotify_albums_etl.py took 1.219 seconds
[2026-03-14T00:23:34.278+0000] {processor.py:161} INFO - Started process (PID=46703) to work on /opt/airflow/dags/spotify_albums_etl.py
[2026-03-14T00:23:34.282+0000] {processor.py:830} INFO - Processing file /opt/airflow/dags/spotify_albums_etl.py for tasks to queue
[2026-03-14T00:23:34.285+0000] {logging_mixin.py:188} INFO - [2026-03-14T00:23:34.284+0000] {dagbag.py:538} INFO - Filling up the DagBag from /opt/airflow/dags/spotify_albums_etl.py
[2026-03-14T00:23:35.592+0000] {processor.py:840} INFO - DAG(s) '08_spotify_albums_etl' retrieved from /opt/airflow/dags/spotify_albums_etl.py
[2026-03-14T00:23:35.741+0000] {logging_mixin.py:188} INFO - [2026-03-14T00:23:35.740+0000] {dag.py:3036} INFO - Sync 1 DAGs
[2026-03-14T00:23:35.974+0000] {logging_mixin.py:188} INFO - [2026-03-14T00:23:35.973+0000] {dag.py:3823} INFO - Setting next_dagrun for 08_spotify_albums_etl to 2026-03-08 00:00:00+00:00, run_after=2026-03-15 00:00:00+00:00
[2026-03-14T00:23:36.266+0000] {processor.py:183} INFO - Processing /opt/airflow/dags/spotify_albums_etl.py took 2.002 seconds
