[2026-02-21T04:16:50.188+0000] {taskinstance.py:1956} INFO - Dependencies all met for dep_context=non-requeueable deps ti=<TaskInstance: 08_spotify_albums_etl.transformar_albumes_silver scheduled__2026-02-08T00:00:00+00:00 [queued]>
[2026-02-21T04:16:50.201+0000] {taskinstance.py:1956} INFO - Dependencies all met for dep_context=requeueable deps ti=<TaskInstance: 08_spotify_albums_etl.transformar_albumes_silver scheduled__2026-02-08T00:00:00+00:00 [queued]>
[2026-02-21T04:16:50.201+0000] {taskinstance.py:2170} INFO - Starting attempt 3 of 3
[2026-02-21T04:16:50.219+0000] {taskinstance.py:2191} INFO - Executing <Task(_PythonDecoratedOperator): transformar_albumes_silver> on 2026-02-08 00:00:00+00:00
[2026-02-21T04:16:50.227+0000] {standard_task_runner.py:60} INFO - Started process 9462 to run task
[2026-02-21T04:16:50.232+0000] {standard_task_runner.py:87} INFO - Running: ['***', 'tasks', 'run', '08_spotify_albums_etl', 'transformar_albumes_silver', 'scheduled__2026-02-08T00:00:00+00:00', '--job-id', '221', '--raw', '--subdir', 'DAGS_FOLDER/spotify_albums_etl.py', '--cfg-path', '/tmp/tmp56_waoq9']
[2026-02-21T04:16:50.238+0000] {standard_task_runner.py:88} INFO - Job 221: Subtask transformar_albumes_silver
[2026-02-21T04:16:50.267+0000] {logging_mixin.py:188} WARNING - /home/***/.local/lib/python3.8/site-packages/***/settings.py:194 DeprecationWarning: The sql_alchemy_conn option in [core] has been moved to the sql_alchemy_conn option in [database] - the old setting has been used, but please update your config.
[2026-02-21T04:16:50.334+0000] {task_command.py:423} INFO - Running <TaskInstance: 08_spotify_albums_etl.transformar_albumes_silver scheduled__2026-02-08T00:00:00+00:00 [running]> on host 4db39a7f84f2
[2026-02-21T04:16:50.702+0000] {taskinstance.py:2480} INFO - Exporting env vars: AIRFLOW_CTX_DAG_OWNER='maestria_bigdata' AIRFLOW_CTX_DAG_ID='08_spotify_albums_etl' AIRFLOW_CTX_TASK_ID='transformar_albumes_silver' AIRFLOW_CTX_EXECUTION_DATE='2026-02-08T00:00:00+00:00' AIRFLOW_CTX_TRY_NUMBER='3' AIRFLOW_CTX_DAG_RUN_ID='scheduled__2026-02-08T00:00:00+00:00'
[2026-02-21T04:16:50.704+0000] {logging_mixin.py:188} INFO - ⚙️ [SILVER] Procesando dataset de álbumes desde: /opt/***/dags/data_lake/spotify_project/bronze/raw_albums_20260221_0414.parquet
[2026-02-21T04:16:50.752+0000] {taskinstance.py:2698} ERROR - Task failed with exception
Traceback (most recent call last):
  File "/home/airflow/.local/lib/python3.8/site-packages/airflow/models/taskinstance.py", line 433, in _execute_task
    result = execute_callable(context=context, **execute_callable_kwargs)
  File "/home/airflow/.local/lib/python3.8/site-packages/airflow/decorators/base.py", line 241, in execute
    return_value = super().execute(context)
  File "/home/airflow/.local/lib/python3.8/site-packages/airflow/operators/python.py", line 199, in execute
    return_value = self.execute_callable()
  File "/home/airflow/.local/lib/python3.8/site-packages/airflow/operators/python.py", line 216, in execute_callable
    return self.python_callable(*self.op_args, **self.op_kwargs)
  File "/opt/airflow/dags/spotify_albums_etl.py", line 119, in transformar_albumes_silver
    df_silver['album_type'] = df_silver['album_type'].astype('category')
  File "/home/airflow/.local/lib/python3.8/site-packages/pandas/core/frame.py", line 3761, in __getitem__
    indexer = self.columns.get_loc(key)
  File "/home/airflow/.local/lib/python3.8/site-packages/pandas/core/indexes/range.py", line 349, in get_loc
    raise KeyError(key)
KeyError: 'album_type'
[2026-02-21T04:16:50.779+0000] {taskinstance.py:1138} INFO - Marking task as FAILED. dag_id=08_spotify_albums_etl, task_id=transformar_albumes_silver, execution_date=20260208T000000, start_date=20260221T041650, end_date=20260221T041650
[2026-02-21T04:16:50.802+0000] {standard_task_runner.py:107} ERROR - Failed to execute job 221 for task transformar_albumes_silver ('album_type'; 9462)
[2026-02-21T04:16:50.848+0000] {local_task_job_runner.py:234} INFO - Task exited with return code 1
[2026-02-21T04:16:50.884+0000] {taskinstance.py:3280} INFO - 0 downstream tasks scheduled from follow-on schedule check
