[2026-02-21T03:24:56.334+0000] {taskinstance.py:1956} INFO - Dependencies all met for dep_context=non-requeueable deps ti=<TaskInstance: spotify_etl.extraer_spotify_bronze manual__2026-02-21T03:24:54.375950+00:00 [queued]>
[2026-02-21T03:24:56.348+0000] {taskinstance.py:1956} INFO - Dependencies all met for dep_context=requeueable deps ti=<TaskInstance: spotify_etl.extraer_spotify_bronze manual__2026-02-21T03:24:54.375950+00:00 [queued]>
[2026-02-21T03:24:56.349+0000] {taskinstance.py:2170} INFO - Starting attempt 1 of 3
[2026-02-21T03:24:56.369+0000] {taskinstance.py:2191} INFO - Executing <Task(_PythonDecoratedOperator): extraer_spotify_bronze> on 2026-02-21 03:24:54.375950+00:00
[2026-02-21T03:24:56.376+0000] {standard_task_runner.py:60} INFO - Started process 6500 to run task
[2026-02-21T03:24:56.383+0000] {standard_task_runner.py:87} INFO - Running: ['***', 'tasks', 'run', 'spotify_etl', 'extraer_spotify_bronze', 'manual__2026-02-21T03:24:54.375950+00:00', '--job-id', '169', '--raw', '--subdir', 'DAGS_FOLDER/spotyfy_etl.py', '--cfg-path', '/tmp/tmp99jd4ieo']
[2026-02-21T03:24:56.386+0000] {standard_task_runner.py:88} INFO - Job 169: Subtask extraer_spotify_bronze
[2026-02-21T03:24:56.417+0000] {logging_mixin.py:188} WARNING - /home/***/.local/lib/python3.8/site-packages/***/settings.py:194 DeprecationWarning: The sql_alchemy_conn option in [core] has been moved to the sql_alchemy_conn option in [database] - the old setting has been used, but please update your config.
[2026-02-21T03:24:56.494+0000] {task_command.py:423} INFO - Running <TaskInstance: spotify_etl.extraer_spotify_bronze manual__2026-02-21T03:24:54.375950+00:00 [running]> on host 4db39a7f84f2
[2026-02-21T03:24:56.890+0000] {taskinstance.py:2480} INFO - Exporting env vars: AIRFLOW_CTX_DAG_OWNER='maestria_bigdata' AIRFLOW_CTX_DAG_ID='spotify_etl' AIRFLOW_CTX_TASK_ID='extraer_spotify_bronze' AIRFLOW_CTX_EXECUTION_DATE='2026-02-21T03:24:54.375950+00:00' AIRFLOW_CTX_TRY_NUMBER='1' AIRFLOW_CTX_DAG_RUN_ID='manual__2026-02-21T03:24:54.375950+00:00'
[2026-02-21T03:24:56.891+0000] {logging_mixin.py:188} INFO - 🔐 [BRONZE] Autenticando con Spotify OAuth 2.0...
[2026-02-21T03:24:57.309+0000] {logging_mixin.py:188} INFO - 🔑 Token (primeros 20 chars): BQBjG3UYV9OJO0azTeup...
[2026-02-21T03:24:57.310+0000] {logging_mixin.py:188} INFO -    🔍 Solicitando artista 1Xyo4u8uXC1ZmMpatF05PJ desde https://api.spotify.com/v1/artists/1Xyo4u8uXC1ZmMpatF05PJ
[2026-02-21T03:24:57.732+0000] {logging_mixin.py:188} INFO -    📡 Código de respuesta: 200
[2026-02-21T03:24:57.733+0000] {logging_mixin.py:188} INFO -    📨 Headers de respuesta: {'content-type': 'application/json; charset=utf-8', 'cache-control': 'public, max-age=0', 'etag': '"MC-IjJlMzhlMTExYmZhYjMyZjcwMjA4OTQ3ODU3MWMxYTQ1Ig=="', 'x-robots-tag': 'noindex, nofollow', 'access-control-allow-origin': '*', 'access-control-allow-headers': 'Accept, App-Platform, Authorization, Content-Type, Origin, Retry-After, Spotify-App-Version, X-Cloud-Trace-Context, client-token, content-access-token', 'access-control-allow-methods': 'GET, POST, OPTIONS, PUT, DELETE, PATCH', 'access-control-allow-credentials': 'true', 'access-control-max-age': '604800', 'content-encoding': 'gzip', 'strict-transport-security': 'max-age=31536000', 'x-content-type-options': 'nosniff', 'alt-svc': 'h3=":443"; ma=2592000,h3-29=":443"; ma=2592000, h3=":443"; ma=2592000,h3-29=":443"; ma=2592000', 'date': 'Sat, 21 Feb 2026 03:24:56 GMT', 'server': 'envoy', 'via': 'HTTP/2 edgeproxy, 1.1 google', 'Transfer-Encoding': 'chunked'}
[2026-02-21T03:24:57.734+0000] {logging_mixin.py:188} INFO -    ✅ Claves recibidas: ['external_urls', 'href', 'id', 'images', 'name', 'type', 'uri']
[2026-02-21T03:24:57.736+0000] {logging_mixin.py:188} INFO -    📦 JSON completo: {'external_urls': {'spotify': 'https://open.spotify.com/artist/1Xyo4u8uXC1ZmMpatF05PJ'}, 'href': 'https://api.spotify.com/v1/artists/1Xyo4u8uXC1ZmMpatF05PJ', 'id': '1Xyo4u8uXC1ZmMpatF05PJ', 'images': [{'url': 'https://i.scdn.co/image/ab6761610000e5eb9e528993a2820267b97f6aae', 'height': 640, 'width': 640}, {'url': 'https://i.scdn.co/image/ab676161000051749e528993a2820267b97f6aae', 'height': 320, 'width': 320}, {'url': 'https://i.scdn.co/image/ab6761610000f1789e528993a2820267b97f6aae', 'height': 160, 'width': 160}], 'name': 'The Weeknd', 'type': 'artist', 'uri': 'spotify:artist:1Xyo4u8uXC1ZmMpatF05PJ'}
[2026-02-21T03:24:57.739+0000] {logging_mixin.py:188} INFO -    ✅ Artista extraído exitosamente.
[2026-02-21T03:24:57.740+0000] {logging_mixin.py:188} INFO -    🔍 Solicitando artista 7ltDVBr6mKbRvohxheJ9h1 desde https://api.spotify.com/v1/artists/7ltDVBr6mKbRvohxheJ9h1
[2026-02-21T03:24:58.113+0000] {logging_mixin.py:188} INFO -    📡 Código de respuesta: 200
[2026-02-21T03:24:58.114+0000] {logging_mixin.py:188} INFO -    📨 Headers de respuesta: {'content-type': 'application/json; charset=utf-8', 'cache-control': 'public, max-age=0', 'etag': '"MC-ImU1ZjE0YzJjMTRlYmUxZmI1NDY1NDIzNzIwNTY4MzUyIg=="', 'x-robots-tag': 'noindex, nofollow', 'access-control-allow-origin': '*', 'access-control-allow-headers': 'Accept, App-Platform, Authorization, Content-Type, Origin, Retry-After, Spotify-App-Version, X-Cloud-Trace-Context, client-token, content-access-token', 'access-control-allow-methods': 'GET, POST, OPTIONS, PUT, DELETE, PATCH', 'access-control-allow-credentials': 'true', 'access-control-max-age': '604800', 'content-encoding': 'gzip', 'strict-transport-security': 'max-age=31536000', 'x-content-type-options': 'nosniff', 'alt-svc': 'h3=":443"; ma=2592000,h3-29=":443"; ma=2592000, h3=":443"; ma=2592000,h3-29=":443"; ma=2592000', 'date': 'Sat, 21 Feb 2026 03:24:57 GMT', 'server': 'envoy', 'via': 'HTTP/2 edgeproxy, 1.1 google', 'Transfer-Encoding': 'chunked'}
[2026-02-21T03:24:58.114+0000] {logging_mixin.py:188} INFO -    ✅ Claves recibidas: ['external_urls', 'href', 'id', 'images', 'name', 'type', 'uri']
[2026-02-21T03:24:58.115+0000] {logging_mixin.py:188} INFO -    📦 JSON completo: {'external_urls': {'spotify': 'https://open.spotify.com/artist/7ltDVBr6mKbRvohxheJ9h1'}, 'href': 'https://api.spotify.com/v1/artists/7ltDVBr6mKbRvohxheJ9h1', 'id': '7ltDVBr6mKbRvohxheJ9h1', 'images': [{'url': 'https://i.scdn.co/image/ab6761610000e5eb9354faf80eb87961466edfbf', 'height': 640, 'width': 640}, {'url': 'https://i.scdn.co/image/ab676161000051749354faf80eb87961466edfbf', 'height': 320, 'width': 320}, {'url': 'https://i.scdn.co/image/ab6761610000f1789354faf80eb87961466edfbf', 'height': 160, 'width': 160}], 'name': 'ROSALÍA', 'type': 'artist', 'uri': 'spotify:artist:7ltDVBr6mKbRvohxheJ9h1'}
[2026-02-21T03:24:58.118+0000] {logging_mixin.py:188} INFO -    ✅ Artista extraído exitosamente.
[2026-02-21T03:24:58.119+0000] {logging_mixin.py:188} INFO -    🔍 Solicitando artista 4tZwfgrHOc3mvqYlEYSvVi desde https://api.spotify.com/v1/artists/4tZwfgrHOc3mvqYlEYSvVi
[2026-02-21T03:24:58.515+0000] {logging_mixin.py:188} INFO -    📡 Código de respuesta: 200
[2026-02-21T03:24:58.516+0000] {logging_mixin.py:188} INFO -    📨 Headers de respuesta: {'content-type': 'application/json; charset=utf-8', 'cache-control': 'public, max-age=0', 'etag': '"MC-IjdhNWVkOGRkNWVkZTFiMzY3YzRjYjVjNDQwZGVhMGQxIg=="', 'x-robots-tag': 'noindex, nofollow', 'access-control-allow-origin': '*', 'access-control-allow-headers': 'Accept, App-Platform, Authorization, Content-Type, Origin, Retry-After, Spotify-App-Version, X-Cloud-Trace-Context, client-token, content-access-token', 'access-control-allow-methods': 'GET, POST, OPTIONS, PUT, DELETE, PATCH', 'access-control-allow-credentials': 'true', 'access-control-max-age': '604800', 'content-encoding': 'gzip', 'strict-transport-security': 'max-age=31536000', 'x-content-type-options': 'nosniff', 'alt-svc': 'h3=":443"; ma=2592000,h3-29=":443"; ma=2592000, h3=":443"; ma=2592000,h3-29=":443"; ma=2592000', 'date': 'Sat, 21 Feb 2026 03:24:57 GMT', 'server': 'envoy', 'via': 'HTTP/2 edgeproxy, 1.1 google', 'Transfer-Encoding': 'chunked'}
[2026-02-21T03:24:58.517+0000] {logging_mixin.py:188} INFO -    ✅ Claves recibidas: ['external_urls', 'href', 'id', 'images', 'name', 'type', 'uri']
[2026-02-21T03:24:58.518+0000] {logging_mixin.py:188} INFO -    📦 JSON completo: {'external_urls': {'spotify': 'https://open.spotify.com/artist/4tZwfgrHOc3mvqYlEYSvVi'}, 'href': 'https://api.spotify.com/v1/artists/4tZwfgrHOc3mvqYlEYSvVi', 'id': '4tZwfgrHOc3mvqYlEYSvVi', 'images': [{'url': 'https://i.scdn.co/image/ab6761610000e5ebd3aa7cc0e419b6c459b08e8e', 'height': 640, 'width': 640}, {'url': 'https://i.scdn.co/image/ab67616100005174d3aa7cc0e419b6c459b08e8e', 'height': 320, 'width': 320}, {'url': 'https://i.scdn.co/image/ab6761610000f178d3aa7cc0e419b6c459b08e8e', 'height': 160, 'width': 160}], 'name': 'Daft Punk', 'type': 'artist', 'uri': 'spotify:artist:4tZwfgrHOc3mvqYlEYSvVi'}
[2026-02-21T03:24:58.521+0000] {logging_mixin.py:188} INFO -    ✅ Artista extraído exitosamente.
[2026-02-21T03:24:58.523+0000] {logging_mixin.py:188} INFO -    🔍 Solicitando artista 3fMbdgg4jUjAjJp4lLk0Dt desde https://api.spotify.com/v1/artists/3fMbdgg4jUjAjJp4lLk0Dt
[2026-02-21T03:24:58.910+0000] {logging_mixin.py:188} INFO -    📡 Código de respuesta: 404
[2026-02-21T03:24:58.911+0000] {logging_mixin.py:188} INFO -    📨 Headers de respuesta: {'content-type': 'application/json; charset=utf-8', 'cache-control': 'private, max-age=0', 'access-control-allow-origin': '*', 'access-control-allow-headers': 'Accept, App-Platform, Authorization, Content-Type, Origin, Retry-After, Spotify-App-Version, X-Cloud-Trace-Context, client-token, content-access-token', 'access-control-allow-methods': 'GET, POST, OPTIONS, PUT, DELETE, PATCH', 'access-control-allow-credentials': 'true', 'access-control-max-age': '604800', 'strict-transport-security': 'max-age=31536000', 'x-content-type-options': 'nosniff', 'alt-svc': 'h3=":443"; ma=2592000,h3-29=":443"; ma=2592000, h3=":443"; ma=2592000,h3-29=":443"; ma=2592000', 'content-encoding': 'gzip', 'vary': 'Accept-Encoding', 'date': 'Sat, 21 Feb 2026 03:24:57 GMT', 'server': 'envoy', 'via': 'HTTP/2 edgeproxy, 1.1 google', 'Transfer-Encoding': 'chunked'}
[2026-02-21T03:24:58.912+0000] {logging_mixin.py:188} INFO -    ⚠️ Contenido del error: {"error": {"status": 404, "message": "Resource not found" } }
[2026-02-21T03:25:00.922+0000] {logging_mixin.py:188} INFO -    🔍 Solicitando artista 3fMbdgg4jUjAjJp4lLk0Dt desde https://api.spotify.com/v1/artists/3fMbdgg4jUjAjJp4lLk0Dt
[2026-02-21T03:25:01.332+0000] {logging_mixin.py:188} INFO -    📡 Código de respuesta: 404
[2026-02-21T03:25:01.333+0000] {logging_mixin.py:188} INFO -    📨 Headers de respuesta: {'content-type': 'application/json; charset=utf-8', 'cache-control': 'private, max-age=0', 'access-control-allow-origin': '*', 'access-control-allow-headers': 'Accept, App-Platform, Authorization, Content-Type, Origin, Retry-After, Spotify-App-Version, X-Cloud-Trace-Context, client-token, content-access-token', 'access-control-allow-methods': 'GET, POST, OPTIONS, PUT, DELETE, PATCH', 'access-control-allow-credentials': 'true', 'access-control-max-age': '604800', 'strict-transport-security': 'max-age=31536000', 'x-content-type-options': 'nosniff', 'alt-svc': 'h3=":443"; ma=2592000,h3-29=":443"; ma=2592000, h3=":443"; ma=2592000,h3-29=":443"; ma=2592000', 'content-encoding': 'gzip', 'vary': 'Accept-Encoding', 'date': 'Sat, 21 Feb 2026 03:25:00 GMT', 'server': 'envoy', 'via': 'HTTP/2 edgeproxy, 1.1 google', 'Transfer-Encoding': 'chunked'}
[2026-02-21T03:25:01.333+0000] {logging_mixin.py:188} INFO -    ⚠️ Contenido del error: {"error": {"status": 404, "message": "Resource not found" } }
[2026-02-21T03:25:03.137+0000] {logging_mixin.py:188} INFO -    🔍 Solicitando artista 3fMbdgg4jUjAjJp4lLk0Dt desde https://api.spotify.com/v1/artists/3fMbdgg4jUjAjJp4lLk0Dt
[2026-02-21T03:25:03.546+0000] {logging_mixin.py:188} INFO -    📡 Código de respuesta: 404
[2026-02-21T03:25:03.547+0000] {logging_mixin.py:188} INFO -    📨 Headers de respuesta: {'content-type': 'application/json; charset=utf-8', 'cache-control': 'private, max-age=0', 'access-control-allow-origin': '*', 'access-control-allow-headers': 'Accept, App-Platform, Authorization, Content-Type, Origin, Retry-After, Spotify-App-Version, X-Cloud-Trace-Context, client-token, content-access-token', 'access-control-allow-methods': 'GET, POST, OPTIONS, PUT, DELETE, PATCH', 'access-control-allow-credentials': 'true', 'access-control-max-age': '604800', 'strict-transport-security': 'max-age=31536000', 'x-content-type-options': 'nosniff', 'alt-svc': 'h3=":443"; ma=2592000,h3-29=":443"; ma=2592000, h3=":443"; ma=2592000,h3-29=":443"; ma=2592000', 'content-encoding': 'gzip', 'vary': 'Accept-Encoding', 'date': 'Sat, 21 Feb 2026 03:25:02 GMT', 'server': 'envoy', 'via': 'HTTP/2 edgeproxy, 1.1 google', 'Transfer-Encoding': 'chunked'}
[2026-02-21T03:25:03.548+0000] {logging_mixin.py:188} INFO -    ⚠️ Contenido del error: {"error": {"status": 404, "message": "Resource not found" } }
[2026-02-21T03:25:07.555+0000] {logging_mixin.py:188} INFO -    🔍 Solicitando artista 3fMbdgg4jUjAjJp4lLk0Dt desde https://api.spotify.com/v1/artists/3fMbdgg4jUjAjJp4lLk0Dt
[2026-02-21T03:25:07.947+0000] {logging_mixin.py:188} INFO -    📡 Código de respuesta: 404
[2026-02-21T03:25:07.948+0000] {logging_mixin.py:188} INFO -    📨 Headers de respuesta: {'content-type': 'application/json; charset=utf-8', 'cache-control': 'private, max-age=0', 'access-control-allow-origin': '*', 'access-control-allow-headers': 'Accept, App-Platform, Authorization, Content-Type, Origin, Retry-After, Spotify-App-Version, X-Cloud-Trace-Context, client-token, content-access-token', 'access-control-allow-methods': 'GET, POST, OPTIONS, PUT, DELETE, PATCH', 'access-control-allow-credentials': 'true', 'access-control-max-age': '604800', 'strict-transport-security': 'max-age=31536000', 'x-content-type-options': 'nosniff', 'alt-svc': 'h3=":443"; ma=2592000,h3-29=":443"; ma=2592000, h3=":443"; ma=2592000', 'content-encoding': 'gzip', 'vary': 'Accept-Encoding', 'date': 'Sat, 21 Feb 2026 03:25:07 GMT', 'server': 'envoy', 'via': 'HTTP/2 edgeproxy, 1.1 google', 'Transfer-Encoding': 'chunked'}
[2026-02-21T03:25:07.949+0000] {logging_mixin.py:188} INFO -    ⚠️ Contenido del error: {"error": {"status": 404, "message": "Resource not found" } }
[2026-02-21T03:25:15.960+0000] {logging_mixin.py:188} INFO -    🔍 Solicitando artista 3fMbdgg4jUjAjJp4lLk0Dt desde https://api.spotify.com/v1/artists/3fMbdgg4jUjAjJp4lLk0Dt
[2026-02-21T03:25:16.419+0000] {logging_mixin.py:188} INFO -    📡 Código de respuesta: 404
[2026-02-21T03:25:16.420+0000] {logging_mixin.py:188} INFO -    📨 Headers de respuesta: {'content-type': 'application/json; charset=utf-8', 'cache-control': 'private, max-age=0', 'access-control-allow-origin': '*', 'access-control-allow-headers': 'Accept, App-Platform, Authorization, Content-Type, Origin, Retry-After, Spotify-App-Version, X-Cloud-Trace-Context, client-token, content-access-token', 'access-control-allow-methods': 'GET, POST, OPTIONS, PUT, DELETE, PATCH', 'access-control-allow-credentials': 'true', 'access-control-max-age': '604800', 'strict-transport-security': 'max-age=31536000', 'x-content-type-options': 'nosniff', 'alt-svc': 'h3=":443"; ma=2592000,h3-29=":443"; ma=2592000, h3=":443"; ma=2592000,h3-29=":443"; ma=2592000', 'content-encoding': 'gzip', 'vary': 'Accept-Encoding', 'date': 'Sat, 21 Feb 2026 03:25:15 GMT', 'server': 'envoy', 'via': 'HTTP/2 edgeproxy, 1.1 google', 'Transfer-Encoding': 'chunked'}
[2026-02-21T03:25:16.421+0000] {logging_mixin.py:188} INFO -    ⚠️ Contenido del error: {"error": {"status": 404, "message": "Resource not found" } }
[2026-02-21T03:25:16.422+0000] {logging_mixin.py:188} INFO -    ❌ Error extrayendo artista 3fMbdgg4jUjAjJp4lLk0Dt: RetryError[<Future at 0x778e62f14310 state=finished raised HTTPError>]
[2026-02-21T03:25:16.558+0000] {python.py:201} INFO - Done. Returned value was: /opt/***/dags/data_lake/spotify_project/bronze/raw_artists_20260221_0325.parquet
[2026-02-21T03:25:16.628+0000] {taskinstance.py:1138} INFO - Marking task as SUCCESS. dag_id=spotify_etl, task_id=extraer_spotify_bronze, execution_date=20260221T032454, start_date=20260221T032456, end_date=20260221T032516
[2026-02-21T03:25:16.735+0000] {local_task_job_runner.py:234} INFO - Task exited with return code 0
[2026-02-21T03:25:16.786+0000] {taskinstance.py:3280} INFO - 0 downstream tasks scheduled from follow-on schedule check
