[2026-02-20T17:00:02.106+0000] {taskinstance.py:1956} INFO - Dependencies all met for dep_context=non-requeueable deps ti=<TaskInstance: owd_etl_robusto.extraer_raw scheduled__2026-02-20T16:00:00+00:00 [queued]>
[2026-02-20T17:00:02.121+0000] {taskinstance.py:1956} INFO - Dependencies all met for dep_context=requeueable deps ti=<TaskInstance: owd_etl_robusto.extraer_raw scheduled__2026-02-20T16:00:00+00:00 [queued]>
[2026-02-20T17:00:02.122+0000] {taskinstance.py:2170} INFO - Starting attempt 1 of 3
[2026-02-20T17:00:02.147+0000] {taskinstance.py:2191} INFO - Executing <Task(_PythonDecoratedOperator): extraer_raw> on 2026-02-20 16:00:00+00:00
[2026-02-20T17:00:02.156+0000] {standard_task_runner.py:60} INFO - Started process 27317 to run task
[2026-02-20T17:00:02.164+0000] {standard_task_runner.py:87} INFO - Running: ['***', 'tasks', 'run', 'owd_etl_robusto', 'extraer_raw', 'scheduled__2026-02-20T16:00:00+00:00', '--job-id', '90', '--raw', '--subdir', 'DAGS_FOLDER/owd_etl_robusto.py', '--cfg-path', '/tmp/tmp5p85a_t5']
[2026-02-20T17:00:02.169+0000] {standard_task_runner.py:88} INFO - Job 90: Subtask extraer_raw
[2026-02-20T17:00:02.202+0000] {logging_mixin.py:188} WARNING - /home/***/.local/lib/python3.8/site-packages/***/settings.py:194 DeprecationWarning: The sql_alchemy_conn option in [core] has been moved to the sql_alchemy_conn option in [database] - the old setting has been used, but please update your config.
[2026-02-20T17:00:02.293+0000] {task_command.py:423} INFO - Running <TaskInstance: owd_etl_robusto.extraer_raw scheduled__2026-02-20T16:00:00+00:00 [running]> on host 9c61b33cde5a
[2026-02-20T17:00:02.922+0000] {taskinstance.py:2480} INFO - Exporting env vars: AIRFLOW_CTX_DAG_OWNER='Procesos_ETL' AIRFLOW_CTX_DAG_ID='owd_etl_robusto' AIRFLOW_CTX_TASK_ID='extraer_raw' AIRFLOW_CTX_EXECUTION_DATE='2026-02-20T16:00:00+00:00' AIRFLOW_CTX_TRY_NUMBER='1' AIRFLOW_CTX_DAG_RUN_ID='scheduled__2026-02-20T16:00:00+00:00'
[2026-02-20T17:00:02.923+0000] {logging_mixin.py:188} INFO - Iniciando la extracción de datos desde la Api...
[2026-02-20T17:00:03.402+0000] {logging_mixin.py:188} INFO - Extraido: Quito
[2026-02-20T17:00:03.961+0000] {logging_mixin.py:188} INFO - Extraido: Loja
[2026-02-20T17:00:04.398+0000] {logging_mixin.py:188} INFO - Extraido: Guayaquil
[2026-02-20T17:00:04.822+0000] {logging_mixin.py:188} INFO - Extraido: Cuenca
[2026-02-20T17:00:05.228+0000] {logging_mixin.py:188} INFO - Extraido: London
[2026-02-20T17:00:05.640+0000] {logging_mixin.py:188} INFO - Extraido: Tokyo
[2026-02-20T17:00:06.070+0000] {logging_mixin.py:188} INFO - Extraido: Madrid
[2026-02-20T17:00:06.252+0000] {logging_mixin.py:188} INFO - (Bronze) Datos guardados en: /opt/***/dags/data_lake/master_weather/bronze/raw_weather_20260220_1700.parquet
[2026-02-20T17:00:06.253+0000] {python.py:201} INFO - Done. Returned value was: /opt/***/dags/data_lake/master_weather/bronze/raw_weather_20260220_1700.parquet
[2026-02-20T17:00:06.288+0000] {taskinstance.py:1138} INFO - Marking task as SUCCESS. dag_id=owd_etl_robusto, task_id=extraer_raw, execution_date=20260220T160000, start_date=20260220T170002, end_date=20260220T170006
[2026-02-20T17:00:06.326+0000] {local_task_job_runner.py:234} INFO - Task exited with return code 0
[2026-02-20T17:00:06.361+0000] {taskinstance.py:3280} INFO - 1 downstream tasks scheduled from follow-on schedule check
