[2026-02-21T13:57:45.995+0000] {taskinstance.py:1956} INFO - Dependencies all met for dep_context=non-requeueable deps ti=<TaskInstance: spotify_etl.transformar_silver manual__2026-02-21T13:57:39.376540+00:00 [queued]>
[2026-02-21T13:57:46.007+0000] {taskinstance.py:1956} INFO - Dependencies all met for dep_context=requeueable deps ti=<TaskInstance: spotify_etl.transformar_silver manual__2026-02-21T13:57:39.376540+00:00 [queued]>
[2026-02-21T13:57:46.008+0000] {taskinstance.py:2170} INFO - Starting attempt 1 of 3
[2026-02-21T13:57:46.031+0000] {taskinstance.py:2191} INFO - Executing <Task(_PythonDecoratedOperator): transformar_silver> on 2026-02-21 13:57:39.376540+00:00
[2026-02-21T13:57:46.044+0000] {standard_task_runner.py:60} INFO - Started process 1355 to run task
[2026-02-21T13:57:46.050+0000] {standard_task_runner.py:87} INFO - Running: ['***', 'tasks', 'run', 'spotify_etl', 'transformar_silver', 'manual__2026-02-21T13:57:39.376540+00:00', '--job-id', '287', '--raw', '--subdir', 'DAGS_FOLDER/spotyfy_etl.py', '--cfg-path', '/tmp/tmp9r0kn2q3']
[2026-02-21T13:57:46.053+0000] {standard_task_runner.py:88} INFO - Job 287: Subtask transformar_silver
[2026-02-21T13:57:46.078+0000] {logging_mixin.py:188} WARNING - /home/***/.local/lib/python3.8/site-packages/***/settings.py:194 DeprecationWarning: The sql_alchemy_conn option in [core] has been moved to the sql_alchemy_conn option in [database] - the old setting has been used, but please update your config.
[2026-02-21T13:57:46.151+0000] {task_command.py:423} INFO - Running <TaskInstance: spotify_etl.transformar_silver manual__2026-02-21T13:57:39.376540+00:00 [running]> on host 4db39a7f84f2
[2026-02-21T13:57:46.635+0000] {taskinstance.py:2480} INFO - Exporting env vars: AIRFLOW_CTX_DAG_OWNER='maestria_bigdata' AIRFLOW_CTX_DAG_ID='spotify_etl' AIRFLOW_CTX_TASK_ID='transformar_silver' AIRFLOW_CTX_EXECUTION_DATE='2026-02-21T13:57:39.376540+00:00' AIRFLOW_CTX_TRY_NUMBER='1' AIRFLOW_CTX_DAG_RUN_ID='manual__2026-02-21T13:57:39.376540+00:00'
[2026-02-21T13:57:46.637+0000] {logging_mixin.py:188} INFO - ⚙️ [SILVER] Procesando: /opt/***/dags/data_lake/spotify_project/bronze/raw_artists_20260221_1357.parquet
[2026-02-21T13:57:46.708+0000] {logging_mixin.py:188} INFO - external_urls    {'spotify': 'https://open.spotify.com/artist/1...
href             https://api.spotify.com/v1/artists/1Xyo4u8uXC1...
id                                          1Xyo4u8uXC1ZmMpatF05PJ
images           [{'height': 640, 'url': 'https://i.scdn.co/ima...
name                                                    The Weeknd
type                                                        artist
uri                          spotify:artist:1Xyo4u8uXC1ZmMpatF05PJ
Name: 0, dtype: object
[2026-02-21T13:57:46.711+0000] {logging_mixin.py:188} INFO - external_urls    {'spotify': 'https://open.spotify.com/artist/7...
href             https://api.spotify.com/v1/artists/7ltDVBr6mKb...
id                                          7ltDVBr6mKbRvohxheJ9h1
images           [{'height': 640, 'url': 'https://i.scdn.co/ima...
name                                                       ROSALÍA
type                                                        artist
uri                          spotify:artist:7ltDVBr6mKbRvohxheJ9h1
Name: 1, dtype: object
[2026-02-21T13:57:46.713+0000] {logging_mixin.py:188} INFO - external_urls    {'spotify': 'https://open.spotify.com/artist/4...
href             https://api.spotify.com/v1/artists/4tZwfgrHOc3...
id                                          4tZwfgrHOc3mvqYlEYSvVi
images           [{'height': 640, 'url': 'https://i.scdn.co/ima...
name                                                     Daft Punk
type                                                        artist
uri                          spotify:artist:4tZwfgrHOc3mvqYlEYSvVi
Name: 2, dtype: object
[2026-02-21T13:57:46.715+0000] {logging_mixin.py:188} INFO - external_urls    {'spotify': 'https://open.spotify.com/artist/4...
href             https://api.spotify.com/v1/artists/4dpARuHxo51...
id                                          4dpARuHxo51G3z768sgnrY
images           [{'height': 640, 'url': 'https://i.scdn.co/ima...
name                                                         Adele
type                                                        artist
uri                          spotify:artist:4dpARuHxo51G3z768sgnrY
Name: 3, dtype: object
[2026-02-21T13:57:46.717+0000] {logging_mixin.py:188} INFO - external_urls    {'spotify': 'https://open.spotify.com/artist/7...
href             https://api.spotify.com/v1/artists/7dGJo4pcD2V...
id                                          7dGJo4pcD2V6oG8kP0tJRR
images           [{'height': 640, 'url': 'https://i.scdn.co/ima...
name                                                        Eminem
type                                                        artist
uri                          spotify:artist:7dGJo4pcD2V6oG8kP0tJRR
Name: 4, dtype: object
[2026-02-21T13:57:46.718+0000] {taskinstance.py:2698} ERROR - Task failed with exception
Traceback (most recent call last):
  File "/home/airflow/.local/lib/python3.8/site-packages/pandas/core/indexes/base.py", line 3653, in get_loc
    return self._engine.get_loc(casted_key)
  File "pandas/_libs/index.pyx", line 147, in pandas._libs.index.IndexEngine.get_loc
  File "pandas/_libs/index.pyx", line 176, in pandas._libs.index.IndexEngine.get_loc
  File "pandas/_libs/hashtable_class_helper.pxi", line 7080, in pandas._libs.hashtable.PyObjectHashTable.get_item
  File "pandas/_libs/hashtable_class_helper.pxi", line 7088, in pandas._libs.hashtable.PyObjectHashTable.get_item
KeyError: 'main_genre'

The above exception was the direct cause of the following exception:

Traceback (most recent call last):
  File "/home/airflow/.local/lib/python3.8/site-packages/airflow/models/taskinstance.py", line 433, in _execute_task
    result = execute_callable(context=context, **execute_callable_kwargs)
  File "/home/airflow/.local/lib/python3.8/site-packages/airflow/decorators/base.py", line 241, in execute
    return_value = super().execute(context)
  File "/home/airflow/.local/lib/python3.8/site-packages/airflow/operators/python.py", line 199, in execute
    return_value = self.execute_callable()
  File "/home/airflow/.local/lib/python3.8/site-packages/airflow/operators/python.py", line 216, in execute_callable
    return self.python_callable(*self.op_args, **self.op_kwargs)
  File "/opt/airflow/dags/spotyfy_etl.py", line 111, in transformar_silver
    df_silver['main_genre'] = df_silver['main_genre'].astype('category')
  File "/home/airflow/.local/lib/python3.8/site-packages/pandas/core/frame.py", line 3761, in __getitem__
    indexer = self.columns.get_loc(key)
  File "/home/airflow/.local/lib/python3.8/site-packages/pandas/core/indexes/base.py", line 3655, in get_loc
    raise KeyError(key) from err
KeyError: 'main_genre'
[2026-02-21T13:57:46.793+0000] {taskinstance.py:1138} INFO - Marking task as UP_FOR_RETRY. dag_id=spotify_etl, task_id=transformar_silver, execution_date=20260221T135739, start_date=20260221T135745, end_date=20260221T135746
[2026-02-21T13:57:46.821+0000] {standard_task_runner.py:107} ERROR - Failed to execute job 287 for task transformar_silver ('main_genre'; 1355)
[2026-02-21T13:57:46.867+0000] {local_task_job_runner.py:234} INFO - Task exited with return code 1
[2026-02-21T13:57:46.935+0000] {taskinstance.py:3280} INFO - 0 downstream tasks scheduled from follow-on schedule check
