[2026-02-21T00:04:31.595+0000] {taskinstance.py:1956} INFO - Dependencies all met for dep_context=non-requeueable deps ti=<TaskInstance: spotify_etl.transformar_silver scheduled__2026-02-20T00:00:00+00:00 [queued]>
[2026-02-21T00:04:31.610+0000] {taskinstance.py:1956} INFO - Dependencies all met for dep_context=requeueable deps ti=<TaskInstance: spotify_etl.transformar_silver scheduled__2026-02-20T00:00:00+00:00 [queued]>
[2026-02-21T00:04:31.611+0000] {taskinstance.py:2170} INFO - Starting attempt 3 of 3
[2026-02-21T00:04:31.638+0000] {taskinstance.py:2191} INFO - Executing <Task(_PythonDecoratedOperator): transformar_silver> on 2026-02-20 00:00:00+00:00
[2026-02-21T00:04:31.650+0000] {standard_task_runner.py:60} INFO - Started process 45333 to run task
[2026-02-21T00:04:31.657+0000] {standard_task_runner.py:87} INFO - Running: ['***', 'tasks', 'run', 'spotify_etl', 'transformar_silver', 'scheduled__2026-02-20T00:00:00+00:00', '--job-id', '117', '--raw', '--subdir', 'DAGS_FOLDER/spotyfy_etl.py', '--cfg-path', '/tmp/tmpzlhs_lke']
[2026-02-21T00:04:31.662+0000] {standard_task_runner.py:88} INFO - Job 117: Subtask transformar_silver
[2026-02-21T00:04:31.692+0000] {logging_mixin.py:188} WARNING - /home/***/.local/lib/python3.8/site-packages/***/settings.py:194 DeprecationWarning: The sql_alchemy_conn option in [core] has been moved to the sql_alchemy_conn option in [database] - the old setting has been used, but please update your config.
[2026-02-21T00:04:31.782+0000] {task_command.py:423} INFO - Running <TaskInstance: spotify_etl.transformar_silver scheduled__2026-02-20T00:00:00+00:00 [running]> on host 9c61b33cde5a
[2026-02-21T00:04:32.215+0000] {taskinstance.py:2480} INFO - Exporting env vars: AIRFLOW_CTX_DAG_OWNER='maestria_bigdata' AIRFLOW_CTX_DAG_ID='spotify_etl' AIRFLOW_CTX_TASK_ID='transformar_silver' AIRFLOW_CTX_EXECUTION_DATE='2026-02-20T00:00:00+00:00' AIRFLOW_CTX_TRY_NUMBER='3' AIRFLOW_CTX_DAG_RUN_ID='scheduled__2026-02-20T00:00:00+00:00'
[2026-02-21T00:04:32.216+0000] {logging_mixin.py:188} INFO - ⚙️ [SILVER] Procesando: /opt/***/dags/data_lake/spotify_project/bronze/raw_artists_20260221_0000.parquet
[2026-02-21T00:04:32.287+0000] {taskinstance.py:2698} ERROR - Task failed with exception
Traceback (most recent call last):
  File "/home/airflow/.local/lib/python3.8/site-packages/airflow/models/taskinstance.py", line 433, in _execute_task
    result = execute_callable(context=context, **execute_callable_kwargs)
  File "/home/airflow/.local/lib/python3.8/site-packages/airflow/decorators/base.py", line 241, in execute
    return_value = super().execute(context)
  File "/home/airflow/.local/lib/python3.8/site-packages/airflow/operators/python.py", line 199, in execute
    return_value = self.execute_callable()
  File "/home/airflow/.local/lib/python3.8/site-packages/airflow/operators/python.py", line 216, in execute_callable
    return self.python_callable(*self.op_args, **self.op_kwargs)
  File "/opt/airflow/dags/spotyfy_etl.py", line 91, in transformar_silver
    'followers': row['followers'].get('total'),
AttributeError: 'NoneType' object has no attribute 'get'
[2026-02-21T00:04:32.305+0000] {taskinstance.py:1138} INFO - Marking task as FAILED. dag_id=spotify_etl, task_id=transformar_silver, execution_date=20260220T000000, start_date=20260221T000431, end_date=20260221T000432
[2026-02-21T00:04:32.351+0000] {standard_task_runner.py:107} ERROR - Failed to execute job 117 for task transformar_silver ('NoneType' object has no attribute 'get'; 45333)
[2026-02-21T00:04:32.393+0000] {local_task_job_runner.py:234} INFO - Task exited with return code 1
[2026-02-21T00:04:32.502+0000] {taskinstance.py:3280} INFO - 0 downstream tasks scheduled from follow-on schedule check
