[2026-03-13T17:54:25.473+0000] {taskinstance.py:1956} INFO - Dependencies all met for dep_context=non-requeueable deps ti=<TaskInstance: 10_crypto_live_etl.cargar_crypto_gold scheduled__2026-03-13T16:00:00+00:00 [queued]>
[2026-03-13T17:54:25.486+0000] {taskinstance.py:1956} INFO - Dependencies all met for dep_context=requeueable deps ti=<TaskInstance: 10_crypto_live_etl.cargar_crypto_gold scheduled__2026-03-13T16:00:00+00:00 [queued]>
[2026-03-13T17:54:25.487+0000] {taskinstance.py:2170} INFO - Starting attempt 1 of 3
[2026-03-13T17:54:25.507+0000] {taskinstance.py:2191} INFO - Executing <Task(_PythonDecoratedOperator): cargar_crypto_gold> on 2026-03-13 16:00:00+00:00
[2026-03-13T17:54:25.517+0000] {standard_task_runner.py:60} INFO - Started process 21069 to run task
[2026-03-13T17:54:25.522+0000] {standard_task_runner.py:87} INFO - Running: ['***', 'tasks', 'run', '10_crypto_live_etl', 'cargar_crypto_gold', 'scheduled__2026-03-13T16:00:00+00:00', '--job-id', '442', '--raw', '--subdir', 'DAGS_FOLDER/crypto_live_etl.py', '--cfg-path', '/tmp/tmp_7ywn0k7']
[2026-03-13T17:54:25.525+0000] {standard_task_runner.py:88} INFO - Job 442: Subtask cargar_crypto_gold
[2026-03-13T17:54:25.552+0000] {logging_mixin.py:188} WARNING - /home/***/.local/lib/python3.8/site-packages/***/settings.py:194 DeprecationWarning: The sql_alchemy_conn option in [core] has been moved to the sql_alchemy_conn option in [database] - the old setting has been used, but please update your config.
[2026-03-13T17:54:25.653+0000] {task_command.py:423} INFO - Running <TaskInstance: 10_crypto_live_etl.cargar_crypto_gold scheduled__2026-03-13T16:00:00+00:00 [running]> on host bdedc0003795
[2026-03-13T17:54:26.311+0000] {taskinstance.py:2480} INFO - Exporting env vars: AIRFLOW_CTX_DAG_OWNER='maestria_bigdata' AIRFLOW_CTX_DAG_ID='10_crypto_live_etl' AIRFLOW_CTX_TASK_ID='cargar_crypto_gold' AIRFLOW_CTX_EXECUTION_DATE='2026-03-13T16:00:00+00:00' AIRFLOW_CTX_TRY_NUMBER='1' AIRFLOW_CTX_DAG_RUN_ID='scheduled__2026-03-13T16:00:00+00:00'
[2026-03-13T17:54:26.315+0000] {logging_mixin.py:188} INFO - 🎯 [GOLD] Ejecutando Merge Bursátil (CDC)...
[2026-03-13T17:54:27.186+0000] {logging_mixin.py:188} INFO - ==================================================
[2026-03-13T17:54:27.188+0000] {logging_mixin.py:188} INFO - 📈 REPORTE CDC EN VIVO:
[2026-03-13T17:54:27.189+0000] {logging_mixin.py:188} INFO -    🔄 Precios Actualizados (Updates): 100
[2026-03-13T17:54:27.190+0000] {logging_mixin.py:188} INFO -    ✨ Nuevas Monedas en el Top 300 (Inserts): 0
[2026-03-13T17:54:27.191+0000] {logging_mixin.py:188} INFO -    🏦 Total de activos rastreados: 331
[2026-03-13T17:54:27.192+0000] {logging_mixin.py:188} INFO - ==================================================
[2026-03-13T17:54:27.193+0000] {python.py:201} INFO - Done. Returned value was: None
[2026-03-13T17:54:27.223+0000] {taskinstance.py:1138} INFO - Marking task as SUCCESS. dag_id=10_crypto_live_etl, task_id=cargar_crypto_gold, execution_date=20260313T160000, start_date=20260313T175425, end_date=20260313T175427
[2026-03-13T17:54:27.353+0000] {local_task_job_runner.py:234} INFO - Task exited with return code 0
[2026-03-13T17:54:27.409+0000] {taskinstance.py:3280} INFO - 0 downstream tasks scheduled from follow-on schedule check
