[2026-03-13T01:00:26.799+0000] {taskinstance.py:1956} INFO - Dependencies all met for dep_context=non-requeueable deps ti=<TaskInstance: 10_crypto_live_etl.cargar_crypto_gold scheduled__2026-03-13T00:00:00+00:00 [queued]>
[2026-03-13T01:00:26.812+0000] {taskinstance.py:1956} INFO - Dependencies all met for dep_context=requeueable deps ti=<TaskInstance: 10_crypto_live_etl.cargar_crypto_gold scheduled__2026-03-13T00:00:00+00:00 [queued]>
[2026-03-13T01:00:26.813+0000] {taskinstance.py:2170} INFO - Starting attempt 1 of 3
[2026-03-13T01:00:26.835+0000] {taskinstance.py:2191} INFO - Executing <Task(_PythonDecoratedOperator): cargar_crypto_gold> on 2026-03-13 00:00:00+00:00
[2026-03-13T01:00:26.844+0000] {standard_task_runner.py:60} INFO - Started process 6757 to run task
[2026-03-13T01:00:26.849+0000] {standard_task_runner.py:87} INFO - Running: ['***', 'tasks', 'run', '10_crypto_live_etl', 'cargar_crypto_gold', 'scheduled__2026-03-13T00:00:00+00:00', '--job-id', '423', '--raw', '--subdir', 'DAGS_FOLDER/crypto_live_etl.py', '--cfg-path', '/tmp/tmpt02p1epp']
[2026-03-13T01:00:26.852+0000] {standard_task_runner.py:88} INFO - Job 423: Subtask cargar_crypto_gold
[2026-03-13T01:00:26.878+0000] {logging_mixin.py:188} WARNING - /home/***/.local/lib/python3.8/site-packages/***/settings.py:194 DeprecationWarning: The sql_alchemy_conn option in [core] has been moved to the sql_alchemy_conn option in [database] - the old setting has been used, but please update your config.
[2026-03-13T01:00:26.942+0000] {task_command.py:423} INFO - Running <TaskInstance: 10_crypto_live_etl.cargar_crypto_gold scheduled__2026-03-13T00:00:00+00:00 [running]> on host bdedc0003795
[2026-03-13T01:00:27.431+0000] {taskinstance.py:2480} INFO - Exporting env vars: AIRFLOW_CTX_DAG_OWNER='maestria_bigdata' AIRFLOW_CTX_DAG_ID='10_crypto_live_etl' AIRFLOW_CTX_TASK_ID='cargar_crypto_gold' AIRFLOW_CTX_EXECUTION_DATE='2026-03-13T00:00:00+00:00' AIRFLOW_CTX_TRY_NUMBER='1' AIRFLOW_CTX_DAG_RUN_ID='scheduled__2026-03-13T00:00:00+00:00'
[2026-03-13T01:00:27.432+0000] {logging_mixin.py:188} INFO - 🎯 [GOLD] Ejecutando Merge Bursátil (CDC)...
[2026-03-13T01:00:27.556+0000] {logging_mixin.py:188} INFO - ==================================================
[2026-03-13T01:00:27.557+0000] {logging_mixin.py:188} INFO - 📈 REPORTE CDC EN VIVO:
[2026-03-13T01:00:27.559+0000] {logging_mixin.py:188} INFO -    🔄 Precios Actualizados (Updates): 300
[2026-03-13T01:00:27.560+0000] {logging_mixin.py:188} INFO -    ✨ Nuevas Monedas en el Top 300 (Inserts): 0
[2026-03-13T01:00:27.560+0000] {logging_mixin.py:188} INFO -    🏦 Total de activos rastreados: 329
[2026-03-13T01:00:27.561+0000] {logging_mixin.py:188} INFO - ==================================================
[2026-03-13T01:00:27.562+0000] {python.py:201} INFO - Done. Returned value was: None
[2026-03-13T01:00:27.575+0000] {taskinstance.py:1138} INFO - Marking task as SUCCESS. dag_id=10_crypto_live_etl, task_id=cargar_crypto_gold, execution_date=20260313T000000, start_date=20260313T010026, end_date=20260313T010027
[2026-03-13T01:00:27.626+0000] {local_task_job_runner.py:234} INFO - Task exited with return code 0
[2026-03-13T01:00:27.653+0000] {taskinstance.py:3280} INFO - 0 downstream tasks scheduled from follow-on schedule check
