[2026-02-18T00:00:01.738+0000] {taskinstance.py:1956} INFO - Dependencies all met for dep_context=non-requeueable deps ti=<TaskInstance: owd_etl.extraer_api_y_explorar scheduled__2026-02-17T00:00:00+00:00 [queued]>
[2026-02-18T00:00:01.749+0000] {taskinstance.py:1956} INFO - Dependencies all met for dep_context=requeueable deps ti=<TaskInstance: owd_etl.extraer_api_y_explorar scheduled__2026-02-17T00:00:00+00:00 [queued]>
[2026-02-18T00:00:01.750+0000] {taskinstance.py:2170} INFO - Starting attempt 1 of 2
[2026-02-18T00:00:01.772+0000] {taskinstance.py:2191} INFO - Executing <Task(_PythonDecoratedOperator): extraer_api_y_explorar> on 2026-02-17 00:00:00+00:00
[2026-02-18T00:00:01.781+0000] {standard_task_runner.py:60} INFO - Started process 68606 to run task
[2026-02-18T00:00:01.787+0000] {standard_task_runner.py:87} INFO - Running: ['***', 'tasks', 'run', 'owd_etl', 'extraer_api_y_explorar', 'scheduled__2026-02-17T00:00:00+00:00', '--job-id', '19', '--raw', '--subdir', 'DAGS_FOLDER/owd_etl.py', '--cfg-path', '/tmp/tmpvgdu7s3c']
[2026-02-18T00:00:01.791+0000] {standard_task_runner.py:88} INFO - Job 19: Subtask extraer_api_y_explorar
[2026-02-18T00:00:01.822+0000] {logging_mixin.py:188} WARNING - /home/***/.local/lib/python3.8/site-packages/***/settings.py:194 DeprecationWarning: The sql_alchemy_conn option in [core] has been moved to the sql_alchemy_conn option in [database] - the old setting has been used, but please update your config.
[2026-02-18T00:00:01.886+0000] {task_command.py:423} INFO - Running <TaskInstance: owd_etl.extraer_api_y_explorar scheduled__2026-02-17T00:00:00+00:00 [running]> on host 21fafdf21d68
[2026-02-18T00:00:02.590+0000] {taskinstance.py:2480} INFO - Exporting env vars: AIRFLOW_CTX_DAG_OWNER='Clases_etl' AIRFLOW_CTX_DAG_ID='owd_etl' AIRFLOW_CTX_TASK_ID='extraer_api_y_explorar' AIRFLOW_CTX_EXECUTION_DATE='2026-02-17T00:00:00+00:00' AIRFLOW_CTX_TRY_NUMBER='1' AIRFLOW_CTX_DAG_RUN_ID='scheduled__2026-02-17T00:00:00+00:00'
[2026-02-18T00:00:02.592+0000] {logging_mixin.py:188} INFO - 📡 Solicitando clima actual para: Loja,EC
[2026-02-18T00:00:03.074+0000] {logging_mixin.py:188} INFO - 
==================================================
[2026-02-18T00:00:03.075+0000] {logging_mixin.py:188} INFO - 🔍 ESTRUCTURA DEL JSON RECIBIDO (RAW DATA):
[2026-02-18T00:00:03.076+0000] {logging_mixin.py:188} INFO - {
    "coord": {
        "lon": -79.2042,
        "lat": -3.9931
    },
    "weather": [
        {
            "id": 500,
            "main": "Rain",
            "description": "light rain",
            "icon": "10n"
        }
    ],
    "base": "stations",
    "main": {
        "temp": 21.67,
        "feels_like": 21.12,
        "temp_min": 21.67,
        "temp_max": 21.67,
        "pressure": 1015,
        "humidity": 47,
        "sea_level": 1015,
        "grnd_level": 798
    },
    "visibility": 10000,
    "wind": {
        "speed": 3.6,
        "deg": 50
    },
    "rain": {
        "1h": 0.32
    },
    "clouds": {
        "all": 100
    },
    "dt": 1771372803,
    "sys": {
        "type": 1,
        "id": 8540,
        "country": "EC",
        "sunrise": 1771327451,
        "sunset": 1771371465
    },
    "timezone": -18000,
    "id": 3654667,
    "name": "Loja",
    "cod": 200
}
[2026-02-18T00:00:03.076+0000] {logging_mixin.py:188} INFO - ==================================================
[2026-02-18T00:00:03.095+0000] {python.py:201} INFO - Done. Returned value was: /opt/***/dags/data_lake/simple_weather/raw/clima_crudo.json
[2026-02-18T00:00:03.153+0000] {taskinstance.py:1138} INFO - Marking task as SUCCESS. dag_id=owd_etl, task_id=extraer_api_y_explorar, execution_date=20260217T000000, start_date=20260218T000001, end_date=20260218T000003
[2026-02-18T00:00:03.208+0000] {local_task_job_runner.py:234} INFO - Task exited with return code 0
[2026-02-18T00:00:03.238+0000] {taskinstance.py:3280} INFO - 1 downstream tasks scheduled from follow-on schedule check
