[2026-03-13T14:21:57.458+0000] {taskinstance.py:1956} INFO - Dependencies all met for dep_context=non-requeueable deps ti=<TaskInstance: 10_crypto_live_etl.cargar_crypto_gold scheduled__2026-03-13T03:00:00+00:00 [queued]>
[2026-03-13T14:21:57.516+0000] {taskinstance.py:1956} INFO - Dependencies all met for dep_context=requeueable deps ti=<TaskInstance: 10_crypto_live_etl.cargar_crypto_gold scheduled__2026-03-13T03:00:00+00:00 [queued]>
[2026-03-13T14:21:57.518+0000] {taskinstance.py:2170} INFO - Starting attempt 2 of 3
[2026-03-13T14:21:57.584+0000] {taskinstance.py:2191} INFO - Executing <Task(_PythonDecoratedOperator): cargar_crypto_gold> on 2026-03-13 03:00:00+00:00
[2026-03-13T14:21:57.634+0000] {standard_task_runner.py:60} INFO - Started process 10674 to run task
[2026-03-13T14:21:57.643+0000] {standard_task_runner.py:87} INFO - Running: ['***', 'tasks', 'run', '10_crypto_live_etl', 'cargar_crypto_gold', 'scheduled__2026-03-13T03:00:00+00:00', '--job-id', '433', '--raw', '--subdir', 'DAGS_FOLDER/crypto_live_etl.py', '--cfg-path', '/tmp/tmpogo9blga']
[2026-03-13T14:21:57.660+0000] {standard_task_runner.py:88} INFO - Job 433: Subtask cargar_crypto_gold
[2026-03-13T14:21:57.754+0000] {logging_mixin.py:188} WARNING - /home/***/.local/lib/python3.8/site-packages/***/settings.py:194 DeprecationWarning: The sql_alchemy_conn option in [core] has been moved to the sql_alchemy_conn option in [database] - the old setting has been used, but please update your config.
[2026-03-13T14:21:57.935+0000] {task_command.py:423} INFO - Running <TaskInstance: 10_crypto_live_etl.cargar_crypto_gold scheduled__2026-03-13T03:00:00+00:00 [running]> on host bdedc0003795
[2026-03-13T14:21:59.320+0000] {taskinstance.py:2480} INFO - Exporting env vars: AIRFLOW_CTX_DAG_OWNER='maestria_bigdata' AIRFLOW_CTX_DAG_ID='10_crypto_live_etl' AIRFLOW_CTX_TASK_ID='cargar_crypto_gold' AIRFLOW_CTX_EXECUTION_DATE='2026-03-13T03:00:00+00:00' AIRFLOW_CTX_TRY_NUMBER='2' AIRFLOW_CTX_DAG_RUN_ID='scheduled__2026-03-13T03:00:00+00:00'
[2026-03-13T14:21:59.346+0000] {logging_mixin.py:188} INFO - 🎯 [GOLD] Ejecutando Merge Bursátil (CDC)...
[2026-03-13T14:22:02.306+0000] {logging_mixin.py:188} INFO - ==================================================
[2026-03-13T14:22:02.318+0000] {logging_mixin.py:188} INFO - 📈 REPORTE CDC EN VIVO:
[2026-03-13T14:22:02.352+0000] {logging_mixin.py:188} INFO -    🔄 Precios Actualizados (Updates): 100
[2026-03-13T14:22:02.359+0000] {logging_mixin.py:188} INFO -    ✨ Nuevas Monedas en el Top 300 (Inserts): 0
[2026-03-13T14:22:02.376+0000] {logging_mixin.py:188} INFO -    🏦 Total de activos rastreados: 329
[2026-03-13T14:22:02.382+0000] {logging_mixin.py:188} INFO - ==================================================
[2026-03-13T14:22:02.408+0000] {python.py:201} INFO - Done. Returned value was: None
[2026-03-13T14:22:02.493+0000] {taskinstance.py:1138} INFO - Marking task as SUCCESS. dag_id=10_crypto_live_etl, task_id=cargar_crypto_gold, execution_date=20260313T030000, start_date=20260313T142157, end_date=20260313T142202
[2026-03-13T14:22:02.836+0000] {local_task_job_runner.py:234} INFO - Task exited with return code 0
[2026-03-13T14:22:03.058+0000] {taskinstance.py:3280} INFO - 0 downstream tasks scheduled from follow-on schedule check
