[2026-03-13T14:20:47.704+0000] {taskinstance.py:1956} INFO - Dependencies all met for dep_context=non-requeueable deps ti=<TaskInstance: 10_crypto_live_etl.cargar_crypto_gold scheduled__2026-03-13T03:00:00+00:00 [queued]>
[2026-03-13T14:20:47.736+0000] {taskinstance.py:1956} INFO - Dependencies all met for dep_context=requeueable deps ti=<TaskInstance: 10_crypto_live_etl.cargar_crypto_gold scheduled__2026-03-13T03:00:00+00:00 [queued]>
[2026-03-13T14:20:47.740+0000] {taskinstance.py:2170} INFO - Starting attempt 1 of 3
[2026-03-13T14:20:47.791+0000] {taskinstance.py:2191} INFO - Executing <Task(_PythonDecoratedOperator): cargar_crypto_gold> on 2026-03-13 03:00:00+00:00
[2026-03-13T14:20:47.830+0000] {standard_task_runner.py:60} INFO - Started process 10574 to run task
[2026-03-13T14:20:47.848+0000] {standard_task_runner.py:87} INFO - Running: ['***', 'tasks', 'run', '10_crypto_live_etl', 'cargar_crypto_gold', 'scheduled__2026-03-13T03:00:00+00:00', '--job-id', '431', '--raw', '--subdir', 'DAGS_FOLDER/crypto_live_etl.py', '--cfg-path', '/tmp/tmp5s1vzu0z']
[2026-03-13T14:20:47.853+0000] {standard_task_runner.py:88} INFO - Job 431: Subtask cargar_crypto_gold
[2026-03-13T14:20:47.923+0000] {logging_mixin.py:188} WARNING - /home/***/.local/lib/python3.8/site-packages/***/settings.py:194 DeprecationWarning: The sql_alchemy_conn option in [core] has been moved to the sql_alchemy_conn option in [database] - the old setting has been used, but please update your config.
[2026-03-13T14:20:48.191+0000] {task_command.py:423} INFO - Running <TaskInstance: 10_crypto_live_etl.cargar_crypto_gold scheduled__2026-03-13T03:00:00+00:00 [running]> on host bdedc0003795
[2026-03-13T14:20:49.069+0000] {taskinstance.py:2480} INFO - Exporting env vars: AIRFLOW_CTX_DAG_OWNER='maestria_bigdata' AIRFLOW_CTX_DAG_ID='10_crypto_live_etl' AIRFLOW_CTX_TASK_ID='cargar_crypto_gold' AIRFLOW_CTX_EXECUTION_DATE='2026-03-13T03:00:00+00:00' AIRFLOW_CTX_TRY_NUMBER='1' AIRFLOW_CTX_DAG_RUN_ID='scheduled__2026-03-13T03:00:00+00:00'
[2026-03-13T14:20:49.072+0000] {logging_mixin.py:188} INFO - 🎯 [GOLD] Ejecutando Merge Bursátil (CDC)...
[2026-03-13T14:20:52.982+0000] {taskinstance.py:2698} ERROR - Task failed with exception
Traceback (most recent call last):
  File "/home/airflow/.local/lib/python3.8/site-packages/airflow/models/taskinstance.py", line 433, in _execute_task
    result = execute_callable(context=context, **execute_callable_kwargs)
  File "/home/airflow/.local/lib/python3.8/site-packages/airflow/decorators/base.py", line 241, in execute
    return_value = super().execute(context)
  File "/home/airflow/.local/lib/python3.8/site-packages/airflow/operators/python.py", line 199, in execute
    return_value = self.execute_callable()
  File "/home/airflow/.local/lib/python3.8/site-packages/airflow/operators/python.py", line 216, in execute_callable
    return self.python_callable(*self.op_args, **self.op_kwargs)
  File "/opt/airflow/dags/crypto_live_etl.py", line 140, in cargar_crypto_gold
    df_master = pd.read_parquet(ruta_master)
  File "/home/airflow/.local/lib/python3.8/site-packages/pandas/io/parquet.py", line 509, in read_parquet
    return impl.read(
  File "/home/airflow/.local/lib/python3.8/site-packages/pandas/io/parquet.py", line 227, in read
    pa_table = self.api.parquet.read_table(
  File "/home/airflow/.local/lib/python3.8/site-packages/pyarrow/parquet/core.py", line 3003, in read_table
    return dataset.read(columns=columns, use_threads=use_threads,
  File "/home/airflow/.local/lib/python3.8/site-packages/pyarrow/parquet/core.py", line 2631, in read
    table = self._dataset.to_table(
  File "pyarrow/_dataset.pyx", line 556, in pyarrow._dataset.Dataset.to_table
  File "pyarrow/_dataset.pyx", line 3713, in pyarrow._dataset.Scanner.to_table
  File "pyarrow/error.pxi", line 154, in pyarrow.lib.pyarrow_internal_check_status
  File "pyarrow/error.pxi", line 91, in pyarrow.lib.check_status
OSError: Couldn't deserialize thrift: TProtocolException: Invalid data
Deserializing page header failed.

[2026-03-13T14:20:53.622+0000] {taskinstance.py:1138} INFO - Marking task as UP_FOR_RETRY. dag_id=10_crypto_live_etl, task_id=cargar_crypto_gold, execution_date=20260313T030000, start_date=20260313T142047, end_date=20260313T142053
[2026-03-13T14:20:53.699+0000] {standard_task_runner.py:107} ERROR - Failed to execute job 431 for task cargar_crypto_gold (Couldn't deserialize thrift: TProtocolException: Invalid data
Deserializing page header failed.
; 10574)
[2026-03-13T14:20:53.792+0000] {local_task_job_runner.py:234} INFO - Task exited with return code 1
[2026-03-13T14:20:53.836+0000] {taskinstance.py:3280} INFO - 0 downstream tasks scheduled from follow-on schedule check
