[2026-02-21T02:55:15.357+0000] {taskinstance.py:1956} INFO - Dependencies all met for dep_context=non-requeueable deps ti=<TaskInstance: spotify_etl.extraer_spotify_bronze manual__2026-02-21T02:55:13.683747+00:00 [queued]>
[2026-02-21T02:55:15.371+0000] {taskinstance.py:1956} INFO - Dependencies all met for dep_context=requeueable deps ti=<TaskInstance: spotify_etl.extraer_spotify_bronze manual__2026-02-21T02:55:13.683747+00:00 [queued]>
[2026-02-21T02:55:15.372+0000] {taskinstance.py:2170} INFO - Starting attempt 1 of 3
[2026-02-21T02:55:15.401+0000] {taskinstance.py:2191} INFO - Executing <Task(_PythonDecoratedOperator): extraer_spotify_bronze> on 2026-02-21 02:55:13.683747+00:00
[2026-02-21T02:55:15.412+0000] {standard_task_runner.py:60} INFO - Started process 5005 to run task
[2026-02-21T02:55:15.417+0000] {standard_task_runner.py:87} INFO - Running: ['***', 'tasks', 'run', 'spotify_etl', 'extraer_spotify_bronze', 'manual__2026-02-21T02:55:13.683747+00:00', '--job-id', '153', '--raw', '--subdir', 'DAGS_FOLDER/spotyfy_etl.py', '--cfg-path', '/tmp/tmpp5xrqcar']
[2026-02-21T02:55:15.422+0000] {standard_task_runner.py:88} INFO - Job 153: Subtask extraer_spotify_bronze
[2026-02-21T02:55:15.456+0000] {logging_mixin.py:188} WARNING - /home/***/.local/lib/python3.8/site-packages/***/settings.py:194 DeprecationWarning: The sql_alchemy_conn option in [core] has been moved to the sql_alchemy_conn option in [database] - the old setting has been used, but please update your config.
[2026-02-21T02:55:15.546+0000] {task_command.py:423} INFO - Running <TaskInstance: spotify_etl.extraer_spotify_bronze manual__2026-02-21T02:55:13.683747+00:00 [running]> on host 4db39a7f84f2
[2026-02-21T02:55:16.008+0000] {taskinstance.py:2480} INFO - Exporting env vars: AIRFLOW_CTX_DAG_OWNER='maestria_bigdata' AIRFLOW_CTX_DAG_ID='spotify_etl' AIRFLOW_CTX_TASK_ID='extraer_spotify_bronze' AIRFLOW_CTX_EXECUTION_DATE='2026-02-21T02:55:13.683747+00:00' AIRFLOW_CTX_TRY_NUMBER='1' AIRFLOW_CTX_DAG_RUN_ID='manual__2026-02-21T02:55:13.683747+00:00'
[2026-02-21T02:55:16.011+0000] {logging_mixin.py:188} INFO - 🔐 [BRONZE] Autenticando con Spotify OAuth 2.0...
[2026-02-21T02:55:16.423+0000] {logging_mixin.py:188} INFO -    🔍 Solicitando artista 1Xyo4u8uXC1ZmMpatF05PJ desde https://api.spotify.com/v1/artists/1Xyo4u8uXC1ZmMpatF05PJ
[2026-02-21T02:55:16.811+0000] {logging_mixin.py:188} INFO -    📡 Código de respuesta: 200
[2026-02-21T02:55:16.812+0000] {logging_mixin.py:188} INFO -    ✅ Claves recibidas: ['external_urls', 'href', 'id', 'images', 'name', 'type', 'uri']
[2026-02-21T02:55:16.815+0000] {logging_mixin.py:188} INFO -    ✅ Artista extraído exitosamente.
[2026-02-21T02:55:16.816+0000] {logging_mixin.py:188} INFO -    🔍 Solicitando artista 7ltDVBr6mKbRvohxheJ9h1 desde https://api.spotify.com/v1/artists/7ltDVBr6mKbRvohxheJ9h1
[2026-02-21T02:55:17.269+0000] {logging_mixin.py:188} INFO -    📡 Código de respuesta: 200
[2026-02-21T02:55:17.270+0000] {logging_mixin.py:188} INFO -    ✅ Claves recibidas: ['external_urls', 'href', 'id', 'images', 'name', 'type', 'uri']
[2026-02-21T02:55:17.272+0000] {logging_mixin.py:188} INFO -    ✅ Artista extraído exitosamente.
[2026-02-21T02:55:17.274+0000] {logging_mixin.py:188} INFO -    🔍 Solicitando artista 4tZwfgrHOc3mvqYlEYSvVi desde https://api.spotify.com/v1/artists/4tZwfgrHOc3mvqYlEYSvVi
[2026-02-21T02:55:17.692+0000] {logging_mixin.py:188} INFO -    📡 Código de respuesta: 200
[2026-02-21T02:55:17.699+0000] {logging_mixin.py:188} INFO -    ✅ Claves recibidas: ['external_urls', 'href', 'id', 'images', 'name', 'type', 'uri']
[2026-02-21T02:55:17.703+0000] {logging_mixin.py:188} INFO -    ✅ Artista extraído exitosamente.
[2026-02-21T02:55:17.705+0000] {logging_mixin.py:188} INFO -    🔍 Solicitando artista 4q3ewBCX7sLwd24euOZa20 desde https://api.spotify.com/v1/artists/4q3ewBCX7sLwd24euOZa20
[2026-02-21T02:55:18.129+0000] {logging_mixin.py:188} INFO -    📡 Código de respuesta: 404
[2026-02-21T02:55:18.131+0000] {logging_mixin.py:188} INFO -    ⚠️ Contenido del error: {"error": {"status": 404, "message": "Resource not found" } }
[2026-02-21T02:55:20.135+0000] {logging_mixin.py:188} INFO -    🔍 Solicitando artista 4q3ewBCX7sLwd24euOZa20 desde https://api.spotify.com/v1/artists/4q3ewBCX7sLwd24euOZa20
[2026-02-21T02:55:20.523+0000] {logging_mixin.py:188} INFO -    📡 Código de respuesta: 404
[2026-02-21T02:55:20.524+0000] {logging_mixin.py:188} INFO -    ⚠️ Contenido del error: {"error": {"status": 404, "message": "Resource not found" } }
[2026-02-21T02:55:22.529+0000] {logging_mixin.py:188} INFO -    🔍 Solicitando artista 4q3ewBCX7sLwd24euOZa20 desde https://api.spotify.com/v1/artists/4q3ewBCX7sLwd24euOZa20
[2026-02-21T02:55:22.887+0000] {logging_mixin.py:188} INFO -    📡 Código de respuesta: 404
[2026-02-21T02:55:22.888+0000] {logging_mixin.py:188} INFO -    ⚠️ Contenido del error: {"error": {"status": 404, "message": "Resource not found" } }
[2026-02-21T02:55:26.893+0000] {logging_mixin.py:188} INFO -    🔍 Solicitando artista 4q3ewBCX7sLwd24euOZa20 desde https://api.spotify.com/v1/artists/4q3ewBCX7sLwd24euOZa20
[2026-02-21T02:55:27.433+0000] {logging_mixin.py:188} INFO -    📡 Código de respuesta: 404
[2026-02-21T02:55:27.455+0000] {logging_mixin.py:188} INFO -    ⚠️ Contenido del error: {"error": {"status": 404, "message": "Resource not found" } }
[2026-02-21T02:55:35.472+0000] {logging_mixin.py:188} INFO -    🔍 Solicitando artista 4q3ewBCX7sLwd24euOZa20 desde https://api.spotify.com/v1/artists/4q3ewBCX7sLwd24euOZa20
[2026-02-21T02:55:35.823+0000] {logging_mixin.py:188} INFO -    📡 Código de respuesta: 404
[2026-02-21T02:55:35.824+0000] {logging_mixin.py:188} INFO -    ⚠️ Contenido del error: {"error": {"status": 404, "message": "Resource not found" } }
[2026-02-21T02:55:35.825+0000] {logging_mixin.py:188} INFO -    ❌ Error extrayendo artista 4q3ewBCX7sLwd24euOZa20: RetryError[<Future at 0x778e62f20730 state=finished raised HTTPError>]
[2026-02-21T02:55:35.891+0000] {python.py:201} INFO - Done. Returned value was: /opt/***/dags/data_lake/spotify_project/bronze/raw_artists_20260221_0255.parquet
[2026-02-21T02:55:35.942+0000] {taskinstance.py:1138} INFO - Marking task as SUCCESS. dag_id=spotify_etl, task_id=extraer_spotify_bronze, execution_date=20260221T025513, start_date=20260221T025515, end_date=20260221T025535
[2026-02-21T02:55:35.988+0000] {local_task_job_runner.py:234} INFO - Task exited with return code 0
[2026-02-21T02:55:36.027+0000] {taskinstance.py:3280} INFO - 1 downstream tasks scheduled from follow-on schedule check
