[2026-03-25T16:38:44.777+0000] {processor.py:161} INFO - Started process (PID=170) to work on /opt/airflow/dags/crypto_live_etl.py
[2026-03-25T16:38:44.782+0000] {processor.py:830} INFO - Processing file /opt/airflow/dags/crypto_live_etl.py for tasks to queue
[2026-03-25T16:38:44.785+0000] {logging_mixin.py:188} INFO - [2026-03-25T16:38:44.784+0000] {dagbag.py:538} INFO - Filling up the DagBag from /opt/airflow/dags/crypto_live_etl.py
[2026-03-25T16:38:45.573+0000] {processor.py:840} INFO - DAG(s) '10_crypto_live_etl' retrieved from /opt/airflow/dags/crypto_live_etl.py
[2026-03-25T16:38:46.342+0000] {logging_mixin.py:188} INFO - [2026-03-25T16:38:46.342+0000] {dag.py:3036} INFO - Sync 1 DAGs
[2026-03-25T16:38:46.420+0000] {logging_mixin.py:188} INFO - [2026-03-25T16:38:46.420+0000] {dag.py:3823} INFO - Setting next_dagrun for 10_crypto_live_etl to 2026-03-25 16:00:00+00:00, run_after=2026-03-25 17:00:00+00:00
[2026-03-25T16:38:46.474+0000] {processor.py:183} INFO - Processing /opt/airflow/dags/crypto_live_etl.py took 1.704 seconds
[2026-03-25T16:39:16.767+0000] {processor.py:161} INFO - Started process (PID=210) to work on /opt/airflow/dags/crypto_live_etl.py
[2026-03-25T16:39:16.770+0000] {processor.py:830} INFO - Processing file /opt/airflow/dags/crypto_live_etl.py for tasks to queue
[2026-03-25T16:39:16.771+0000] {logging_mixin.py:188} INFO - [2026-03-25T16:39:16.771+0000] {dagbag.py:538} INFO - Filling up the DagBag from /opt/airflow/dags/crypto_live_etl.py
[2026-03-25T16:39:17.330+0000] {processor.py:840} INFO - DAG(s) '10_crypto_live_etl' retrieved from /opt/airflow/dags/crypto_live_etl.py
[2026-03-25T16:39:17.388+0000] {logging_mixin.py:188} INFO - [2026-03-25T16:39:17.387+0000] {dag.py:3036} INFO - Sync 1 DAGs
[2026-03-25T16:39:17.428+0000] {logging_mixin.py:188} INFO - [2026-03-25T16:39:17.427+0000] {dag.py:3823} INFO - Setting next_dagrun for 10_crypto_live_etl to 2026-03-25 16:00:00+00:00, run_after=2026-03-25 17:00:00+00:00
[2026-03-25T16:39:17.459+0000] {processor.py:183} INFO - Processing /opt/airflow/dags/crypto_live_etl.py took 0.699 seconds
[2026-03-25T16:39:47.813+0000] {processor.py:161} INFO - Started process (PID=266) to work on /opt/airflow/dags/crypto_live_etl.py
[2026-03-25T16:39:47.815+0000] {processor.py:830} INFO - Processing file /opt/airflow/dags/crypto_live_etl.py for tasks to queue
[2026-03-25T16:39:47.817+0000] {logging_mixin.py:188} INFO - [2026-03-25T16:39:47.816+0000] {dagbag.py:538} INFO - Filling up the DagBag from /opt/airflow/dags/crypto_live_etl.py
[2026-03-25T16:39:48.206+0000] {processor.py:840} INFO - DAG(s) '10_crypto_live_etl' retrieved from /opt/airflow/dags/crypto_live_etl.py
[2026-03-25T16:39:48.246+0000] {logging_mixin.py:188} INFO - [2026-03-25T16:39:48.245+0000] {dag.py:3036} INFO - Sync 1 DAGs
[2026-03-25T16:39:48.279+0000] {logging_mixin.py:188} INFO - [2026-03-25T16:39:48.279+0000] {dag.py:3823} INFO - Setting next_dagrun for 10_crypto_live_etl to 2026-03-25 16:00:00+00:00, run_after=2026-03-25 17:00:00+00:00
[2026-03-25T16:39:48.342+0000] {processor.py:183} INFO - Processing /opt/airflow/dags/crypto_live_etl.py took 0.534 seconds
[2026-03-25T16:40:18.980+0000] {processor.py:161} INFO - Started process (PID=304) to work on /opt/airflow/dags/crypto_live_etl.py
[2026-03-25T16:40:18.983+0000] {processor.py:830} INFO - Processing file /opt/airflow/dags/crypto_live_etl.py for tasks to queue
[2026-03-25T16:40:18.985+0000] {logging_mixin.py:188} INFO - [2026-03-25T16:40:18.985+0000] {dagbag.py:538} INFO - Filling up the DagBag from /opt/airflow/dags/crypto_live_etl.py
[2026-03-25T16:40:19.631+0000] {processor.py:840} INFO - DAG(s) '10_crypto_live_etl' retrieved from /opt/airflow/dags/crypto_live_etl.py
[2026-03-25T16:40:19.676+0000] {logging_mixin.py:188} INFO - [2026-03-25T16:40:19.676+0000] {dag.py:3036} INFO - Sync 1 DAGs
[2026-03-25T16:40:20.086+0000] {logging_mixin.py:188} INFO - [2026-03-25T16:40:20.085+0000] {dag.py:3823} INFO - Setting next_dagrun for 10_crypto_live_etl to 2026-03-25 16:00:00+00:00, run_after=2026-03-25 17:00:00+00:00
[2026-03-25T16:40:20.114+0000] {processor.py:183} INFO - Processing /opt/airflow/dags/crypto_live_etl.py took 1.143 seconds
[2026-03-25T16:40:50.291+0000] {processor.py:161} INFO - Started process (PID=342) to work on /opt/airflow/dags/crypto_live_etl.py
[2026-03-25T16:40:50.292+0000] {processor.py:830} INFO - Processing file /opt/airflow/dags/crypto_live_etl.py for tasks to queue
[2026-03-25T16:40:50.294+0000] {logging_mixin.py:188} INFO - [2026-03-25T16:40:50.293+0000] {dagbag.py:538} INFO - Filling up the DagBag from /opt/airflow/dags/crypto_live_etl.py
[2026-03-25T16:40:50.657+0000] {processor.py:840} INFO - DAG(s) '10_crypto_live_etl' retrieved from /opt/airflow/dags/crypto_live_etl.py
[2026-03-25T16:40:50.694+0000] {logging_mixin.py:188} INFO - [2026-03-25T16:40:50.694+0000] {dag.py:3036} INFO - Sync 1 DAGs
[2026-03-25T16:40:50.728+0000] {logging_mixin.py:188} INFO - [2026-03-25T16:40:50.727+0000] {dag.py:3823} INFO - Setting next_dagrun for 10_crypto_live_etl to 2026-03-25 16:00:00+00:00, run_after=2026-03-25 17:00:00+00:00
[2026-03-25T16:40:50.912+0000] {processor.py:183} INFO - Processing /opt/airflow/dags/crypto_live_etl.py took 0.626 seconds
[2026-03-25T16:41:21.430+0000] {processor.py:161} INFO - Started process (PID=380) to work on /opt/airflow/dags/crypto_live_etl.py
[2026-03-25T16:41:21.432+0000] {processor.py:830} INFO - Processing file /opt/airflow/dags/crypto_live_etl.py for tasks to queue
[2026-03-25T16:41:21.434+0000] {logging_mixin.py:188} INFO - [2026-03-25T16:41:21.433+0000] {dagbag.py:538} INFO - Filling up the DagBag from /opt/airflow/dags/crypto_live_etl.py
[2026-03-25T16:41:21.776+0000] {processor.py:840} INFO - DAG(s) '10_crypto_live_etl' retrieved from /opt/airflow/dags/crypto_live_etl.py
[2026-03-25T16:41:21.809+0000] {logging_mixin.py:188} INFO - [2026-03-25T16:41:21.809+0000] {dag.py:3036} INFO - Sync 1 DAGs
[2026-03-25T16:41:21.834+0000] {logging_mixin.py:188} INFO - [2026-03-25T16:41:21.834+0000] {dag.py:3823} INFO - Setting next_dagrun for 10_crypto_live_etl to 2026-03-25 16:00:00+00:00, run_after=2026-03-25 17:00:00+00:00
[2026-03-25T16:41:21.884+0000] {processor.py:183} INFO - Processing /opt/airflow/dags/crypto_live_etl.py took 0.459 seconds
[2026-03-25T16:41:52.362+0000] {processor.py:161} INFO - Started process (PID=423) to work on /opt/airflow/dags/crypto_live_etl.py
[2026-03-25T16:41:52.363+0000] {processor.py:830} INFO - Processing file /opt/airflow/dags/crypto_live_etl.py for tasks to queue
[2026-03-25T16:41:52.365+0000] {logging_mixin.py:188} INFO - [2026-03-25T16:41:52.365+0000] {dagbag.py:538} INFO - Filling up the DagBag from /opt/airflow/dags/crypto_live_etl.py
[2026-03-25T16:41:52.856+0000] {processor.py:840} INFO - DAG(s) '10_crypto_live_etl' retrieved from /opt/airflow/dags/crypto_live_etl.py
[2026-03-25T16:41:52.935+0000] {logging_mixin.py:188} INFO - [2026-03-25T16:41:52.934+0000] {dag.py:3036} INFO - Sync 1 DAGs
[2026-03-25T16:41:53.136+0000] {logging_mixin.py:188} INFO - [2026-03-25T16:41:53.135+0000] {dag.py:3823} INFO - Setting next_dagrun for 10_crypto_live_etl to 2026-03-25 16:00:00+00:00, run_after=2026-03-25 17:00:00+00:00
[2026-03-25T16:41:53.189+0000] {processor.py:183} INFO - Processing /opt/airflow/dags/crypto_live_etl.py took 0.831 seconds
[2026-03-25T16:42:23.294+0000] {processor.py:161} INFO - Started process (PID=456) to work on /opt/airflow/dags/crypto_live_etl.py
[2026-03-25T16:42:23.295+0000] {processor.py:830} INFO - Processing file /opt/airflow/dags/crypto_live_etl.py for tasks to queue
[2026-03-25T16:42:23.297+0000] {logging_mixin.py:188} INFO - [2026-03-25T16:42:23.296+0000] {dagbag.py:538} INFO - Filling up the DagBag from /opt/airflow/dags/crypto_live_etl.py
[2026-03-25T16:42:23.697+0000] {processor.py:840} INFO - DAG(s) '10_crypto_live_etl' retrieved from /opt/airflow/dags/crypto_live_etl.py
[2026-03-25T16:42:23.733+0000] {logging_mixin.py:188} INFO - [2026-03-25T16:42:23.732+0000] {dag.py:3036} INFO - Sync 1 DAGs
[2026-03-25T16:42:23.759+0000] {logging_mixin.py:188} INFO - [2026-03-25T16:42:23.759+0000] {dag.py:3823} INFO - Setting next_dagrun for 10_crypto_live_etl to 2026-03-25 16:00:00+00:00, run_after=2026-03-25 17:00:00+00:00
[2026-03-25T16:42:23.786+0000] {processor.py:183} INFO - Processing /opt/airflow/dags/crypto_live_etl.py took 0.499 seconds
[2026-03-25T16:42:54.241+0000] {processor.py:161} INFO - Started process (PID=487) to work on /opt/airflow/dags/crypto_live_etl.py
[2026-03-25T16:42:54.242+0000] {processor.py:830} INFO - Processing file /opt/airflow/dags/crypto_live_etl.py for tasks to queue
[2026-03-25T16:42:54.244+0000] {logging_mixin.py:188} INFO - [2026-03-25T16:42:54.244+0000] {dagbag.py:538} INFO - Filling up the DagBag from /opt/airflow/dags/crypto_live_etl.py
[2026-03-25T16:42:54.627+0000] {processor.py:840} INFO - DAG(s) '10_crypto_live_etl' retrieved from /opt/airflow/dags/crypto_live_etl.py
[2026-03-25T16:42:54.661+0000] {logging_mixin.py:188} INFO - [2026-03-25T16:42:54.661+0000] {dag.py:3036} INFO - Sync 1 DAGs
[2026-03-25T16:42:54.855+0000] {logging_mixin.py:188} INFO - [2026-03-25T16:42:54.855+0000] {dag.py:3823} INFO - Setting next_dagrun for 10_crypto_live_etl to 2026-03-25 16:00:00+00:00, run_after=2026-03-25 17:00:00+00:00
[2026-03-25T16:42:54.919+0000] {processor.py:183} INFO - Processing /opt/airflow/dags/crypto_live_etl.py took 0.684 seconds
[2026-03-25T16:43:25.779+0000] {processor.py:161} INFO - Started process (PID=522) to work on /opt/airflow/dags/crypto_live_etl.py
[2026-03-25T16:43:25.781+0000] {processor.py:830} INFO - Processing file /opt/airflow/dags/crypto_live_etl.py for tasks to queue
[2026-03-25T16:43:25.783+0000] {logging_mixin.py:188} INFO - [2026-03-25T16:43:25.782+0000] {dagbag.py:538} INFO - Filling up the DagBag from /opt/airflow/dags/crypto_live_etl.py
[2026-03-25T16:43:26.346+0000] {processor.py:840} INFO - DAG(s) '10_crypto_live_etl' retrieved from /opt/airflow/dags/crypto_live_etl.py
[2026-03-25T16:43:26.379+0000] {logging_mixin.py:188} INFO - [2026-03-25T16:43:26.378+0000] {dag.py:3036} INFO - Sync 1 DAGs
[2026-03-25T16:43:26.407+0000] {logging_mixin.py:188} INFO - [2026-03-25T16:43:26.407+0000] {dag.py:3823} INFO - Setting next_dagrun for 10_crypto_live_etl to 2026-03-25 16:00:00+00:00, run_after=2026-03-25 17:00:00+00:00
[2026-03-25T16:43:26.435+0000] {processor.py:183} INFO - Processing /opt/airflow/dags/crypto_live_etl.py took 0.662 seconds
[2026-03-25T16:43:56.593+0000] {processor.py:161} INFO - Started process (PID=557) to work on /opt/airflow/dags/crypto_live_etl.py
[2026-03-25T16:43:56.594+0000] {processor.py:830} INFO - Processing file /opt/airflow/dags/crypto_live_etl.py for tasks to queue
[2026-03-25T16:43:56.596+0000] {logging_mixin.py:188} INFO - [2026-03-25T16:43:56.595+0000] {dagbag.py:538} INFO - Filling up the DagBag from /opt/airflow/dags/crypto_live_etl.py
[2026-03-25T16:43:56.938+0000] {processor.py:840} INFO - DAG(s) '10_crypto_live_etl' retrieved from /opt/airflow/dags/crypto_live_etl.py
[2026-03-25T16:43:56.969+0000] {logging_mixin.py:188} INFO - [2026-03-25T16:43:56.968+0000] {dag.py:3036} INFO - Sync 1 DAGs
[2026-03-25T16:43:57.147+0000] {logging_mixin.py:188} INFO - [2026-03-25T16:43:57.147+0000] {dag.py:3823} INFO - Setting next_dagrun for 10_crypto_live_etl to 2026-03-25 16:00:00+00:00, run_after=2026-03-25 17:00:00+00:00
[2026-03-25T16:43:57.176+0000] {processor.py:183} INFO - Processing /opt/airflow/dags/crypto_live_etl.py took 0.588 seconds
[2026-03-25T16:44:27.645+0000] {processor.py:161} INFO - Started process (PID=592) to work on /opt/airflow/dags/crypto_live_etl.py
[2026-03-25T16:44:27.646+0000] {processor.py:830} INFO - Processing file /opt/airflow/dags/crypto_live_etl.py for tasks to queue
[2026-03-25T16:44:27.648+0000] {logging_mixin.py:188} INFO - [2026-03-25T16:44:27.648+0000] {dagbag.py:538} INFO - Filling up the DagBag from /opt/airflow/dags/crypto_live_etl.py
[2026-03-25T16:44:28.075+0000] {processor.py:840} INFO - DAG(s) '10_crypto_live_etl' retrieved from /opt/airflow/dags/crypto_live_etl.py
[2026-03-25T16:44:28.114+0000] {logging_mixin.py:188} INFO - [2026-03-25T16:44:28.113+0000] {dag.py:3036} INFO - Sync 1 DAGs
[2026-03-25T16:44:28.153+0000] {logging_mixin.py:188} INFO - [2026-03-25T16:44:28.152+0000] {dag.py:3823} INFO - Setting next_dagrun for 10_crypto_live_etl to 2026-03-25 16:00:00+00:00, run_after=2026-03-25 17:00:00+00:00
[2026-03-25T16:44:28.378+0000] {processor.py:183} INFO - Processing /opt/airflow/dags/crypto_live_etl.py took 0.741 seconds
[2026-03-25T16:44:59.017+0000] {processor.py:161} INFO - Started process (PID=627) to work on /opt/airflow/dags/crypto_live_etl.py
[2026-03-25T16:44:59.020+0000] {processor.py:830} INFO - Processing file /opt/airflow/dags/crypto_live_etl.py for tasks to queue
[2026-03-25T16:44:59.022+0000] {logging_mixin.py:188} INFO - [2026-03-25T16:44:59.021+0000] {dagbag.py:538} INFO - Filling up the DagBag from /opt/airflow/dags/crypto_live_etl.py
[2026-03-25T16:44:59.460+0000] {processor.py:840} INFO - DAG(s) '10_crypto_live_etl' retrieved from /opt/airflow/dags/crypto_live_etl.py
[2026-03-25T16:44:59.771+0000] {logging_mixin.py:188} INFO - [2026-03-25T16:44:59.770+0000] {dag.py:3036} INFO - Sync 1 DAGs
[2026-03-25T16:44:59.809+0000] {logging_mixin.py:188} INFO - [2026-03-25T16:44:59.808+0000] {dag.py:3823} INFO - Setting next_dagrun for 10_crypto_live_etl to 2026-03-25 16:00:00+00:00, run_after=2026-03-25 17:00:00+00:00
[2026-03-25T16:44:59.875+0000] {processor.py:183} INFO - Processing /opt/airflow/dags/crypto_live_etl.py took 0.864 seconds
[2026-03-25T16:45:30.000+0000] {processor.py:161} INFO - Started process (PID=662) to work on /opt/airflow/dags/crypto_live_etl.py
[2026-03-25T16:45:30.001+0000] {processor.py:830} INFO - Processing file /opt/airflow/dags/crypto_live_etl.py for tasks to queue
[2026-03-25T16:45:30.003+0000] {logging_mixin.py:188} INFO - [2026-03-25T16:45:30.003+0000] {dagbag.py:538} INFO - Filling up the DagBag from /opt/airflow/dags/crypto_live_etl.py
[2026-03-25T16:45:30.341+0000] {processor.py:840} INFO - DAG(s) '10_crypto_live_etl' retrieved from /opt/airflow/dags/crypto_live_etl.py
[2026-03-25T16:45:30.384+0000] {logging_mixin.py:188} INFO - [2026-03-25T16:45:30.383+0000] {dag.py:3036} INFO - Sync 1 DAGs
[2026-03-25T16:45:30.412+0000] {logging_mixin.py:188} INFO - [2026-03-25T16:45:30.412+0000] {dag.py:3823} INFO - Setting next_dagrun for 10_crypto_live_etl to 2026-03-25 16:00:00+00:00, run_after=2026-03-25 17:00:00+00:00
[2026-03-25T16:45:30.632+0000] {processor.py:183} INFO - Processing /opt/airflow/dags/crypto_live_etl.py took 0.637 seconds
[2026-03-25T16:46:01.354+0000] {processor.py:161} INFO - Started process (PID=697) to work on /opt/airflow/dags/crypto_live_etl.py
[2026-03-25T16:46:01.356+0000] {processor.py:830} INFO - Processing file /opt/airflow/dags/crypto_live_etl.py for tasks to queue
[2026-03-25T16:46:01.358+0000] {logging_mixin.py:188} INFO - [2026-03-25T16:46:01.357+0000] {dagbag.py:538} INFO - Filling up the DagBag from /opt/airflow/dags/crypto_live_etl.py
[2026-03-25T16:46:01.789+0000] {processor.py:840} INFO - DAG(s) '10_crypto_live_etl' retrieved from /opt/airflow/dags/crypto_live_etl.py
[2026-03-25T16:46:02.015+0000] {logging_mixin.py:188} INFO - [2026-03-25T16:46:02.014+0000] {dag.py:3036} INFO - Sync 1 DAGs
[2026-03-25T16:46:02.041+0000] {logging_mixin.py:188} INFO - [2026-03-25T16:46:02.041+0000] {dag.py:3823} INFO - Setting next_dagrun for 10_crypto_live_etl to 2026-03-25 16:00:00+00:00, run_after=2026-03-25 17:00:00+00:00
[2026-03-25T16:46:02.108+0000] {processor.py:183} INFO - Processing /opt/airflow/dags/crypto_live_etl.py took 0.765 seconds
[2026-03-25T16:46:32.211+0000] {processor.py:161} INFO - Started process (PID=732) to work on /opt/airflow/dags/crypto_live_etl.py
[2026-03-25T16:46:32.213+0000] {processor.py:830} INFO - Processing file /opt/airflow/dags/crypto_live_etl.py for tasks to queue
[2026-03-25T16:46:32.215+0000] {logging_mixin.py:188} INFO - [2026-03-25T16:46:32.214+0000] {dagbag.py:538} INFO - Filling up the DagBag from /opt/airflow/dags/crypto_live_etl.py
[2026-03-25T16:46:32.574+0000] {processor.py:840} INFO - DAG(s) '10_crypto_live_etl' retrieved from /opt/airflow/dags/crypto_live_etl.py
[2026-03-25T16:46:32.610+0000] {logging_mixin.py:188} INFO - [2026-03-25T16:46:32.610+0000] {dag.py:3036} INFO - Sync 1 DAGs
[2026-03-25T16:46:32.817+0000] {logging_mixin.py:188} INFO - [2026-03-25T16:46:32.817+0000] {dag.py:3823} INFO - Setting next_dagrun for 10_crypto_live_etl to 2026-03-25 16:00:00+00:00, run_after=2026-03-25 17:00:00+00:00
[2026-03-25T16:46:32.863+0000] {processor.py:183} INFO - Processing /opt/airflow/dags/crypto_live_etl.py took 0.657 seconds
[2026-03-25T16:47:03.639+0000] {processor.py:161} INFO - Started process (PID=767) to work on /opt/airflow/dags/crypto_live_etl.py
[2026-03-25T16:47:03.642+0000] {processor.py:830} INFO - Processing file /opt/airflow/dags/crypto_live_etl.py for tasks to queue
[2026-03-25T16:47:03.643+0000] {logging_mixin.py:188} INFO - [2026-03-25T16:47:03.643+0000] {dagbag.py:538} INFO - Filling up the DagBag from /opt/airflow/dags/crypto_live_etl.py
[2026-03-25T16:47:04.275+0000] {processor.py:840} INFO - DAG(s) '10_crypto_live_etl' retrieved from /opt/airflow/dags/crypto_live_etl.py
[2026-03-25T16:47:04.309+0000] {logging_mixin.py:188} INFO - [2026-03-25T16:47:04.308+0000] {dag.py:3036} INFO - Sync 1 DAGs
[2026-03-25T16:47:04.341+0000] {logging_mixin.py:188} INFO - [2026-03-25T16:47:04.341+0000] {dag.py:3823} INFO - Setting next_dagrun for 10_crypto_live_etl to 2026-03-25 16:00:00+00:00, run_after=2026-03-25 17:00:00+00:00
[2026-03-25T16:47:04.370+0000] {processor.py:183} INFO - Processing /opt/airflow/dags/crypto_live_etl.py took 0.738 seconds
[2026-03-25T16:47:35.036+0000] {processor.py:161} INFO - Started process (PID=802) to work on /opt/airflow/dags/crypto_live_etl.py
[2026-03-25T16:47:35.037+0000] {processor.py:830} INFO - Processing file /opt/airflow/dags/crypto_live_etl.py for tasks to queue
[2026-03-25T16:47:35.039+0000] {logging_mixin.py:188} INFO - [2026-03-25T16:47:35.038+0000] {dagbag.py:538} INFO - Filling up the DagBag from /opt/airflow/dags/crypto_live_etl.py
[2026-03-25T16:47:35.414+0000] {processor.py:840} INFO - DAG(s) '10_crypto_live_etl' retrieved from /opt/airflow/dags/crypto_live_etl.py
[2026-03-25T16:47:35.449+0000] {logging_mixin.py:188} INFO - [2026-03-25T16:47:35.449+0000] {dag.py:3036} INFO - Sync 1 DAGs
[2026-03-25T16:47:35.633+0000] {logging_mixin.py:188} INFO - [2026-03-25T16:47:35.633+0000] {dag.py:3823} INFO - Setting next_dagrun for 10_crypto_live_etl to 2026-03-25 16:00:00+00:00, run_after=2026-03-25 17:00:00+00:00
[2026-03-25T16:47:35.658+0000] {processor.py:183} INFO - Processing /opt/airflow/dags/crypto_live_etl.py took 0.627 seconds
[2026-03-25T16:48:05.740+0000] {processor.py:161} INFO - Started process (PID=837) to work on /opt/airflow/dags/crypto_live_etl.py
[2026-03-25T16:48:05.742+0000] {processor.py:830} INFO - Processing file /opt/airflow/dags/crypto_live_etl.py for tasks to queue
[2026-03-25T16:48:05.743+0000] {logging_mixin.py:188} INFO - [2026-03-25T16:48:05.743+0000] {dagbag.py:538} INFO - Filling up the DagBag from /opt/airflow/dags/crypto_live_etl.py
[2026-03-25T16:48:06.345+0000] {processor.py:840} INFO - DAG(s) '10_crypto_live_etl' retrieved from /opt/airflow/dags/crypto_live_etl.py
[2026-03-25T16:48:06.376+0000] {logging_mixin.py:188} INFO - [2026-03-25T16:48:06.376+0000] {dag.py:3036} INFO - Sync 1 DAGs
[2026-03-25T16:48:06.402+0000] {logging_mixin.py:188} INFO - [2026-03-25T16:48:06.402+0000] {dag.py:3823} INFO - Setting next_dagrun for 10_crypto_live_etl to 2026-03-25 16:00:00+00:00, run_after=2026-03-25 17:00:00+00:00
[2026-03-25T16:48:06.450+0000] {processor.py:183} INFO - Processing /opt/airflow/dags/crypto_live_etl.py took 0.714 seconds
[2026-03-25T16:48:37.246+0000] {processor.py:161} INFO - Started process (PID=872) to work on /opt/airflow/dags/crypto_live_etl.py
[2026-03-25T16:48:37.248+0000] {processor.py:830} INFO - Processing file /opt/airflow/dags/crypto_live_etl.py for tasks to queue
[2026-03-25T16:48:37.250+0000] {logging_mixin.py:188} INFO - [2026-03-25T16:48:37.249+0000] {dagbag.py:538} INFO - Filling up the DagBag from /opt/airflow/dags/crypto_live_etl.py
[2026-03-25T16:48:37.685+0000] {processor.py:840} INFO - DAG(s) '10_crypto_live_etl' retrieved from /opt/airflow/dags/crypto_live_etl.py
[2026-03-25T16:48:37.934+0000] {logging_mixin.py:188} INFO - [2026-03-25T16:48:37.934+0000] {dag.py:3036} INFO - Sync 1 DAGs
[2026-03-25T16:48:37.963+0000] {logging_mixin.py:188} INFO - [2026-03-25T16:48:37.963+0000] {dag.py:3823} INFO - Setting next_dagrun for 10_crypto_live_etl to 2026-03-25 16:00:00+00:00, run_after=2026-03-25 17:00:00+00:00
[2026-03-25T16:48:38.018+0000] {processor.py:183} INFO - Processing /opt/airflow/dags/crypto_live_etl.py took 0.779 seconds
[2026-03-25T16:49:08.142+0000] {processor.py:161} INFO - Started process (PID=907) to work on /opt/airflow/dags/crypto_live_etl.py
[2026-03-25T16:49:08.144+0000] {processor.py:830} INFO - Processing file /opt/airflow/dags/crypto_live_etl.py for tasks to queue
[2026-03-25T16:49:08.146+0000] {logging_mixin.py:188} INFO - [2026-03-25T16:49:08.145+0000] {dagbag.py:538} INFO - Filling up the DagBag from /opt/airflow/dags/crypto_live_etl.py
[2026-03-25T16:49:08.695+0000] {processor.py:840} INFO - DAG(s) '10_crypto_live_etl' retrieved from /opt/airflow/dags/crypto_live_etl.py
[2026-03-25T16:49:08.722+0000] {logging_mixin.py:188} INFO - [2026-03-25T16:49:08.722+0000] {dag.py:3036} INFO - Sync 1 DAGs
[2026-03-25T16:49:08.748+0000] {logging_mixin.py:188} INFO - [2026-03-25T16:49:08.748+0000] {dag.py:3823} INFO - Setting next_dagrun for 10_crypto_live_etl to 2026-03-25 16:00:00+00:00, run_after=2026-03-25 17:00:00+00:00
[2026-03-25T16:49:08.804+0000] {processor.py:183} INFO - Processing /opt/airflow/dags/crypto_live_etl.py took 0.666 seconds
[2026-03-25T16:49:39.540+0000] {processor.py:161} INFO - Started process (PID=942) to work on /opt/airflow/dags/crypto_live_etl.py
[2026-03-25T16:49:39.541+0000] {processor.py:830} INFO - Processing file /opt/airflow/dags/crypto_live_etl.py for tasks to queue
[2026-03-25T16:49:39.543+0000] {logging_mixin.py:188} INFO - [2026-03-25T16:49:39.542+0000] {dagbag.py:538} INFO - Filling up the DagBag from /opt/airflow/dags/crypto_live_etl.py
[2026-03-25T16:49:40.030+0000] {processor.py:840} INFO - DAG(s) '10_crypto_live_etl' retrieved from /opt/airflow/dags/crypto_live_etl.py
[2026-03-25T16:49:40.058+0000] {logging_mixin.py:188} INFO - [2026-03-25T16:49:40.058+0000] {dag.py:3036} INFO - Sync 1 DAGs
[2026-03-25T16:49:40.085+0000] {logging_mixin.py:188} INFO - [2026-03-25T16:49:40.085+0000] {dag.py:3823} INFO - Setting next_dagrun for 10_crypto_live_etl to 2026-03-25 16:00:00+00:00, run_after=2026-03-25 17:00:00+00:00
[2026-03-25T16:49:40.140+0000] {processor.py:183} INFO - Processing /opt/airflow/dags/crypto_live_etl.py took 0.604 seconds
[2026-03-25T16:50:10.434+0000] {processor.py:161} INFO - Started process (PID=977) to work on /opt/airflow/dags/crypto_live_etl.py
[2026-03-25T16:50:10.436+0000] {processor.py:830} INFO - Processing file /opt/airflow/dags/crypto_live_etl.py for tasks to queue
[2026-03-25T16:50:10.437+0000] {logging_mixin.py:188} INFO - [2026-03-25T16:50:10.437+0000] {dagbag.py:538} INFO - Filling up the DagBag from /opt/airflow/dags/crypto_live_etl.py
[2026-03-25T16:50:11.011+0000] {processor.py:840} INFO - DAG(s) '10_crypto_live_etl' retrieved from /opt/airflow/dags/crypto_live_etl.py
[2026-03-25T16:50:11.041+0000] {logging_mixin.py:188} INFO - [2026-03-25T16:50:11.040+0000] {dag.py:3036} INFO - Sync 1 DAGs
[2026-03-25T16:50:11.071+0000] {logging_mixin.py:188} INFO - [2026-03-25T16:50:11.071+0000] {dag.py:3823} INFO - Setting next_dagrun for 10_crypto_live_etl to 2026-03-25 16:00:00+00:00, run_after=2026-03-25 17:00:00+00:00
[2026-03-25T16:50:11.122+0000] {processor.py:183} INFO - Processing /opt/airflow/dags/crypto_live_etl.py took 0.693 seconds
[2026-03-25T16:50:41.908+0000] {processor.py:161} INFO - Started process (PID=1012) to work on /opt/airflow/dags/crypto_live_etl.py
[2026-03-25T16:50:41.909+0000] {processor.py:830} INFO - Processing file /opt/airflow/dags/crypto_live_etl.py for tasks to queue
[2026-03-25T16:50:41.911+0000] {logging_mixin.py:188} INFO - [2026-03-25T16:50:41.910+0000] {dagbag.py:538} INFO - Filling up the DagBag from /opt/airflow/dags/crypto_live_etl.py
[2026-03-25T16:50:42.408+0000] {processor.py:840} INFO - DAG(s) '10_crypto_live_etl' retrieved from /opt/airflow/dags/crypto_live_etl.py
[2026-03-25T16:50:42.443+0000] {logging_mixin.py:188} INFO - [2026-03-25T16:50:42.442+0000] {dag.py:3036} INFO - Sync 1 DAGs
[2026-03-25T16:50:42.468+0000] {logging_mixin.py:188} INFO - [2026-03-25T16:50:42.467+0000] {dag.py:3823} INFO - Setting next_dagrun for 10_crypto_live_etl to 2026-03-25 16:00:00+00:00, run_after=2026-03-25 17:00:00+00:00
[2026-03-25T16:50:42.499+0000] {processor.py:183} INFO - Processing /opt/airflow/dags/crypto_live_etl.py took 0.596 seconds
[2026-03-25T16:51:12.596+0000] {processor.py:161} INFO - Started process (PID=1047) to work on /opt/airflow/dags/crypto_live_etl.py
[2026-03-25T16:51:12.598+0000] {processor.py:830} INFO - Processing file /opt/airflow/dags/crypto_live_etl.py for tasks to queue
[2026-03-25T16:51:12.599+0000] {logging_mixin.py:188} INFO - [2026-03-25T16:51:12.599+0000] {dagbag.py:538} INFO - Filling up the DagBag from /opt/airflow/dags/crypto_live_etl.py
[2026-03-25T16:51:13.084+0000] {processor.py:840} INFO - DAG(s) '10_crypto_live_etl' retrieved from /opt/airflow/dags/crypto_live_etl.py
[2026-03-25T16:51:13.114+0000] {logging_mixin.py:188} INFO - [2026-03-25T16:51:13.113+0000] {dag.py:3036} INFO - Sync 1 DAGs
[2026-03-25T16:51:13.139+0000] {logging_mixin.py:188} INFO - [2026-03-25T16:51:13.139+0000] {dag.py:3823} INFO - Setting next_dagrun for 10_crypto_live_etl to 2026-03-25 16:00:00+00:00, run_after=2026-03-25 17:00:00+00:00
[2026-03-25T16:51:13.190+0000] {processor.py:183} INFO - Processing /opt/airflow/dags/crypto_live_etl.py took 0.599 seconds
[2026-03-25T16:51:43.771+0000] {processor.py:161} INFO - Started process (PID=1082) to work on /opt/airflow/dags/crypto_live_etl.py
[2026-03-25T16:51:43.776+0000] {processor.py:830} INFO - Processing file /opt/airflow/dags/crypto_live_etl.py for tasks to queue
[2026-03-25T16:51:43.779+0000] {logging_mixin.py:188} INFO - [2026-03-25T16:51:43.778+0000] {dagbag.py:538} INFO - Filling up the DagBag from /opt/airflow/dags/crypto_live_etl.py
[2026-03-25T16:51:44.582+0000] {processor.py:840} INFO - DAG(s) '10_crypto_live_etl' retrieved from /opt/airflow/dags/crypto_live_etl.py
[2026-03-25T16:51:44.613+0000] {logging_mixin.py:188} INFO - [2026-03-25T16:51:44.612+0000] {dag.py:3036} INFO - Sync 1 DAGs
[2026-03-25T16:51:44.643+0000] {logging_mixin.py:188} INFO - [2026-03-25T16:51:44.643+0000] {dag.py:3823} INFO - Setting next_dagrun for 10_crypto_live_etl to 2026-03-25 16:00:00+00:00, run_after=2026-03-25 17:00:00+00:00
[2026-03-25T16:51:44.698+0000] {processor.py:183} INFO - Processing /opt/airflow/dags/crypto_live_etl.py took 0.936 seconds
[2026-03-25T16:52:15.015+0000] {processor.py:161} INFO - Started process (PID=1117) to work on /opt/airflow/dags/crypto_live_etl.py
[2026-03-25T16:52:15.017+0000] {processor.py:830} INFO - Processing file /opt/airflow/dags/crypto_live_etl.py for tasks to queue
[2026-03-25T16:52:15.019+0000] {logging_mixin.py:188} INFO - [2026-03-25T16:52:15.018+0000] {dagbag.py:538} INFO - Filling up the DagBag from /opt/airflow/dags/crypto_live_etl.py
[2026-03-25T16:52:15.649+0000] {processor.py:840} INFO - DAG(s) '10_crypto_live_etl' retrieved from /opt/airflow/dags/crypto_live_etl.py
[2026-03-25T16:52:15.684+0000] {logging_mixin.py:188} INFO - [2026-03-25T16:52:15.684+0000] {dag.py:3036} INFO - Sync 1 DAGs
[2026-03-25T16:52:15.708+0000] {logging_mixin.py:188} INFO - [2026-03-25T16:52:15.708+0000] {dag.py:3823} INFO - Setting next_dagrun for 10_crypto_live_etl to 2026-03-25 16:00:00+00:00, run_after=2026-03-25 17:00:00+00:00
[2026-03-25T16:52:15.733+0000] {processor.py:183} INFO - Processing /opt/airflow/dags/crypto_live_etl.py took 0.725 seconds
[2026-03-25T16:52:45.864+0000] {processor.py:161} INFO - Started process (PID=1152) to work on /opt/airflow/dags/crypto_live_etl.py
[2026-03-25T16:52:45.866+0000] {processor.py:830} INFO - Processing file /opt/airflow/dags/crypto_live_etl.py for tasks to queue
[2026-03-25T16:52:45.867+0000] {logging_mixin.py:188} INFO - [2026-03-25T16:52:45.867+0000] {dagbag.py:538} INFO - Filling up the DagBag from /opt/airflow/dags/crypto_live_etl.py
[2026-03-25T16:52:46.417+0000] {processor.py:840} INFO - DAG(s) '10_crypto_live_etl' retrieved from /opt/airflow/dags/crypto_live_etl.py
[2026-03-25T16:52:46.446+0000] {logging_mixin.py:188} INFO - [2026-03-25T16:52:46.446+0000] {dag.py:3036} INFO - Sync 1 DAGs
[2026-03-25T16:52:46.472+0000] {logging_mixin.py:188} INFO - [2026-03-25T16:52:46.472+0000] {dag.py:3823} INFO - Setting next_dagrun for 10_crypto_live_etl to 2026-03-25 16:00:00+00:00, run_after=2026-03-25 17:00:00+00:00
[2026-03-25T16:52:46.498+0000] {processor.py:183} INFO - Processing /opt/airflow/dags/crypto_live_etl.py took 0.638 seconds
[2026-03-25T16:53:16.717+0000] {processor.py:161} INFO - Started process (PID=1187) to work on /opt/airflow/dags/crypto_live_etl.py
[2026-03-25T16:53:16.719+0000] {processor.py:830} INFO - Processing file /opt/airflow/dags/crypto_live_etl.py for tasks to queue
[2026-03-25T16:53:16.720+0000] {logging_mixin.py:188} INFO - [2026-03-25T16:53:16.720+0000] {dagbag.py:538} INFO - Filling up the DagBag from /opt/airflow/dags/crypto_live_etl.py
[2026-03-25T16:53:17.269+0000] {processor.py:840} INFO - DAG(s) '10_crypto_live_etl' retrieved from /opt/airflow/dags/crypto_live_etl.py
[2026-03-25T16:53:17.297+0000] {logging_mixin.py:188} INFO - [2026-03-25T16:53:17.297+0000] {dag.py:3036} INFO - Sync 1 DAGs
[2026-03-25T16:53:17.327+0000] {logging_mixin.py:188} INFO - [2026-03-25T16:53:17.327+0000] {dag.py:3823} INFO - Setting next_dagrun for 10_crypto_live_etl to 2026-03-25 16:00:00+00:00, run_after=2026-03-25 17:00:00+00:00
[2026-03-25T16:53:17.376+0000] {processor.py:183} INFO - Processing /opt/airflow/dags/crypto_live_etl.py took 0.664 seconds
[2026-03-25T16:53:47.753+0000] {processor.py:161} INFO - Started process (PID=1227) to work on /opt/airflow/dags/crypto_live_etl.py
[2026-03-25T16:53:47.756+0000] {processor.py:830} INFO - Processing file /opt/airflow/dags/crypto_live_etl.py for tasks to queue
[2026-03-25T16:53:47.758+0000] {logging_mixin.py:188} INFO - [2026-03-25T16:53:47.757+0000] {dagbag.py:538} INFO - Filling up the DagBag from /opt/airflow/dags/crypto_live_etl.py
[2026-03-25T16:53:48.281+0000] {processor.py:840} INFO - DAG(s) '10_crypto_live_etl' retrieved from /opt/airflow/dags/crypto_live_etl.py
[2026-03-25T16:53:48.313+0000] {logging_mixin.py:188} INFO - [2026-03-25T16:53:48.312+0000] {dag.py:3036} INFO - Sync 1 DAGs
[2026-03-25T16:53:48.343+0000] {logging_mixin.py:188} INFO - [2026-03-25T16:53:48.342+0000] {dag.py:3823} INFO - Setting next_dagrun for 10_crypto_live_etl to 2026-03-25 16:00:00+00:00, run_after=2026-03-25 17:00:00+00:00
[2026-03-25T16:53:48.394+0000] {processor.py:183} INFO - Processing /opt/airflow/dags/crypto_live_etl.py took 0.645 seconds
[2026-03-25T16:54:18.875+0000] {processor.py:161} INFO - Started process (PID=1267) to work on /opt/airflow/dags/crypto_live_etl.py
[2026-03-25T16:54:18.877+0000] {processor.py:830} INFO - Processing file /opt/airflow/dags/crypto_live_etl.py for tasks to queue
[2026-03-25T16:54:18.879+0000] {logging_mixin.py:188} INFO - [2026-03-25T16:54:18.879+0000] {dagbag.py:538} INFO - Filling up the DagBag from /opt/airflow/dags/crypto_live_etl.py
[2026-03-25T16:54:19.398+0000] {processor.py:840} INFO - DAG(s) '10_crypto_live_etl' retrieved from /opt/airflow/dags/crypto_live_etl.py
[2026-03-25T16:54:19.424+0000] {logging_mixin.py:188} INFO - [2026-03-25T16:54:19.424+0000] {dag.py:3036} INFO - Sync 1 DAGs
[2026-03-25T16:54:19.450+0000] {logging_mixin.py:188} INFO - [2026-03-25T16:54:19.450+0000] {dag.py:3823} INFO - Setting next_dagrun for 10_crypto_live_etl to 2026-03-25 16:00:00+00:00, run_after=2026-03-25 17:00:00+00:00
[2026-03-25T16:54:19.498+0000] {processor.py:183} INFO - Processing /opt/airflow/dags/crypto_live_etl.py took 0.629 seconds
[2026-03-25T16:54:49.964+0000] {processor.py:161} INFO - Started process (PID=1630) to work on /opt/airflow/dags/crypto_live_etl.py
[2026-03-25T16:54:49.967+0000] {processor.py:830} INFO - Processing file /opt/airflow/dags/crypto_live_etl.py for tasks to queue
[2026-03-25T16:54:49.973+0000] {logging_mixin.py:188} INFO - [2026-03-25T16:54:49.972+0000] {dagbag.py:538} INFO - Filling up the DagBag from /opt/airflow/dags/crypto_live_etl.py
[2026-03-25T16:54:50.742+0000] {processor.py:840} INFO - DAG(s) '10_crypto_live_etl' retrieved from /opt/airflow/dags/crypto_live_etl.py
[2026-03-25T16:54:50.782+0000] {logging_mixin.py:188} INFO - [2026-03-25T16:54:50.781+0000] {dag.py:3036} INFO - Sync 1 DAGs
[2026-03-25T16:54:50.823+0000] {logging_mixin.py:188} INFO - [2026-03-25T16:54:50.823+0000] {dag.py:3823} INFO - Setting next_dagrun for 10_crypto_live_etl to 2026-03-25 16:00:00+00:00, run_after=2026-03-25 17:00:00+00:00
[2026-03-25T16:54:50.866+0000] {processor.py:183} INFO - Processing /opt/airflow/dags/crypto_live_etl.py took 0.910 seconds
[2026-03-25T16:55:21.395+0000] {processor.py:161} INFO - Started process (PID=1745) to work on /opt/airflow/dags/crypto_live_etl.py
[2026-03-25T16:55:21.397+0000] {processor.py:830} INFO - Processing file /opt/airflow/dags/crypto_live_etl.py for tasks to queue
[2026-03-25T16:55:21.399+0000] {logging_mixin.py:188} INFO - [2026-03-25T16:55:21.399+0000] {dagbag.py:538} INFO - Filling up the DagBag from /opt/airflow/dags/crypto_live_etl.py
[2026-03-25T16:55:21.997+0000] {processor.py:840} INFO - DAG(s) '10_crypto_live_etl' retrieved from /opt/airflow/dags/crypto_live_etl.py
[2026-03-25T16:55:22.027+0000] {logging_mixin.py:188} INFO - [2026-03-25T16:55:22.027+0000] {dag.py:3036} INFO - Sync 1 DAGs
[2026-03-25T16:55:22.053+0000] {logging_mixin.py:188} INFO - [2026-03-25T16:55:22.052+0000] {dag.py:3823} INFO - Setting next_dagrun for 10_crypto_live_etl to 2026-03-25 16:00:00+00:00, run_after=2026-03-25 17:00:00+00:00
[2026-03-25T16:55:22.472+0000] {processor.py:183} INFO - Processing /opt/airflow/dags/crypto_live_etl.py took 1.084 seconds
[2026-03-25T18:48:12.126+0000] {processor.py:161} INFO - Started process (PID=1785) to work on /opt/airflow/dags/crypto_live_etl.py
[2026-03-25T18:48:12.130+0000] {processor.py:830} INFO - Processing file /opt/airflow/dags/crypto_live_etl.py for tasks to queue
[2026-03-25T18:48:12.137+0000] {logging_mixin.py:188} INFO - [2026-03-25T18:48:12.135+0000] {dagbag.py:538} INFO - Filling up the DagBag from /opt/airflow/dags/crypto_live_etl.py
[2026-03-25T18:48:13.883+0000] {processor.py:840} INFO - DAG(s) '10_crypto_live_etl' retrieved from /opt/airflow/dags/crypto_live_etl.py
[2026-03-25T18:48:13.955+0000] {logging_mixin.py:188} INFO - [2026-03-25T18:48:13.954+0000] {dag.py:3036} INFO - Sync 1 DAGs
[2026-03-25T18:48:14.062+0000] {logging_mixin.py:188} INFO - [2026-03-25T18:48:14.062+0000] {dag.py:3823} INFO - Setting next_dagrun for 10_crypto_live_etl to 2026-03-25 17:00:00+00:00, run_after=2026-03-25 18:00:00+00:00
[2026-03-25T18:48:14.142+0000] {processor.py:183} INFO - Processing /opt/airflow/dags/crypto_live_etl.py took 2.026 seconds
[2026-03-25T18:48:43.077+0000] {processor.py:161} INFO - Started process (PID=1825) to work on /opt/airflow/dags/crypto_live_etl.py
[2026-03-25T18:48:43.082+0000] {processor.py:830} INFO - Processing file /opt/airflow/dags/crypto_live_etl.py for tasks to queue
[2026-03-25T18:48:43.085+0000] {logging_mixin.py:188} INFO - [2026-03-25T18:48:43.084+0000] {dagbag.py:538} INFO - Filling up the DagBag from /opt/airflow/dags/crypto_live_etl.py
[2026-03-25T18:48:47.367+0000] {processor.py:840} INFO - DAG(s) '10_crypto_live_etl' retrieved from /opt/airflow/dags/crypto_live_etl.py
[2026-03-25T18:48:47.472+0000] {logging_mixin.py:188} INFO - [2026-03-25T18:48:47.471+0000] {dag.py:3036} INFO - Sync 1 DAGs
[2026-03-25T18:48:47.593+0000] {logging_mixin.py:188} INFO - [2026-03-25T18:48:47.593+0000] {dag.py:3823} INFO - Setting next_dagrun for 10_crypto_live_etl to 2026-03-25 17:00:00+00:00, run_after=2026-03-25 18:00:00+00:00
[2026-03-25T18:48:47.698+0000] {processor.py:183} INFO - Processing /opt/airflow/dags/crypto_live_etl.py took 2.140 seconds
[2026-03-25T18:49:20.340+0000] {processor.py:161} INFO - Started process (PID=1867) to work on /opt/airflow/dags/crypto_live_etl.py
[2026-03-25T18:49:20.348+0000] {processor.py:830} INFO - Processing file /opt/airflow/dags/crypto_live_etl.py for tasks to queue
[2026-03-25T18:49:20.350+0000] {logging_mixin.py:188} INFO - [2026-03-25T18:49:20.350+0000] {dagbag.py:538} INFO - Filling up the DagBag from /opt/airflow/dags/crypto_live_etl.py
[2026-03-25T18:49:21.874+0000] {processor.py:840} INFO - DAG(s) '10_crypto_live_etl' retrieved from /opt/airflow/dags/crypto_live_etl.py
[2026-03-25T18:49:21.934+0000] {logging_mixin.py:188} INFO - [2026-03-25T18:49:21.933+0000] {dag.py:3036} INFO - Sync 1 DAGs
[2026-03-25T18:49:22.004+0000] {logging_mixin.py:188} INFO - [2026-03-25T18:49:22.004+0000] {dag.py:3823} INFO - Setting next_dagrun for 10_crypto_live_etl to 2026-03-25 17:00:00+00:00, run_after=2026-03-25 18:00:00+00:00
[2026-03-25T18:49:22.091+0000] {processor.py:183} INFO - Processing /opt/airflow/dags/crypto_live_etl.py took 1.760 seconds
[2026-03-25T18:49:52.466+0000] {processor.py:161} INFO - Started process (PID=1907) to work on /opt/airflow/dags/crypto_live_etl.py
[2026-03-25T18:49:52.468+0000] {processor.py:830} INFO - Processing file /opt/airflow/dags/crypto_live_etl.py for tasks to queue
[2026-03-25T18:49:52.478+0000] {logging_mixin.py:188} INFO - [2026-03-25T18:49:52.478+0000] {dagbag.py:538} INFO - Filling up the DagBag from /opt/airflow/dags/crypto_live_etl.py
[2026-03-25T18:49:54.227+0000] {processor.py:840} INFO - DAG(s) '10_crypto_live_etl' retrieved from /opt/airflow/dags/crypto_live_etl.py
[2026-03-25T18:49:54.359+0000] {logging_mixin.py:188} INFO - [2026-03-25T18:49:54.359+0000] {dag.py:3036} INFO - Sync 1 DAGs
[2026-03-25T18:49:54.447+0000] {logging_mixin.py:188} INFO - [2026-03-25T18:49:54.447+0000] {dag.py:3823} INFO - Setting next_dagrun for 10_crypto_live_etl to 2026-03-25 17:00:00+00:00, run_after=2026-03-25 18:00:00+00:00
[2026-03-25T18:49:54.528+0000] {processor.py:183} INFO - Processing /opt/airflow/dags/crypto_live_etl.py took 2.070 seconds
[2026-03-25T18:50:24.980+0000] {processor.py:161} INFO - Started process (PID=1947) to work on /opt/airflow/dags/crypto_live_etl.py
[2026-03-25T18:50:24.982+0000] {processor.py:830} INFO - Processing file /opt/airflow/dags/crypto_live_etl.py for tasks to queue
[2026-03-25T18:50:24.984+0000] {logging_mixin.py:188} INFO - [2026-03-25T18:50:24.983+0000] {dagbag.py:538} INFO - Filling up the DagBag from /opt/airflow/dags/crypto_live_etl.py
[2026-03-25T18:50:25.586+0000] {processor.py:840} INFO - DAG(s) '10_crypto_live_etl' retrieved from /opt/airflow/dags/crypto_live_etl.py
[2026-03-25T18:50:25.618+0000] {logging_mixin.py:188} INFO - [2026-03-25T18:50:25.618+0000] {dag.py:3036} INFO - Sync 1 DAGs
[2026-03-25T18:50:25.646+0000] {logging_mixin.py:188} INFO - [2026-03-25T18:50:25.646+0000] {dag.py:3823} INFO - Setting next_dagrun for 10_crypto_live_etl to 2026-03-25 17:00:00+00:00, run_after=2026-03-25 18:00:00+00:00
[2026-03-25T18:50:25.698+0000] {processor.py:183} INFO - Processing /opt/airflow/dags/crypto_live_etl.py took 0.724 seconds
[2026-03-25T18:50:57.883+0000] {processor.py:161} INFO - Started process (PID=1987) to work on /opt/airflow/dags/crypto_live_etl.py
[2026-03-25T18:50:57.885+0000] {processor.py:830} INFO - Processing file /opt/airflow/dags/crypto_live_etl.py for tasks to queue
[2026-03-25T18:50:57.887+0000] {logging_mixin.py:188} INFO - [2026-03-25T18:50:57.887+0000] {dagbag.py:538} INFO - Filling up the DagBag from /opt/airflow/dags/crypto_live_etl.py
[2026-03-25T18:50:58.612+0000] {processor.py:840} INFO - DAG(s) '10_crypto_live_etl' retrieved from /opt/airflow/dags/crypto_live_etl.py
[2026-03-25T18:50:58.654+0000] {logging_mixin.py:188} INFO - [2026-03-25T18:50:58.653+0000] {dag.py:3036} INFO - Sync 1 DAGs
[2026-03-25T18:50:58.692+0000] {logging_mixin.py:188} INFO - [2026-03-25T18:50:58.692+0000] {dag.py:3823} INFO - Setting next_dagrun for 10_crypto_live_etl to 2026-03-25 17:00:00+00:00, run_after=2026-03-25 18:00:00+00:00
[2026-03-25T18:50:58.722+0000] {processor.py:183} INFO - Processing /opt/airflow/dags/crypto_live_etl.py took 0.844 seconds
[2026-03-25T18:51:30.726+0000] {processor.py:161} INFO - Started process (PID=2027) to work on /opt/airflow/dags/crypto_live_etl.py
[2026-03-25T18:51:30.728+0000] {processor.py:830} INFO - Processing file /opt/airflow/dags/crypto_live_etl.py for tasks to queue
[2026-03-25T18:51:30.732+0000] {logging_mixin.py:188} INFO - [2026-03-25T18:51:30.732+0000] {dagbag.py:538} INFO - Filling up the DagBag from /opt/airflow/dags/crypto_live_etl.py
[2026-03-25T18:51:31.442+0000] {processor.py:840} INFO - DAG(s) '10_crypto_live_etl' retrieved from /opt/airflow/dags/crypto_live_etl.py
[2026-03-25T18:51:31.489+0000] {logging_mixin.py:188} INFO - [2026-03-25T18:51:31.488+0000] {dag.py:3036} INFO - Sync 1 DAGs
[2026-03-25T18:51:31.532+0000] {logging_mixin.py:188} INFO - [2026-03-25T18:51:31.532+0000] {dag.py:3823} INFO - Setting next_dagrun for 10_crypto_live_etl to 2026-03-25 17:00:00+00:00, run_after=2026-03-25 18:00:00+00:00
[2026-03-25T18:51:31.570+0000] {processor.py:183} INFO - Processing /opt/airflow/dags/crypto_live_etl.py took 0.851 seconds
[2026-03-25T18:52:02.551+0000] {processor.py:161} INFO - Started process (PID=2067) to work on /opt/airflow/dags/crypto_live_etl.py
[2026-03-25T18:52:02.554+0000] {processor.py:830} INFO - Processing file /opt/airflow/dags/crypto_live_etl.py for tasks to queue
[2026-03-25T18:52:02.557+0000] {logging_mixin.py:188} INFO - [2026-03-25T18:52:02.556+0000] {dagbag.py:538} INFO - Filling up the DagBag from /opt/airflow/dags/crypto_live_etl.py
[2026-03-25T18:52:03.490+0000] {processor.py:840} INFO - DAG(s) '10_crypto_live_etl' retrieved from /opt/airflow/dags/crypto_live_etl.py
[2026-03-25T18:52:03.524+0000] {logging_mixin.py:188} INFO - [2026-03-25T18:52:03.523+0000] {dag.py:3036} INFO - Sync 1 DAGs
[2026-03-25T18:52:03.559+0000] {logging_mixin.py:188} INFO - [2026-03-25T18:52:03.559+0000] {dag.py:3823} INFO - Setting next_dagrun for 10_crypto_live_etl to 2026-03-25 17:00:00+00:00, run_after=2026-03-25 18:00:00+00:00
[2026-03-25T18:52:03.613+0000] {processor.py:183} INFO - Processing /opt/airflow/dags/crypto_live_etl.py took 1.070 seconds
[2026-03-25T18:52:35.421+0000] {processor.py:161} INFO - Started process (PID=2107) to work on /opt/airflow/dags/crypto_live_etl.py
[2026-03-25T18:52:35.423+0000] {processor.py:830} INFO - Processing file /opt/airflow/dags/crypto_live_etl.py for tasks to queue
[2026-03-25T18:52:35.424+0000] {logging_mixin.py:188} INFO - [2026-03-25T18:52:35.424+0000] {dagbag.py:538} INFO - Filling up the DagBag from /opt/airflow/dags/crypto_live_etl.py
[2026-03-25T18:52:36.028+0000] {processor.py:840} INFO - DAG(s) '10_crypto_live_etl' retrieved from /opt/airflow/dags/crypto_live_etl.py
[2026-03-25T18:52:36.065+0000] {logging_mixin.py:188} INFO - [2026-03-25T18:52:36.064+0000] {dag.py:3036} INFO - Sync 1 DAGs
[2026-03-25T18:52:36.096+0000] {logging_mixin.py:188} INFO - [2026-03-25T18:52:36.096+0000] {dag.py:3823} INFO - Setting next_dagrun for 10_crypto_live_etl to 2026-03-25 17:00:00+00:00, run_after=2026-03-25 18:00:00+00:00
[2026-03-25T18:52:36.139+0000] {processor.py:183} INFO - Processing /opt/airflow/dags/crypto_live_etl.py took 0.724 seconds
[2026-03-25T18:53:08.202+0000] {processor.py:161} INFO - Started process (PID=2147) to work on /opt/airflow/dags/crypto_live_etl.py
[2026-03-25T18:53:08.204+0000] {processor.py:830} INFO - Processing file /opt/airflow/dags/crypto_live_etl.py for tasks to queue
[2026-03-25T18:53:08.206+0000] {logging_mixin.py:188} INFO - [2026-03-25T18:53:08.206+0000] {dagbag.py:538} INFO - Filling up the DagBag from /opt/airflow/dags/crypto_live_etl.py
[2026-03-25T18:53:08.796+0000] {processor.py:840} INFO - DAG(s) '10_crypto_live_etl' retrieved from /opt/airflow/dags/crypto_live_etl.py
[2026-03-25T18:53:08.826+0000] {logging_mixin.py:188} INFO - [2026-03-25T18:53:08.825+0000] {dag.py:3036} INFO - Sync 1 DAGs
[2026-03-25T18:53:08.857+0000] {logging_mixin.py:188} INFO - [2026-03-25T18:53:08.856+0000] {dag.py:3823} INFO - Setting next_dagrun for 10_crypto_live_etl to 2026-03-25 17:00:00+00:00, run_after=2026-03-25 18:00:00+00:00
[2026-03-25T18:53:08.885+0000] {processor.py:183} INFO - Processing /opt/airflow/dags/crypto_live_etl.py took 0.691 seconds
