[2026-03-25T16:38:47.603+0000] {processor.py:161} INFO - Started process (PID=194) to work on /opt/airflow/dags/owd_etl.py
[2026-03-25T16:38:47.605+0000] {processor.py:830} INFO - Processing file /opt/airflow/dags/owd_etl.py for tasks to queue
[2026-03-25T16:38:47.607+0000] {logging_mixin.py:188} INFO - [2026-03-25T16:38:47.606+0000] {dagbag.py:538} INFO - Filling up the DagBag from /opt/airflow/dags/owd_etl.py
[2026-03-25T16:38:48.036+0000] {processor.py:840} INFO - DAG(s) 'owd_etl' retrieved from /opt/airflow/dags/owd_etl.py
[2026-03-25T16:38:48.300+0000] {logging_mixin.py:188} INFO - [2026-03-25T16:38:48.299+0000] {dag.py:3036} INFO - Sync 1 DAGs
[2026-03-25T16:38:48.330+0000] {logging_mixin.py:188} INFO - [2026-03-25T16:38:48.330+0000] {dag.py:3823} INFO - Setting next_dagrun for owd_etl to 2026-03-24 00:00:00+00:00, run_after=2026-03-25 00:00:00+00:00
[2026-03-25T16:38:49.043+0000] {processor.py:183} INFO - Processing /opt/airflow/dags/owd_etl.py took 1.451 seconds
[2026-03-25T16:39:19.373+0000] {processor.py:161} INFO - Started process (PID=231) to work on /opt/airflow/dags/owd_etl.py
[2026-03-25T16:39:19.375+0000] {processor.py:830} INFO - Processing file /opt/airflow/dags/owd_etl.py for tasks to queue
[2026-03-25T16:39:19.376+0000] {logging_mixin.py:188} INFO - [2026-03-25T16:39:19.376+0000] {dagbag.py:538} INFO - Filling up the DagBag from /opt/airflow/dags/owd_etl.py
[2026-03-25T16:39:19.802+0000] {processor.py:840} INFO - DAG(s) 'owd_etl' retrieved from /opt/airflow/dags/owd_etl.py
[2026-03-25T16:39:19.836+0000] {logging_mixin.py:188} INFO - [2026-03-25T16:39:19.836+0000] {dag.py:3036} INFO - Sync 1 DAGs
[2026-03-25T16:39:19.868+0000] {logging_mixin.py:188} INFO - [2026-03-25T16:39:19.867+0000] {dag.py:3823} INFO - Setting next_dagrun for owd_etl to 2026-03-24 00:00:00+00:00, run_after=2026-03-25 00:00:00+00:00
[2026-03-25T16:39:19.919+0000] {processor.py:183} INFO - Processing /opt/airflow/dags/owd_etl.py took 0.553 seconds
[2026-03-25T16:39:50.209+0000] {processor.py:161} INFO - Started process (PID=295) to work on /opt/airflow/dags/owd_etl.py
[2026-03-25T16:39:50.211+0000] {processor.py:830} INFO - Processing file /opt/airflow/dags/owd_etl.py for tasks to queue
[2026-03-25T16:39:50.212+0000] {logging_mixin.py:188} INFO - [2026-03-25T16:39:50.212+0000] {dagbag.py:538} INFO - Filling up the DagBag from /opt/airflow/dags/owd_etl.py
[2026-03-25T16:39:50.552+0000] {processor.py:840} INFO - DAG(s) 'owd_etl' retrieved from /opt/airflow/dags/owd_etl.py
[2026-03-25T16:39:50.584+0000] {logging_mixin.py:188} INFO - [2026-03-25T16:39:50.584+0000] {dag.py:3036} INFO - Sync 1 DAGs
[2026-03-25T16:39:50.616+0000] {logging_mixin.py:188} INFO - [2026-03-25T16:39:50.616+0000] {dag.py:3823} INFO - Setting next_dagrun for owd_etl to 2026-03-24 00:00:00+00:00, run_after=2026-03-25 00:00:00+00:00
[2026-03-25T16:39:50.801+0000] {processor.py:183} INFO - Processing /opt/airflow/dags/owd_etl.py took 0.598 seconds
[2026-03-25T16:40:21.283+0000] {processor.py:161} INFO - Started process (PID=331) to work on /opt/airflow/dags/owd_etl.py
[2026-03-25T16:40:21.285+0000] {processor.py:830} INFO - Processing file /opt/airflow/dags/owd_etl.py for tasks to queue
[2026-03-25T16:40:21.288+0000] {logging_mixin.py:188} INFO - [2026-03-25T16:40:21.287+0000] {dagbag.py:538} INFO - Filling up the DagBag from /opt/airflow/dags/owd_etl.py
[2026-03-25T16:40:22.235+0000] {processor.py:840} INFO - DAG(s) 'owd_etl' retrieved from /opt/airflow/dags/owd_etl.py
[2026-03-25T16:40:22.319+0000] {logging_mixin.py:188} INFO - [2026-03-25T16:40:22.318+0000] {dag.py:3036} INFO - Sync 1 DAGs
[2026-03-25T16:40:22.386+0000] {logging_mixin.py:188} INFO - [2026-03-25T16:40:22.385+0000] {dag.py:3823} INFO - Setting next_dagrun for owd_etl to 2026-03-24 00:00:00+00:00, run_after=2026-03-25 00:00:00+00:00
[2026-03-25T16:40:22.422+0000] {processor.py:183} INFO - Processing /opt/airflow/dags/owd_etl.py took 1.145 seconds
[2026-03-25T16:40:52.918+0000] {processor.py:161} INFO - Started process (PID=368) to work on /opt/airflow/dags/owd_etl.py
[2026-03-25T16:40:52.921+0000] {processor.py:830} INFO - Processing file /opt/airflow/dags/owd_etl.py for tasks to queue
[2026-03-25T16:40:52.925+0000] {logging_mixin.py:188} INFO - [2026-03-25T16:40:52.923+0000] {dagbag.py:538} INFO - Filling up the DagBag from /opt/airflow/dags/owd_etl.py
[2026-03-25T16:40:53.405+0000] {processor.py:840} INFO - DAG(s) 'owd_etl' retrieved from /opt/airflow/dags/owd_etl.py
[2026-03-25T16:40:53.435+0000] {logging_mixin.py:188} INFO - [2026-03-25T16:40:53.434+0000] {dag.py:3036} INFO - Sync 1 DAGs
[2026-03-25T16:40:53.613+0000] {logging_mixin.py:188} INFO - [2026-03-25T16:40:53.613+0000] {dag.py:3823} INFO - Setting next_dagrun for owd_etl to 2026-03-24 00:00:00+00:00, run_after=2026-03-25 00:00:00+00:00
[2026-03-25T16:40:53.639+0000] {processor.py:183} INFO - Processing /opt/airflow/dags/owd_etl.py took 0.737 seconds
[2026-03-25T16:41:24.057+0000] {processor.py:161} INFO - Started process (PID=403) to work on /opt/airflow/dags/owd_etl.py
[2026-03-25T16:41:24.059+0000] {processor.py:830} INFO - Processing file /opt/airflow/dags/owd_etl.py for tasks to queue
[2026-03-25T16:41:24.061+0000] {logging_mixin.py:188} INFO - [2026-03-25T16:41:24.060+0000] {dagbag.py:538} INFO - Filling up the DagBag from /opt/airflow/dags/owd_etl.py
[2026-03-25T16:41:24.432+0000] {processor.py:840} INFO - DAG(s) 'owd_etl' retrieved from /opt/airflow/dags/owd_etl.py
[2026-03-25T16:41:24.462+0000] {logging_mixin.py:188} INFO - [2026-03-25T16:41:24.462+0000] {dag.py:3036} INFO - Sync 1 DAGs
[2026-03-25T16:41:24.487+0000] {logging_mixin.py:188} INFO - [2026-03-25T16:41:24.487+0000] {dag.py:3823} INFO - Setting next_dagrun for owd_etl to 2026-03-24 00:00:00+00:00, run_after=2026-03-25 00:00:00+00:00
[2026-03-25T16:41:24.540+0000] {processor.py:183} INFO - Processing /opt/airflow/dags/owd_etl.py took 0.488 seconds
[2026-03-25T16:41:54.657+0000] {processor.py:161} INFO - Started process (PID=441) to work on /opt/airflow/dags/owd_etl.py
[2026-03-25T16:41:54.658+0000] {processor.py:830} INFO - Processing file /opt/airflow/dags/owd_etl.py for tasks to queue
[2026-03-25T16:41:54.660+0000] {logging_mixin.py:188} INFO - [2026-03-25T16:41:54.660+0000] {dagbag.py:538} INFO - Filling up the DagBag from /opt/airflow/dags/owd_etl.py
[2026-03-25T16:41:55.000+0000] {processor.py:840} INFO - DAG(s) 'owd_etl' retrieved from /opt/airflow/dags/owd_etl.py
[2026-03-25T16:41:55.031+0000] {logging_mixin.py:188} INFO - [2026-03-25T16:41:55.030+0000] {dag.py:3036} INFO - Sync 1 DAGs
[2026-03-25T16:41:55.222+0000] {logging_mixin.py:188} INFO - [2026-03-25T16:41:55.222+0000] {dag.py:3823} INFO - Setting next_dagrun for owd_etl to 2026-03-24 00:00:00+00:00, run_after=2026-03-25 00:00:00+00:00
[2026-03-25T16:41:55.272+0000] {processor.py:183} INFO - Processing /opt/airflow/dags/owd_etl.py took 0.620 seconds
[2026-03-25T16:42:25.887+0000] {processor.py:161} INFO - Started process (PID=476) to work on /opt/airflow/dags/owd_etl.py
[2026-03-25T16:42:25.888+0000] {processor.py:830} INFO - Processing file /opt/airflow/dags/owd_etl.py for tasks to queue
[2026-03-25T16:42:25.890+0000] {logging_mixin.py:188} INFO - [2026-03-25T16:42:25.889+0000] {dagbag.py:538} INFO - Filling up the DagBag from /opt/airflow/dags/owd_etl.py
[2026-03-25T16:42:26.217+0000] {processor.py:840} INFO - DAG(s) 'owd_etl' retrieved from /opt/airflow/dags/owd_etl.py
[2026-03-25T16:42:26.251+0000] {logging_mixin.py:188} INFO - [2026-03-25T16:42:26.251+0000] {dag.py:3036} INFO - Sync 1 DAGs
[2026-03-25T16:42:26.286+0000] {logging_mixin.py:188} INFO - [2026-03-25T16:42:26.286+0000] {dag.py:3823} INFO - Setting next_dagrun for owd_etl to 2026-03-24 00:00:00+00:00, run_after=2026-03-25 00:00:00+00:00
[2026-03-25T16:42:26.345+0000] {processor.py:183} INFO - Processing /opt/airflow/dags/owd_etl.py took 0.463 seconds
[2026-03-25T16:42:57.202+0000] {processor.py:161} INFO - Started process (PID=511) to work on /opt/airflow/dags/owd_etl.py
[2026-03-25T16:42:57.204+0000] {processor.py:830} INFO - Processing file /opt/airflow/dags/owd_etl.py for tasks to queue
[2026-03-25T16:42:57.206+0000] {logging_mixin.py:188} INFO - [2026-03-25T16:42:57.205+0000] {dagbag.py:538} INFO - Filling up the DagBag from /opt/airflow/dags/owd_etl.py
[2026-03-25T16:42:57.531+0000] {processor.py:840} INFO - DAG(s) 'owd_etl' retrieved from /opt/airflow/dags/owd_etl.py
[2026-03-25T16:42:57.701+0000] {logging_mixin.py:188} INFO - [2026-03-25T16:42:57.700+0000] {dag.py:3036} INFO - Sync 1 DAGs
[2026-03-25T16:42:57.726+0000] {logging_mixin.py:188} INFO - [2026-03-25T16:42:57.725+0000] {dag.py:3823} INFO - Setting next_dagrun for owd_etl to 2026-03-24 00:00:00+00:00, run_after=2026-03-25 00:00:00+00:00
[2026-03-25T16:42:57.777+0000] {processor.py:183} INFO - Processing /opt/airflow/dags/owd_etl.py took 0.578 seconds
[2026-03-25T16:43:28.189+0000] {processor.py:161} INFO - Started process (PID=546) to work on /opt/airflow/dags/owd_etl.py
[2026-03-25T16:43:28.191+0000] {processor.py:830} INFO - Processing file /opt/airflow/dags/owd_etl.py for tasks to queue
[2026-03-25T16:43:28.192+0000] {logging_mixin.py:188} INFO - [2026-03-25T16:43:28.192+0000] {dagbag.py:538} INFO - Filling up the DagBag from /opt/airflow/dags/owd_etl.py
[2026-03-25T16:43:28.520+0000] {processor.py:840} INFO - DAG(s) 'owd_etl' retrieved from /opt/airflow/dags/owd_etl.py
[2026-03-25T16:43:28.550+0000] {logging_mixin.py:188} INFO - [2026-03-25T16:43:28.550+0000] {dag.py:3036} INFO - Sync 1 DAGs
[2026-03-25T16:43:28.579+0000] {logging_mixin.py:188} INFO - [2026-03-25T16:43:28.578+0000] {dag.py:3823} INFO - Setting next_dagrun for owd_etl to 2026-03-24 00:00:00+00:00, run_after=2026-03-25 00:00:00+00:00
[2026-03-25T16:43:28.751+0000] {processor.py:183} INFO - Processing /opt/airflow/dags/owd_etl.py took 0.568 seconds
[2026-03-25T16:43:58.923+0000] {processor.py:161} INFO - Started process (PID=581) to work on /opt/airflow/dags/owd_etl.py
[2026-03-25T16:43:58.925+0000] {processor.py:830} INFO - Processing file /opt/airflow/dags/owd_etl.py for tasks to queue
[2026-03-25T16:43:58.927+0000] {logging_mixin.py:188} INFO - [2026-03-25T16:43:58.926+0000] {dagbag.py:538} INFO - Filling up the DagBag from /opt/airflow/dags/owd_etl.py
[2026-03-25T16:43:59.260+0000] {processor.py:840} INFO - DAG(s) 'owd_etl' retrieved from /opt/airflow/dags/owd_etl.py
[2026-03-25T16:43:59.290+0000] {logging_mixin.py:188} INFO - [2026-03-25T16:43:59.289+0000] {dag.py:3036} INFO - Sync 1 DAGs
[2026-03-25T16:43:59.316+0000] {logging_mixin.py:188} INFO - [2026-03-25T16:43:59.315+0000] {dag.py:3823} INFO - Setting next_dagrun for owd_etl to 2026-03-24 00:00:00+00:00, run_after=2026-03-25 00:00:00+00:00
[2026-03-25T16:43:59.365+0000] {processor.py:183} INFO - Processing /opt/airflow/dags/owd_etl.py took 0.447 seconds
[2026-03-25T16:44:29.475+0000] {processor.py:161} INFO - Started process (PID=616) to work on /opt/airflow/dags/owd_etl.py
[2026-03-25T16:44:29.477+0000] {processor.py:830} INFO - Processing file /opt/airflow/dags/owd_etl.py for tasks to queue
[2026-03-25T16:44:29.479+0000] {logging_mixin.py:188} INFO - [2026-03-25T16:44:29.478+0000] {dagbag.py:538} INFO - Filling up the DagBag from /opt/airflow/dags/owd_etl.py
[2026-03-25T16:44:29.851+0000] {processor.py:840} INFO - DAG(s) 'owd_etl' retrieved from /opt/airflow/dags/owd_etl.py
[2026-03-25T16:44:29.887+0000] {logging_mixin.py:188} INFO - [2026-03-25T16:44:29.887+0000] {dag.py:3036} INFO - Sync 1 DAGs
[2026-03-25T16:44:30.070+0000] {logging_mixin.py:188} INFO - [2026-03-25T16:44:30.070+0000] {dag.py:3823} INFO - Setting next_dagrun for owd_etl to 2026-03-24 00:00:00+00:00, run_after=2026-03-25 00:00:00+00:00
[2026-03-25T16:44:30.124+0000] {processor.py:183} INFO - Processing /opt/airflow/dags/owd_etl.py took 0.654 seconds
[2026-03-25T16:45:00.818+0000] {processor.py:161} INFO - Started process (PID=649) to work on /opt/airflow/dags/owd_etl.py
[2026-03-25T16:45:00.820+0000] {processor.py:830} INFO - Processing file /opt/airflow/dags/owd_etl.py for tasks to queue
[2026-03-25T16:45:00.822+0000] {logging_mixin.py:188} INFO - [2026-03-25T16:45:00.821+0000] {dagbag.py:538} INFO - Filling up the DagBag from /opt/airflow/dags/owd_etl.py
[2026-03-25T16:45:01.793+0000] {processor.py:840} INFO - DAG(s) 'owd_etl' retrieved from /opt/airflow/dags/owd_etl.py
[2026-03-25T16:45:01.830+0000] {logging_mixin.py:188} INFO - [2026-03-25T16:45:01.829+0000] {dag.py:3036} INFO - Sync 1 DAGs
[2026-03-25T16:45:01.862+0000] {logging_mixin.py:188} INFO - [2026-03-25T16:45:01.862+0000] {dag.py:3823} INFO - Setting next_dagrun for owd_etl to 2026-03-24 00:00:00+00:00, run_after=2026-03-25 00:00:00+00:00
[2026-03-25T16:45:01.929+0000] {processor.py:183} INFO - Processing /opt/airflow/dags/owd_etl.py took 1.120 seconds
[2026-03-25T16:45:32.201+0000] {processor.py:161} INFO - Started process (PID=686) to work on /opt/airflow/dags/owd_etl.py
[2026-03-25T16:45:32.203+0000] {processor.py:830} INFO - Processing file /opt/airflow/dags/owd_etl.py for tasks to queue
[2026-03-25T16:45:32.205+0000] {logging_mixin.py:188} INFO - [2026-03-25T16:45:32.204+0000] {dagbag.py:538} INFO - Filling up the DagBag from /opt/airflow/dags/owd_etl.py
[2026-03-25T16:45:32.623+0000] {processor.py:840} INFO - DAG(s) 'owd_etl' retrieved from /opt/airflow/dags/owd_etl.py
[2026-03-25T16:45:32.689+0000] {logging_mixin.py:188} INFO - [2026-03-25T16:45:32.689+0000] {dag.py:3036} INFO - Sync 1 DAGs
[2026-03-25T16:45:33.018+0000] {logging_mixin.py:188} INFO - [2026-03-25T16:45:33.018+0000] {dag.py:3823} INFO - Setting next_dagrun for owd_etl to 2026-03-24 00:00:00+00:00, run_after=2026-03-25 00:00:00+00:00
[2026-03-25T16:45:33.109+0000] {processor.py:183} INFO - Processing /opt/airflow/dags/owd_etl.py took 0.913 seconds
[2026-03-25T16:46:04.258+0000] {processor.py:161} INFO - Started process (PID=721) to work on /opt/airflow/dags/owd_etl.py
[2026-03-25T16:46:04.260+0000] {processor.py:830} INFO - Processing file /opt/airflow/dags/owd_etl.py for tasks to queue
[2026-03-25T16:46:04.262+0000] {logging_mixin.py:188} INFO - [2026-03-25T16:46:04.261+0000] {dagbag.py:538} INFO - Filling up the DagBag from /opt/airflow/dags/owd_etl.py
[2026-03-25T16:46:04.647+0000] {processor.py:840} INFO - DAG(s) 'owd_etl' retrieved from /opt/airflow/dags/owd_etl.py
[2026-03-25T16:46:04.680+0000] {logging_mixin.py:188} INFO - [2026-03-25T16:46:04.680+0000] {dag.py:3036} INFO - Sync 1 DAGs
[2026-03-25T16:46:04.708+0000] {logging_mixin.py:188} INFO - [2026-03-25T16:46:04.708+0000] {dag.py:3823} INFO - Setting next_dagrun for owd_etl to 2026-03-24 00:00:00+00:00, run_after=2026-03-25 00:00:00+00:00
[2026-03-25T16:46:04.910+0000] {processor.py:183} INFO - Processing /opt/airflow/dags/owd_etl.py took 0.659 seconds
[2026-03-25T16:46:35.295+0000] {processor.py:161} INFO - Started process (PID=754) to work on /opt/airflow/dags/owd_etl.py
[2026-03-25T16:46:35.297+0000] {processor.py:830} INFO - Processing file /opt/airflow/dags/owd_etl.py for tasks to queue
[2026-03-25T16:46:35.300+0000] {logging_mixin.py:188} INFO - [2026-03-25T16:46:35.299+0000] {dagbag.py:538} INFO - Filling up the DagBag from /opt/airflow/dags/owd_etl.py
[2026-03-25T16:46:35.777+0000] {processor.py:840} INFO - DAG(s) 'owd_etl' retrieved from /opt/airflow/dags/owd_etl.py
[2026-03-25T16:46:36.005+0000] {logging_mixin.py:188} INFO - [2026-03-25T16:46:36.005+0000] {dag.py:3036} INFO - Sync 1 DAGs
[2026-03-25T16:46:36.043+0000] {logging_mixin.py:188} INFO - [2026-03-25T16:46:36.042+0000] {dag.py:3823} INFO - Setting next_dagrun for owd_etl to 2026-03-24 00:00:00+00:00, run_after=2026-03-25 00:00:00+00:00
[2026-03-25T16:46:36.079+0000] {processor.py:183} INFO - Processing /opt/airflow/dags/owd_etl.py took 0.792 seconds
[2026-03-25T16:47:06.866+0000] {processor.py:161} INFO - Started process (PID=789) to work on /opt/airflow/dags/owd_etl.py
[2026-03-25T16:47:06.868+0000] {processor.py:830} INFO - Processing file /opt/airflow/dags/owd_etl.py for tasks to queue
[2026-03-25T16:47:06.870+0000] {logging_mixin.py:188} INFO - [2026-03-25T16:47:06.869+0000] {dagbag.py:538} INFO - Filling up the DagBag from /opt/airflow/dags/owd_etl.py
[2026-03-25T16:47:07.249+0000] {processor.py:840} INFO - DAG(s) 'owd_etl' retrieved from /opt/airflow/dags/owd_etl.py
[2026-03-25T16:47:07.284+0000] {logging_mixin.py:188} INFO - [2026-03-25T16:47:07.283+0000] {dag.py:3036} INFO - Sync 1 DAGs
[2026-03-25T16:47:07.460+0000] {logging_mixin.py:188} INFO - [2026-03-25T16:47:07.460+0000] {dag.py:3823} INFO - Setting next_dagrun for owd_etl to 2026-03-24 00:00:00+00:00, run_after=2026-03-25 00:00:00+00:00
[2026-03-25T16:47:07.510+0000] {processor.py:183} INFO - Processing /opt/airflow/dags/owd_etl.py took 0.649 seconds
[2026-03-25T16:47:38.134+0000] {processor.py:161} INFO - Started process (PID=826) to work on /opt/airflow/dags/owd_etl.py
[2026-03-25T16:47:38.135+0000] {processor.py:830} INFO - Processing file /opt/airflow/dags/owd_etl.py for tasks to queue
[2026-03-25T16:47:38.137+0000] {logging_mixin.py:188} INFO - [2026-03-25T16:47:38.136+0000] {dagbag.py:538} INFO - Filling up the DagBag from /opt/airflow/dags/owd_etl.py
[2026-03-25T16:47:38.460+0000] {processor.py:840} INFO - DAG(s) 'owd_etl' retrieved from /opt/airflow/dags/owd_etl.py
[2026-03-25T16:47:38.630+0000] {logging_mixin.py:188} INFO - [2026-03-25T16:47:38.629+0000] {dag.py:3036} INFO - Sync 1 DAGs
[2026-03-25T16:47:38.653+0000] {logging_mixin.py:188} INFO - [2026-03-25T16:47:38.653+0000] {dag.py:3823} INFO - Setting next_dagrun for owd_etl to 2026-03-24 00:00:00+00:00, run_after=2026-03-25 00:00:00+00:00
[2026-03-25T16:47:38.678+0000] {processor.py:183} INFO - Processing /opt/airflow/dags/owd_etl.py took 0.549 seconds
[2026-03-25T16:48:09.181+0000] {processor.py:161} INFO - Started process (PID=861) to work on /opt/airflow/dags/owd_etl.py
[2026-03-25T16:48:09.183+0000] {processor.py:830} INFO - Processing file /opt/airflow/dags/owd_etl.py for tasks to queue
[2026-03-25T16:48:09.185+0000] {logging_mixin.py:188} INFO - [2026-03-25T16:48:09.184+0000] {dagbag.py:538} INFO - Filling up the DagBag from /opt/airflow/dags/owd_etl.py
[2026-03-25T16:48:09.746+0000] {processor.py:840} INFO - DAG(s) 'owd_etl' retrieved from /opt/airflow/dags/owd_etl.py
[2026-03-25T16:48:09.778+0000] {logging_mixin.py:188} INFO - [2026-03-25T16:48:09.777+0000] {dag.py:3036} INFO - Sync 1 DAGs
[2026-03-25T16:48:09.810+0000] {logging_mixin.py:188} INFO - [2026-03-25T16:48:09.809+0000] {dag.py:3823} INFO - Setting next_dagrun for owd_etl to 2026-03-24 00:00:00+00:00, run_after=2026-03-25 00:00:00+00:00
[2026-03-25T16:48:10.186+0000] {processor.py:183} INFO - Processing /opt/airflow/dags/owd_etl.py took 1.012 seconds
[2026-03-25T16:48:40.878+0000] {processor.py:161} INFO - Started process (PID=896) to work on /opt/airflow/dags/owd_etl.py
[2026-03-25T16:48:40.880+0000] {processor.py:830} INFO - Processing file /opt/airflow/dags/owd_etl.py for tasks to queue
[2026-03-25T16:48:40.881+0000] {logging_mixin.py:188} INFO - [2026-03-25T16:48:40.881+0000] {dagbag.py:538} INFO - Filling up the DagBag from /opt/airflow/dags/owd_etl.py
[2026-03-25T16:48:41.507+0000] {processor.py:840} INFO - DAG(s) 'owd_etl' retrieved from /opt/airflow/dags/owd_etl.py
[2026-03-25T16:48:41.533+0000] {logging_mixin.py:188} INFO - [2026-03-25T16:48:41.533+0000] {dag.py:3036} INFO - Sync 1 DAGs
[2026-03-25T16:48:41.556+0000] {logging_mixin.py:188} INFO - [2026-03-25T16:48:41.556+0000] {dag.py:3823} INFO - Setting next_dagrun for owd_etl to 2026-03-24 00:00:00+00:00, run_after=2026-03-25 00:00:00+00:00
[2026-03-25T16:48:41.583+0000] {processor.py:183} INFO - Processing /opt/airflow/dags/owd_etl.py took 0.710 seconds
[2026-03-25T16:49:11.765+0000] {processor.py:161} INFO - Started process (PID=931) to work on /opt/airflow/dags/owd_etl.py
[2026-03-25T16:49:11.767+0000] {processor.py:830} INFO - Processing file /opt/airflow/dags/owd_etl.py for tasks to queue
[2026-03-25T16:49:11.769+0000] {logging_mixin.py:188} INFO - [2026-03-25T16:49:11.768+0000] {dagbag.py:538} INFO - Filling up the DagBag from /opt/airflow/dags/owd_etl.py
[2026-03-25T16:49:12.367+0000] {processor.py:840} INFO - DAG(s) 'owd_etl' retrieved from /opt/airflow/dags/owd_etl.py
[2026-03-25T16:49:12.399+0000] {logging_mixin.py:188} INFO - [2026-03-25T16:49:12.398+0000] {dag.py:3036} INFO - Sync 1 DAGs
[2026-03-25T16:49:12.423+0000] {logging_mixin.py:188} INFO - [2026-03-25T16:49:12.423+0000] {dag.py:3823} INFO - Setting next_dagrun for owd_etl to 2026-03-24 00:00:00+00:00, run_after=2026-03-25 00:00:00+00:00
[2026-03-25T16:49:12.449+0000] {processor.py:183} INFO - Processing /opt/airflow/dags/owd_etl.py took 0.690 seconds
[2026-03-25T16:49:43.282+0000] {processor.py:161} INFO - Started process (PID=966) to work on /opt/airflow/dags/owd_etl.py
[2026-03-25T16:49:43.284+0000] {processor.py:830} INFO - Processing file /opt/airflow/dags/owd_etl.py for tasks to queue
[2026-03-25T16:49:43.287+0000] {logging_mixin.py:188} INFO - [2026-03-25T16:49:43.286+0000] {dagbag.py:538} INFO - Filling up the DagBag from /opt/airflow/dags/owd_etl.py
[2026-03-25T16:49:43.940+0000] {processor.py:840} INFO - DAG(s) 'owd_etl' retrieved from /opt/airflow/dags/owd_etl.py
[2026-03-25T16:49:43.969+0000] {logging_mixin.py:188} INFO - [2026-03-25T16:49:43.968+0000] {dag.py:3036} INFO - Sync 1 DAGs
[2026-03-25T16:49:43.994+0000] {logging_mixin.py:188} INFO - [2026-03-25T16:49:43.993+0000] {dag.py:3823} INFO - Setting next_dagrun for owd_etl to 2026-03-24 00:00:00+00:00, run_after=2026-03-25 00:00:00+00:00
[2026-03-25T16:49:44.044+0000] {processor.py:183} INFO - Processing /opt/airflow/dags/owd_etl.py took 0.770 seconds
[2026-03-25T16:50:14.239+0000] {processor.py:161} INFO - Started process (PID=1001) to work on /opt/airflow/dags/owd_etl.py
[2026-03-25T16:50:14.241+0000] {processor.py:830} INFO - Processing file /opt/airflow/dags/owd_etl.py for tasks to queue
[2026-03-25T16:50:14.243+0000] {logging_mixin.py:188} INFO - [2026-03-25T16:50:14.242+0000] {dagbag.py:538} INFO - Filling up the DagBag from /opt/airflow/dags/owd_etl.py
[2026-03-25T16:50:14.761+0000] {processor.py:840} INFO - DAG(s) 'owd_etl' retrieved from /opt/airflow/dags/owd_etl.py
[2026-03-25T16:50:14.792+0000] {logging_mixin.py:188} INFO - [2026-03-25T16:50:14.792+0000] {dag.py:3036} INFO - Sync 1 DAGs
[2026-03-25T16:50:14.820+0000] {logging_mixin.py:188} INFO - [2026-03-25T16:50:14.819+0000] {dag.py:3823} INFO - Setting next_dagrun for owd_etl to 2026-03-24 00:00:00+00:00, run_after=2026-03-25 00:00:00+00:00
[2026-03-25T16:50:14.859+0000] {processor.py:183} INFO - Processing /opt/airflow/dags/owd_etl.py took 0.625 seconds
[2026-03-25T16:50:45.137+0000] {processor.py:161} INFO - Started process (PID=1036) to work on /opt/airflow/dags/owd_etl.py
[2026-03-25T16:50:45.139+0000] {processor.py:830} INFO - Processing file /opt/airflow/dags/owd_etl.py for tasks to queue
[2026-03-25T16:50:45.140+0000] {logging_mixin.py:188} INFO - [2026-03-25T16:50:45.140+0000] {dagbag.py:538} INFO - Filling up the DagBag from /opt/airflow/dags/owd_etl.py
[2026-03-25T16:50:45.613+0000] {processor.py:840} INFO - DAG(s) 'owd_etl' retrieved from /opt/airflow/dags/owd_etl.py
[2026-03-25T16:50:45.646+0000] {logging_mixin.py:188} INFO - [2026-03-25T16:50:45.645+0000] {dag.py:3036} INFO - Sync 1 DAGs
[2026-03-25T16:50:45.675+0000] {logging_mixin.py:188} INFO - [2026-03-25T16:50:45.675+0000] {dag.py:3823} INFO - Setting next_dagrun for owd_etl to 2026-03-24 00:00:00+00:00, run_after=2026-03-25 00:00:00+00:00
[2026-03-25T16:50:45.710+0000] {processor.py:183} INFO - Processing /opt/airflow/dags/owd_etl.py took 0.577 seconds
[2026-03-25T16:51:16.081+0000] {processor.py:161} INFO - Started process (PID=1071) to work on /opt/airflow/dags/owd_etl.py
[2026-03-25T16:51:16.083+0000] {processor.py:830} INFO - Processing file /opt/airflow/dags/owd_etl.py for tasks to queue
[2026-03-25T16:51:16.085+0000] {logging_mixin.py:188} INFO - [2026-03-25T16:51:16.084+0000] {dagbag.py:538} INFO - Filling up the DagBag from /opt/airflow/dags/owd_etl.py
[2026-03-25T16:51:16.587+0000] {processor.py:840} INFO - DAG(s) 'owd_etl' retrieved from /opt/airflow/dags/owd_etl.py
[2026-03-25T16:51:16.619+0000] {logging_mixin.py:188} INFO - [2026-03-25T16:51:16.618+0000] {dag.py:3036} INFO - Sync 1 DAGs
[2026-03-25T16:51:16.643+0000] {logging_mixin.py:188} INFO - [2026-03-25T16:51:16.643+0000] {dag.py:3823} INFO - Setting next_dagrun for owd_etl to 2026-03-24 00:00:00+00:00, run_after=2026-03-25 00:00:00+00:00
[2026-03-25T16:51:16.669+0000] {processor.py:183} INFO - Processing /opt/airflow/dags/owd_etl.py took 0.592 seconds
[2026-03-25T16:51:46.957+0000] {processor.py:161} INFO - Started process (PID=1103) to work on /opt/airflow/dags/owd_etl.py
[2026-03-25T16:51:46.958+0000] {processor.py:830} INFO - Processing file /opt/airflow/dags/owd_etl.py for tasks to queue
[2026-03-25T16:51:46.960+0000] {logging_mixin.py:188} INFO - [2026-03-25T16:51:46.959+0000] {dagbag.py:538} INFO - Filling up the DagBag from /opt/airflow/dags/owd_etl.py
[2026-03-25T16:51:47.516+0000] {processor.py:840} INFO - DAG(s) 'owd_etl' retrieved from /opt/airflow/dags/owd_etl.py
[2026-03-25T16:51:47.545+0000] {logging_mixin.py:188} INFO - [2026-03-25T16:51:47.545+0000] {dag.py:3036} INFO - Sync 1 DAGs
[2026-03-25T16:51:47.575+0000] {logging_mixin.py:188} INFO - [2026-03-25T16:51:47.575+0000] {dag.py:3823} INFO - Setting next_dagrun for owd_etl to 2026-03-24 00:00:00+00:00, run_after=2026-03-25 00:00:00+00:00
[2026-03-25T16:51:47.627+0000] {processor.py:183} INFO - Processing /opt/airflow/dags/owd_etl.py took 0.674 seconds
[2026-03-25T16:52:18.081+0000] {processor.py:161} INFO - Started process (PID=1138) to work on /opt/airflow/dags/owd_etl.py
[2026-03-25T16:52:18.084+0000] {processor.py:830} INFO - Processing file /opt/airflow/dags/owd_etl.py for tasks to queue
[2026-03-25T16:52:18.086+0000] {logging_mixin.py:188} INFO - [2026-03-25T16:52:18.085+0000] {dagbag.py:538} INFO - Filling up the DagBag from /opt/airflow/dags/owd_etl.py
[2026-03-25T16:52:18.680+0000] {processor.py:840} INFO - DAG(s) 'owd_etl' retrieved from /opt/airflow/dags/owd_etl.py
[2026-03-25T16:52:18.713+0000] {logging_mixin.py:188} INFO - [2026-03-25T16:52:18.712+0000] {dag.py:3036} INFO - Sync 1 DAGs
[2026-03-25T16:52:18.739+0000] {logging_mixin.py:188} INFO - [2026-03-25T16:52:18.739+0000] {dag.py:3823} INFO - Setting next_dagrun for owd_etl to 2026-03-24 00:00:00+00:00, run_after=2026-03-25 00:00:00+00:00
[2026-03-25T16:52:18.793+0000] {processor.py:183} INFO - Processing /opt/airflow/dags/owd_etl.py took 0.718 seconds
[2026-03-25T16:52:48.966+0000] {processor.py:161} INFO - Started process (PID=1173) to work on /opt/airflow/dags/owd_etl.py
[2026-03-25T16:52:48.967+0000] {processor.py:830} INFO - Processing file /opt/airflow/dags/owd_etl.py for tasks to queue
[2026-03-25T16:52:48.969+0000] {logging_mixin.py:188} INFO - [2026-03-25T16:52:48.969+0000] {dagbag.py:538} INFO - Filling up the DagBag from /opt/airflow/dags/owd_etl.py
[2026-03-25T16:52:49.523+0000] {processor.py:840} INFO - DAG(s) 'owd_etl' retrieved from /opt/airflow/dags/owd_etl.py
[2026-03-25T16:52:49.556+0000] {logging_mixin.py:188} INFO - [2026-03-25T16:52:49.555+0000] {dag.py:3036} INFO - Sync 1 DAGs
[2026-03-25T16:52:49.580+0000] {logging_mixin.py:188} INFO - [2026-03-25T16:52:49.580+0000] {dag.py:3823} INFO - Setting next_dagrun for owd_etl to 2026-03-24 00:00:00+00:00, run_after=2026-03-25 00:00:00+00:00
[2026-03-25T16:52:49.633+0000] {processor.py:183} INFO - Processing /opt/airflow/dags/owd_etl.py took 0.674 seconds
[2026-03-25T16:53:19.827+0000] {processor.py:161} INFO - Started process (PID=1208) to work on /opt/airflow/dags/owd_etl.py
[2026-03-25T16:53:19.831+0000] {processor.py:830} INFO - Processing file /opt/airflow/dags/owd_etl.py for tasks to queue
[2026-03-25T16:53:19.834+0000] {logging_mixin.py:188} INFO - [2026-03-25T16:53:19.833+0000] {dagbag.py:538} INFO - Filling up the DagBag from /opt/airflow/dags/owd_etl.py
[2026-03-25T16:53:20.490+0000] {processor.py:840} INFO - DAG(s) 'owd_etl' retrieved from /opt/airflow/dags/owd_etl.py
[2026-03-25T16:53:20.533+0000] {logging_mixin.py:188} INFO - [2026-03-25T16:53:20.532+0000] {dag.py:3036} INFO - Sync 1 DAGs
[2026-03-25T16:53:20.567+0000] {logging_mixin.py:188} INFO - [2026-03-25T16:53:20.566+0000] {dag.py:3823} INFO - Setting next_dagrun for owd_etl to 2026-03-24 00:00:00+00:00, run_after=2026-03-25 00:00:00+00:00
[2026-03-25T16:53:20.595+0000] {processor.py:183} INFO - Processing /opt/airflow/dags/owd_etl.py took 0.778 seconds
[2026-03-25T16:53:50.788+0000] {processor.py:161} INFO - Started process (PID=1248) to work on /opt/airflow/dags/owd_etl.py
[2026-03-25T16:53:50.791+0000] {processor.py:830} INFO - Processing file /opt/airflow/dags/owd_etl.py for tasks to queue
[2026-03-25T16:53:50.796+0000] {logging_mixin.py:188} INFO - [2026-03-25T16:53:50.795+0000] {dagbag.py:538} INFO - Filling up the DagBag from /opt/airflow/dags/owd_etl.py
[2026-03-25T16:53:51.418+0000] {processor.py:840} INFO - DAG(s) 'owd_etl' retrieved from /opt/airflow/dags/owd_etl.py
[2026-03-25T16:53:51.447+0000] {logging_mixin.py:188} INFO - [2026-03-25T16:53:51.447+0000] {dag.py:3036} INFO - Sync 1 DAGs
[2026-03-25T16:53:51.479+0000] {logging_mixin.py:188} INFO - [2026-03-25T16:53:51.478+0000] {dag.py:3823} INFO - Setting next_dagrun for owd_etl to 2026-03-24 00:00:00+00:00, run_after=2026-03-25 00:00:00+00:00
[2026-03-25T16:53:51.510+0000] {processor.py:183} INFO - Processing /opt/airflow/dags/owd_etl.py took 0.728 seconds
[2026-03-25T16:54:21.945+0000] {processor.py:161} INFO - Started process (PID=1290) to work on /opt/airflow/dags/owd_etl.py
[2026-03-25T16:54:21.948+0000] {processor.py:830} INFO - Processing file /opt/airflow/dags/owd_etl.py for tasks to queue
[2026-03-25T16:54:21.950+0000] {logging_mixin.py:188} INFO - [2026-03-25T16:54:21.949+0000] {dagbag.py:538} INFO - Filling up the DagBag from /opt/airflow/dags/owd_etl.py
[2026-03-25T16:54:22.602+0000] {processor.py:840} INFO - DAG(s) 'owd_etl' retrieved from /opt/airflow/dags/owd_etl.py
[2026-03-25T16:54:22.644+0000] {logging_mixin.py:188} INFO - [2026-03-25T16:54:22.643+0000] {dag.py:3036} INFO - Sync 1 DAGs
[2026-03-25T16:54:22.677+0000] {logging_mixin.py:188} INFO - [2026-03-25T16:54:22.677+0000] {dag.py:3823} INFO - Setting next_dagrun for owd_etl to 2026-03-24 00:00:00+00:00, run_after=2026-03-25 00:00:00+00:00
[2026-03-25T16:54:22.710+0000] {processor.py:183} INFO - Processing /opt/airflow/dags/owd_etl.py took 0.772 seconds
[2026-03-25T16:54:53.082+0000] {processor.py:161} INFO - Started process (PID=1666) to work on /opt/airflow/dags/owd_etl.py
[2026-03-25T16:54:53.083+0000] {processor.py:830} INFO - Processing file /opt/airflow/dags/owd_etl.py for tasks to queue
[2026-03-25T16:54:53.084+0000] {logging_mixin.py:188} INFO - [2026-03-25T16:54:53.084+0000] {dagbag.py:538} INFO - Filling up the DagBag from /opt/airflow/dags/owd_etl.py
[2026-03-25T16:54:53.791+0000] {processor.py:840} INFO - DAG(s) 'owd_etl' retrieved from /opt/airflow/dags/owd_etl.py
[2026-03-25T16:54:53.861+0000] {logging_mixin.py:188} INFO - [2026-03-25T16:54:53.860+0000] {dag.py:3036} INFO - Sync 1 DAGs
[2026-03-25T16:54:53.917+0000] {logging_mixin.py:188} INFO - [2026-03-25T16:54:53.917+0000] {dag.py:3823} INFO - Setting next_dagrun for owd_etl to 2026-03-24 00:00:00+00:00, run_after=2026-03-25 00:00:00+00:00
[2026-03-25T16:54:54.005+0000] {processor.py:183} INFO - Processing /opt/airflow/dags/owd_etl.py took 0.929 seconds
[2026-03-25T16:55:24.578+0000] {processor.py:161} INFO - Started process (PID=1766) to work on /opt/airflow/dags/owd_etl.py
[2026-03-25T16:55:24.580+0000] {processor.py:830} INFO - Processing file /opt/airflow/dags/owd_etl.py for tasks to queue
[2026-03-25T16:55:24.582+0000] {logging_mixin.py:188} INFO - [2026-03-25T16:55:24.582+0000] {dagbag.py:538} INFO - Filling up the DagBag from /opt/airflow/dags/owd_etl.py
[2026-03-25T16:55:25.249+0000] {processor.py:840} INFO - DAG(s) 'owd_etl' retrieved from /opt/airflow/dags/owd_etl.py
[2026-03-25T16:55:25.286+0000] {logging_mixin.py:188} INFO - [2026-03-25T16:55:25.285+0000] {dag.py:3036} INFO - Sync 1 DAGs
[2026-03-25T16:55:25.321+0000] {logging_mixin.py:188} INFO - [2026-03-25T16:55:25.321+0000] {dag.py:3823} INFO - Setting next_dagrun for owd_etl to 2026-03-24 00:00:00+00:00, run_after=2026-03-25 00:00:00+00:00
[2026-03-25T16:55:25.354+0000] {processor.py:183} INFO - Processing /opt/airflow/dags/owd_etl.py took 0.784 seconds
[2026-03-25T18:48:20.121+0000] {processor.py:161} INFO - Started process (PID=1811) to work on /opt/airflow/dags/owd_etl.py
[2026-03-25T18:48:20.127+0000] {processor.py:830} INFO - Processing file /opt/airflow/dags/owd_etl.py for tasks to queue
[2026-03-25T18:48:20.130+0000] {logging_mixin.py:188} INFO - [2026-03-25T18:48:20.129+0000] {dagbag.py:538} INFO - Filling up the DagBag from /opt/airflow/dags/owd_etl.py
[2026-03-25T18:48:22.358+0000] {processor.py:840} INFO - DAG(s) 'owd_etl' retrieved from /opt/airflow/dags/owd_etl.py
[2026-03-25T18:48:22.459+0000] {logging_mixin.py:188} INFO - [2026-03-25T18:48:22.454+0000] {dag.py:3036} INFO - Sync 1 DAGs
[2026-03-25T18:48:22.545+0000] {logging_mixin.py:188} INFO - [2026-03-25T18:48:22.545+0000] {dag.py:3823} INFO - Setting next_dagrun for owd_etl to 2026-03-24 00:00:00+00:00, run_after=2026-03-25 00:00:00+00:00
[2026-03-25T18:48:22.610+0000] {processor.py:183} INFO - Processing /opt/airflow/dags/owd_etl.py took 2.505 seconds
[2026-03-25T18:48:54.851+0000] {processor.py:161} INFO - Started process (PID=1854) to work on /opt/airflow/dags/owd_etl.py
[2026-03-25T18:48:54.860+0000] {processor.py:830} INFO - Processing file /opt/airflow/dags/owd_etl.py for tasks to queue
[2026-03-25T18:48:54.862+0000] {logging_mixin.py:188} INFO - [2026-03-25T18:48:54.862+0000] {dagbag.py:538} INFO - Filling up the DagBag from /opt/airflow/dags/owd_etl.py
[2026-03-25T18:48:56.131+0000] {processor.py:840} INFO - DAG(s) 'owd_etl' retrieved from /opt/airflow/dags/owd_etl.py
[2026-03-25T18:48:56.224+0000] {logging_mixin.py:188} INFO - [2026-03-25T18:48:56.223+0000] {dag.py:3036} INFO - Sync 1 DAGs
[2026-03-25T18:48:56.301+0000] {logging_mixin.py:188} INFO - [2026-03-25T18:48:56.300+0000] {dag.py:3823} INFO - Setting next_dagrun for owd_etl to 2026-03-24 00:00:00+00:00, run_after=2026-03-25 00:00:00+00:00
[2026-03-25T18:48:56.359+0000] {processor.py:183} INFO - Processing /opt/airflow/dags/owd_etl.py took 1.515 seconds
[2026-03-25T18:49:26.893+0000] {processor.py:161} INFO - Started process (PID=1894) to work on /opt/airflow/dags/owd_etl.py
[2026-03-25T18:49:26.942+0000] {processor.py:830} INFO - Processing file /opt/airflow/dags/owd_etl.py for tasks to queue
[2026-03-25T18:49:26.964+0000] {logging_mixin.py:188} INFO - [2026-03-25T18:49:26.963+0000] {dagbag.py:538} INFO - Filling up the DagBag from /opt/airflow/dags/owd_etl.py
[2026-03-25T18:49:28.044+0000] {processor.py:840} INFO - DAG(s) 'owd_etl' retrieved from /opt/airflow/dags/owd_etl.py
[2026-03-25T18:49:28.114+0000] {logging_mixin.py:188} INFO - [2026-03-25T18:49:28.113+0000] {dag.py:3036} INFO - Sync 1 DAGs
[2026-03-25T18:49:28.165+0000] {logging_mixin.py:188} INFO - [2026-03-25T18:49:28.164+0000] {dag.py:3823} INFO - Setting next_dagrun for owd_etl to 2026-03-24 00:00:00+00:00, run_after=2026-03-25 00:00:00+00:00
[2026-03-25T18:49:28.192+0000] {processor.py:183} INFO - Processing /opt/airflow/dags/owd_etl.py took 1.319 seconds
[2026-03-25T18:49:58.871+0000] {processor.py:161} INFO - Started process (PID=1936) to work on /opt/airflow/dags/owd_etl.py
[2026-03-25T18:49:58.873+0000] {processor.py:830} INFO - Processing file /opt/airflow/dags/owd_etl.py for tasks to queue
[2026-03-25T18:49:58.874+0000] {logging_mixin.py:188} INFO - [2026-03-25T18:49:58.874+0000] {dagbag.py:538} INFO - Filling up the DagBag from /opt/airflow/dags/owd_etl.py
[2026-03-25T18:49:59.396+0000] {processor.py:840} INFO - DAG(s) 'owd_etl' retrieved from /opt/airflow/dags/owd_etl.py
[2026-03-25T18:49:59.493+0000] {logging_mixin.py:188} INFO - [2026-03-25T18:49:59.492+0000] {dag.py:3036} INFO - Sync 1 DAGs
[2026-03-25T18:49:59.564+0000] {logging_mixin.py:188} INFO - [2026-03-25T18:49:59.563+0000] {dag.py:3823} INFO - Setting next_dagrun for owd_etl to 2026-03-24 00:00:00+00:00, run_after=2026-03-25 00:00:00+00:00
[2026-03-25T18:50:01.969+0000] {processor.py:183} INFO - Processing /opt/airflow/dags/owd_etl.py took 3.102 seconds
[2026-03-25T18:50:32.369+0000] {processor.py:161} INFO - Started process (PID=1976) to work on /opt/airflow/dags/owd_etl.py
[2026-03-25T18:50:32.370+0000] {processor.py:830} INFO - Processing file /opt/airflow/dags/owd_etl.py for tasks to queue
[2026-03-25T18:50:32.372+0000] {logging_mixin.py:188} INFO - [2026-03-25T18:50:32.371+0000] {dagbag.py:538} INFO - Filling up the DagBag from /opt/airflow/dags/owd_etl.py
[2026-03-25T18:50:32.840+0000] {processor.py:840} INFO - DAG(s) 'owd_etl' retrieved from /opt/airflow/dags/owd_etl.py
[2026-03-25T18:50:32.886+0000] {logging_mixin.py:188} INFO - [2026-03-25T18:50:32.885+0000] {dag.py:3036} INFO - Sync 1 DAGs
[2026-03-25T18:50:32.914+0000] {logging_mixin.py:188} INFO - [2026-03-25T18:50:32.913+0000] {dag.py:3823} INFO - Setting next_dagrun for owd_etl to 2026-03-24 00:00:00+00:00, run_after=2026-03-25 00:00:00+00:00
[2026-03-25T18:50:32.977+0000] {processor.py:183} INFO - Processing /opt/airflow/dags/owd_etl.py took 0.613 seconds
[2026-03-25T18:51:03.774+0000] {processor.py:161} INFO - Started process (PID=2016) to work on /opt/airflow/dags/owd_etl.py
[2026-03-25T18:51:03.776+0000] {processor.py:830} INFO - Processing file /opt/airflow/dags/owd_etl.py for tasks to queue
[2026-03-25T18:51:03.777+0000] {logging_mixin.py:188} INFO - [2026-03-25T18:51:03.777+0000] {dagbag.py:538} INFO - Filling up the DagBag from /opt/airflow/dags/owd_etl.py
[2026-03-25T18:51:04.349+0000] {processor.py:840} INFO - DAG(s) 'owd_etl' retrieved from /opt/airflow/dags/owd_etl.py
[2026-03-25T18:51:04.380+0000] {logging_mixin.py:188} INFO - [2026-03-25T18:51:04.379+0000] {dag.py:3036} INFO - Sync 1 DAGs
[2026-03-25T18:51:04.409+0000] {logging_mixin.py:188} INFO - [2026-03-25T18:51:04.409+0000] {dag.py:3823} INFO - Setting next_dagrun for owd_etl to 2026-03-24 00:00:00+00:00, run_after=2026-03-25 00:00:00+00:00
[2026-03-25T18:51:04.462+0000] {processor.py:183} INFO - Processing /opt/airflow/dags/owd_etl.py took 0.696 seconds
[2026-03-25T18:51:34.732+0000] {processor.py:161} INFO - Started process (PID=2056) to work on /opt/airflow/dags/owd_etl.py
[2026-03-25T18:51:34.734+0000] {processor.py:830} INFO - Processing file /opt/airflow/dags/owd_etl.py for tasks to queue
[2026-03-25T18:51:34.735+0000] {logging_mixin.py:188} INFO - [2026-03-25T18:51:34.735+0000] {dagbag.py:538} INFO - Filling up the DagBag from /opt/airflow/dags/owd_etl.py
[2026-03-25T18:51:35.228+0000] {processor.py:840} INFO - DAG(s) 'owd_etl' retrieved from /opt/airflow/dags/owd_etl.py
[2026-03-25T18:51:35.265+0000] {logging_mixin.py:188} INFO - [2026-03-25T18:51:35.264+0000] {dag.py:3036} INFO - Sync 1 DAGs
[2026-03-25T18:51:35.289+0000] {logging_mixin.py:188} INFO - [2026-03-25T18:51:35.289+0000] {dag.py:3823} INFO - Setting next_dagrun for owd_etl to 2026-03-24 00:00:00+00:00, run_after=2026-03-25 00:00:00+00:00
[2026-03-25T18:51:35.316+0000] {processor.py:183} INFO - Processing /opt/airflow/dags/owd_etl.py took 0.588 seconds
[2026-03-25T18:52:05.647+0000] {processor.py:161} INFO - Started process (PID=2096) to work on /opt/airflow/dags/owd_etl.py
[2026-03-25T18:52:05.651+0000] {processor.py:830} INFO - Processing file /opt/airflow/dags/owd_etl.py for tasks to queue
[2026-03-25T18:52:05.653+0000] {logging_mixin.py:188} INFO - [2026-03-25T18:52:05.652+0000] {dagbag.py:538} INFO - Filling up the DagBag from /opt/airflow/dags/owd_etl.py
[2026-03-25T18:52:06.213+0000] {processor.py:840} INFO - DAG(s) 'owd_etl' retrieved from /opt/airflow/dags/owd_etl.py
[2026-03-25T18:52:06.248+0000] {logging_mixin.py:188} INFO - [2026-03-25T18:52:06.247+0000] {dag.py:3036} INFO - Sync 1 DAGs
[2026-03-25T18:52:06.275+0000] {logging_mixin.py:188} INFO - [2026-03-25T18:52:06.274+0000] {dag.py:3823} INFO - Setting next_dagrun for owd_etl to 2026-03-24 00:00:00+00:00, run_after=2026-03-25 00:00:00+00:00
[2026-03-25T18:52:06.325+0000] {processor.py:183} INFO - Processing /opt/airflow/dags/owd_etl.py took 0.694 seconds
[2026-03-25T18:52:37.157+0000] {processor.py:161} INFO - Started process (PID=2134) to work on /opt/airflow/dags/owd_etl.py
[2026-03-25T18:52:37.158+0000] {processor.py:830} INFO - Processing file /opt/airflow/dags/owd_etl.py for tasks to queue
[2026-03-25T18:52:37.160+0000] {logging_mixin.py:188} INFO - [2026-03-25T18:52:37.160+0000] {dagbag.py:538} INFO - Filling up the DagBag from /opt/airflow/dags/owd_etl.py
[2026-03-25T18:52:37.630+0000] {processor.py:840} INFO - DAG(s) 'owd_etl' retrieved from /opt/airflow/dags/owd_etl.py
[2026-03-25T18:52:37.655+0000] {logging_mixin.py:188} INFO - [2026-03-25T18:52:37.654+0000] {dag.py:3036} INFO - Sync 1 DAGs
[2026-03-25T18:52:37.677+0000] {logging_mixin.py:188} INFO - [2026-03-25T18:52:37.677+0000] {dag.py:3823} INFO - Setting next_dagrun for owd_etl to 2026-03-24 00:00:00+00:00, run_after=2026-03-25 00:00:00+00:00
[2026-03-25T18:52:37.728+0000] {processor.py:183} INFO - Processing /opt/airflow/dags/owd_etl.py took 0.576 seconds
[2026-03-25T18:53:09.641+0000] {processor.py:161} INFO - Started process (PID=2169) to work on /opt/airflow/dags/owd_etl.py
[2026-03-25T18:53:09.643+0000] {processor.py:830} INFO - Processing file /opt/airflow/dags/owd_etl.py for tasks to queue
[2026-03-25T18:53:09.645+0000] {logging_mixin.py:188} INFO - [2026-03-25T18:53:09.645+0000] {dagbag.py:538} INFO - Filling up the DagBag from /opt/airflow/dags/owd_etl.py
[2026-03-25T18:53:10.357+0000] {processor.py:840} INFO - DAG(s) 'owd_etl' retrieved from /opt/airflow/dags/owd_etl.py
[2026-03-25T18:53:10.389+0000] {logging_mixin.py:188} INFO - [2026-03-25T18:53:10.388+0000] {dag.py:3036} INFO - Sync 1 DAGs
[2026-03-25T18:53:10.420+0000] {logging_mixin.py:188} INFO - [2026-03-25T18:53:10.419+0000] {dag.py:3823} INFO - Setting next_dagrun for owd_etl to 2026-03-24 00:00:00+00:00, run_after=2026-03-25 00:00:00+00:00
[2026-03-25T18:53:10.445+0000] {processor.py:183} INFO - Processing /opt/airflow/dags/owd_etl.py took 0.813 seconds
