[2026-03-25T16:38:46.577+0000] {processor.py:161} INFO - Started process (PID=187) to work on /opt/airflow/dags/owd_etl_robusto.py
[2026-03-25T16:38:46.579+0000] {processor.py:830} INFO - Processing file /opt/airflow/dags/owd_etl_robusto.py for tasks to queue
[2026-03-25T16:38:46.580+0000] {logging_mixin.py:188} INFO - [2026-03-25T16:38:46.580+0000] {dagbag.py:538} INFO - Filling up the DagBag from /opt/airflow/dags/owd_etl_robusto.py
[2026-03-25T16:38:47.155+0000] {processor.py:840} INFO - DAG(s) 'owd_etl_robusto' retrieved from /opt/airflow/dags/owd_etl_robusto.py
[2026-03-25T16:38:47.445+0000] {logging_mixin.py:188} INFO - [2026-03-25T16:38:47.444+0000] {dag.py:3036} INFO - Sync 1 DAGs
[2026-03-25T16:38:47.483+0000] {logging_mixin.py:188} INFO - [2026-03-25T16:38:47.483+0000] {dag.py:3823} INFO - Setting next_dagrun for owd_etl_robusto to 2026-03-25 15:00:00+00:00, run_after=2026-03-25 16:00:00+00:00
[2026-03-25T16:38:47.713+0000] {processor.py:183} INFO - Processing /opt/airflow/dags/owd_etl_robusto.py took 1.142 seconds
[2026-03-25T16:39:18.511+0000] {processor.py:161} INFO - Started process (PID=222) to work on /opt/airflow/dags/owd_etl_robusto.py
[2026-03-25T16:39:18.513+0000] {processor.py:830} INFO - Processing file /opt/airflow/dags/owd_etl_robusto.py for tasks to queue
[2026-03-25T16:39:18.514+0000] {logging_mixin.py:188} INFO - [2026-03-25T16:39:18.514+0000] {dagbag.py:538} INFO - Filling up the DagBag from /opt/airflow/dags/owd_etl_robusto.py
[2026-03-25T16:39:18.981+0000] {processor.py:840} INFO - DAG(s) 'owd_etl_robusto' retrieved from /opt/airflow/dags/owd_etl_robusto.py
[2026-03-25T16:39:19.037+0000] {logging_mixin.py:188} INFO - [2026-03-25T16:39:19.036+0000] {dag.py:3036} INFO - Sync 1 DAGs
[2026-03-25T16:39:19.098+0000] {logging_mixin.py:188} INFO - [2026-03-25T16:39:19.098+0000] {dag.py:3823} INFO - Setting next_dagrun for owd_etl_robusto to 2026-03-25 15:00:00+00:00, run_after=2026-03-25 16:00:00+00:00
[2026-03-25T16:39:19.278+0000] {processor.py:183} INFO - Processing /opt/airflow/dags/owd_etl_robusto.py took 0.771 seconds
[2026-03-25T16:39:49.462+0000] {processor.py:161} INFO - Started process (PID=281) to work on /opt/airflow/dags/owd_etl_robusto.py
[2026-03-25T16:39:49.465+0000] {processor.py:830} INFO - Processing file /opt/airflow/dags/owd_etl_robusto.py for tasks to queue
[2026-03-25T16:39:49.466+0000] {logging_mixin.py:188} INFO - [2026-03-25T16:39:49.466+0000] {dagbag.py:538} INFO - Filling up the DagBag from /opt/airflow/dags/owd_etl_robusto.py
[2026-03-25T16:39:49.834+0000] {processor.py:840} INFO - DAG(s) 'owd_etl_robusto' retrieved from /opt/airflow/dags/owd_etl_robusto.py
[2026-03-25T16:39:49.870+0000] {logging_mixin.py:188} INFO - [2026-03-25T16:39:49.870+0000] {dag.py:3036} INFO - Sync 1 DAGs
[2026-03-25T16:39:49.905+0000] {logging_mixin.py:188} INFO - [2026-03-25T16:39:49.905+0000] {dag.py:3823} INFO - Setting next_dagrun for owd_etl_robusto to 2026-03-25 15:00:00+00:00, run_after=2026-03-25 16:00:00+00:00
[2026-03-25T16:39:50.117+0000] {processor.py:183} INFO - Processing /opt/airflow/dags/owd_etl_robusto.py took 0.663 seconds
[2026-03-25T16:40:20.671+0000] {processor.py:161} INFO - Started process (PID=325) to work on /opt/airflow/dags/owd_etl_robusto.py
[2026-03-25T16:40:20.673+0000] {processor.py:830} INFO - Processing file /opt/airflow/dags/owd_etl_robusto.py for tasks to queue
[2026-03-25T16:40:20.675+0000] {logging_mixin.py:188} INFO - [2026-03-25T16:40:20.674+0000] {dagbag.py:538} INFO - Filling up the DagBag from /opt/airflow/dags/owd_etl_robusto.py
[2026-03-25T16:40:21.281+0000] {processor.py:840} INFO - DAG(s) 'owd_etl_robusto' retrieved from /opt/airflow/dags/owd_etl_robusto.py
[2026-03-25T16:40:21.352+0000] {logging_mixin.py:188} INFO - [2026-03-25T16:40:21.351+0000] {dag.py:3036} INFO - Sync 1 DAGs
[2026-03-25T16:40:21.433+0000] {logging_mixin.py:188} INFO - [2026-03-25T16:40:21.432+0000] {dag.py:3823} INFO - Setting next_dagrun for owd_etl_robusto to 2026-03-25 15:00:00+00:00, run_after=2026-03-25 16:00:00+00:00
[2026-03-25T16:40:21.548+0000] {processor.py:183} INFO - Processing /opt/airflow/dags/owd_etl_robusto.py took 0.882 seconds
[2026-03-25T16:40:51.948+0000] {processor.py:161} INFO - Started process (PID=359) to work on /opt/airflow/dags/owd_etl_robusto.py
[2026-03-25T16:40:51.949+0000] {processor.py:830} INFO - Processing file /opt/airflow/dags/owd_etl_robusto.py for tasks to queue
[2026-03-25T16:40:51.952+0000] {logging_mixin.py:188} INFO - [2026-03-25T16:40:51.951+0000] {dagbag.py:538} INFO - Filling up the DagBag from /opt/airflow/dags/owd_etl_robusto.py
[2026-03-25T16:40:52.354+0000] {processor.py:840} INFO - DAG(s) 'owd_etl_robusto' retrieved from /opt/airflow/dags/owd_etl_robusto.py
[2026-03-25T16:40:52.391+0000] {logging_mixin.py:188} INFO - [2026-03-25T16:40:52.390+0000] {dag.py:3036} INFO - Sync 1 DAGs
[2026-03-25T16:40:52.681+0000] {logging_mixin.py:188} INFO - [2026-03-25T16:40:52.681+0000] {dag.py:3823} INFO - Setting next_dagrun for owd_etl_robusto to 2026-03-25 15:00:00+00:00, run_after=2026-03-25 16:00:00+00:00
[2026-03-25T16:40:52.759+0000] {processor.py:183} INFO - Processing /opt/airflow/dags/owd_etl_robusto.py took 0.817 seconds
[2026-03-25T16:41:23.050+0000] {processor.py:161} INFO - Started process (PID=394) to work on /opt/airflow/dags/owd_etl_robusto.py
[2026-03-25T16:41:23.053+0000] {processor.py:830} INFO - Processing file /opt/airflow/dags/owd_etl_robusto.py for tasks to queue
[2026-03-25T16:41:23.059+0000] {logging_mixin.py:188} INFO - [2026-03-25T16:41:23.058+0000] {dagbag.py:538} INFO - Filling up the DagBag from /opt/airflow/dags/owd_etl_robusto.py
[2026-03-25T16:41:23.420+0000] {processor.py:840} INFO - DAG(s) 'owd_etl_robusto' retrieved from /opt/airflow/dags/owd_etl_robusto.py
[2026-03-25T16:41:23.462+0000] {logging_mixin.py:188} INFO - [2026-03-25T16:41:23.462+0000] {dag.py:3036} INFO - Sync 1 DAGs
[2026-03-25T16:41:23.497+0000] {logging_mixin.py:188} INFO - [2026-03-25T16:41:23.497+0000] {dag.py:3823} INFO - Setting next_dagrun for owd_etl_robusto to 2026-03-25 15:00:00+00:00, run_after=2026-03-25 16:00:00+00:00
[2026-03-25T16:41:23.528+0000] {processor.py:183} INFO - Processing /opt/airflow/dags/owd_etl_robusto.py took 0.486 seconds
[2026-03-25T16:41:53.957+0000] {processor.py:161} INFO - Started process (PID=432) to work on /opt/airflow/dags/owd_etl_robusto.py
[2026-03-25T16:41:53.959+0000] {processor.py:830} INFO - Processing file /opt/airflow/dags/owd_etl_robusto.py for tasks to queue
[2026-03-25T16:41:53.960+0000] {logging_mixin.py:188} INFO - [2026-03-25T16:41:53.960+0000] {dagbag.py:538} INFO - Filling up the DagBag from /opt/airflow/dags/owd_etl_robusto.py
[2026-03-25T16:41:54.314+0000] {processor.py:840} INFO - DAG(s) 'owd_etl_robusto' retrieved from /opt/airflow/dags/owd_etl_robusto.py
[2026-03-25T16:41:54.346+0000] {logging_mixin.py:188} INFO - [2026-03-25T16:41:54.345+0000] {dag.py:3036} INFO - Sync 1 DAGs
[2026-03-25T16:41:54.533+0000] {logging_mixin.py:188} INFO - [2026-03-25T16:41:54.533+0000] {dag.py:3823} INFO - Setting next_dagrun for owd_etl_robusto to 2026-03-25 15:00:00+00:00, run_after=2026-03-25 16:00:00+00:00
[2026-03-25T16:41:54.582+0000] {processor.py:183} INFO - Processing /opt/airflow/dags/owd_etl_robusto.py took 0.630 seconds
[2026-03-25T16:42:24.797+0000] {processor.py:161} INFO - Started process (PID=467) to work on /opt/airflow/dags/owd_etl_robusto.py
[2026-03-25T16:42:24.799+0000] {processor.py:830} INFO - Processing file /opt/airflow/dags/owd_etl_robusto.py for tasks to queue
[2026-03-25T16:42:24.801+0000] {logging_mixin.py:188} INFO - [2026-03-25T16:42:24.801+0000] {dagbag.py:538} INFO - Filling up the DagBag from /opt/airflow/dags/owd_etl_robusto.py
[2026-03-25T16:42:25.170+0000] {processor.py:840} INFO - DAG(s) 'owd_etl_robusto' retrieved from /opt/airflow/dags/owd_etl_robusto.py
[2026-03-25T16:42:25.207+0000] {logging_mixin.py:188} INFO - [2026-03-25T16:42:25.206+0000] {dag.py:3036} INFO - Sync 1 DAGs
[2026-03-25T16:42:25.235+0000] {logging_mixin.py:188} INFO - [2026-03-25T16:42:25.234+0000] {dag.py:3823} INFO - Setting next_dagrun for owd_etl_robusto to 2026-03-25 15:00:00+00:00, run_after=2026-03-25 16:00:00+00:00
[2026-03-25T16:42:25.267+0000] {processor.py:183} INFO - Processing /opt/airflow/dags/owd_etl_robusto.py took 0.476 seconds
[2026-03-25T16:42:55.424+0000] {processor.py:161} INFO - Started process (PID=502) to work on /opt/airflow/dags/owd_etl_robusto.py
[2026-03-25T16:42:55.426+0000] {processor.py:830} INFO - Processing file /opt/airflow/dags/owd_etl_robusto.py for tasks to queue
[2026-03-25T16:42:55.428+0000] {logging_mixin.py:188} INFO - [2026-03-25T16:42:55.427+0000] {dagbag.py:538} INFO - Filling up the DagBag from /opt/airflow/dags/owd_etl_robusto.py
[2026-03-25T16:42:55.876+0000] {processor.py:840} INFO - DAG(s) 'owd_etl_robusto' retrieved from /opt/airflow/dags/owd_etl_robusto.py
[2026-03-25T16:42:56.062+0000] {logging_mixin.py:188} INFO - [2026-03-25T16:42:56.062+0000] {dag.py:3036} INFO - Sync 1 DAGs
[2026-03-25T16:42:56.093+0000] {logging_mixin.py:188} INFO - [2026-03-25T16:42:56.092+0000] {dag.py:3823} INFO - Setting next_dagrun for owd_etl_robusto to 2026-03-25 15:00:00+00:00, run_after=2026-03-25 16:00:00+00:00
[2026-03-25T16:42:56.122+0000] {processor.py:183} INFO - Processing /opt/airflow/dags/owd_etl_robusto.py took 0.704 seconds
[2026-03-25T16:43:26.998+0000] {processor.py:161} INFO - Started process (PID=538) to work on /opt/airflow/dags/owd_etl_robusto.py
[2026-03-25T16:43:27.000+0000] {processor.py:830} INFO - Processing file /opt/airflow/dags/owd_etl_robusto.py for tasks to queue
[2026-03-25T16:43:27.001+0000] {logging_mixin.py:188} INFO - [2026-03-25T16:43:27.001+0000] {dagbag.py:538} INFO - Filling up the DagBag from /opt/airflow/dags/owd_etl_robusto.py
[2026-03-25T16:43:27.335+0000] {processor.py:840} INFO - DAG(s) 'owd_etl_robusto' retrieved from /opt/airflow/dags/owd_etl_robusto.py
[2026-03-25T16:43:27.370+0000] {logging_mixin.py:188} INFO - [2026-03-25T16:43:27.370+0000] {dag.py:3036} INFO - Sync 1 DAGs
[2026-03-25T16:43:27.402+0000] {logging_mixin.py:188} INFO - [2026-03-25T16:43:27.402+0000] {dag.py:3823} INFO - Setting next_dagrun for owd_etl_robusto to 2026-03-25 15:00:00+00:00, run_after=2026-03-25 16:00:00+00:00
[2026-03-25T16:43:27.575+0000] {processor.py:183} INFO - Processing /opt/airflow/dags/owd_etl_robusto.py took 0.581 seconds
[2026-03-25T16:43:57.769+0000] {processor.py:161} INFO - Started process (PID=573) to work on /opt/airflow/dags/owd_etl_robusto.py
[2026-03-25T16:43:57.772+0000] {processor.py:830} INFO - Processing file /opt/airflow/dags/owd_etl_robusto.py for tasks to queue
[2026-03-25T16:43:57.773+0000] {logging_mixin.py:188} INFO - [2026-03-25T16:43:57.773+0000] {dagbag.py:538} INFO - Filling up the DagBag from /opt/airflow/dags/owd_etl_robusto.py
[2026-03-25T16:43:58.123+0000] {processor.py:840} INFO - DAG(s) 'owd_etl_robusto' retrieved from /opt/airflow/dags/owd_etl_robusto.py
[2026-03-25T16:43:58.157+0000] {logging_mixin.py:188} INFO - [2026-03-25T16:43:58.156+0000] {dag.py:3036} INFO - Sync 1 DAGs
[2026-03-25T16:43:58.184+0000] {logging_mixin.py:188} INFO - [2026-03-25T16:43:58.184+0000] {dag.py:3823} INFO - Setting next_dagrun for owd_etl_robusto to 2026-03-25 15:00:00+00:00, run_after=2026-03-25 16:00:00+00:00
[2026-03-25T16:43:58.211+0000] {processor.py:183} INFO - Processing /opt/airflow/dags/owd_etl_robusto.py took 0.446 seconds
[2026-03-25T16:44:28.728+0000] {processor.py:161} INFO - Started process (PID=608) to work on /opt/airflow/dags/owd_etl_robusto.py
[2026-03-25T16:44:28.731+0000] {processor.py:830} INFO - Processing file /opt/airflow/dags/owd_etl_robusto.py for tasks to queue
[2026-03-25T16:44:28.733+0000] {logging_mixin.py:188} INFO - [2026-03-25T16:44:28.732+0000] {dagbag.py:538} INFO - Filling up the DagBag from /opt/airflow/dags/owd_etl_robusto.py
[2026-03-25T16:44:29.145+0000] {processor.py:840} INFO - DAG(s) 'owd_etl_robusto' retrieved from /opt/airflow/dags/owd_etl_robusto.py
[2026-03-25T16:44:29.185+0000] {logging_mixin.py:188} INFO - [2026-03-25T16:44:29.184+0000] {dag.py:3036} INFO - Sync 1 DAGs
[2026-03-25T16:44:29.370+0000] {logging_mixin.py:188} INFO - [2026-03-25T16:44:29.369+0000] {dag.py:3823} INFO - Setting next_dagrun for owd_etl_robusto to 2026-03-25 15:00:00+00:00, run_after=2026-03-25 16:00:00+00:00
[2026-03-25T16:44:29.396+0000] {processor.py:183} INFO - Processing /opt/airflow/dags/owd_etl_robusto.py took 0.672 seconds
[2026-03-25T16:45:00.235+0000] {processor.py:161} INFO - Started process (PID=643) to work on /opt/airflow/dags/owd_etl_robusto.py
[2026-03-25T16:45:00.237+0000] {processor.py:830} INFO - Processing file /opt/airflow/dags/owd_etl_robusto.py for tasks to queue
[2026-03-25T16:45:00.239+0000] {logging_mixin.py:188} INFO - [2026-03-25T16:45:00.238+0000] {dagbag.py:538} INFO - Filling up the DagBag from /opt/airflow/dags/owd_etl_robusto.py
[2026-03-25T16:45:00.858+0000] {processor.py:840} INFO - DAG(s) 'owd_etl_robusto' retrieved from /opt/airflow/dags/owd_etl_robusto.py
[2026-03-25T16:45:00.916+0000] {logging_mixin.py:188} INFO - [2026-03-25T16:45:00.916+0000] {dag.py:3036} INFO - Sync 1 DAGs
[2026-03-25T16:45:00.954+0000] {logging_mixin.py:188} INFO - [2026-03-25T16:45:00.954+0000] {dag.py:3823} INFO - Setting next_dagrun for owd_etl_robusto to 2026-03-25 15:00:00+00:00, run_after=2026-03-25 16:00:00+00:00
[2026-03-25T16:45:00.999+0000] {processor.py:183} INFO - Processing /opt/airflow/dags/owd_etl_robusto.py took 0.775 seconds
[2026-03-25T16:45:31.486+0000] {processor.py:161} INFO - Started process (PID=678) to work on /opt/airflow/dags/owd_etl_robusto.py
[2026-03-25T16:45:31.488+0000] {processor.py:830} INFO - Processing file /opt/airflow/dags/owd_etl_robusto.py for tasks to queue
[2026-03-25T16:45:31.489+0000] {logging_mixin.py:188} INFO - [2026-03-25T16:45:31.489+0000] {dagbag.py:538} INFO - Filling up the DagBag from /opt/airflow/dags/owd_etl_robusto.py
[2026-03-25T16:45:31.874+0000] {processor.py:840} INFO - DAG(s) 'owd_etl_robusto' retrieved from /opt/airflow/dags/owd_etl_robusto.py
[2026-03-25T16:45:31.908+0000] {logging_mixin.py:188} INFO - [2026-03-25T16:45:31.907+0000] {dag.py:3036} INFO - Sync 1 DAGs
[2026-03-25T16:45:32.084+0000] {logging_mixin.py:188} INFO - [2026-03-25T16:45:32.083+0000] {dag.py:3823} INFO - Setting next_dagrun for owd_etl_robusto to 2026-03-25 15:00:00+00:00, run_after=2026-03-25 16:00:00+00:00
[2026-03-25T16:45:32.110+0000] {processor.py:183} INFO - Processing /opt/airflow/dags/owd_etl_robusto.py took 0.629 seconds
[2026-03-25T16:46:03.471+0000] {processor.py:161} INFO - Started process (PID=715) to work on /opt/airflow/dags/owd_etl_robusto.py
[2026-03-25T16:46:03.473+0000] {processor.py:830} INFO - Processing file /opt/airflow/dags/owd_etl_robusto.py for tasks to queue
[2026-03-25T16:46:03.485+0000] {logging_mixin.py:188} INFO - [2026-03-25T16:46:03.483+0000] {dagbag.py:538} INFO - Filling up the DagBag from /opt/airflow/dags/owd_etl_robusto.py
[2026-03-25T16:46:03.900+0000] {processor.py:840} INFO - DAG(s) 'owd_etl_robusto' retrieved from /opt/airflow/dags/owd_etl_robusto.py
[2026-03-25T16:46:03.941+0000] {logging_mixin.py:188} INFO - [2026-03-25T16:46:03.940+0000] {dag.py:3036} INFO - Sync 1 DAGs
[2026-03-25T16:46:03.977+0000] {logging_mixin.py:188} INFO - [2026-03-25T16:46:03.976+0000] {dag.py:3823} INFO - Setting next_dagrun for owd_etl_robusto to 2026-03-25 15:00:00+00:00, run_after=2026-03-25 16:00:00+00:00
[2026-03-25T16:46:04.182+0000] {processor.py:183} INFO - Processing /opt/airflow/dags/owd_etl_robusto.py took 0.731 seconds
[2026-03-25T16:46:34.863+0000] {processor.py:161} INFO - Started process (PID=750) to work on /opt/airflow/dags/owd_etl_robusto.py
[2026-03-25T16:46:34.865+0000] {processor.py:830} INFO - Processing file /opt/airflow/dags/owd_etl_robusto.py for tasks to queue
[2026-03-25T16:46:34.867+0000] {logging_mixin.py:188} INFO - [2026-03-25T16:46:34.866+0000] {dagbag.py:538} INFO - Filling up the DagBag from /opt/airflow/dags/owd_etl_robusto.py
[2026-03-25T16:46:35.307+0000] {processor.py:840} INFO - DAG(s) 'owd_etl_robusto' retrieved from /opt/airflow/dags/owd_etl_robusto.py
[2026-03-25T16:46:35.542+0000] {logging_mixin.py:188} INFO - [2026-03-25T16:46:35.541+0000] {dag.py:3036} INFO - Sync 1 DAGs
[2026-03-25T16:46:35.577+0000] {logging_mixin.py:188} INFO - [2026-03-25T16:46:35.577+0000] {dag.py:3823} INFO - Setting next_dagrun for owd_etl_robusto to 2026-03-25 15:00:00+00:00, run_after=2026-03-25 16:00:00+00:00
[2026-03-25T16:46:35.615+0000] {processor.py:183} INFO - Processing /opt/airflow/dags/owd_etl_robusto.py took 0.757 seconds
[2026-03-25T16:47:06.377+0000] {processor.py:161} INFO - Started process (PID=785) to work on /opt/airflow/dags/owd_etl_robusto.py
[2026-03-25T16:47:06.379+0000] {processor.py:830} INFO - Processing file /opt/airflow/dags/owd_etl_robusto.py for tasks to queue
[2026-03-25T16:47:06.380+0000] {logging_mixin.py:188} INFO - [2026-03-25T16:47:06.380+0000] {dagbag.py:538} INFO - Filling up the DagBag from /opt/airflow/dags/owd_etl_robusto.py
[2026-03-25T16:47:06.726+0000] {processor.py:840} INFO - DAG(s) 'owd_etl_robusto' retrieved from /opt/airflow/dags/owd_etl_robusto.py
[2026-03-25T16:47:06.764+0000] {logging_mixin.py:188} INFO - [2026-03-25T16:47:06.763+0000] {dag.py:3036} INFO - Sync 1 DAGs
[2026-03-25T16:47:06.978+0000] {logging_mixin.py:188} INFO - [2026-03-25T16:47:06.978+0000] {dag.py:3823} INFO - Setting next_dagrun for owd_etl_robusto to 2026-03-25 15:00:00+00:00, run_after=2026-03-25 16:00:00+00:00
[2026-03-25T16:47:07.004+0000] {processor.py:183} INFO - Processing /opt/airflow/dags/owd_etl_robusto.py took 0.632 seconds
[2026-03-25T16:47:37.499+0000] {processor.py:161} INFO - Started process (PID=820) to work on /opt/airflow/dags/owd_etl_robusto.py
[2026-03-25T16:47:37.501+0000] {processor.py:830} INFO - Processing file /opt/airflow/dags/owd_etl_robusto.py for tasks to queue
[2026-03-25T16:47:37.503+0000] {logging_mixin.py:188} INFO - [2026-03-25T16:47:37.502+0000] {dagbag.py:538} INFO - Filling up the DagBag from /opt/airflow/dags/owd_etl_robusto.py
[2026-03-25T16:47:37.836+0000] {processor.py:840} INFO - DAG(s) 'owd_etl_robusto' retrieved from /opt/airflow/dags/owd_etl_robusto.py
[2026-03-25T16:47:38.006+0000] {logging_mixin.py:188} INFO - [2026-03-25T16:47:38.005+0000] {dag.py:3036} INFO - Sync 1 DAGs
[2026-03-25T16:47:38.031+0000] {logging_mixin.py:188} INFO - [2026-03-25T16:47:38.031+0000] {dag.py:3823} INFO - Setting next_dagrun for owd_etl_robusto to 2026-03-25 15:00:00+00:00, run_after=2026-03-25 16:00:00+00:00
[2026-03-25T16:47:38.055+0000] {processor.py:183} INFO - Processing /opt/airflow/dags/owd_etl_robusto.py took 0.561 seconds
[2026-03-25T16:48:08.414+0000] {processor.py:161} INFO - Started process (PID=855) to work on /opt/airflow/dags/owd_etl_robusto.py
[2026-03-25T16:48:08.416+0000] {processor.py:830} INFO - Processing file /opt/airflow/dags/owd_etl_robusto.py for tasks to queue
[2026-03-25T16:48:08.417+0000] {logging_mixin.py:188} INFO - [2026-03-25T16:48:08.417+0000] {dagbag.py:538} INFO - Filling up the DagBag from /opt/airflow/dags/owd_etl_robusto.py
[2026-03-25T16:48:09.001+0000] {processor.py:840} INFO - DAG(s) 'owd_etl_robusto' retrieved from /opt/airflow/dags/owd_etl_robusto.py
[2026-03-25T16:48:09.026+0000] {logging_mixin.py:188} INFO - [2026-03-25T16:48:09.026+0000] {dag.py:3036} INFO - Sync 1 DAGs
[2026-03-25T16:48:09.051+0000] {logging_mixin.py:188} INFO - [2026-03-25T16:48:09.051+0000] {dag.py:3823} INFO - Setting next_dagrun for owd_etl_robusto to 2026-03-25 15:00:00+00:00, run_after=2026-03-25 16:00:00+00:00
[2026-03-25T16:48:09.099+0000] {processor.py:183} INFO - Processing /opt/airflow/dags/owd_etl_robusto.py took 0.691 seconds
[2026-03-25T16:48:39.390+0000] {processor.py:161} INFO - Started process (PID=888) to work on /opt/airflow/dags/owd_etl_robusto.py
[2026-03-25T16:48:39.392+0000] {processor.py:830} INFO - Processing file /opt/airflow/dags/owd_etl_robusto.py for tasks to queue
[2026-03-25T16:48:39.393+0000] {logging_mixin.py:188} INFO - [2026-03-25T16:48:39.393+0000] {dagbag.py:538} INFO - Filling up the DagBag from /opt/airflow/dags/owd_etl_robusto.py
[2026-03-25T16:48:39.944+0000] {processor.py:840} INFO - DAG(s) 'owd_etl_robusto' retrieved from /opt/airflow/dags/owd_etl_robusto.py
[2026-03-25T16:48:39.988+0000] {logging_mixin.py:188} INFO - [2026-03-25T16:48:39.987+0000] {dag.py:3036} INFO - Sync 1 DAGs
[2026-03-25T16:48:40.050+0000] {logging_mixin.py:188} INFO - [2026-03-25T16:48:40.050+0000] {dag.py:3823} INFO - Setting next_dagrun for owd_etl_robusto to 2026-03-25 15:00:00+00:00, run_after=2026-03-25 16:00:00+00:00
[2026-03-25T16:48:40.111+0000] {processor.py:183} INFO - Processing /opt/airflow/dags/owd_etl_robusto.py took 0.726 seconds
[2026-03-25T16:49:10.361+0000] {processor.py:161} INFO - Started process (PID=923) to work on /opt/airflow/dags/owd_etl_robusto.py
[2026-03-25T16:49:10.363+0000] {processor.py:830} INFO - Processing file /opt/airflow/dags/owd_etl_robusto.py for tasks to queue
[2026-03-25T16:49:10.364+0000] {logging_mixin.py:188} INFO - [2026-03-25T16:49:10.363+0000] {dagbag.py:538} INFO - Filling up the DagBag from /opt/airflow/dags/owd_etl_robusto.py
[2026-03-25T16:49:10.912+0000] {processor.py:840} INFO - DAG(s) 'owd_etl_robusto' retrieved from /opt/airflow/dags/owd_etl_robusto.py
[2026-03-25T16:49:10.945+0000] {logging_mixin.py:188} INFO - [2026-03-25T16:49:10.945+0000] {dag.py:3036} INFO - Sync 1 DAGs
[2026-03-25T16:49:10.976+0000] {logging_mixin.py:188} INFO - [2026-03-25T16:49:10.976+0000] {dag.py:3823} INFO - Setting next_dagrun for owd_etl_robusto to 2026-03-25 15:00:00+00:00, run_after=2026-03-25 16:00:00+00:00
[2026-03-25T16:49:11.039+0000] {processor.py:183} INFO - Processing /opt/airflow/dags/owd_etl_robusto.py took 0.683 seconds
[2026-03-25T16:49:41.542+0000] {processor.py:161} INFO - Started process (PID=960) to work on /opt/airflow/dags/owd_etl_robusto.py
[2026-03-25T16:49:41.543+0000] {processor.py:830} INFO - Processing file /opt/airflow/dags/owd_etl_robusto.py for tasks to queue
[2026-03-25T16:49:41.545+0000] {logging_mixin.py:188} INFO - [2026-03-25T16:49:41.544+0000] {dagbag.py:538} INFO - Filling up the DagBag from /opt/airflow/dags/owd_etl_robusto.py
[2026-03-25T16:49:42.204+0000] {processor.py:840} INFO - DAG(s) 'owd_etl_robusto' retrieved from /opt/airflow/dags/owd_etl_robusto.py
[2026-03-25T16:49:42.233+0000] {logging_mixin.py:188} INFO - [2026-03-25T16:49:42.233+0000] {dag.py:3036} INFO - Sync 1 DAGs
[2026-03-25T16:49:42.265+0000] {logging_mixin.py:188} INFO - [2026-03-25T16:49:42.265+0000] {dag.py:3823} INFO - Setting next_dagrun for owd_etl_robusto to 2026-03-25 15:00:00+00:00, run_after=2026-03-25 16:00:00+00:00
[2026-03-25T16:49:42.340+0000] {processor.py:183} INFO - Processing /opt/airflow/dags/owd_etl_robusto.py took 0.803 seconds
[2026-03-25T16:50:13.294+0000] {processor.py:161} INFO - Started process (PID=995) to work on /opt/airflow/dags/owd_etl_robusto.py
[2026-03-25T16:50:13.297+0000] {processor.py:830} INFO - Processing file /opt/airflow/dags/owd_etl_robusto.py for tasks to queue
[2026-03-25T16:50:13.299+0000] {logging_mixin.py:188} INFO - [2026-03-25T16:50:13.299+0000] {dagbag.py:538} INFO - Filling up the DagBag from /opt/airflow/dags/owd_etl_robusto.py
[2026-03-25T16:50:14.071+0000] {processor.py:840} INFO - DAG(s) 'owd_etl_robusto' retrieved from /opt/airflow/dags/owd_etl_robusto.py
[2026-03-25T16:50:14.101+0000] {logging_mixin.py:188} INFO - [2026-03-25T16:50:14.100+0000] {dag.py:3036} INFO - Sync 1 DAGs
[2026-03-25T16:50:14.129+0000] {logging_mixin.py:188} INFO - [2026-03-25T16:50:14.128+0000] {dag.py:3823} INFO - Setting next_dagrun for owd_etl_robusto to 2026-03-25 15:00:00+00:00, run_after=2026-03-25 16:00:00+00:00
[2026-03-25T16:50:14.153+0000] {processor.py:183} INFO - Processing /opt/airflow/dags/owd_etl_robusto.py took 0.871 seconds
[2026-03-25T16:50:44.405+0000] {processor.py:161} INFO - Started process (PID=1030) to work on /opt/airflow/dags/owd_etl_robusto.py
[2026-03-25T16:50:44.407+0000] {processor.py:830} INFO - Processing file /opt/airflow/dags/owd_etl_robusto.py for tasks to queue
[2026-03-25T16:50:44.408+0000] {logging_mixin.py:188} INFO - [2026-03-25T16:50:44.408+0000] {dagbag.py:538} INFO - Filling up the DagBag from /opt/airflow/dags/owd_etl_robusto.py
[2026-03-25T16:50:44.943+0000] {processor.py:840} INFO - DAG(s) 'owd_etl_robusto' retrieved from /opt/airflow/dags/owd_etl_robusto.py
[2026-03-25T16:50:44.973+0000] {logging_mixin.py:188} INFO - [2026-03-25T16:50:44.973+0000] {dag.py:3036} INFO - Sync 1 DAGs
[2026-03-25T16:50:44.999+0000] {logging_mixin.py:188} INFO - [2026-03-25T16:50:44.999+0000] {dag.py:3823} INFO - Setting next_dagrun for owd_etl_robusto to 2026-03-25 15:00:00+00:00, run_after=2026-03-25 16:00:00+00:00
[2026-03-25T16:50:45.052+0000] {processor.py:183} INFO - Processing /opt/airflow/dags/owd_etl_robusto.py took 0.651 seconds
[2026-03-25T16:51:15.299+0000] {processor.py:161} INFO - Started process (PID=1065) to work on /opt/airflow/dags/owd_etl_robusto.py
[2026-03-25T16:51:15.301+0000] {processor.py:830} INFO - Processing file /opt/airflow/dags/owd_etl_robusto.py for tasks to queue
[2026-03-25T16:51:15.302+0000] {logging_mixin.py:188} INFO - [2026-03-25T16:51:15.302+0000] {dagbag.py:538} INFO - Filling up the DagBag from /opt/airflow/dags/owd_etl_robusto.py
[2026-03-25T16:51:15.897+0000] {processor.py:840} INFO - DAG(s) 'owd_etl_robusto' retrieved from /opt/airflow/dags/owd_etl_robusto.py
[2026-03-25T16:51:15.926+0000] {logging_mixin.py:188} INFO - [2026-03-25T16:51:15.925+0000] {dag.py:3036} INFO - Sync 1 DAGs
[2026-03-25T16:51:15.952+0000] {logging_mixin.py:188} INFO - [2026-03-25T16:51:15.952+0000] {dag.py:3823} INFO - Setting next_dagrun for owd_etl_robusto to 2026-03-25 15:00:00+00:00, run_after=2026-03-25 16:00:00+00:00
[2026-03-25T16:51:16.002+0000] {processor.py:183} INFO - Processing /opt/airflow/dags/owd_etl_robusto.py took 0.708 seconds
[2026-03-25T16:51:46.943+0000] {processor.py:161} INFO - Started process (PID=1100) to work on /opt/airflow/dags/owd_etl_robusto.py
[2026-03-25T16:51:46.945+0000] {processor.py:830} INFO - Processing file /opt/airflow/dags/owd_etl_robusto.py for tasks to queue
[2026-03-25T16:51:46.947+0000] {logging_mixin.py:188} INFO - [2026-03-25T16:51:46.947+0000] {dagbag.py:538} INFO - Filling up the DagBag from /opt/airflow/dags/owd_etl_robusto.py
[2026-03-25T16:51:47.515+0000] {processor.py:840} INFO - DAG(s) 'owd_etl_robusto' retrieved from /opt/airflow/dags/owd_etl_robusto.py
[2026-03-25T16:51:47.547+0000] {logging_mixin.py:188} INFO - [2026-03-25T16:51:47.546+0000] {dag.py:3036} INFO - Sync 1 DAGs
[2026-03-25T16:51:47.576+0000] {logging_mixin.py:188} INFO - [2026-03-25T16:51:47.575+0000] {dag.py:3823} INFO - Setting next_dagrun for owd_etl_robusto to 2026-03-25 15:00:00+00:00, run_after=2026-03-25 16:00:00+00:00
[2026-03-25T16:51:47.627+0000] {processor.py:183} INFO - Processing /opt/airflow/dags/owd_etl_robusto.py took 0.689 seconds
[2026-03-25T16:52:18.057+0000] {processor.py:161} INFO - Started process (PID=1135) to work on /opt/airflow/dags/owd_etl_robusto.py
[2026-03-25T16:52:18.072+0000] {processor.py:830} INFO - Processing file /opt/airflow/dags/owd_etl_robusto.py for tasks to queue
[2026-03-25T16:52:18.074+0000] {logging_mixin.py:188} INFO - [2026-03-25T16:52:18.074+0000] {dagbag.py:538} INFO - Filling up the DagBag from /opt/airflow/dags/owd_etl_robusto.py
[2026-03-25T16:52:18.691+0000] {processor.py:840} INFO - DAG(s) 'owd_etl_robusto' retrieved from /opt/airflow/dags/owd_etl_robusto.py
[2026-03-25T16:52:18.722+0000] {logging_mixin.py:188} INFO - [2026-03-25T16:52:18.721+0000] {dag.py:3036} INFO - Sync 1 DAGs
[2026-03-25T16:52:18.749+0000] {logging_mixin.py:188} INFO - [2026-03-25T16:52:18.748+0000] {dag.py:3823} INFO - Setting next_dagrun for owd_etl_robusto to 2026-03-25 15:00:00+00:00, run_after=2026-03-25 16:00:00+00:00
[2026-03-25T16:52:18.795+0000] {processor.py:183} INFO - Processing /opt/airflow/dags/owd_etl_robusto.py took 0.746 seconds
[2026-03-25T16:52:48.952+0000] {processor.py:161} INFO - Started process (PID=1170) to work on /opt/airflow/dags/owd_etl_robusto.py
[2026-03-25T16:52:48.953+0000] {processor.py:830} INFO - Processing file /opt/airflow/dags/owd_etl_robusto.py for tasks to queue
[2026-03-25T16:52:48.956+0000] {logging_mixin.py:188} INFO - [2026-03-25T16:52:48.955+0000] {dagbag.py:538} INFO - Filling up the DagBag from /opt/airflow/dags/owd_etl_robusto.py
[2026-03-25T16:52:49.518+0000] {processor.py:840} INFO - DAG(s) 'owd_etl_robusto' retrieved from /opt/airflow/dags/owd_etl_robusto.py
[2026-03-25T16:52:49.553+0000] {logging_mixin.py:188} INFO - [2026-03-25T16:52:49.553+0000] {dag.py:3036} INFO - Sync 1 DAGs
[2026-03-25T16:52:49.578+0000] {logging_mixin.py:188} INFO - [2026-03-25T16:52:49.578+0000] {dag.py:3823} INFO - Setting next_dagrun for owd_etl_robusto to 2026-03-25 15:00:00+00:00, run_after=2026-03-25 16:00:00+00:00
[2026-03-25T16:52:49.630+0000] {processor.py:183} INFO - Processing /opt/airflow/dags/owd_etl_robusto.py took 0.684 seconds
[2026-03-25T16:53:19.808+0000] {processor.py:161} INFO - Started process (PID=1205) to work on /opt/airflow/dags/owd_etl_robusto.py
[2026-03-25T16:53:19.811+0000] {processor.py:830} INFO - Processing file /opt/airflow/dags/owd_etl_robusto.py for tasks to queue
[2026-03-25T16:53:19.817+0000] {logging_mixin.py:188} INFO - [2026-03-25T16:53:19.815+0000] {dagbag.py:538} INFO - Filling up the DagBag from /opt/airflow/dags/owd_etl_robusto.py
[2026-03-25T16:53:20.487+0000] {processor.py:840} INFO - DAG(s) 'owd_etl_robusto' retrieved from /opt/airflow/dags/owd_etl_robusto.py
[2026-03-25T16:53:20.530+0000] {logging_mixin.py:188} INFO - [2026-03-25T16:53:20.529+0000] {dag.py:3036} INFO - Sync 1 DAGs
[2026-03-25T16:53:20.565+0000] {logging_mixin.py:188} INFO - [2026-03-25T16:53:20.565+0000] {dag.py:3823} INFO - Setting next_dagrun for owd_etl_robusto to 2026-03-25 15:00:00+00:00, run_after=2026-03-25 16:00:00+00:00
[2026-03-25T16:53:20.595+0000] {processor.py:183} INFO - Processing /opt/airflow/dags/owd_etl_robusto.py took 0.796 seconds
[2026-03-25T16:53:50.774+0000] {processor.py:161} INFO - Started process (PID=1245) to work on /opt/airflow/dags/owd_etl_robusto.py
[2026-03-25T16:53:50.776+0000] {processor.py:830} INFO - Processing file /opt/airflow/dags/owd_etl_robusto.py for tasks to queue
[2026-03-25T16:53:50.780+0000] {logging_mixin.py:188} INFO - [2026-03-25T16:53:50.778+0000] {dagbag.py:538} INFO - Filling up the DagBag from /opt/airflow/dags/owd_etl_robusto.py
[2026-03-25T16:53:51.390+0000] {processor.py:840} INFO - DAG(s) 'owd_etl_robusto' retrieved from /opt/airflow/dags/owd_etl_robusto.py
[2026-03-25T16:53:51.421+0000] {logging_mixin.py:188} INFO - [2026-03-25T16:53:51.421+0000] {dag.py:3036} INFO - Sync 1 DAGs
[2026-03-25T16:53:51.449+0000] {logging_mixin.py:188} INFO - [2026-03-25T16:53:51.448+0000] {dag.py:3823} INFO - Setting next_dagrun for owd_etl_robusto to 2026-03-25 15:00:00+00:00, run_after=2026-03-25 16:00:00+00:00
[2026-03-25T16:53:51.493+0000] {processor.py:183} INFO - Processing /opt/airflow/dags/owd_etl_robusto.py took 0.728 seconds
[2026-03-25T16:54:21.932+0000] {processor.py:161} INFO - Started process (PID=1287) to work on /opt/airflow/dags/owd_etl_robusto.py
[2026-03-25T16:54:21.934+0000] {processor.py:830} INFO - Processing file /opt/airflow/dags/owd_etl_robusto.py for tasks to queue
[2026-03-25T16:54:21.935+0000] {logging_mixin.py:188} INFO - [2026-03-25T16:54:21.935+0000] {dagbag.py:538} INFO - Filling up the DagBag from /opt/airflow/dags/owd_etl_robusto.py
[2026-03-25T16:54:22.602+0000] {processor.py:840} INFO - DAG(s) 'owd_etl_robusto' retrieved from /opt/airflow/dags/owd_etl_robusto.py
[2026-03-25T16:54:22.644+0000] {logging_mixin.py:188} INFO - [2026-03-25T16:54:22.644+0000] {dag.py:3036} INFO - Sync 1 DAGs
[2026-03-25T16:54:22.678+0000] {logging_mixin.py:188} INFO - [2026-03-25T16:54:22.678+0000] {dag.py:3823} INFO - Setting next_dagrun for owd_etl_robusto to 2026-03-25 15:00:00+00:00, run_after=2026-03-25 16:00:00+00:00
[2026-03-25T16:54:22.712+0000] {processor.py:183} INFO - Processing /opt/airflow/dags/owd_etl_robusto.py took 0.785 seconds
[2026-03-25T16:54:53.073+0000] {processor.py:161} INFO - Started process (PID=1663) to work on /opt/airflow/dags/owd_etl_robusto.py
[2026-03-25T16:54:53.074+0000] {processor.py:830} INFO - Processing file /opt/airflow/dags/owd_etl_robusto.py for tasks to queue
[2026-03-25T16:54:53.076+0000] {logging_mixin.py:188} INFO - [2026-03-25T16:54:53.076+0000] {dagbag.py:538} INFO - Filling up the DagBag from /opt/airflow/dags/owd_etl_robusto.py
[2026-03-25T16:54:53.799+0000] {processor.py:840} INFO - DAG(s) 'owd_etl_robusto' retrieved from /opt/airflow/dags/owd_etl_robusto.py
[2026-03-25T16:54:53.868+0000] {logging_mixin.py:188} INFO - [2026-03-25T16:54:53.868+0000] {dag.py:3036} INFO - Sync 1 DAGs
[2026-03-25T16:54:53.926+0000] {logging_mixin.py:188} INFO - [2026-03-25T16:54:53.925+0000] {dag.py:3823} INFO - Setting next_dagrun for owd_etl_robusto to 2026-03-25 15:00:00+00:00, run_after=2026-03-25 16:00:00+00:00
[2026-03-25T16:54:53.993+0000] {processor.py:183} INFO - Processing /opt/airflow/dags/owd_etl_robusto.py took 0.925 seconds
[2026-03-25T16:55:24.529+0000] {processor.py:161} INFO - Started process (PID=1763) to work on /opt/airflow/dags/owd_etl_robusto.py
[2026-03-25T16:55:24.533+0000] {processor.py:830} INFO - Processing file /opt/airflow/dags/owd_etl_robusto.py for tasks to queue
[2026-03-25T16:55:24.542+0000] {logging_mixin.py:188} INFO - [2026-03-25T16:55:24.542+0000] {dagbag.py:538} INFO - Filling up the DagBag from /opt/airflow/dags/owd_etl_robusto.py
[2026-03-25T16:55:25.193+0000] {processor.py:840} INFO - DAG(s) 'owd_etl_robusto' retrieved from /opt/airflow/dags/owd_etl_robusto.py
[2026-03-25T16:55:25.227+0000] {logging_mixin.py:188} INFO - [2026-03-25T16:55:25.226+0000] {dag.py:3036} INFO - Sync 1 DAGs
[2026-03-25T16:55:25.262+0000] {logging_mixin.py:188} INFO - [2026-03-25T16:55:25.262+0000] {dag.py:3823} INFO - Setting next_dagrun for owd_etl_robusto to 2026-03-25 15:00:00+00:00, run_after=2026-03-25 16:00:00+00:00
[2026-03-25T16:55:25.296+0000] {processor.py:183} INFO - Processing /opt/airflow/dags/owd_etl_robusto.py took 0.784 seconds
[2026-03-25T18:48:15.642+0000] {processor.py:161} INFO - Started process (PID=1803) to work on /opt/airflow/dags/owd_etl_robusto.py
[2026-03-25T18:48:15.884+0000] {processor.py:830} INFO - Processing file /opt/airflow/dags/owd_etl_robusto.py for tasks to queue
[2026-03-25T18:48:15.887+0000] {logging_mixin.py:188} INFO - [2026-03-25T18:48:15.886+0000] {dagbag.py:538} INFO - Filling up the DagBag from /opt/airflow/dags/owd_etl_robusto.py
[2026-03-25T18:48:16.619+0000] {processor.py:840} INFO - DAG(s) 'owd_etl_robusto' retrieved from /opt/airflow/dags/owd_etl_robusto.py
[2026-03-25T18:48:16.647+0000] {logging_mixin.py:188} INFO - [2026-03-25T18:48:16.647+0000] {dag.py:3036} INFO - Sync 1 DAGs
[2026-03-25T18:48:16.673+0000] {logging_mixin.py:188} INFO - [2026-03-25T18:48:16.673+0000] {dag.py:3823} INFO - Setting next_dagrun for owd_etl_robusto to 2026-03-25 17:00:00+00:00, run_after=2026-03-25 18:00:00+00:00
[2026-03-25T18:48:19.542+0000] {processor.py:183} INFO - Processing /opt/airflow/dags/owd_etl_robusto.py took 3.918 seconds
[2026-03-25T18:48:50.131+0000] {processor.py:161} INFO - Started process (PID=1839) to work on /opt/airflow/dags/owd_etl_robusto.py
[2026-03-25T18:48:50.144+0000] {processor.py:830} INFO - Processing file /opt/airflow/dags/owd_etl_robusto.py for tasks to queue
[2026-03-25T18:48:50.147+0000] {logging_mixin.py:188} INFO - [2026-03-25T18:48:50.146+0000] {dagbag.py:538} INFO - Filling up the DagBag from /opt/airflow/dags/owd_etl_robusto.py
[2026-03-25T18:48:51.884+0000] {processor.py:840} INFO - DAG(s) 'owd_etl_robusto' retrieved from /opt/airflow/dags/owd_etl_robusto.py
[2026-03-25T18:48:51.916+0000] {logging_mixin.py:188} INFO - [2026-03-25T18:48:51.916+0000] {dag.py:3036} INFO - Sync 1 DAGs
[2026-03-25T18:48:51.947+0000] {logging_mixin.py:188} INFO - [2026-03-25T18:48:51.947+0000] {dag.py:3823} INFO - Setting next_dagrun for owd_etl_robusto to 2026-03-25 17:00:00+00:00, run_after=2026-03-25 18:00:00+00:00
[2026-03-25T18:48:53.303+0000] {processor.py:183} INFO - Processing /opt/airflow/dags/owd_etl_robusto.py took 3.188 seconds
[2026-03-25T18:49:24.298+0000] {processor.py:161} INFO - Started process (PID=1879) to work on /opt/airflow/dags/owd_etl_robusto.py
[2026-03-25T18:49:24.309+0000] {processor.py:830} INFO - Processing file /opt/airflow/dags/owd_etl_robusto.py for tasks to queue
[2026-03-25T18:49:24.311+0000] {logging_mixin.py:188} INFO - [2026-03-25T18:49:24.311+0000] {dagbag.py:538} INFO - Filling up the DagBag from /opt/airflow/dags/owd_etl_robusto.py
[2026-03-25T18:49:25.424+0000] {processor.py:840} INFO - DAG(s) 'owd_etl_robusto' retrieved from /opt/airflow/dags/owd_etl_robusto.py
[2026-03-25T18:49:25.557+0000] {logging_mixin.py:188} INFO - [2026-03-25T18:49:25.555+0000] {dag.py:3036} INFO - Sync 1 DAGs
[2026-03-25T18:49:25.639+0000] {logging_mixin.py:188} INFO - [2026-03-25T18:49:25.639+0000] {dag.py:3823} INFO - Setting next_dagrun for owd_etl_robusto to 2026-03-25 17:00:00+00:00, run_after=2026-03-25 18:00:00+00:00
[2026-03-25T18:49:25.692+0000] {processor.py:183} INFO - Processing /opt/airflow/dags/owd_etl_robusto.py took 1.401 seconds
[2026-03-25T18:49:56.630+0000] {processor.py:161} INFO - Started process (PID=1919) to work on /opt/airflow/dags/owd_etl_robusto.py
[2026-03-25T18:49:56.632+0000] {processor.py:830} INFO - Processing file /opt/airflow/dags/owd_etl_robusto.py for tasks to queue
[2026-03-25T18:49:56.634+0000] {logging_mixin.py:188} INFO - [2026-03-25T18:49:56.634+0000] {dagbag.py:538} INFO - Filling up the DagBag from /opt/airflow/dags/owd_etl_robusto.py
[2026-03-25T18:49:57.237+0000] {processor.py:840} INFO - DAG(s) 'owd_etl_robusto' retrieved from /opt/airflow/dags/owd_etl_robusto.py
[2026-03-25T18:49:57.267+0000] {logging_mixin.py:188} INFO - [2026-03-25T18:49:57.267+0000] {dag.py:3036} INFO - Sync 1 DAGs
[2026-03-25T18:49:57.292+0000] {logging_mixin.py:188} INFO - [2026-03-25T18:49:57.292+0000] {dag.py:3823} INFO - Setting next_dagrun for owd_etl_robusto to 2026-03-25 17:00:00+00:00, run_after=2026-03-25 18:00:00+00:00
[2026-03-25T18:49:57.319+0000] {processor.py:183} INFO - Processing /opt/airflow/dags/owd_etl_robusto.py took 0.698 seconds
[2026-03-25T18:50:28.124+0000] {processor.py:161} INFO - Started process (PID=1967) to work on /opt/airflow/dags/owd_etl_robusto.py
[2026-03-25T18:50:28.125+0000] {processor.py:830} INFO - Processing file /opt/airflow/dags/owd_etl_robusto.py for tasks to queue
[2026-03-25T18:50:28.127+0000] {logging_mixin.py:188} INFO - [2026-03-25T18:50:28.126+0000] {dagbag.py:538} INFO - Filling up the DagBag from /opt/airflow/dags/owd_etl_robusto.py
[2026-03-25T18:50:28.654+0000] {processor.py:840} INFO - DAG(s) 'owd_etl_robusto' retrieved from /opt/airflow/dags/owd_etl_robusto.py
[2026-03-25T18:50:28.685+0000] {logging_mixin.py:188} INFO - [2026-03-25T18:50:28.684+0000] {dag.py:3036} INFO - Sync 1 DAGs
[2026-03-25T18:50:28.711+0000] {logging_mixin.py:188} INFO - [2026-03-25T18:50:28.711+0000] {dag.py:3823} INFO - Setting next_dagrun for owd_etl_robusto to 2026-03-25 17:00:00+00:00, run_after=2026-03-25 18:00:00+00:00
[2026-03-25T18:50:28.763+0000] {processor.py:183} INFO - Processing /opt/airflow/dags/owd_etl_robusto.py took 0.644 seconds
[2026-03-25T18:50:59.819+0000] {processor.py:161} INFO - Started process (PID=2008) to work on /opt/airflow/dags/owd_etl_robusto.py
[2026-03-25T18:50:59.821+0000] {processor.py:830} INFO - Processing file /opt/airflow/dags/owd_etl_robusto.py for tasks to queue
[2026-03-25T18:50:59.823+0000] {logging_mixin.py:188} INFO - [2026-03-25T18:50:59.822+0000] {dagbag.py:538} INFO - Filling up the DagBag from /opt/airflow/dags/owd_etl_robusto.py
[2026-03-25T18:51:00.542+0000] {processor.py:840} INFO - DAG(s) 'owd_etl_robusto' retrieved from /opt/airflow/dags/owd_etl_robusto.py
[2026-03-25T18:51:00.576+0000] {logging_mixin.py:188} INFO - [2026-03-25T18:51:00.575+0000] {dag.py:3036} INFO - Sync 1 DAGs
[2026-03-25T18:51:00.604+0000] {logging_mixin.py:188} INFO - [2026-03-25T18:51:00.604+0000] {dag.py:3823} INFO - Setting next_dagrun for owd_etl_robusto to 2026-03-25 17:00:00+00:00, run_after=2026-03-25 18:00:00+00:00
[2026-03-25T18:51:00.632+0000] {processor.py:183} INFO - Processing /opt/airflow/dags/owd_etl_robusto.py took 0.821 seconds
[2026-03-25T18:51:31.969+0000] {processor.py:161} INFO - Started process (PID=2048) to work on /opt/airflow/dags/owd_etl_robusto.py
[2026-03-25T18:51:31.970+0000] {processor.py:830} INFO - Processing file /opt/airflow/dags/owd_etl_robusto.py for tasks to queue
[2026-03-25T18:51:31.971+0000] {logging_mixin.py:188} INFO - [2026-03-25T18:51:31.971+0000] {dagbag.py:538} INFO - Filling up the DagBag from /opt/airflow/dags/owd_etl_robusto.py
[2026-03-25T18:51:32.510+0000] {processor.py:840} INFO - DAG(s) 'owd_etl_robusto' retrieved from /opt/airflow/dags/owd_etl_robusto.py
[2026-03-25T18:51:32.537+0000] {logging_mixin.py:188} INFO - [2026-03-25T18:51:32.537+0000] {dag.py:3036} INFO - Sync 1 DAGs
[2026-03-25T18:51:32.560+0000] {logging_mixin.py:188} INFO - [2026-03-25T18:51:32.560+0000] {dag.py:3823} INFO - Setting next_dagrun for owd_etl_robusto to 2026-03-25 17:00:00+00:00, run_after=2026-03-25 18:00:00+00:00
[2026-03-25T18:51:32.609+0000] {processor.py:183} INFO - Processing /opt/airflow/dags/owd_etl_robusto.py took 0.646 seconds
[2026-03-25T18:52:04.606+0000] {processor.py:161} INFO - Started process (PID=2090) to work on /opt/airflow/dags/owd_etl_robusto.py
[2026-03-25T18:52:04.608+0000] {processor.py:830} INFO - Processing file /opt/airflow/dags/owd_etl_robusto.py for tasks to queue
[2026-03-25T18:52:04.609+0000] {logging_mixin.py:188} INFO - [2026-03-25T18:52:04.609+0000] {dagbag.py:538} INFO - Filling up the DagBag from /opt/airflow/dags/owd_etl_robusto.py
[2026-03-25T18:52:05.092+0000] {processor.py:840} INFO - DAG(s) 'owd_etl_robusto' retrieved from /opt/airflow/dags/owd_etl_robusto.py
[2026-03-25T18:52:05.120+0000] {logging_mixin.py:188} INFO - [2026-03-25T18:52:05.119+0000] {dag.py:3036} INFO - Sync 1 DAGs
[2026-03-25T18:52:05.144+0000] {logging_mixin.py:188} INFO - [2026-03-25T18:52:05.144+0000] {dag.py:3823} INFO - Setting next_dagrun for owd_etl_robusto to 2026-03-25 17:00:00+00:00, run_after=2026-03-25 18:00:00+00:00
[2026-03-25T18:52:05.194+0000] {processor.py:183} INFO - Processing /opt/airflow/dags/owd_etl_robusto.py took 0.593 seconds
[2026-03-25T18:52:36.842+0000] {processor.py:161} INFO - Started process (PID=2123) to work on /opt/airflow/dags/owd_etl_robusto.py
[2026-03-25T18:52:36.843+0000] {processor.py:830} INFO - Processing file /opt/airflow/dags/owd_etl_robusto.py for tasks to queue
[2026-03-25T18:52:36.845+0000] {logging_mixin.py:188} INFO - [2026-03-25T18:52:36.845+0000] {dagbag.py:538} INFO - Filling up the DagBag from /opt/airflow/dags/owd_etl_robusto.py
[2026-03-25T18:52:37.351+0000] {processor.py:840} INFO - DAG(s) 'owd_etl_robusto' retrieved from /opt/airflow/dags/owd_etl_robusto.py
[2026-03-25T18:52:37.382+0000] {logging_mixin.py:188} INFO - [2026-03-25T18:52:37.381+0000] {dag.py:3036} INFO - Sync 1 DAGs
[2026-03-25T18:52:37.405+0000] {logging_mixin.py:188} INFO - [2026-03-25T18:52:37.405+0000] {dag.py:3823} INFO - Setting next_dagrun for owd_etl_robusto to 2026-03-25 17:00:00+00:00, run_after=2026-03-25 18:00:00+00:00
[2026-03-25T18:52:37.435+0000] {processor.py:183} INFO - Processing /opt/airflow/dags/owd_etl_robusto.py took 0.600 seconds
[2026-03-25T18:53:09.339+0000] {processor.py:161} INFO - Started process (PID=2163) to work on /opt/airflow/dags/owd_etl_robusto.py
[2026-03-25T18:53:09.340+0000] {processor.py:830} INFO - Processing file /opt/airflow/dags/owd_etl_robusto.py for tasks to queue
[2026-03-25T18:53:09.342+0000] {logging_mixin.py:188} INFO - [2026-03-25T18:53:09.341+0000] {dagbag.py:538} INFO - Filling up the DagBag from /opt/airflow/dags/owd_etl_robusto.py
[2026-03-25T18:53:10.034+0000] {processor.py:840} INFO - DAG(s) 'owd_etl_robusto' retrieved from /opt/airflow/dags/owd_etl_robusto.py
[2026-03-25T18:53:10.078+0000] {logging_mixin.py:188} INFO - [2026-03-25T18:53:10.077+0000] {dag.py:3036} INFO - Sync 1 DAGs
[2026-03-25T18:53:10.124+0000] {logging_mixin.py:188} INFO - [2026-03-25T18:53:10.123+0000] {dag.py:3823} INFO - Setting next_dagrun for owd_etl_robusto to 2026-03-25 17:00:00+00:00, run_after=2026-03-25 18:00:00+00:00
[2026-03-25T18:53:10.164+0000] {processor.py:183} INFO - Processing /opt/airflow/dags/owd_etl_robusto.py took 0.829 seconds
