[2026-03-25T16:38:46.306+0000] {processor.py:161} INFO - Started process (PID=182) to work on /opt/airflow/dags/spotyfy_etl.py
[2026-03-25T16:38:46.311+0000] {processor.py:830} INFO - Processing file /opt/airflow/dags/spotyfy_etl.py for tasks to queue
[2026-03-25T16:38:46.312+0000] {logging_mixin.py:188} INFO - [2026-03-25T16:38:46.312+0000] {dagbag.py:538} INFO - Filling up the DagBag from /opt/airflow/dags/spotyfy_etl.py
[2026-03-25T16:38:46.984+0000] {processor.py:840} INFO - DAG(s) 'spotify_etl' retrieved from /opt/airflow/dags/spotyfy_etl.py
[2026-03-25T16:38:47.165+0000] {logging_mixin.py:188} INFO - [2026-03-25T16:38:47.161+0000] {dag.py:3036} INFO - Sync 1 DAGs
[2026-03-25T16:38:47.253+0000] {logging_mixin.py:188} INFO - [2026-03-25T16:38:47.252+0000] {dag.py:3823} INFO - Setting next_dagrun for spotify_etl to 2026-03-24 00:00:00+00:00, run_after=2026-03-25 00:00:00+00:00
[2026-03-25T16:38:47.524+0000] {processor.py:183} INFO - Processing /opt/airflow/dags/spotyfy_etl.py took 1.231 seconds
[2026-03-25T16:39:18.505+0000] {processor.py:161} INFO - Started process (PID=219) to work on /opt/airflow/dags/spotyfy_etl.py
[2026-03-25T16:39:18.507+0000] {processor.py:830} INFO - Processing file /opt/airflow/dags/spotyfy_etl.py for tasks to queue
[2026-03-25T16:39:18.509+0000] {logging_mixin.py:188} INFO - [2026-03-25T16:39:18.508+0000] {dagbag.py:538} INFO - Filling up the DagBag from /opt/airflow/dags/spotyfy_etl.py
[2026-03-25T16:39:18.996+0000] {processor.py:840} INFO - DAG(s) 'spotify_etl' retrieved from /opt/airflow/dags/spotyfy_etl.py
[2026-03-25T16:39:19.046+0000] {logging_mixin.py:188} INFO - [2026-03-25T16:39:19.046+0000] {dag.py:3036} INFO - Sync 1 DAGs
[2026-03-25T16:39:19.187+0000] {logging_mixin.py:188} INFO - [2026-03-25T16:39:19.187+0000] {dag.py:3823} INFO - Setting next_dagrun for spotify_etl to 2026-03-24 00:00:00+00:00, run_after=2026-03-25 00:00:00+00:00
[2026-03-25T16:39:19.289+0000] {processor.py:183} INFO - Processing /opt/airflow/dags/spotyfy_etl.py took 0.792 seconds
[2026-03-25T16:39:49.448+0000] {processor.py:161} INFO - Started process (PID=278) to work on /opt/airflow/dags/spotyfy_etl.py
[2026-03-25T16:39:49.450+0000] {processor.py:830} INFO - Processing file /opt/airflow/dags/spotyfy_etl.py for tasks to queue
[2026-03-25T16:39:49.451+0000] {logging_mixin.py:188} INFO - [2026-03-25T16:39:49.451+0000] {dagbag.py:538} INFO - Filling up the DagBag from /opt/airflow/dags/spotyfy_etl.py
[2026-03-25T16:39:49.819+0000] {processor.py:840} INFO - DAG(s) 'spotify_etl' retrieved from /opt/airflow/dags/spotyfy_etl.py
[2026-03-25T16:39:49.856+0000] {logging_mixin.py:188} INFO - [2026-03-25T16:39:49.856+0000] {dag.py:3036} INFO - Sync 1 DAGs
[2026-03-25T16:39:49.887+0000] {logging_mixin.py:188} INFO - [2026-03-25T16:39:49.886+0000] {dag.py:3823} INFO - Setting next_dagrun for spotify_etl to 2026-03-24 00:00:00+00:00, run_after=2026-03-25 00:00:00+00:00
[2026-03-25T16:39:49.919+0000] {processor.py:183} INFO - Processing /opt/airflow/dags/spotyfy_etl.py took 0.475 seconds
[2026-03-25T16:40:20.222+0000] {processor.py:161} INFO - Started process (PID=316) to work on /opt/airflow/dags/spotyfy_etl.py
[2026-03-25T16:40:20.236+0000] {processor.py:830} INFO - Processing file /opt/airflow/dags/spotyfy_etl.py for tasks to queue
[2026-03-25T16:40:20.239+0000] {logging_mixin.py:188} INFO - [2026-03-25T16:40:20.238+0000] {dagbag.py:538} INFO - Filling up the DagBag from /opt/airflow/dags/spotyfy_etl.py
[2026-03-25T16:40:21.001+0000] {processor.py:840} INFO - DAG(s) 'spotify_etl' retrieved from /opt/airflow/dags/spotyfy_etl.py
[2026-03-25T16:40:21.048+0000] {logging_mixin.py:188} INFO - [2026-03-25T16:40:21.047+0000] {dag.py:3036} INFO - Sync 1 DAGs
[2026-03-25T16:40:21.094+0000] {logging_mixin.py:188} INFO - [2026-03-25T16:40:21.093+0000] {dag.py:3823} INFO - Setting next_dagrun for spotify_etl to 2026-03-24 00:00:00+00:00, run_after=2026-03-25 00:00:00+00:00
[2026-03-25T16:40:21.139+0000] {processor.py:183} INFO - Processing /opt/airflow/dags/spotyfy_etl.py took 0.930 seconds
[2026-03-25T16:40:51.934+0000] {processor.py:161} INFO - Started process (PID=356) to work on /opt/airflow/dags/spotyfy_etl.py
[2026-03-25T16:40:51.937+0000] {processor.py:830} INFO - Processing file /opt/airflow/dags/spotyfy_etl.py for tasks to queue
[2026-03-25T16:40:51.939+0000] {logging_mixin.py:188} INFO - [2026-03-25T16:40:51.938+0000] {dagbag.py:538} INFO - Filling up the DagBag from /opt/airflow/dags/spotyfy_etl.py
[2026-03-25T16:40:52.356+0000] {processor.py:840} INFO - DAG(s) 'spotify_etl' retrieved from /opt/airflow/dags/spotyfy_etl.py
[2026-03-25T16:40:52.392+0000] {logging_mixin.py:188} INFO - [2026-03-25T16:40:52.391+0000] {dag.py:3036} INFO - Sync 1 DAGs
[2026-03-25T16:40:52.426+0000] {logging_mixin.py:188} INFO - [2026-03-25T16:40:52.426+0000] {dag.py:3823} INFO - Setting next_dagrun for spotify_etl to 2026-03-24 00:00:00+00:00, run_after=2026-03-25 00:00:00+00:00
[2026-03-25T16:40:52.757+0000] {processor.py:183} INFO - Processing /opt/airflow/dags/spotyfy_etl.py took 0.829 seconds
[2026-03-25T16:41:23.049+0000] {processor.py:161} INFO - Started process (PID=391) to work on /opt/airflow/dags/spotyfy_etl.py
[2026-03-25T16:41:23.051+0000] {processor.py:830} INFO - Processing file /opt/airflow/dags/spotyfy_etl.py for tasks to queue
[2026-03-25T16:41:23.055+0000] {logging_mixin.py:188} INFO - [2026-03-25T16:41:23.053+0000] {dagbag.py:538} INFO - Filling up the DagBag from /opt/airflow/dags/spotyfy_etl.py
[2026-03-25T16:41:23.421+0000] {processor.py:840} INFO - DAG(s) 'spotify_etl' retrieved from /opt/airflow/dags/spotyfy_etl.py
[2026-03-25T16:41:23.462+0000] {logging_mixin.py:188} INFO - [2026-03-25T16:41:23.462+0000] {dag.py:3036} INFO - Sync 1 DAGs
[2026-03-25T16:41:23.497+0000] {logging_mixin.py:188} INFO - [2026-03-25T16:41:23.497+0000] {dag.py:3823} INFO - Setting next_dagrun for spotify_etl to 2026-03-24 00:00:00+00:00, run_after=2026-03-25 00:00:00+00:00
[2026-03-25T16:41:23.527+0000] {processor.py:183} INFO - Processing /opt/airflow/dags/spotyfy_etl.py took 0.494 seconds
[2026-03-25T16:41:53.940+0000] {processor.py:161} INFO - Started process (PID=429) to work on /opt/airflow/dags/spotyfy_etl.py
[2026-03-25T16:41:53.941+0000] {processor.py:830} INFO - Processing file /opt/airflow/dags/spotyfy_etl.py for tasks to queue
[2026-03-25T16:41:53.943+0000] {logging_mixin.py:188} INFO - [2026-03-25T16:41:53.942+0000] {dagbag.py:538} INFO - Filling up the DagBag from /opt/airflow/dags/spotyfy_etl.py
[2026-03-25T16:41:54.306+0000] {processor.py:840} INFO - DAG(s) 'spotify_etl' retrieved from /opt/airflow/dags/spotyfy_etl.py
[2026-03-25T16:41:54.339+0000] {logging_mixin.py:188} INFO - [2026-03-25T16:41:54.339+0000] {dag.py:3036} INFO - Sync 1 DAGs
[2026-03-25T16:41:54.526+0000] {logging_mixin.py:188} INFO - [2026-03-25T16:41:54.526+0000] {dag.py:3823} INFO - Setting next_dagrun for spotify_etl to 2026-03-24 00:00:00+00:00, run_after=2026-03-25 00:00:00+00:00
[2026-03-25T16:41:54.579+0000] {processor.py:183} INFO - Processing /opt/airflow/dags/spotyfy_etl.py took 0.644 seconds
[2026-03-25T16:42:24.787+0000] {processor.py:161} INFO - Started process (PID=464) to work on /opt/airflow/dags/spotyfy_etl.py
[2026-03-25T16:42:24.788+0000] {processor.py:830} INFO - Processing file /opt/airflow/dags/spotyfy_etl.py for tasks to queue
[2026-03-25T16:42:24.790+0000] {logging_mixin.py:188} INFO - [2026-03-25T16:42:24.789+0000] {dagbag.py:538} INFO - Filling up the DagBag from /opt/airflow/dags/spotyfy_etl.py
[2026-03-25T16:42:25.169+0000] {processor.py:840} INFO - DAG(s) 'spotify_etl' retrieved from /opt/airflow/dags/spotyfy_etl.py
[2026-03-25T16:42:25.207+0000] {logging_mixin.py:188} INFO - [2026-03-25T16:42:25.206+0000] {dag.py:3036} INFO - Sync 1 DAGs
[2026-03-25T16:42:25.234+0000] {logging_mixin.py:188} INFO - [2026-03-25T16:42:25.234+0000] {dag.py:3823} INFO - Setting next_dagrun for spotify_etl to 2026-03-24 00:00:00+00:00, run_after=2026-03-25 00:00:00+00:00
[2026-03-25T16:42:25.264+0000] {processor.py:183} INFO - Processing /opt/airflow/dags/spotyfy_etl.py took 0.482 seconds
[2026-03-25T16:42:55.407+0000] {processor.py:161} INFO - Started process (PID=499) to work on /opt/airflow/dags/spotyfy_etl.py
[2026-03-25T16:42:55.408+0000] {processor.py:830} INFO - Processing file /opt/airflow/dags/spotyfy_etl.py for tasks to queue
[2026-03-25T16:42:55.410+0000] {logging_mixin.py:188} INFO - [2026-03-25T16:42:55.410+0000] {dagbag.py:538} INFO - Filling up the DagBag from /opt/airflow/dags/spotyfy_etl.py
[2026-03-25T16:42:55.857+0000] {processor.py:840} INFO - DAG(s) 'spotify_etl' retrieved from /opt/airflow/dags/spotyfy_etl.py
[2026-03-25T16:42:55.892+0000] {logging_mixin.py:188} INFO - [2026-03-25T16:42:55.891+0000] {dag.py:3036} INFO - Sync 1 DAGs
[2026-03-25T16:42:56.077+0000] {logging_mixin.py:188} INFO - [2026-03-25T16:42:56.077+0000] {dag.py:3823} INFO - Setting next_dagrun for spotify_etl to 2026-03-24 00:00:00+00:00, run_after=2026-03-25 00:00:00+00:00
[2026-03-25T16:42:56.108+0000] {processor.py:183} INFO - Processing /opt/airflow/dags/spotyfy_etl.py took 0.707 seconds
[2026-03-25T16:43:26.511+0000] {processor.py:161} INFO - Started process (PID=534) to work on /opt/airflow/dags/spotyfy_etl.py
[2026-03-25T16:43:26.513+0000] {processor.py:830} INFO - Processing file /opt/airflow/dags/spotyfy_etl.py for tasks to queue
[2026-03-25T16:43:26.514+0000] {logging_mixin.py:188} INFO - [2026-03-25T16:43:26.514+0000] {dagbag.py:538} INFO - Filling up the DagBag from /opt/airflow/dags/spotyfy_etl.py
[2026-03-25T16:43:26.836+0000] {processor.py:840} INFO - DAG(s) 'spotify_etl' retrieved from /opt/airflow/dags/spotyfy_etl.py
[2026-03-25T16:43:26.870+0000] {logging_mixin.py:188} INFO - [2026-03-25T16:43:26.869+0000] {dag.py:3036} INFO - Sync 1 DAGs
[2026-03-25T16:43:26.895+0000] {logging_mixin.py:188} INFO - [2026-03-25T16:43:26.895+0000] {dag.py:3823} INFO - Setting next_dagrun for spotify_etl to 2026-03-24 00:00:00+00:00, run_after=2026-03-25 00:00:00+00:00
[2026-03-25T16:43:27.093+0000] {processor.py:183} INFO - Processing /opt/airflow/dags/spotyfy_etl.py took 0.586 seconds
[2026-03-25T16:43:57.253+0000] {processor.py:161} INFO - Started process (PID=569) to work on /opt/airflow/dags/spotyfy_etl.py
[2026-03-25T16:43:57.255+0000] {processor.py:830} INFO - Processing file /opt/airflow/dags/spotyfy_etl.py for tasks to queue
[2026-03-25T16:43:57.256+0000] {logging_mixin.py:188} INFO - [2026-03-25T16:43:57.255+0000] {dagbag.py:538} INFO - Filling up the DagBag from /opt/airflow/dags/spotyfy_etl.py
[2026-03-25T16:43:57.560+0000] {processor.py:840} INFO - DAG(s) 'spotify_etl' retrieved from /opt/airflow/dags/spotyfy_etl.py
[2026-03-25T16:43:57.735+0000] {logging_mixin.py:188} INFO - [2026-03-25T16:43:57.734+0000] {dag.py:3036} INFO - Sync 1 DAGs
[2026-03-25T16:43:57.763+0000] {logging_mixin.py:188} INFO - [2026-03-25T16:43:57.762+0000] {dag.py:3823} INFO - Setting next_dagrun for spotify_etl to 2026-03-24 00:00:00+00:00, run_after=2026-03-25 00:00:00+00:00
[2026-03-25T16:43:57.813+0000] {processor.py:183} INFO - Processing /opt/airflow/dags/spotyfy_etl.py took 0.566 seconds
[2026-03-25T16:44:28.462+0000] {processor.py:161} INFO - Started process (PID=604) to work on /opt/airflow/dags/spotyfy_etl.py
[2026-03-25T16:44:28.464+0000] {processor.py:830} INFO - Processing file /opt/airflow/dags/spotyfy_etl.py for tasks to queue
[2026-03-25T16:44:28.466+0000] {logging_mixin.py:188} INFO - [2026-03-25T16:44:28.466+0000] {dagbag.py:538} INFO - Filling up the DagBag from /opt/airflow/dags/spotyfy_etl.py
[2026-03-25T16:44:28.860+0000] {processor.py:840} INFO - DAG(s) 'spotify_etl' retrieved from /opt/airflow/dags/spotyfy_etl.py
[2026-03-25T16:44:28.896+0000] {logging_mixin.py:188} INFO - [2026-03-25T16:44:28.896+0000] {dag.py:3036} INFO - Sync 1 DAGs
[2026-03-25T16:44:29.091+0000] {logging_mixin.py:188} INFO - [2026-03-25T16:44:29.091+0000] {dag.py:3823} INFO - Setting next_dagrun for spotify_etl to 2026-03-24 00:00:00+00:00, run_after=2026-03-25 00:00:00+00:00
[2026-03-25T16:44:29.143+0000] {processor.py:183} INFO - Processing /opt/airflow/dags/spotyfy_etl.py took 0.686 seconds
[2026-03-25T16:44:59.991+0000] {processor.py:161} INFO - Started process (PID=639) to work on /opt/airflow/dags/spotyfy_etl.py
[2026-03-25T16:44:59.994+0000] {processor.py:830} INFO - Processing file /opt/airflow/dags/spotyfy_etl.py for tasks to queue
[2026-03-25T16:44:59.998+0000] {logging_mixin.py:188} INFO - [2026-03-25T16:44:59.997+0000] {dagbag.py:538} INFO - Filling up the DagBag from /opt/airflow/dags/spotyfy_etl.py
[2026-03-25T16:45:00.560+0000] {processor.py:840} INFO - DAG(s) 'spotify_etl' retrieved from /opt/airflow/dags/spotyfy_etl.py
[2026-03-25T16:45:00.622+0000] {logging_mixin.py:188} INFO - [2026-03-25T16:45:00.622+0000] {dag.py:3036} INFO - Sync 1 DAGs
[2026-03-25T16:45:00.663+0000] {logging_mixin.py:188} INFO - [2026-03-25T16:45:00.663+0000] {dag.py:3823} INFO - Setting next_dagrun for spotify_etl to 2026-03-24 00:00:00+00:00, run_after=2026-03-25 00:00:00+00:00
[2026-03-25T16:45:00.704+0000] {processor.py:183} INFO - Processing /opt/airflow/dags/spotyfy_etl.py took 0.720 seconds
[2026-03-25T16:45:31.031+0000] {processor.py:161} INFO - Started process (PID=672) to work on /opt/airflow/dags/spotyfy_etl.py
[2026-03-25T16:45:31.033+0000] {processor.py:830} INFO - Processing file /opt/airflow/dags/spotyfy_etl.py for tasks to queue
[2026-03-25T16:45:31.034+0000] {logging_mixin.py:188} INFO - [2026-03-25T16:45:31.034+0000] {dagbag.py:538} INFO - Filling up the DagBag from /opt/airflow/dags/spotyfy_etl.py
[2026-03-25T16:45:31.467+0000] {processor.py:840} INFO - DAG(s) 'spotify_etl' retrieved from /opt/airflow/dags/spotyfy_etl.py
[2026-03-25T16:45:31.502+0000] {logging_mixin.py:188} INFO - [2026-03-25T16:45:31.501+0000] {dag.py:3036} INFO - Sync 1 DAGs
[2026-03-25T16:45:31.689+0000] {logging_mixin.py:188} INFO - [2026-03-25T16:45:31.689+0000] {dag.py:3823} INFO - Setting next_dagrun for spotify_etl to 2026-03-24 00:00:00+00:00, run_after=2026-03-25 00:00:00+00:00
[2026-03-25T16:45:31.732+0000] {processor.py:183} INFO - Processing /opt/airflow/dags/spotyfy_etl.py took 0.706 seconds
[2026-03-25T16:46:02.213+0000] {processor.py:161} INFO - Started process (PID=706) to work on /opt/airflow/dags/spotyfy_etl.py
[2026-03-25T16:46:02.215+0000] {processor.py:830} INFO - Processing file /opt/airflow/dags/spotyfy_etl.py for tasks to queue
[2026-03-25T16:46:02.216+0000] {logging_mixin.py:188} INFO - [2026-03-25T16:46:02.216+0000] {dagbag.py:538} INFO - Filling up the DagBag from /opt/airflow/dags/spotyfy_etl.py
[2026-03-25T16:46:02.988+0000] {processor.py:840} INFO - DAG(s) 'spotify_etl' retrieved from /opt/airflow/dags/spotyfy_etl.py
[2026-03-25T16:46:03.050+0000] {logging_mixin.py:188} INFO - [2026-03-25T16:46:03.049+0000] {dag.py:3036} INFO - Sync 1 DAGs
[2026-03-25T16:46:03.105+0000] {logging_mixin.py:188} INFO - [2026-03-25T16:46:03.105+0000] {dag.py:3823} INFO - Setting next_dagrun for spotify_etl to 2026-03-24 00:00:00+00:00, run_after=2026-03-25 00:00:00+00:00
[2026-03-25T16:46:03.186+0000] {processor.py:183} INFO - Processing /opt/airflow/dags/spotyfy_etl.py took 0.980 seconds
[2026-03-25T16:46:33.991+0000] {processor.py:161} INFO - Started process (PID=741) to work on /opt/airflow/dags/spotyfy_etl.py
[2026-03-25T16:46:33.994+0000] {processor.py:830} INFO - Processing file /opt/airflow/dags/spotyfy_etl.py for tasks to queue
[2026-03-25T16:46:33.995+0000] {logging_mixin.py:188} INFO - [2026-03-25T16:46:33.995+0000] {dagbag.py:538} INFO - Filling up the DagBag from /opt/airflow/dags/spotyfy_etl.py
[2026-03-25T16:46:34.461+0000] {processor.py:840} INFO - DAG(s) 'spotify_etl' retrieved from /opt/airflow/dags/spotyfy_etl.py
[2026-03-25T16:46:34.711+0000] {logging_mixin.py:188} INFO - [2026-03-25T16:46:34.711+0000] {dag.py:3036} INFO - Sync 1 DAGs
[2026-03-25T16:46:34.743+0000] {logging_mixin.py:188} INFO - [2026-03-25T16:46:34.742+0000] {dag.py:3823} INFO - Setting next_dagrun for spotify_etl to 2026-03-24 00:00:00+00:00, run_after=2026-03-25 00:00:00+00:00
[2026-03-25T16:46:34.774+0000] {processor.py:183} INFO - Processing /opt/airflow/dags/spotyfy_etl.py took 0.790 seconds
[2026-03-25T16:47:05.515+0000] {processor.py:161} INFO - Started process (PID=776) to work on /opt/airflow/dags/spotyfy_etl.py
[2026-03-25T16:47:05.517+0000] {processor.py:830} INFO - Processing file /opt/airflow/dags/spotyfy_etl.py for tasks to queue
[2026-03-25T16:47:05.519+0000] {logging_mixin.py:188} INFO - [2026-03-25T16:47:05.518+0000] {dagbag.py:538} INFO - Filling up the DagBag from /opt/airflow/dags/spotyfy_etl.py
[2026-03-25T16:47:06.179+0000] {processor.py:840} INFO - DAG(s) 'spotify_etl' retrieved from /opt/airflow/dags/spotyfy_etl.py
[2026-03-25T16:47:06.264+0000] {logging_mixin.py:188} INFO - [2026-03-25T16:47:06.263+0000] {dag.py:3036} INFO - Sync 1 DAGs
[2026-03-25T16:47:06.302+0000] {logging_mixin.py:188} INFO - [2026-03-25T16:47:06.302+0000] {dag.py:3823} INFO - Setting next_dagrun for spotify_etl to 2026-03-24 00:00:00+00:00, run_after=2026-03-25 00:00:00+00:00
[2026-03-25T16:47:06.330+0000] {processor.py:183} INFO - Processing /opt/airflow/dags/spotyfy_etl.py took 0.825 seconds
[2026-03-25T16:47:36.773+0000] {processor.py:161} INFO - Started process (PID=811) to work on /opt/airflow/dags/spotyfy_etl.py
[2026-03-25T16:47:36.774+0000] {processor.py:830} INFO - Processing file /opt/airflow/dags/spotyfy_etl.py for tasks to queue
[2026-03-25T16:47:36.776+0000] {logging_mixin.py:188} INFO - [2026-03-25T16:47:36.775+0000] {dagbag.py:538} INFO - Filling up the DagBag from /opt/airflow/dags/spotyfy_etl.py
[2026-03-25T16:47:37.154+0000] {processor.py:840} INFO - DAG(s) 'spotify_etl' retrieved from /opt/airflow/dags/spotyfy_etl.py
[2026-03-25T16:47:37.361+0000] {logging_mixin.py:188} INFO - [2026-03-25T16:47:37.360+0000] {dag.py:3036} INFO - Sync 1 DAGs
[2026-03-25T16:47:37.388+0000] {logging_mixin.py:188} INFO - [2026-03-25T16:47:37.388+0000] {dag.py:3823} INFO - Setting next_dagrun for spotify_etl to 2026-03-24 00:00:00+00:00, run_after=2026-03-25 00:00:00+00:00
[2026-03-25T16:47:37.435+0000] {processor.py:183} INFO - Processing /opt/airflow/dags/spotyfy_etl.py took 0.667 seconds
[2026-03-25T16:48:07.560+0000] {processor.py:161} INFO - Started process (PID=846) to work on /opt/airflow/dags/spotyfy_etl.py
[2026-03-25T16:48:07.563+0000] {processor.py:830} INFO - Processing file /opt/airflow/dags/spotyfy_etl.py for tasks to queue
[2026-03-25T16:48:07.564+0000] {logging_mixin.py:188} INFO - [2026-03-25T16:48:07.564+0000] {dagbag.py:538} INFO - Filling up the DagBag from /opt/airflow/dags/spotyfy_etl.py
[2026-03-25T16:48:08.227+0000] {processor.py:840} INFO - DAG(s) 'spotify_etl' retrieved from /opt/airflow/dags/spotyfy_etl.py
[2026-03-25T16:48:08.283+0000] {logging_mixin.py:188} INFO - [2026-03-25T16:48:08.282+0000] {dag.py:3036} INFO - Sync 1 DAGs
[2026-03-25T16:48:08.320+0000] {logging_mixin.py:188} INFO - [2026-03-25T16:48:08.320+0000] {dag.py:3823} INFO - Setting next_dagrun for spotify_etl to 2026-03-24 00:00:00+00:00, run_after=2026-03-25 00:00:00+00:00
[2026-03-25T16:48:08.357+0000] {processor.py:183} INFO - Processing /opt/airflow/dags/spotyfy_etl.py took 0.803 seconds
[2026-03-25T16:48:39.137+0000] {processor.py:161} INFO - Started process (PID=882) to work on /opt/airflow/dags/spotyfy_etl.py
[2026-03-25T16:48:39.139+0000] {processor.py:830} INFO - Processing file /opt/airflow/dags/spotyfy_etl.py for tasks to queue
[2026-03-25T16:48:39.141+0000] {logging_mixin.py:188} INFO - [2026-03-25T16:48:39.140+0000] {dagbag.py:538} INFO - Filling up the DagBag from /opt/airflow/dags/spotyfy_etl.py
[2026-03-25T16:48:39.694+0000] {processor.py:840} INFO - DAG(s) 'spotify_etl' retrieved from /opt/airflow/dags/spotyfy_etl.py
[2026-03-25T16:48:39.723+0000] {logging_mixin.py:188} INFO - [2026-03-25T16:48:39.723+0000] {dag.py:3036} INFO - Sync 1 DAGs
[2026-03-25T16:48:39.749+0000] {logging_mixin.py:188} INFO - [2026-03-25T16:48:39.749+0000] {dag.py:3823} INFO - Setting next_dagrun for spotify_etl to 2026-03-24 00:00:00+00:00, run_after=2026-03-25 00:00:00+00:00
[2026-03-25T16:48:39.778+0000] {processor.py:183} INFO - Processing /opt/airflow/dags/spotyfy_etl.py took 0.648 seconds
[2026-03-25T16:49:09.910+0000] {processor.py:161} INFO - Started process (PID=917) to work on /opt/airflow/dags/spotyfy_etl.py
[2026-03-25T16:49:09.913+0000] {processor.py:830} INFO - Processing file /opt/airflow/dags/spotyfy_etl.py for tasks to queue
[2026-03-25T16:49:09.915+0000] {logging_mixin.py:188} INFO - [2026-03-25T16:49:09.914+0000] {dagbag.py:538} INFO - Filling up the DagBag from /opt/airflow/dags/spotyfy_etl.py
[2026-03-25T16:49:10.580+0000] {processor.py:840} INFO - DAG(s) 'spotify_etl' retrieved from /opt/airflow/dags/spotyfy_etl.py
[2026-03-25T16:49:10.615+0000] {logging_mixin.py:188} INFO - [2026-03-25T16:49:10.615+0000] {dag.py:3036} INFO - Sync 1 DAGs
[2026-03-25T16:49:10.639+0000] {logging_mixin.py:188} INFO - [2026-03-25T16:49:10.639+0000] {dag.py:3823} INFO - Setting next_dagrun for spotify_etl to 2026-03-24 00:00:00+00:00, run_after=2026-03-25 00:00:00+00:00
[2026-03-25T16:49:10.664+0000] {processor.py:183} INFO - Processing /opt/airflow/dags/spotyfy_etl.py took 0.760 seconds
[2026-03-25T16:49:40.781+0000] {processor.py:161} INFO - Started process (PID=951) to work on /opt/airflow/dags/spotyfy_etl.py
[2026-03-25T16:49:40.783+0000] {processor.py:830} INFO - Processing file /opt/airflow/dags/spotyfy_etl.py for tasks to queue
[2026-03-25T16:49:40.784+0000] {logging_mixin.py:188} INFO - [2026-03-25T16:49:40.784+0000] {dagbag.py:538} INFO - Filling up the DagBag from /opt/airflow/dags/spotyfy_etl.py
[2026-03-25T16:49:41.371+0000] {processor.py:840} INFO - DAG(s) 'spotify_etl' retrieved from /opt/airflow/dags/spotyfy_etl.py
[2026-03-25T16:49:41.397+0000] {logging_mixin.py:188} INFO - [2026-03-25T16:49:41.396+0000] {dag.py:3036} INFO - Sync 1 DAGs
[2026-03-25T16:49:41.423+0000] {logging_mixin.py:188} INFO - [2026-03-25T16:49:41.423+0000] {dag.py:3823} INFO - Setting next_dagrun for spotify_etl to 2026-03-24 00:00:00+00:00, run_after=2026-03-25 00:00:00+00:00
[2026-03-25T16:49:41.467+0000] {processor.py:183} INFO - Processing /opt/airflow/dags/spotyfy_etl.py took 0.692 seconds
[2026-03-25T16:50:11.610+0000] {processor.py:161} INFO - Started process (PID=986) to work on /opt/airflow/dags/spotyfy_etl.py
[2026-03-25T16:50:11.612+0000] {processor.py:830} INFO - Processing file /opt/airflow/dags/spotyfy_etl.py for tasks to queue
[2026-03-25T16:50:11.614+0000] {logging_mixin.py:188} INFO - [2026-03-25T16:50:11.613+0000] {dagbag.py:538} INFO - Filling up the DagBag from /opt/airflow/dags/spotyfy_etl.py
[2026-03-25T16:50:12.204+0000] {processor.py:840} INFO - DAG(s) 'spotify_etl' retrieved from /opt/airflow/dags/spotyfy_etl.py
[2026-03-25T16:50:12.237+0000] {logging_mixin.py:188} INFO - [2026-03-25T16:50:12.237+0000] {dag.py:3036} INFO - Sync 1 DAGs
[2026-03-25T16:50:12.265+0000] {logging_mixin.py:188} INFO - [2026-03-25T16:50:12.265+0000] {dag.py:3823} INFO - Setting next_dagrun for spotify_etl to 2026-03-24 00:00:00+00:00, run_after=2026-03-25 00:00:00+00:00
[2026-03-25T16:50:12.316+0000] {processor.py:183} INFO - Processing /opt/airflow/dags/spotyfy_etl.py took 0.714 seconds
[2026-03-25T16:50:42.605+0000] {processor.py:161} INFO - Started process (PID=1021) to work on /opt/airflow/dags/spotyfy_etl.py
[2026-03-25T16:50:42.608+0000] {processor.py:830} INFO - Processing file /opt/airflow/dags/spotyfy_etl.py for tasks to queue
[2026-03-25T16:50:42.610+0000] {logging_mixin.py:188} INFO - [2026-03-25T16:50:42.609+0000] {dagbag.py:538} INFO - Filling up the DagBag from /opt/airflow/dags/spotyfy_etl.py
[2026-03-25T16:50:43.193+0000] {processor.py:840} INFO - DAG(s) 'spotify_etl' retrieved from /opt/airflow/dags/spotyfy_etl.py
[2026-03-25T16:50:43.226+0000] {logging_mixin.py:188} INFO - [2026-03-25T16:50:43.225+0000] {dag.py:3036} INFO - Sync 1 DAGs
[2026-03-25T16:50:43.254+0000] {logging_mixin.py:188} INFO - [2026-03-25T16:50:43.254+0000] {dag.py:3823} INFO - Setting next_dagrun for spotify_etl to 2026-03-24 00:00:00+00:00, run_after=2026-03-25 00:00:00+00:00
[2026-03-25T16:50:43.296+0000] {processor.py:183} INFO - Processing /opt/airflow/dags/spotyfy_etl.py took 0.698 seconds
[2026-03-25T16:51:13.672+0000] {processor.py:161} INFO - Started process (PID=1056) to work on /opt/airflow/dags/spotyfy_etl.py
[2026-03-25T16:51:13.674+0000] {processor.py:830} INFO - Processing file /opt/airflow/dags/spotyfy_etl.py for tasks to queue
[2026-03-25T16:51:13.677+0000] {logging_mixin.py:188} INFO - [2026-03-25T16:51:13.676+0000] {dagbag.py:538} INFO - Filling up the DagBag from /opt/airflow/dags/spotyfy_etl.py
[2026-03-25T16:51:14.353+0000] {processor.py:840} INFO - DAG(s) 'spotify_etl' retrieved from /opt/airflow/dags/spotyfy_etl.py
[2026-03-25T16:51:14.389+0000] {logging_mixin.py:188} INFO - [2026-03-25T16:51:14.388+0000] {dag.py:3036} INFO - Sync 1 DAGs
[2026-03-25T16:51:14.414+0000] {logging_mixin.py:188} INFO - [2026-03-25T16:51:14.413+0000] {dag.py:3823} INFO - Setting next_dagrun for spotify_etl to 2026-03-24 00:00:00+00:00, run_after=2026-03-25 00:00:00+00:00
[2026-03-25T16:51:14.447+0000] {processor.py:183} INFO - Processing /opt/airflow/dags/spotyfy_etl.py took 0.782 seconds
[2026-03-25T16:51:44.887+0000] {processor.py:161} INFO - Started process (PID=1091) to work on /opt/airflow/dags/spotyfy_etl.py
[2026-03-25T16:51:44.888+0000] {processor.py:830} INFO - Processing file /opt/airflow/dags/spotyfy_etl.py for tasks to queue
[2026-03-25T16:51:44.890+0000] {logging_mixin.py:188} INFO - [2026-03-25T16:51:44.889+0000] {dagbag.py:538} INFO - Filling up the DagBag from /opt/airflow/dags/spotyfy_etl.py
[2026-03-25T16:51:45.706+0000] {processor.py:840} INFO - DAG(s) 'spotify_etl' retrieved from /opt/airflow/dags/spotyfy_etl.py
[2026-03-25T16:51:45.734+0000] {logging_mixin.py:188} INFO - [2026-03-25T16:51:45.734+0000] {dag.py:3036} INFO - Sync 1 DAGs
[2026-03-25T16:51:45.792+0000] {logging_mixin.py:188} INFO - [2026-03-25T16:51:45.791+0000] {dag.py:3823} INFO - Setting next_dagrun for spotify_etl to 2026-03-24 00:00:00+00:00, run_after=2026-03-25 00:00:00+00:00
[2026-03-25T16:51:45.853+0000] {processor.py:183} INFO - Processing /opt/airflow/dags/spotyfy_etl.py took 0.972 seconds
[2026-03-25T16:52:16.293+0000] {processor.py:161} INFO - Started process (PID=1127) to work on /opt/airflow/dags/spotyfy_etl.py
[2026-03-25T16:52:16.295+0000] {processor.py:830} INFO - Processing file /opt/airflow/dags/spotyfy_etl.py for tasks to queue
[2026-03-25T16:52:16.296+0000] {logging_mixin.py:188} INFO - [2026-03-25T16:52:16.296+0000] {dagbag.py:538} INFO - Filling up the DagBag from /opt/airflow/dags/spotyfy_etl.py
[2026-03-25T16:52:16.877+0000] {processor.py:840} INFO - DAG(s) 'spotify_etl' retrieved from /opt/airflow/dags/spotyfy_etl.py
[2026-03-25T16:52:16.903+0000] {logging_mixin.py:188} INFO - [2026-03-25T16:52:16.902+0000] {dag.py:3036} INFO - Sync 1 DAGs
[2026-03-25T16:52:16.931+0000] {logging_mixin.py:188} INFO - [2026-03-25T16:52:16.930+0000] {dag.py:3823} INFO - Setting next_dagrun for spotify_etl to 2026-03-24 00:00:00+00:00, run_after=2026-03-25 00:00:00+00:00
[2026-03-25T16:52:16.956+0000] {processor.py:183} INFO - Processing /opt/airflow/dags/spotyfy_etl.py took 0.670 seconds
[2026-03-25T16:52:47.247+0000] {processor.py:161} INFO - Started process (PID=1164) to work on /opt/airflow/dags/spotyfy_etl.py
[2026-03-25T16:52:47.248+0000] {processor.py:830} INFO - Processing file /opt/airflow/dags/spotyfy_etl.py for tasks to queue
[2026-03-25T16:52:47.250+0000] {logging_mixin.py:188} INFO - [2026-03-25T16:52:47.249+0000] {dagbag.py:538} INFO - Filling up the DagBag from /opt/airflow/dags/spotyfy_etl.py
[2026-03-25T16:52:47.781+0000] {processor.py:840} INFO - DAG(s) 'spotify_etl' retrieved from /opt/airflow/dags/spotyfy_etl.py
[2026-03-25T16:52:47.811+0000] {logging_mixin.py:188} INFO - [2026-03-25T16:52:47.811+0000] {dag.py:3036} INFO - Sync 1 DAGs
[2026-03-25T16:52:47.835+0000] {logging_mixin.py:188} INFO - [2026-03-25T16:52:47.835+0000] {dag.py:3823} INFO - Setting next_dagrun for spotify_etl to 2026-03-24 00:00:00+00:00, run_after=2026-03-25 00:00:00+00:00
[2026-03-25T16:52:47.859+0000] {processor.py:183} INFO - Processing /opt/airflow/dags/spotyfy_etl.py took 0.617 seconds
[2026-03-25T16:53:18.115+0000] {processor.py:161} INFO - Started process (PID=1199) to work on /opt/airflow/dags/spotyfy_etl.py
[2026-03-25T16:53:18.117+0000] {processor.py:830} INFO - Processing file /opt/airflow/dags/spotyfy_etl.py for tasks to queue
[2026-03-25T16:53:18.118+0000] {logging_mixin.py:188} INFO - [2026-03-25T16:53:18.117+0000] {dagbag.py:538} INFO - Filling up the DagBag from /opt/airflow/dags/spotyfy_etl.py
[2026-03-25T16:53:18.587+0000] {processor.py:840} INFO - DAG(s) 'spotify_etl' retrieved from /opt/airflow/dags/spotyfy_etl.py
[2026-03-25T16:53:18.618+0000] {logging_mixin.py:188} INFO - [2026-03-25T16:53:18.618+0000] {dag.py:3036} INFO - Sync 1 DAGs
[2026-03-25T16:53:18.643+0000] {logging_mixin.py:188} INFO - [2026-03-25T16:53:18.643+0000] {dag.py:3823} INFO - Setting next_dagrun for spotify_etl to 2026-03-24 00:00:00+00:00, run_after=2026-03-25 00:00:00+00:00
[2026-03-25T16:53:18.700+0000] {processor.py:183} INFO - Processing /opt/airflow/dags/spotyfy_etl.py took 0.591 seconds
[2026-03-25T16:53:49.072+0000] {processor.py:161} INFO - Started process (PID=1237) to work on /opt/airflow/dags/spotyfy_etl.py
[2026-03-25T16:53:49.073+0000] {processor.py:830} INFO - Processing file /opt/airflow/dags/spotyfy_etl.py for tasks to queue
[2026-03-25T16:53:49.075+0000] {logging_mixin.py:188} INFO - [2026-03-25T16:53:49.075+0000] {dagbag.py:538} INFO - Filling up the DagBag from /opt/airflow/dags/spotyfy_etl.py
[2026-03-25T16:53:49.565+0000] {processor.py:840} INFO - DAG(s) 'spotify_etl' retrieved from /opt/airflow/dags/spotyfy_etl.py
[2026-03-25T16:53:49.595+0000] {logging_mixin.py:188} INFO - [2026-03-25T16:53:49.594+0000] {dag.py:3036} INFO - Sync 1 DAGs
[2026-03-25T16:53:49.617+0000] {logging_mixin.py:188} INFO - [2026-03-25T16:53:49.617+0000] {dag.py:3823} INFO - Setting next_dagrun for spotify_etl to 2026-03-24 00:00:00+00:00, run_after=2026-03-25 00:00:00+00:00
[2026-03-25T16:53:49.647+0000] {processor.py:183} INFO - Processing /opt/airflow/dags/spotyfy_etl.py took 0.580 seconds
[2026-03-25T16:54:19.917+0000] {processor.py:161} INFO - Started process (PID=1277) to work on /opt/airflow/dags/spotyfy_etl.py
[2026-03-25T16:54:19.919+0000] {processor.py:830} INFO - Processing file /opt/airflow/dags/spotyfy_etl.py for tasks to queue
[2026-03-25T16:54:19.921+0000] {logging_mixin.py:188} INFO - [2026-03-25T16:54:19.920+0000] {dagbag.py:538} INFO - Filling up the DagBag from /opt/airflow/dags/spotyfy_etl.py
[2026-03-25T16:54:20.612+0000] {processor.py:840} INFO - DAG(s) 'spotify_etl' retrieved from /opt/airflow/dags/spotyfy_etl.py
[2026-03-25T16:54:20.669+0000] {logging_mixin.py:188} INFO - [2026-03-25T16:54:20.669+0000] {dag.py:3036} INFO - Sync 1 DAGs
[2026-03-25T16:54:20.752+0000] {logging_mixin.py:188} INFO - [2026-03-25T16:54:20.752+0000] {dag.py:3823} INFO - Setting next_dagrun for spotify_etl to 2026-03-24 00:00:00+00:00, run_after=2026-03-25 00:00:00+00:00
[2026-03-25T16:54:20.821+0000] {processor.py:183} INFO - Processing /opt/airflow/dags/spotyfy_etl.py took 0.908 seconds
[2026-03-25T16:54:50.986+0000] {processor.py:161} INFO - Started process (PID=1641) to work on /opt/airflow/dags/spotyfy_etl.py
[2026-03-25T16:54:50.988+0000] {processor.py:830} INFO - Processing file /opt/airflow/dags/spotyfy_etl.py for tasks to queue
[2026-03-25T16:54:50.991+0000] {logging_mixin.py:188} INFO - [2026-03-25T16:54:50.990+0000] {dagbag.py:538} INFO - Filling up the DagBag from /opt/airflow/dags/spotyfy_etl.py
[2026-03-25T16:54:51.796+0000] {processor.py:840} INFO - DAG(s) 'spotify_etl' retrieved from /opt/airflow/dags/spotyfy_etl.py
[2026-03-25T16:54:51.846+0000] {logging_mixin.py:188} INFO - [2026-03-25T16:54:51.845+0000] {dag.py:3036} INFO - Sync 1 DAGs
[2026-03-25T16:54:51.923+0000] {logging_mixin.py:188} INFO - [2026-03-25T16:54:51.922+0000] {dag.py:3823} INFO - Setting next_dagrun for spotify_etl to 2026-03-24 00:00:00+00:00, run_after=2026-03-25 00:00:00+00:00
[2026-03-25T16:54:51.999+0000] {processor.py:183} INFO - Processing /opt/airflow/dags/spotyfy_etl.py took 1.023 seconds
[2026-03-25T16:55:22.681+0000] {processor.py:161} INFO - Started process (PID=1754) to work on /opt/airflow/dags/spotyfy_etl.py
[2026-03-25T16:55:22.683+0000] {processor.py:830} INFO - Processing file /opt/airflow/dags/spotyfy_etl.py for tasks to queue
[2026-03-25T16:55:22.685+0000] {logging_mixin.py:188} INFO - [2026-03-25T16:55:22.685+0000] {dagbag.py:538} INFO - Filling up the DagBag from /opt/airflow/dags/spotyfy_etl.py
[2026-03-25T16:55:23.363+0000] {processor.py:840} INFO - DAG(s) 'spotify_etl' retrieved from /opt/airflow/dags/spotyfy_etl.py
[2026-03-25T16:55:23.398+0000] {logging_mixin.py:188} INFO - [2026-03-25T16:55:23.397+0000] {dag.py:3036} INFO - Sync 1 DAGs
[2026-03-25T16:55:23.434+0000] {logging_mixin.py:188} INFO - [2026-03-25T16:55:23.434+0000] {dag.py:3823} INFO - Setting next_dagrun for spotify_etl to 2026-03-24 00:00:00+00:00, run_after=2026-03-25 00:00:00+00:00
[2026-03-25T16:55:23.471+0000] {processor.py:183} INFO - Processing /opt/airflow/dags/spotyfy_etl.py took 0.798 seconds
[2026-03-25T18:48:12.896+0000] {processor.py:161} INFO - Started process (PID=1797) to work on /opt/airflow/dags/spotyfy_etl.py
[2026-03-25T18:48:12.900+0000] {processor.py:830} INFO - Processing file /opt/airflow/dags/spotyfy_etl.py for tasks to queue
[2026-03-25T18:48:12.911+0000] {logging_mixin.py:188} INFO - [2026-03-25T18:48:12.901+0000] {dagbag.py:538} INFO - Filling up the DagBag from /opt/airflow/dags/spotyfy_etl.py
[2026-03-25T18:48:16.319+0000] {processor.py:840} INFO - DAG(s) 'spotify_etl' retrieved from /opt/airflow/dags/spotyfy_etl.py
[2026-03-25T18:48:16.359+0000] {logging_mixin.py:188} INFO - [2026-03-25T18:48:16.358+0000] {dag.py:3036} INFO - Sync 1 DAGs
[2026-03-25T18:48:16.398+0000] {logging_mixin.py:188} INFO - [2026-03-25T18:48:16.397+0000] {dag.py:3823} INFO - Setting next_dagrun for spotify_etl to 2026-03-24 00:00:00+00:00, run_after=2026-03-25 00:00:00+00:00
[2026-03-25T18:48:19.542+0000] {processor.py:183} INFO - Processing /opt/airflow/dags/spotyfy_etl.py took 4.870 seconds
[2026-03-25T18:48:50.777+0000] {processor.py:161} INFO - Started process (PID=1843) to work on /opt/airflow/dags/spotyfy_etl.py
[2026-03-25T18:48:50.781+0000] {processor.py:830} INFO - Processing file /opt/airflow/dags/spotyfy_etl.py for tasks to queue
[2026-03-25T18:48:50.785+0000] {logging_mixin.py:188} INFO - [2026-03-25T18:48:50.784+0000] {dagbag.py:538} INFO - Filling up the DagBag from /opt/airflow/dags/spotyfy_etl.py
[2026-03-25T18:48:52.004+0000] {processor.py:840} INFO - DAG(s) 'spotify_etl' retrieved from /opt/airflow/dags/spotyfy_etl.py
[2026-03-25T18:48:52.037+0000] {logging_mixin.py:188} INFO - [2026-03-25T18:48:52.036+0000] {dag.py:3036} INFO - Sync 1 DAGs
[2026-03-25T18:48:52.065+0000] {logging_mixin.py:188} INFO - [2026-03-25T18:48:52.065+0000] {dag.py:3823} INFO - Setting next_dagrun for spotify_etl to 2026-03-24 00:00:00+00:00, run_after=2026-03-25 00:00:00+00:00
[2026-03-25T18:48:54.760+0000] {processor.py:183} INFO - Processing /opt/airflow/dags/spotyfy_etl.py took 4.001 seconds
[2026-03-25T18:49:25.385+0000] {processor.py:161} INFO - Started process (PID=1883) to work on /opt/airflow/dags/spotyfy_etl.py
[2026-03-25T18:49:25.387+0000] {processor.py:830} INFO - Processing file /opt/airflow/dags/spotyfy_etl.py for tasks to queue
[2026-03-25T18:49:25.396+0000] {logging_mixin.py:188} INFO - [2026-03-25T18:49:25.395+0000] {dagbag.py:538} INFO - Filling up the DagBag from /opt/airflow/dags/spotyfy_etl.py
[2026-03-25T18:49:26.693+0000] {processor.py:840} INFO - DAG(s) 'spotify_etl' retrieved from /opt/airflow/dags/spotyfy_etl.py
[2026-03-25T18:49:26.733+0000] {logging_mixin.py:188} INFO - [2026-03-25T18:49:26.732+0000] {dag.py:3036} INFO - Sync 1 DAGs
[2026-03-25T18:49:26.807+0000] {logging_mixin.py:188} INFO - [2026-03-25T18:49:26.807+0000] {dag.py:3823} INFO - Setting next_dagrun for spotify_etl to 2026-03-24 00:00:00+00:00, run_after=2026-03-25 00:00:00+00:00
[2026-03-25T18:49:26.856+0000] {processor.py:183} INFO - Processing /opt/airflow/dags/spotyfy_etl.py took 1.490 seconds
[2026-03-25T18:49:57.399+0000] {processor.py:161} INFO - Started process (PID=1930) to work on /opt/airflow/dags/spotyfy_etl.py
[2026-03-25T18:49:57.401+0000] {processor.py:830} INFO - Processing file /opt/airflow/dags/spotyfy_etl.py for tasks to queue
[2026-03-25T18:49:57.402+0000] {logging_mixin.py:188} INFO - [2026-03-25T18:49:57.402+0000] {dagbag.py:538} INFO - Filling up the DagBag from /opt/airflow/dags/spotyfy_etl.py
[2026-03-25T18:49:57.895+0000] {processor.py:840} INFO - DAG(s) 'spotify_etl' retrieved from /opt/airflow/dags/spotyfy_etl.py
[2026-03-25T18:49:57.925+0000] {logging_mixin.py:188} INFO - [2026-03-25T18:49:57.924+0000] {dag.py:3036} INFO - Sync 1 DAGs
[2026-03-25T18:49:57.954+0000] {logging_mixin.py:188} INFO - [2026-03-25T18:49:57.953+0000] {dag.py:3823} INFO - Setting next_dagrun for spotify_etl to 2026-03-24 00:00:00+00:00, run_after=2026-03-25 00:00:00+00:00
[2026-03-25T18:49:57.984+0000] {processor.py:183} INFO - Processing /opt/airflow/dags/spotyfy_etl.py took 0.589 seconds
[2026-03-25T18:50:28.107+0000] {processor.py:161} INFO - Started process (PID=1964) to work on /opt/airflow/dags/spotyfy_etl.py
[2026-03-25T18:50:28.109+0000] {processor.py:830} INFO - Processing file /opt/airflow/dags/spotyfy_etl.py for tasks to queue
[2026-03-25T18:50:28.110+0000] {logging_mixin.py:188} INFO - [2026-03-25T18:50:28.110+0000] {dagbag.py:538} INFO - Filling up the DagBag from /opt/airflow/dags/spotyfy_etl.py
[2026-03-25T18:50:28.661+0000] {processor.py:840} INFO - DAG(s) 'spotify_etl' retrieved from /opt/airflow/dags/spotyfy_etl.py
[2026-03-25T18:50:28.693+0000] {logging_mixin.py:188} INFO - [2026-03-25T18:50:28.693+0000] {dag.py:3036} INFO - Sync 1 DAGs
[2026-03-25T18:50:28.720+0000] {logging_mixin.py:188} INFO - [2026-03-25T18:50:28.720+0000] {dag.py:3823} INFO - Setting next_dagrun for spotify_etl to 2026-03-24 00:00:00+00:00, run_after=2026-03-25 00:00:00+00:00
[2026-03-25T18:50:28.765+0000] {processor.py:183} INFO - Processing /opt/airflow/dags/spotyfy_etl.py took 0.662 seconds
[2026-03-25T18:50:58.954+0000] {processor.py:161} INFO - Started process (PID=2004) to work on /opt/airflow/dags/spotyfy_etl.py
[2026-03-25T18:50:58.956+0000] {processor.py:830} INFO - Processing file /opt/airflow/dags/spotyfy_etl.py for tasks to queue
[2026-03-25T18:50:58.958+0000] {logging_mixin.py:188} INFO - [2026-03-25T18:50:58.957+0000] {dagbag.py:538} INFO - Filling up the DagBag from /opt/airflow/dags/spotyfy_etl.py
[2026-03-25T18:50:59.667+0000] {processor.py:840} INFO - DAG(s) 'spotify_etl' retrieved from /opt/airflow/dags/spotyfy_etl.py
[2026-03-25T18:50:59.723+0000] {logging_mixin.py:188} INFO - [2026-03-25T18:50:59.722+0000] {dag.py:3036} INFO - Sync 1 DAGs
[2026-03-25T18:50:59.775+0000] {logging_mixin.py:188} INFO - [2026-03-25T18:50:59.774+0000] {dag.py:3823} INFO - Setting next_dagrun for spotify_etl to 2026-03-24 00:00:00+00:00, run_after=2026-03-25 00:00:00+00:00
[2026-03-25T18:50:59.829+0000] {processor.py:183} INFO - Processing /opt/airflow/dags/spotyfy_etl.py took 0.880 seconds
[2026-03-25T18:51:31.628+0000] {processor.py:161} INFO - Started process (PID=2039) to work on /opt/airflow/dags/spotyfy_etl.py
[2026-03-25T18:51:31.630+0000] {processor.py:830} INFO - Processing file /opt/airflow/dags/spotyfy_etl.py for tasks to queue
[2026-03-25T18:51:31.631+0000] {logging_mixin.py:188} INFO - [2026-03-25T18:51:31.630+0000] {dagbag.py:538} INFO - Filling up the DagBag from /opt/airflow/dags/spotyfy_etl.py
[2026-03-25T18:51:32.227+0000] {processor.py:840} INFO - DAG(s) 'spotify_etl' retrieved from /opt/airflow/dags/spotyfy_etl.py
[2026-03-25T18:51:32.253+0000] {logging_mixin.py:188} INFO - [2026-03-25T18:51:32.253+0000] {dag.py:3036} INFO - Sync 1 DAGs
[2026-03-25T18:51:32.277+0000] {logging_mixin.py:188} INFO - [2026-03-25T18:51:32.277+0000] {dag.py:3823} INFO - Setting next_dagrun for spotify_etl to 2026-03-24 00:00:00+00:00, run_after=2026-03-25 00:00:00+00:00
[2026-03-25T18:51:32.327+0000] {processor.py:183} INFO - Processing /opt/airflow/dags/spotyfy_etl.py took 0.704 seconds
[2026-03-25T18:52:03.686+0000] {processor.py:161} INFO - Started process (PID=2079) to work on /opt/airflow/dags/spotyfy_etl.py
[2026-03-25T18:52:03.687+0000] {processor.py:830} INFO - Processing file /opt/airflow/dags/spotyfy_etl.py for tasks to queue
[2026-03-25T18:52:03.689+0000] {logging_mixin.py:188} INFO - [2026-03-25T18:52:03.688+0000] {dagbag.py:538} INFO - Filling up the DagBag from /opt/airflow/dags/spotyfy_etl.py
[2026-03-25T18:52:04.212+0000] {processor.py:840} INFO - DAG(s) 'spotify_etl' retrieved from /opt/airflow/dags/spotyfy_etl.py
[2026-03-25T18:52:04.242+0000] {logging_mixin.py:188} INFO - [2026-03-25T18:52:04.241+0000] {dag.py:3036} INFO - Sync 1 DAGs
[2026-03-25T18:52:04.268+0000] {logging_mixin.py:188} INFO - [2026-03-25T18:52:04.267+0000] {dag.py:3823} INFO - Setting next_dagrun for spotify_etl to 2026-03-24 00:00:00+00:00, run_after=2026-03-25 00:00:00+00:00
[2026-03-25T18:52:04.330+0000] {processor.py:183} INFO - Processing /opt/airflow/dags/spotyfy_etl.py took 0.649 seconds
[2026-03-25T18:52:36.212+0000] {processor.py:161} INFO - Started process (PID=2119) to work on /opt/airflow/dags/spotyfy_etl.py
[2026-03-25T18:52:36.214+0000] {processor.py:830} INFO - Processing file /opt/airflow/dags/spotyfy_etl.py for tasks to queue
[2026-03-25T18:52:36.215+0000] {logging_mixin.py:188} INFO - [2026-03-25T18:52:36.215+0000] {dagbag.py:538} INFO - Filling up the DagBag from /opt/airflow/dags/spotyfy_etl.py
[2026-03-25T18:52:36.778+0000] {processor.py:840} INFO - DAG(s) 'spotify_etl' retrieved from /opt/airflow/dags/spotyfy_etl.py
[2026-03-25T18:52:36.812+0000] {logging_mixin.py:188} INFO - [2026-03-25T18:52:36.811+0000] {dag.py:3036} INFO - Sync 1 DAGs
[2026-03-25T18:52:36.847+0000] {logging_mixin.py:188} INFO - [2026-03-25T18:52:36.847+0000] {dag.py:3823} INFO - Setting next_dagrun for spotify_etl to 2026-03-24 00:00:00+00:00, run_after=2026-03-25 00:00:00+00:00
[2026-03-25T18:52:36.896+0000] {processor.py:183} INFO - Processing /opt/airflow/dags/spotyfy_etl.py took 0.689 seconds
[2026-03-25T18:53:08.951+0000] {processor.py:161} INFO - Started process (PID=2159) to work on /opt/airflow/dags/spotyfy_etl.py
[2026-03-25T18:53:08.953+0000] {processor.py:830} INFO - Processing file /opt/airflow/dags/spotyfy_etl.py for tasks to queue
[2026-03-25T18:53:08.954+0000] {logging_mixin.py:188} INFO - [2026-03-25T18:53:08.954+0000] {dagbag.py:538} INFO - Filling up the DagBag from /opt/airflow/dags/spotyfy_etl.py
[2026-03-25T18:53:09.428+0000] {processor.py:840} INFO - DAG(s) 'spotify_etl' retrieved from /opt/airflow/dags/spotyfy_etl.py
[2026-03-25T18:53:09.465+0000] {logging_mixin.py:188} INFO - [2026-03-25T18:53:09.465+0000] {dag.py:3036} INFO - Sync 1 DAGs
[2026-03-25T18:53:09.497+0000] {logging_mixin.py:188} INFO - [2026-03-25T18:53:09.497+0000] {dag.py:3823} INFO - Setting next_dagrun for spotify_etl to 2026-03-24 00:00:00+00:00, run_after=2026-03-25 00:00:00+00:00
[2026-03-25T18:53:09.528+0000] {processor.py:183} INFO - Processing /opt/airflow/dags/spotyfy_etl.py took 0.582 seconds
