[2026-03-25T16:38:44.824+0000] {processor.py:161} INFO - Started process (PID=173) to work on /opt/airflow/dags/spotify_albums_etl.py
[2026-03-25T16:38:44.835+0000] {processor.py:830} INFO - Processing file /opt/airflow/dags/spotify_albums_etl.py for tasks to queue
[2026-03-25T16:38:44.840+0000] {logging_mixin.py:188} INFO - [2026-03-25T16:38:44.839+0000] {dagbag.py:538} INFO - Filling up the DagBag from /opt/airflow/dags/spotify_albums_etl.py
[2026-03-25T16:38:45.588+0000] {processor.py:840} INFO - DAG(s) '08_spotify_albums_etl' retrieved from /opt/airflow/dags/spotify_albums_etl.py
[2026-03-25T16:38:45.950+0000] {logging_mixin.py:188} INFO - [2026-03-25T16:38:45.948+0000] {dag.py:3036} INFO - Sync 1 DAGs
[2026-03-25T16:38:45.986+0000] {logging_mixin.py:188} INFO - [2026-03-25T16:38:45.986+0000] {dag.py:3823} INFO - Setting next_dagrun for 08_spotify_albums_etl to 2026-03-22 00:00:00+00:00, run_after=2026-03-29 00:00:00+00:00
[2026-03-25T16:38:46.034+0000] {processor.py:183} INFO - Processing /opt/airflow/dags/spotify_albums_etl.py took 1.226 seconds
[2026-03-25T16:39:16.674+0000] {processor.py:161} INFO - Started process (PID=207) to work on /opt/airflow/dags/spotify_albums_etl.py
[2026-03-25T16:39:16.676+0000] {processor.py:830} INFO - Processing file /opt/airflow/dags/spotify_albums_etl.py for tasks to queue
[2026-03-25T16:39:16.678+0000] {logging_mixin.py:188} INFO - [2026-03-25T16:39:16.677+0000] {dagbag.py:538} INFO - Filling up the DagBag from /opt/airflow/dags/spotify_albums_etl.py
[2026-03-25T16:39:17.261+0000] {processor.py:840} INFO - DAG(s) '08_spotify_albums_etl' retrieved from /opt/airflow/dags/spotify_albums_etl.py
[2026-03-25T16:39:17.307+0000] {logging_mixin.py:188} INFO - [2026-03-25T16:39:17.307+0000] {dag.py:3036} INFO - Sync 1 DAGs
[2026-03-25T16:39:17.360+0000] {logging_mixin.py:188} INFO - [2026-03-25T16:39:17.359+0000] {dag.py:3823} INFO - Setting next_dagrun for 08_spotify_albums_etl to 2026-03-22 00:00:00+00:00, run_after=2026-03-29 00:00:00+00:00
[2026-03-25T16:39:17.402+0000] {processor.py:183} INFO - Processing /opt/airflow/dags/spotify_albums_etl.py took 0.735 seconds
[2026-03-25T16:39:47.822+0000] {processor.py:161} INFO - Started process (PID=269) to work on /opt/airflow/dags/spotify_albums_etl.py
[2026-03-25T16:39:47.824+0000] {processor.py:830} INFO - Processing file /opt/airflow/dags/spotify_albums_etl.py for tasks to queue
[2026-03-25T16:39:47.826+0000] {logging_mixin.py:188} INFO - [2026-03-25T16:39:47.825+0000] {dagbag.py:538} INFO - Filling up the DagBag from /opt/airflow/dags/spotify_albums_etl.py
[2026-03-25T16:39:48.218+0000] {processor.py:840} INFO - DAG(s) '08_spotify_albums_etl' retrieved from /opt/airflow/dags/spotify_albums_etl.py
[2026-03-25T16:39:48.257+0000] {logging_mixin.py:188} INFO - [2026-03-25T16:39:48.257+0000] {dag.py:3036} INFO - Sync 1 DAGs
[2026-03-25T16:39:48.300+0000] {logging_mixin.py:188} INFO - [2026-03-25T16:39:48.299+0000] {dag.py:3823} INFO - Setting next_dagrun for 08_spotify_albums_etl to 2026-03-22 00:00:00+00:00, run_after=2026-03-29 00:00:00+00:00
[2026-03-25T16:39:48.343+0000] {processor.py:183} INFO - Processing /opt/airflow/dags/spotify_albums_etl.py took 0.525 seconds
[2026-03-25T16:40:19.001+0000] {processor.py:161} INFO - Started process (PID=307) to work on /opt/airflow/dags/spotify_albums_etl.py
[2026-03-25T16:40:19.003+0000] {processor.py:830} INFO - Processing file /opt/airflow/dags/spotify_albums_etl.py for tasks to queue
[2026-03-25T16:40:19.006+0000] {logging_mixin.py:188} INFO - [2026-03-25T16:40:19.005+0000] {dagbag.py:538} INFO - Filling up the DagBag from /opt/airflow/dags/spotify_albums_etl.py
[2026-03-25T16:40:19.647+0000] {processor.py:840} INFO - DAG(s) '08_spotify_albums_etl' retrieved from /opt/airflow/dags/spotify_albums_etl.py
[2026-03-25T16:40:19.691+0000] {logging_mixin.py:188} INFO - [2026-03-25T16:40:19.691+0000] {dag.py:3036} INFO - Sync 1 DAGs
[2026-03-25T16:40:19.731+0000] {logging_mixin.py:188} INFO - [2026-03-25T16:40:19.731+0000] {dag.py:3823} INFO - Setting next_dagrun for 08_spotify_albums_etl to 2026-03-22 00:00:00+00:00, run_after=2026-03-29 00:00:00+00:00
[2026-03-25T16:40:19.830+0000] {processor.py:183} INFO - Processing /opt/airflow/dags/spotify_albums_etl.py took 0.840 seconds
[2026-03-25T16:40:50.169+0000] {processor.py:161} INFO - Started process (PID=339) to work on /opt/airflow/dags/spotify_albums_etl.py
[2026-03-25T16:40:50.171+0000] {processor.py:830} INFO - Processing file /opt/airflow/dags/spotify_albums_etl.py for tasks to queue
[2026-03-25T16:40:50.172+0000] {logging_mixin.py:188} INFO - [2026-03-25T16:40:50.172+0000] {dagbag.py:538} INFO - Filling up the DagBag from /opt/airflow/dags/spotify_albums_etl.py
[2026-03-25T16:40:50.537+0000] {processor.py:840} INFO - DAG(s) '08_spotify_albums_etl' retrieved from /opt/airflow/dags/spotify_albums_etl.py
[2026-03-25T16:40:50.572+0000] {logging_mixin.py:188} INFO - [2026-03-25T16:40:50.571+0000] {dag.py:3036} INFO - Sync 1 DAGs
[2026-03-25T16:40:50.601+0000] {logging_mixin.py:188} INFO - [2026-03-25T16:40:50.601+0000] {dag.py:3823} INFO - Setting next_dagrun for 08_spotify_albums_etl to 2026-03-22 00:00:00+00:00, run_after=2026-03-29 00:00:00+00:00
[2026-03-25T16:40:50.634+0000] {processor.py:183} INFO - Processing /opt/airflow/dags/spotify_albums_etl.py took 0.469 seconds
[2026-03-25T16:41:20.816+0000] {processor.py:161} INFO - Started process (PID=374) to work on /opt/airflow/dags/spotify_albums_etl.py
[2026-03-25T16:41:20.818+0000] {processor.py:830} INFO - Processing file /opt/airflow/dags/spotify_albums_etl.py for tasks to queue
[2026-03-25T16:41:20.820+0000] {logging_mixin.py:188} INFO - [2026-03-25T16:41:20.819+0000] {dagbag.py:538} INFO - Filling up the DagBag from /opt/airflow/dags/spotify_albums_etl.py
[2026-03-25T16:41:21.234+0000] {processor.py:840} INFO - DAG(s) '08_spotify_albums_etl' retrieved from /opt/airflow/dags/spotify_albums_etl.py
[2026-03-25T16:41:21.267+0000] {logging_mixin.py:188} INFO - [2026-03-25T16:41:21.267+0000] {dag.py:3036} INFO - Sync 1 DAGs
[2026-03-25T16:41:21.293+0000] {logging_mixin.py:188} INFO - [2026-03-25T16:41:21.292+0000] {dag.py:3823} INFO - Setting next_dagrun for 08_spotify_albums_etl to 2026-03-22 00:00:00+00:00, run_after=2026-03-29 00:00:00+00:00
[2026-03-25T16:41:21.345+0000] {processor.py:183} INFO - Processing /opt/airflow/dags/spotify_albums_etl.py took 0.539 seconds
[2026-03-25T16:41:51.677+0000] {processor.py:161} INFO - Started process (PID=412) to work on /opt/airflow/dags/spotify_albums_etl.py
[2026-03-25T16:41:51.679+0000] {processor.py:830} INFO - Processing file /opt/airflow/dags/spotify_albums_etl.py for tasks to queue
[2026-03-25T16:41:51.681+0000] {logging_mixin.py:188} INFO - [2026-03-25T16:41:51.680+0000] {dagbag.py:538} INFO - Filling up the DagBag from /opt/airflow/dags/spotify_albums_etl.py
[2026-03-25T16:41:52.033+0000] {processor.py:840} INFO - DAG(s) '08_spotify_albums_etl' retrieved from /opt/airflow/dags/spotify_albums_etl.py
[2026-03-25T16:41:52.063+0000] {logging_mixin.py:188} INFO - [2026-03-25T16:41:52.062+0000] {dag.py:3036} INFO - Sync 1 DAGs
[2026-03-25T16:41:52.089+0000] {logging_mixin.py:188} INFO - [2026-03-25T16:41:52.089+0000] {dag.py:3823} INFO - Setting next_dagrun for 08_spotify_albums_etl to 2026-03-22 00:00:00+00:00, run_after=2026-03-29 00:00:00+00:00
[2026-03-25T16:41:52.277+0000] {processor.py:183} INFO - Processing /opt/airflow/dags/spotify_albums_etl.py took 0.605 seconds
[2026-03-25T16:42:23.168+0000] {processor.py:161} INFO - Started process (PID=452) to work on /opt/airflow/dags/spotify_albums_etl.py
[2026-03-25T16:42:23.169+0000] {processor.py:830} INFO - Processing file /opt/airflow/dags/spotify_albums_etl.py for tasks to queue
[2026-03-25T16:42:23.170+0000] {logging_mixin.py:188} INFO - [2026-03-25T16:42:23.170+0000] {dagbag.py:538} INFO - Filling up the DagBag from /opt/airflow/dags/spotify_albums_etl.py
[2026-03-25T16:42:23.566+0000] {processor.py:840} INFO - DAG(s) '08_spotify_albums_etl' retrieved from /opt/airflow/dags/spotify_albums_etl.py
[2026-03-25T16:42:23.611+0000] {logging_mixin.py:188} INFO - [2026-03-25T16:42:23.611+0000] {dag.py:3036} INFO - Sync 1 DAGs
[2026-03-25T16:42:23.642+0000] {logging_mixin.py:188} INFO - [2026-03-25T16:42:23.642+0000] {dag.py:3823} INFO - Setting next_dagrun for 08_spotify_albums_etl to 2026-03-22 00:00:00+00:00, run_after=2026-03-29 00:00:00+00:00
[2026-03-25T16:42:23.692+0000] {processor.py:183} INFO - Processing /opt/airflow/dags/spotify_albums_etl.py took 0.529 seconds
[2026-03-25T16:42:54.261+0000] {processor.py:161} INFO - Started process (PID=490) to work on /opt/airflow/dags/spotify_albums_etl.py
[2026-03-25T16:42:54.263+0000] {processor.py:830} INFO - Processing file /opt/airflow/dags/spotify_albums_etl.py for tasks to queue
[2026-03-25T16:42:54.265+0000] {logging_mixin.py:188} INFO - [2026-03-25T16:42:54.264+0000] {dagbag.py:538} INFO - Filling up the DagBag from /opt/airflow/dags/spotify_albums_etl.py
[2026-03-25T16:42:54.627+0000] {processor.py:840} INFO - DAG(s) '08_spotify_albums_etl' retrieved from /opt/airflow/dags/spotify_albums_etl.py
[2026-03-25T16:42:54.661+0000] {logging_mixin.py:188} INFO - [2026-03-25T16:42:54.661+0000] {dag.py:3036} INFO - Sync 1 DAGs
[2026-03-25T16:42:54.849+0000] {logging_mixin.py:188} INFO - [2026-03-25T16:42:54.849+0000] {dag.py:3823} INFO - Setting next_dagrun for 08_spotify_albums_etl to 2026-03-22 00:00:00+00:00, run_after=2026-03-29 00:00:00+00:00
[2026-03-25T16:42:54.916+0000] {processor.py:183} INFO - Processing /opt/airflow/dags/spotify_albums_etl.py took 0.661 seconds
[2026-03-25T16:43:25.792+0000] {processor.py:161} INFO - Started process (PID=525) to work on /opt/airflow/dags/spotify_albums_etl.py
[2026-03-25T16:43:25.794+0000] {processor.py:830} INFO - Processing file /opt/airflow/dags/spotify_albums_etl.py for tasks to queue
[2026-03-25T16:43:25.797+0000] {logging_mixin.py:188} INFO - [2026-03-25T16:43:25.796+0000] {dagbag.py:538} INFO - Filling up the DagBag from /opt/airflow/dags/spotify_albums_etl.py
[2026-03-25T16:43:26.336+0000] {processor.py:840} INFO - DAG(s) '08_spotify_albums_etl' retrieved from /opt/airflow/dags/spotify_albums_etl.py
[2026-03-25T16:43:26.371+0000] {logging_mixin.py:188} INFO - [2026-03-25T16:43:26.371+0000] {dag.py:3036} INFO - Sync 1 DAGs
[2026-03-25T16:43:26.400+0000] {logging_mixin.py:188} INFO - [2026-03-25T16:43:26.399+0000] {dag.py:3823} INFO - Setting next_dagrun for 08_spotify_albums_etl to 2026-03-22 00:00:00+00:00, run_after=2026-03-29 00:00:00+00:00
[2026-03-25T16:43:26.427+0000] {processor.py:183} INFO - Processing /opt/airflow/dags/spotify_albums_etl.py took 0.641 seconds
[2026-03-25T16:43:56.607+0000] {processor.py:161} INFO - Started process (PID=560) to work on /opt/airflow/dags/spotify_albums_etl.py
[2026-03-25T16:43:56.609+0000] {processor.py:830} INFO - Processing file /opt/airflow/dags/spotify_albums_etl.py for tasks to queue
[2026-03-25T16:43:56.611+0000] {logging_mixin.py:188} INFO - [2026-03-25T16:43:56.610+0000] {dagbag.py:538} INFO - Filling up the DagBag from /opt/airflow/dags/spotify_albums_etl.py
[2026-03-25T16:43:56.960+0000] {processor.py:840} INFO - DAG(s) '08_spotify_albums_etl' retrieved from /opt/airflow/dags/spotify_albums_etl.py
[2026-03-25T16:43:57.148+0000] {logging_mixin.py:188} INFO - [2026-03-25T16:43:57.147+0000] {dag.py:3036} INFO - Sync 1 DAGs
[2026-03-25T16:43:57.174+0000] {logging_mixin.py:188} INFO - [2026-03-25T16:43:57.174+0000] {dag.py:3823} INFO - Setting next_dagrun for 08_spotify_albums_etl to 2026-03-22 00:00:00+00:00, run_after=2026-03-29 00:00:00+00:00
[2026-03-25T16:43:57.201+0000] {processor.py:183} INFO - Processing /opt/airflow/dags/spotify_albums_etl.py took 0.600 seconds
[2026-03-25T16:44:27.664+0000] {processor.py:161} INFO - Started process (PID=595) to work on /opt/airflow/dags/spotify_albums_etl.py
[2026-03-25T16:44:27.666+0000] {processor.py:830} INFO - Processing file /opt/airflow/dags/spotify_albums_etl.py for tasks to queue
[2026-03-25T16:44:27.668+0000] {logging_mixin.py:188} INFO - [2026-03-25T16:44:27.667+0000] {dagbag.py:538} INFO - Filling up the DagBag from /opt/airflow/dags/spotify_albums_etl.py
[2026-03-25T16:44:28.089+0000] {processor.py:840} INFO - DAG(s) '08_spotify_albums_etl' retrieved from /opt/airflow/dags/spotify_albums_etl.py
[2026-03-25T16:44:28.126+0000] {logging_mixin.py:188} INFO - [2026-03-25T16:44:28.126+0000] {dag.py:3036} INFO - Sync 1 DAGs
[2026-03-25T16:44:28.327+0000] {logging_mixin.py:188} INFO - [2026-03-25T16:44:28.327+0000] {dag.py:3823} INFO - Setting next_dagrun for 08_spotify_albums_etl to 2026-03-22 00:00:00+00:00, run_after=2026-03-29 00:00:00+00:00
[2026-03-25T16:44:28.381+0000] {processor.py:183} INFO - Processing /opt/airflow/dags/spotify_albums_etl.py took 0.723 seconds
[2026-03-25T16:44:59.030+0000] {processor.py:161} INFO - Started process (PID=630) to work on /opt/airflow/dags/spotify_albums_etl.py
[2026-03-25T16:44:59.033+0000] {processor.py:830} INFO - Processing file /opt/airflow/dags/spotify_albums_etl.py for tasks to queue
[2026-03-25T16:44:59.035+0000] {logging_mixin.py:188} INFO - [2026-03-25T16:44:59.034+0000] {dagbag.py:538} INFO - Filling up the DagBag from /opt/airflow/dags/spotify_albums_etl.py
[2026-03-25T16:44:59.490+0000] {processor.py:840} INFO - DAG(s) '08_spotify_albums_etl' retrieved from /opt/airflow/dags/spotify_albums_etl.py
[2026-03-25T16:44:59.783+0000] {logging_mixin.py:188} INFO - [2026-03-25T16:44:59.783+0000] {dag.py:3036} INFO - Sync 1 DAGs
[2026-03-25T16:44:59.832+0000] {logging_mixin.py:188} INFO - [2026-03-25T16:44:59.831+0000] {dag.py:3823} INFO - Setting next_dagrun for 08_spotify_albums_etl to 2026-03-22 00:00:00+00:00, run_after=2026-03-29 00:00:00+00:00
[2026-03-25T16:44:59.876+0000] {processor.py:183} INFO - Processing /opt/airflow/dags/spotify_albums_etl.py took 0.851 seconds
[2026-03-25T16:45:30.719+0000] {processor.py:161} INFO - Started process (PID=668) to work on /opt/airflow/dags/spotify_albums_etl.py
[2026-03-25T16:45:30.721+0000] {processor.py:830} INFO - Processing file /opt/airflow/dags/spotify_albums_etl.py for tasks to queue
[2026-03-25T16:45:30.723+0000] {logging_mixin.py:188} INFO - [2026-03-25T16:45:30.722+0000] {dagbag.py:538} INFO - Filling up the DagBag from /opt/airflow/dags/spotify_albums_etl.py
[2026-03-25T16:45:31.113+0000] {processor.py:840} INFO - DAG(s) '08_spotify_albums_etl' retrieved from /opt/airflow/dags/spotify_albums_etl.py
[2026-03-25T16:45:31.148+0000] {logging_mixin.py:188} INFO - [2026-03-25T16:45:31.148+0000] {dag.py:3036} INFO - Sync 1 DAGs
[2026-03-25T16:45:31.378+0000] {logging_mixin.py:188} INFO - [2026-03-25T16:45:31.378+0000] {dag.py:3823} INFO - Setting next_dagrun for 08_spotify_albums_etl to 2026-03-22 00:00:00+00:00, run_after=2026-03-29 00:00:00+00:00
[2026-03-25T16:45:31.408+0000] {processor.py:183} INFO - Processing /opt/airflow/dags/spotify_albums_etl.py took 0.694 seconds
[2026-03-25T16:46:02.198+0000] {processor.py:161} INFO - Started process (PID=703) to work on /opt/airflow/dags/spotify_albums_etl.py
[2026-03-25T16:46:02.200+0000] {processor.py:830} INFO - Processing file /opt/airflow/dags/spotify_albums_etl.py for tasks to queue
[2026-03-25T16:46:02.202+0000] {logging_mixin.py:188} INFO - [2026-03-25T16:46:02.201+0000] {dagbag.py:538} INFO - Filling up the DagBag from /opt/airflow/dags/spotify_albums_etl.py
[2026-03-25T16:46:02.986+0000] {processor.py:840} INFO - DAG(s) '08_spotify_albums_etl' retrieved from /opt/airflow/dags/spotify_albums_etl.py
[2026-03-25T16:46:03.052+0000] {logging_mixin.py:188} INFO - [2026-03-25T16:46:03.052+0000] {dag.py:3036} INFO - Sync 1 DAGs
[2026-03-25T16:46:03.108+0000] {logging_mixin.py:188} INFO - [2026-03-25T16:46:03.108+0000] {dag.py:3823} INFO - Setting next_dagrun for 08_spotify_albums_etl to 2026-03-22 00:00:00+00:00, run_after=2026-03-29 00:00:00+00:00
[2026-03-25T16:46:03.191+0000] {processor.py:183} INFO - Processing /opt/airflow/dags/spotify_albums_etl.py took 1.000 seconds
[2026-03-25T16:46:33.979+0000] {processor.py:161} INFO - Started process (PID=738) to work on /opt/airflow/dags/spotify_albums_etl.py
[2026-03-25T16:46:33.980+0000] {processor.py:830} INFO - Processing file /opt/airflow/dags/spotify_albums_etl.py for tasks to queue
[2026-03-25T16:46:33.982+0000] {logging_mixin.py:188} INFO - [2026-03-25T16:46:33.981+0000] {dagbag.py:538} INFO - Filling up the DagBag from /opt/airflow/dags/spotify_albums_etl.py
[2026-03-25T16:46:34.460+0000] {processor.py:840} INFO - DAG(s) '08_spotify_albums_etl' retrieved from /opt/airflow/dags/spotify_albums_etl.py
[2026-03-25T16:46:34.508+0000] {logging_mixin.py:188} INFO - [2026-03-25T16:46:34.508+0000] {dag.py:3036} INFO - Sync 1 DAGs
[2026-03-25T16:46:34.743+0000] {logging_mixin.py:188} INFO - [2026-03-25T16:46:34.743+0000] {dag.py:3823} INFO - Setting next_dagrun for 08_spotify_albums_etl to 2026-03-22 00:00:00+00:00, run_after=2026-03-29 00:00:00+00:00
[2026-03-25T16:46:34.773+0000] {processor.py:183} INFO - Processing /opt/airflow/dags/spotify_albums_etl.py took 0.800 seconds
[2026-03-25T16:47:05.494+0000] {processor.py:161} INFO - Started process (PID=773) to work on /opt/airflow/dags/spotify_albums_etl.py
[2026-03-25T16:47:05.497+0000] {processor.py:830} INFO - Processing file /opt/airflow/dags/spotify_albums_etl.py for tasks to queue
[2026-03-25T16:47:05.499+0000] {logging_mixin.py:188} INFO - [2026-03-25T16:47:05.498+0000] {dagbag.py:538} INFO - Filling up the DagBag from /opt/airflow/dags/spotify_albums_etl.py
[2026-03-25T16:47:06.163+0000] {processor.py:840} INFO - DAG(s) '08_spotify_albums_etl' retrieved from /opt/airflow/dags/spotify_albums_etl.py
[2026-03-25T16:47:06.194+0000] {logging_mixin.py:188} INFO - [2026-03-25T16:47:06.193+0000] {dag.py:3036} INFO - Sync 1 DAGs
[2026-03-25T16:47:06.279+0000] {logging_mixin.py:188} INFO - [2026-03-25T16:47:06.279+0000] {dag.py:3823} INFO - Setting next_dagrun for 08_spotify_albums_etl to 2026-03-22 00:00:00+00:00, run_after=2026-03-29 00:00:00+00:00
[2026-03-25T16:47:06.311+0000] {processor.py:183} INFO - Processing /opt/airflow/dags/spotify_albums_etl.py took 0.825 seconds
[2026-03-25T16:47:36.759+0000] {processor.py:161} INFO - Started process (PID=808) to work on /opt/airflow/dags/spotify_albums_etl.py
[2026-03-25T16:47:36.760+0000] {processor.py:830} INFO - Processing file /opt/airflow/dags/spotify_albums_etl.py for tasks to queue
[2026-03-25T16:47:36.762+0000] {logging_mixin.py:188} INFO - [2026-03-25T16:47:36.761+0000] {dagbag.py:538} INFO - Filling up the DagBag from /opt/airflow/dags/spotify_albums_etl.py
[2026-03-25T16:47:37.145+0000] {processor.py:840} INFO - DAG(s) '08_spotify_albums_etl' retrieved from /opt/airflow/dags/spotify_albums_etl.py
[2026-03-25T16:47:37.352+0000] {logging_mixin.py:188} INFO - [2026-03-25T16:47:37.351+0000] {dag.py:3036} INFO - Sync 1 DAGs
[2026-03-25T16:47:37.380+0000] {logging_mixin.py:188} INFO - [2026-03-25T16:47:37.380+0000] {dag.py:3823} INFO - Setting next_dagrun for 08_spotify_albums_etl to 2026-03-22 00:00:00+00:00, run_after=2026-03-29 00:00:00+00:00
[2026-03-25T16:47:37.431+0000] {processor.py:183} INFO - Processing /opt/airflow/dags/spotify_albums_etl.py took 0.679 seconds
[2026-03-25T16:48:07.546+0000] {processor.py:161} INFO - Started process (PID=843) to work on /opt/airflow/dags/spotify_albums_etl.py
[2026-03-25T16:48:07.548+0000] {processor.py:830} INFO - Processing file /opt/airflow/dags/spotify_albums_etl.py for tasks to queue
[2026-03-25T16:48:07.549+0000] {logging_mixin.py:188} INFO - [2026-03-25T16:48:07.549+0000] {dagbag.py:538} INFO - Filling up the DagBag from /opt/airflow/dags/spotify_albums_etl.py
[2026-03-25T16:48:08.222+0000] {processor.py:840} INFO - DAG(s) '08_spotify_albums_etl' retrieved from /opt/airflow/dags/spotify_albums_etl.py
[2026-03-25T16:48:08.255+0000] {logging_mixin.py:188} INFO - [2026-03-25T16:48:08.252+0000] {dag.py:3036} INFO - Sync 1 DAGs
[2026-03-25T16:48:08.293+0000] {logging_mixin.py:188} INFO - [2026-03-25T16:48:08.292+0000] {dag.py:3823} INFO - Setting next_dagrun for 08_spotify_albums_etl to 2026-03-22 00:00:00+00:00, run_after=2026-03-29 00:00:00+00:00
[2026-03-25T16:48:08.324+0000] {processor.py:183} INFO - Processing /opt/airflow/dags/spotify_albums_etl.py took 0.783 seconds
[2026-03-25T16:48:38.421+0000] {processor.py:161} INFO - Started process (PID=878) to work on /opt/airflow/dags/spotify_albums_etl.py
[2026-03-25T16:48:38.423+0000] {processor.py:830} INFO - Processing file /opt/airflow/dags/spotify_albums_etl.py for tasks to queue
[2026-03-25T16:48:38.425+0000] {logging_mixin.py:188} INFO - [2026-03-25T16:48:38.424+0000] {dagbag.py:538} INFO - Filling up the DagBag from /opt/airflow/dags/spotify_albums_etl.py
[2026-03-25T16:48:39.176+0000] {processor.py:840} INFO - DAG(s) '08_spotify_albums_etl' retrieved from /opt/airflow/dags/spotify_albums_etl.py
[2026-03-25T16:48:39.216+0000] {logging_mixin.py:188} INFO - [2026-03-25T16:48:39.216+0000] {dag.py:3036} INFO - Sync 1 DAGs
[2026-03-25T16:48:39.264+0000] {logging_mixin.py:188} INFO - [2026-03-25T16:48:39.264+0000] {dag.py:3823} INFO - Setting next_dagrun for 08_spotify_albums_etl to 2026-03-22 00:00:00+00:00, run_after=2026-03-29 00:00:00+00:00
[2026-03-25T16:48:39.319+0000] {processor.py:183} INFO - Processing /opt/airflow/dags/spotify_albums_etl.py took 0.902 seconds
[2026-03-25T16:49:09.494+0000] {processor.py:161} INFO - Started process (PID=913) to work on /opt/airflow/dags/spotify_albums_etl.py
[2026-03-25T16:49:09.496+0000] {processor.py:830} INFO - Processing file /opt/airflow/dags/spotify_albums_etl.py for tasks to queue
[2026-03-25T16:49:09.498+0000] {logging_mixin.py:188} INFO - [2026-03-25T16:49:09.497+0000] {dagbag.py:538} INFO - Filling up the DagBag from /opt/airflow/dags/spotify_albums_etl.py
[2026-03-25T16:49:10.156+0000] {processor.py:840} INFO - DAG(s) '08_spotify_albums_etl' retrieved from /opt/airflow/dags/spotify_albums_etl.py
[2026-03-25T16:49:10.189+0000] {logging_mixin.py:188} INFO - [2026-03-25T16:49:10.189+0000] {dag.py:3036} INFO - Sync 1 DAGs
[2026-03-25T16:49:10.220+0000] {logging_mixin.py:188} INFO - [2026-03-25T16:49:10.220+0000] {dag.py:3823} INFO - Setting next_dagrun for 08_spotify_albums_etl to 2026-03-22 00:00:00+00:00, run_after=2026-03-29 00:00:00+00:00
[2026-03-25T16:49:10.274+0000] {processor.py:183} INFO - Processing /opt/airflow/dags/spotify_albums_etl.py took 0.786 seconds
[2026-03-25T16:49:40.765+0000] {processor.py:161} INFO - Started process (PID=948) to work on /opt/airflow/dags/spotify_albums_etl.py
[2026-03-25T16:49:40.767+0000] {processor.py:830} INFO - Processing file /opt/airflow/dags/spotify_albums_etl.py for tasks to queue
[2026-03-25T16:49:40.768+0000] {logging_mixin.py:188} INFO - [2026-03-25T16:49:40.768+0000] {dagbag.py:538} INFO - Filling up the DagBag from /opt/airflow/dags/spotify_albums_etl.py
[2026-03-25T16:49:41.358+0000] {processor.py:840} INFO - DAG(s) '08_spotify_albums_etl' retrieved from /opt/airflow/dags/spotify_albums_etl.py
[2026-03-25T16:49:41.388+0000] {logging_mixin.py:188} INFO - [2026-03-25T16:49:41.387+0000] {dag.py:3036} INFO - Sync 1 DAGs
[2026-03-25T16:49:41.412+0000] {logging_mixin.py:188} INFO - [2026-03-25T16:49:41.412+0000] {dag.py:3823} INFO - Setting next_dagrun for 08_spotify_albums_etl to 2026-03-22 00:00:00+00:00, run_after=2026-03-29 00:00:00+00:00
[2026-03-25T16:49:41.465+0000] {processor.py:183} INFO - Processing /opt/airflow/dags/spotify_albums_etl.py took 0.705 seconds
[2026-03-25T16:50:11.591+0000] {processor.py:161} INFO - Started process (PID=983) to work on /opt/airflow/dags/spotify_albums_etl.py
[2026-03-25T16:50:11.593+0000] {processor.py:830} INFO - Processing file /opt/airflow/dags/spotify_albums_etl.py for tasks to queue
[2026-03-25T16:50:11.595+0000] {logging_mixin.py:188} INFO - [2026-03-25T16:50:11.595+0000] {dagbag.py:538} INFO - Filling up the DagBag from /opt/airflow/dags/spotify_albums_etl.py
[2026-03-25T16:50:12.196+0000] {processor.py:840} INFO - DAG(s) '08_spotify_albums_etl' retrieved from /opt/airflow/dags/spotify_albums_etl.py
[2026-03-25T16:50:12.231+0000] {logging_mixin.py:188} INFO - [2026-03-25T16:50:12.231+0000] {dag.py:3036} INFO - Sync 1 DAGs
[2026-03-25T16:50:12.259+0000] {logging_mixin.py:188} INFO - [2026-03-25T16:50:12.258+0000] {dag.py:3823} INFO - Setting next_dagrun for 08_spotify_albums_etl to 2026-03-22 00:00:00+00:00, run_after=2026-03-29 00:00:00+00:00
[2026-03-25T16:50:12.314+0000] {processor.py:183} INFO - Processing /opt/airflow/dags/spotify_albums_etl.py took 0.727 seconds
[2026-03-25T16:50:42.592+0000] {processor.py:161} INFO - Started process (PID=1018) to work on /opt/airflow/dags/spotify_albums_etl.py
[2026-03-25T16:50:42.594+0000] {processor.py:830} INFO - Processing file /opt/airflow/dags/spotify_albums_etl.py for tasks to queue
[2026-03-25T16:50:42.596+0000] {logging_mixin.py:188} INFO - [2026-03-25T16:50:42.596+0000] {dagbag.py:538} INFO - Filling up the DagBag from /opt/airflow/dags/spotify_albums_etl.py
[2026-03-25T16:50:43.176+0000] {processor.py:840} INFO - DAG(s) '08_spotify_albums_etl' retrieved from /opt/airflow/dags/spotify_albums_etl.py
[2026-03-25T16:50:43.208+0000] {logging_mixin.py:188} INFO - [2026-03-25T16:50:43.208+0000] {dag.py:3036} INFO - Sync 1 DAGs
[2026-03-25T16:50:43.240+0000] {logging_mixin.py:188} INFO - [2026-03-25T16:50:43.240+0000] {dag.py:3823} INFO - Setting next_dagrun for 08_spotify_albums_etl to 2026-03-22 00:00:00+00:00, run_after=2026-03-29 00:00:00+00:00
[2026-03-25T16:50:43.293+0000] {processor.py:183} INFO - Processing /opt/airflow/dags/spotify_albums_etl.py took 0.708 seconds
[2026-03-25T16:51:13.658+0000] {processor.py:161} INFO - Started process (PID=1053) to work on /opt/airflow/dags/spotify_albums_etl.py
[2026-03-25T16:51:13.660+0000] {processor.py:830} INFO - Processing file /opt/airflow/dags/spotify_albums_etl.py for tasks to queue
[2026-03-25T16:51:13.662+0000] {logging_mixin.py:188} INFO - [2026-03-25T16:51:13.661+0000] {dagbag.py:538} INFO - Filling up the DagBag from /opt/airflow/dags/spotify_albums_etl.py
[2026-03-25T16:51:14.353+0000] {processor.py:840} INFO - DAG(s) '08_spotify_albums_etl' retrieved from /opt/airflow/dags/spotify_albums_etl.py
[2026-03-25T16:51:14.388+0000] {logging_mixin.py:188} INFO - [2026-03-25T16:51:14.388+0000] {dag.py:3036} INFO - Sync 1 DAGs
[2026-03-25T16:51:14.413+0000] {logging_mixin.py:188} INFO - [2026-03-25T16:51:14.413+0000] {dag.py:3823} INFO - Setting next_dagrun for 08_spotify_albums_etl to 2026-03-22 00:00:00+00:00, run_after=2026-03-29 00:00:00+00:00
[2026-03-25T16:51:14.445+0000] {processor.py:183} INFO - Processing /opt/airflow/dags/spotify_albums_etl.py took 0.794 seconds
[2026-03-25T16:51:44.776+0000] {processor.py:161} INFO - Started process (PID=1088) to work on /opt/airflow/dags/spotify_albums_etl.py
[2026-03-25T16:51:44.778+0000] {processor.py:830} INFO - Processing file /opt/airflow/dags/spotify_albums_etl.py for tasks to queue
[2026-03-25T16:51:44.780+0000] {logging_mixin.py:188} INFO - [2026-03-25T16:51:44.779+0000] {dagbag.py:538} INFO - Filling up the DagBag from /opt/airflow/dags/spotify_albums_etl.py
[2026-03-25T16:51:45.519+0000] {processor.py:840} INFO - DAG(s) '08_spotify_albums_etl' retrieved from /opt/airflow/dags/spotify_albums_etl.py
[2026-03-25T16:51:45.554+0000] {logging_mixin.py:188} INFO - [2026-03-25T16:51:45.553+0000] {dag.py:3036} INFO - Sync 1 DAGs
[2026-03-25T16:51:45.583+0000] {logging_mixin.py:188} INFO - [2026-03-25T16:51:45.583+0000] {dag.py:3823} INFO - Setting next_dagrun for 08_spotify_albums_etl to 2026-03-22 00:00:00+00:00, run_after=2026-03-29 00:00:00+00:00
[2026-03-25T16:51:45.648+0000] {processor.py:183} INFO - Processing /opt/airflow/dags/spotify_albums_etl.py took 0.878 seconds
[2026-03-25T16:52:15.808+0000] {processor.py:161} INFO - Started process (PID=1123) to work on /opt/airflow/dags/spotify_albums_etl.py
[2026-03-25T16:52:15.810+0000] {processor.py:830} INFO - Processing file /opt/airflow/dags/spotify_albums_etl.py for tasks to queue
[2026-03-25T16:52:15.812+0000] {logging_mixin.py:188} INFO - [2026-03-25T16:52:15.811+0000] {dagbag.py:538} INFO - Filling up the DagBag from /opt/airflow/dags/spotify_albums_etl.py
[2026-03-25T16:52:16.343+0000] {processor.py:840} INFO - DAG(s) '08_spotify_albums_etl' retrieved from /opt/airflow/dags/spotify_albums_etl.py
[2026-03-25T16:52:16.374+0000] {logging_mixin.py:188} INFO - [2026-03-25T16:52:16.374+0000] {dag.py:3036} INFO - Sync 1 DAGs
[2026-03-25T16:52:16.411+0000] {logging_mixin.py:188} INFO - [2026-03-25T16:52:16.410+0000] {dag.py:3823} INFO - Setting next_dagrun for 08_spotify_albums_etl to 2026-03-22 00:00:00+00:00, run_after=2026-03-29 00:00:00+00:00
[2026-03-25T16:52:16.468+0000] {processor.py:183} INFO - Processing /opt/airflow/dags/spotify_albums_etl.py took 0.664 seconds
[2026-03-25T16:52:46.573+0000] {processor.py:161} INFO - Started process (PID=1158) to work on /opt/airflow/dags/spotify_albums_etl.py
[2026-03-25T16:52:46.575+0000] {processor.py:830} INFO - Processing file /opt/airflow/dags/spotify_albums_etl.py for tasks to queue
[2026-03-25T16:52:46.576+0000] {logging_mixin.py:188} INFO - [2026-03-25T16:52:46.576+0000] {dagbag.py:538} INFO - Filling up the DagBag from /opt/airflow/dags/spotify_albums_etl.py
[2026-03-25T16:52:47.067+0000] {processor.py:840} INFO - DAG(s) '08_spotify_albums_etl' retrieved from /opt/airflow/dags/spotify_albums_etl.py
[2026-03-25T16:52:47.094+0000] {logging_mixin.py:188} INFO - [2026-03-25T16:52:47.093+0000] {dag.py:3036} INFO - Sync 1 DAGs
[2026-03-25T16:52:47.119+0000] {logging_mixin.py:188} INFO - [2026-03-25T16:52:47.119+0000] {dag.py:3823} INFO - Setting next_dagrun for 08_spotify_albums_etl to 2026-03-22 00:00:00+00:00, run_after=2026-03-29 00:00:00+00:00
[2026-03-25T16:52:47.168+0000] {processor.py:183} INFO - Processing /opt/airflow/dags/spotify_albums_etl.py took 0.599 seconds
[2026-03-25T16:53:17.467+0000] {processor.py:161} INFO - Started process (PID=1193) to work on /opt/airflow/dags/spotify_albums_etl.py
[2026-03-25T16:53:17.469+0000] {processor.py:830} INFO - Processing file /opt/airflow/dags/spotify_albums_etl.py for tasks to queue
[2026-03-25T16:53:17.471+0000] {logging_mixin.py:188} INFO - [2026-03-25T16:53:17.470+0000] {dagbag.py:538} INFO - Filling up the DagBag from /opt/airflow/dags/spotify_albums_etl.py
[2026-03-25T16:53:17.953+0000] {processor.py:840} INFO - DAG(s) '08_spotify_albums_etl' retrieved from /opt/airflow/dags/spotify_albums_etl.py
[2026-03-25T16:53:17.978+0000] {logging_mixin.py:188} INFO - [2026-03-25T16:53:17.978+0000] {dag.py:3036} INFO - Sync 1 DAGs
[2026-03-25T16:53:18.004+0000] {logging_mixin.py:188} INFO - [2026-03-25T16:53:18.004+0000] {dag.py:3823} INFO - Setting next_dagrun for 08_spotify_albums_etl to 2026-03-22 00:00:00+00:00, run_after=2026-03-29 00:00:00+00:00
[2026-03-25T16:53:18.032+0000] {processor.py:183} INFO - Processing /opt/airflow/dags/spotify_albums_etl.py took 0.569 seconds
[2026-03-25T16:53:48.482+0000] {processor.py:161} INFO - Started process (PID=1233) to work on /opt/airflow/dags/spotify_albums_etl.py
[2026-03-25T16:53:48.484+0000] {processor.py:830} INFO - Processing file /opt/airflow/dags/spotify_albums_etl.py for tasks to queue
[2026-03-25T16:53:48.485+0000] {logging_mixin.py:188} INFO - [2026-03-25T16:53:48.485+0000] {dagbag.py:538} INFO - Filling up the DagBag from /opt/airflow/dags/spotify_albums_etl.py
[2026-03-25T16:53:48.983+0000] {processor.py:840} INFO - DAG(s) '08_spotify_albums_etl' retrieved from /opt/airflow/dags/spotify_albums_etl.py
[2026-03-25T16:53:49.014+0000] {logging_mixin.py:188} INFO - [2026-03-25T16:53:49.014+0000] {dag.py:3036} INFO - Sync 1 DAGs
[2026-03-25T16:53:49.044+0000] {logging_mixin.py:188} INFO - [2026-03-25T16:53:49.044+0000] {dag.py:3823} INFO - Setting next_dagrun for 08_spotify_albums_etl to 2026-03-22 00:00:00+00:00, run_after=2026-03-29 00:00:00+00:00
[2026-03-25T16:53:49.077+0000] {processor.py:183} INFO - Processing /opt/airflow/dags/spotify_albums_etl.py took 0.601 seconds
[2026-03-25T16:54:19.580+0000] {processor.py:161} INFO - Started process (PID=1273) to work on /opt/airflow/dags/spotify_albums_etl.py
[2026-03-25T16:54:19.581+0000] {processor.py:830} INFO - Processing file /opt/airflow/dags/spotify_albums_etl.py for tasks to queue
[2026-03-25T16:54:19.583+0000] {logging_mixin.py:188} INFO - [2026-03-25T16:54:19.582+0000] {dagbag.py:538} INFO - Filling up the DagBag from /opt/airflow/dags/spotify_albums_etl.py
[2026-03-25T16:54:20.081+0000] {processor.py:840} INFO - DAG(s) '08_spotify_albums_etl' retrieved from /opt/airflow/dags/spotify_albums_etl.py
[2026-03-25T16:54:20.115+0000] {logging_mixin.py:188} INFO - [2026-03-25T16:54:20.114+0000] {dag.py:3036} INFO - Sync 1 DAGs
[2026-03-25T16:54:20.154+0000] {logging_mixin.py:188} INFO - [2026-03-25T16:54:20.154+0000] {dag.py:3823} INFO - Setting next_dagrun for 08_spotify_albums_etl to 2026-03-22 00:00:00+00:00, run_after=2026-03-29 00:00:00+00:00
[2026-03-25T16:54:20.187+0000] {processor.py:183} INFO - Processing /opt/airflow/dags/spotify_albums_etl.py took 0.612 seconds
[2026-03-25T16:54:50.982+0000] {processor.py:161} INFO - Started process (PID=1638) to work on /opt/airflow/dags/spotify_albums_etl.py
[2026-03-25T16:54:50.984+0000] {processor.py:830} INFO - Processing file /opt/airflow/dags/spotify_albums_etl.py for tasks to queue
[2026-03-25T16:54:50.987+0000] {logging_mixin.py:188} INFO - [2026-03-25T16:54:50.986+0000] {dagbag.py:538} INFO - Filling up the DagBag from /opt/airflow/dags/spotify_albums_etl.py
[2026-03-25T16:54:51.751+0000] {processor.py:840} INFO - DAG(s) '08_spotify_albums_etl' retrieved from /opt/airflow/dags/spotify_albums_etl.py
[2026-03-25T16:54:51.820+0000] {logging_mixin.py:188} INFO - [2026-03-25T16:54:51.819+0000] {dag.py:3036} INFO - Sync 1 DAGs
[2026-03-25T16:54:51.872+0000] {logging_mixin.py:188} INFO - [2026-03-25T16:54:51.871+0000] {dag.py:3823} INFO - Setting next_dagrun for 08_spotify_albums_etl to 2026-03-22 00:00:00+00:00, run_after=2026-03-29 00:00:00+00:00
[2026-03-25T16:54:51.935+0000] {processor.py:183} INFO - Processing /opt/airflow/dags/spotify_albums_etl.py took 0.960 seconds
[2026-03-25T16:55:22.428+0000] {processor.py:161} INFO - Started process (PID=1749) to work on /opt/airflow/dags/spotify_albums_etl.py
[2026-03-25T16:55:22.430+0000] {processor.py:830} INFO - Processing file /opt/airflow/dags/spotify_albums_etl.py for tasks to queue
[2026-03-25T16:55:22.433+0000] {logging_mixin.py:188} INFO - [2026-03-25T16:55:22.432+0000] {dagbag.py:538} INFO - Filling up the DagBag from /opt/airflow/dags/spotify_albums_etl.py
[2026-03-25T16:55:23.143+0000] {processor.py:840} INFO - DAG(s) '08_spotify_albums_etl' retrieved from /opt/airflow/dags/spotify_albums_etl.py
[2026-03-25T16:55:23.186+0000] {logging_mixin.py:188} INFO - [2026-03-25T16:55:23.185+0000] {dag.py:3036} INFO - Sync 1 DAGs
[2026-03-25T16:55:23.218+0000] {logging_mixin.py:188} INFO - [2026-03-25T16:55:23.218+0000] {dag.py:3823} INFO - Setting next_dagrun for 08_spotify_albums_etl to 2026-03-22 00:00:00+00:00, run_after=2026-03-29 00:00:00+00:00
[2026-03-25T16:55:23.273+0000] {processor.py:183} INFO - Processing /opt/airflow/dags/spotify_albums_etl.py took 0.853 seconds
[2026-03-25T18:48:12.649+0000] {processor.py:161} INFO - Started process (PID=1791) to work on /opt/airflow/dags/spotify_albums_etl.py
[2026-03-25T18:48:12.656+0000] {processor.py:830} INFO - Processing file /opt/airflow/dags/spotify_albums_etl.py for tasks to queue
[2026-03-25T18:48:12.660+0000] {logging_mixin.py:188} INFO - [2026-03-25T18:48:12.659+0000] {dagbag.py:538} INFO - Filling up the DagBag from /opt/airflow/dags/spotify_albums_etl.py
[2026-03-25T18:48:15.095+0000] {processor.py:840} INFO - DAG(s) '08_spotify_albums_etl' retrieved from /opt/airflow/dags/spotify_albums_etl.py
[2026-03-25T18:48:15.200+0000] {logging_mixin.py:188} INFO - [2026-03-25T18:48:15.199+0000] {dag.py:3036} INFO - Sync 1 DAGs
[2026-03-25T18:48:15.335+0000] {logging_mixin.py:188} INFO - [2026-03-25T18:48:15.334+0000] {dag.py:3823} INFO - Setting next_dagrun for 08_spotify_albums_etl to 2026-03-22 00:00:00+00:00, run_after=2026-03-29 00:00:00+00:00
[2026-03-25T18:48:15.447+0000] {processor.py:183} INFO - Processing /opt/airflow/dags/spotify_albums_etl.py took 2.486 seconds
[2026-03-25T18:48:47.639+0000] {processor.py:161} INFO - Started process (PID=1831) to work on /opt/airflow/dags/spotify_albums_etl.py
[2026-03-25T18:48:47.643+0000] {processor.py:830} INFO - Processing file /opt/airflow/dags/spotify_albums_etl.py for tasks to queue
[2026-03-25T18:48:47.653+0000] {logging_mixin.py:188} INFO - [2026-03-25T18:48:47.651+0000] {dagbag.py:538} INFO - Filling up the DagBag from /opt/airflow/dags/spotify_albums_etl.py
[2026-03-25T18:48:49.033+0000] {processor.py:840} INFO - DAG(s) '08_spotify_albums_etl' retrieved from /opt/airflow/dags/spotify_albums_etl.py
[2026-03-25T18:48:49.066+0000] {logging_mixin.py:188} INFO - [2026-03-25T18:48:49.065+0000] {dag.py:3036} INFO - Sync 1 DAGs
[2026-03-25T18:48:49.096+0000] {logging_mixin.py:188} INFO - [2026-03-25T18:48:49.096+0000] {dag.py:3823} INFO - Setting next_dagrun for 08_spotify_albums_etl to 2026-03-22 00:00:00+00:00, run_after=2026-03-29 00:00:00+00:00
[2026-03-25T18:48:49.426+0000] {processor.py:183} INFO - Processing /opt/airflow/dags/spotify_albums_etl.py took 1.809 seconds
[2026-03-25T18:49:20.377+0000] {processor.py:161} INFO - Started process (PID=1870) to work on /opt/airflow/dags/spotify_albums_etl.py
[2026-03-25T18:49:20.380+0000] {processor.py:830} INFO - Processing file /opt/airflow/dags/spotify_albums_etl.py for tasks to queue
[2026-03-25T18:49:20.385+0000] {logging_mixin.py:188} INFO - [2026-03-25T18:49:20.384+0000] {dagbag.py:538} INFO - Filling up the DagBag from /opt/airflow/dags/spotify_albums_etl.py
[2026-03-25T18:49:21.938+0000] {processor.py:840} INFO - DAG(s) '08_spotify_albums_etl' retrieved from /opt/airflow/dags/spotify_albums_etl.py
[2026-03-25T18:49:22.029+0000] {logging_mixin.py:188} INFO - [2026-03-25T18:49:22.029+0000] {dag.py:3036} INFO - Sync 1 DAGs
[2026-03-25T18:49:22.137+0000] {logging_mixin.py:188} INFO - [2026-03-25T18:49:22.136+0000] {dag.py:3823} INFO - Setting next_dagrun for 08_spotify_albums_etl to 2026-03-22 00:00:00+00:00, run_after=2026-03-29 00:00:00+00:00
[2026-03-25T18:49:22.219+0000] {processor.py:183} INFO - Processing /opt/airflow/dags/spotify_albums_etl.py took 1.854 seconds
[2026-03-25T18:49:52.516+0000] {processor.py:161} INFO - Started process (PID=1910) to work on /opt/airflow/dags/spotify_albums_etl.py
[2026-03-25T18:49:52.519+0000] {processor.py:830} INFO - Processing file /opt/airflow/dags/spotify_albums_etl.py for tasks to queue
[2026-03-25T18:49:52.521+0000] {logging_mixin.py:188} INFO - [2026-03-25T18:49:52.521+0000] {dagbag.py:538} INFO - Filling up the DagBag from /opt/airflow/dags/spotify_albums_etl.py
[2026-03-25T18:49:54.254+0000] {processor.py:840} INFO - DAG(s) '08_spotify_albums_etl' retrieved from /opt/airflow/dags/spotify_albums_etl.py
[2026-03-25T18:49:54.352+0000] {logging_mixin.py:188} INFO - [2026-03-25T18:49:54.345+0000] {dag.py:3036} INFO - Sync 1 DAGs
[2026-03-25T18:49:54.433+0000] {logging_mixin.py:188} INFO - [2026-03-25T18:49:54.432+0000] {dag.py:3823} INFO - Setting next_dagrun for 08_spotify_albums_etl to 2026-03-22 00:00:00+00:00, run_after=2026-03-29 00:00:00+00:00
[2026-03-25T18:49:54.520+0000] {processor.py:183} INFO - Processing /opt/airflow/dags/spotify_albums_etl.py took 2.012 seconds
[2026-03-25T18:50:24.994+0000] {processor.py:161} INFO - Started process (PID=1950) to work on /opt/airflow/dags/spotify_albums_etl.py
[2026-03-25T18:50:24.996+0000] {processor.py:830} INFO - Processing file /opt/airflow/dags/spotify_albums_etl.py for tasks to queue
[2026-03-25T18:50:24.998+0000] {logging_mixin.py:188} INFO - [2026-03-25T18:50:24.997+0000] {dagbag.py:538} INFO - Filling up the DagBag from /opt/airflow/dags/spotify_albums_etl.py
[2026-03-25T18:50:25.598+0000] {processor.py:840} INFO - DAG(s) '08_spotify_albums_etl' retrieved from /opt/airflow/dags/spotify_albums_etl.py
[2026-03-25T18:50:25.628+0000] {logging_mixin.py:188} INFO - [2026-03-25T18:50:25.627+0000] {dag.py:3036} INFO - Sync 1 DAGs
[2026-03-25T18:50:25.655+0000] {logging_mixin.py:188} INFO - [2026-03-25T18:50:25.655+0000] {dag.py:3823} INFO - Setting next_dagrun for 08_spotify_albums_etl to 2026-03-22 00:00:00+00:00, run_after=2026-03-29 00:00:00+00:00
[2026-03-25T18:50:25.701+0000] {processor.py:183} INFO - Processing /opt/airflow/dags/spotify_albums_etl.py took 0.712 seconds
[2026-03-25T18:50:57.894+0000] {processor.py:161} INFO - Started process (PID=1990) to work on /opt/airflow/dags/spotify_albums_etl.py
[2026-03-25T18:50:57.896+0000] {processor.py:830} INFO - Processing file /opt/airflow/dags/spotify_albums_etl.py for tasks to queue
[2026-03-25T18:50:57.898+0000] {logging_mixin.py:188} INFO - [2026-03-25T18:50:57.897+0000] {dagbag.py:538} INFO - Filling up the DagBag from /opt/airflow/dags/spotify_albums_etl.py
[2026-03-25T18:50:58.615+0000] {processor.py:840} INFO - DAG(s) '08_spotify_albums_etl' retrieved from /opt/airflow/dags/spotify_albums_etl.py
[2026-03-25T18:50:58.650+0000] {logging_mixin.py:188} INFO - [2026-03-25T18:50:58.650+0000] {dag.py:3036} INFO - Sync 1 DAGs
[2026-03-25T18:50:58.687+0000] {logging_mixin.py:188} INFO - [2026-03-25T18:50:58.687+0000] {dag.py:3823} INFO - Setting next_dagrun for 08_spotify_albums_etl to 2026-03-22 00:00:00+00:00, run_after=2026-03-29 00:00:00+00:00
[2026-03-25T18:50:58.718+0000] {processor.py:183} INFO - Processing /opt/airflow/dags/spotify_albums_etl.py took 0.830 seconds
[2026-03-25T18:51:30.725+0000] {processor.py:161} INFO - Started process (PID=2030) to work on /opt/airflow/dags/spotify_albums_etl.py
[2026-03-25T18:51:30.728+0000] {processor.py:830} INFO - Processing file /opt/airflow/dags/spotify_albums_etl.py for tasks to queue
[2026-03-25T18:51:30.731+0000] {logging_mixin.py:188} INFO - [2026-03-25T18:51:30.731+0000] {dagbag.py:538} INFO - Filling up the DagBag from /opt/airflow/dags/spotify_albums_etl.py
[2026-03-25T18:51:31.430+0000] {processor.py:840} INFO - DAG(s) '08_spotify_albums_etl' retrieved from /opt/airflow/dags/spotify_albums_etl.py
[2026-03-25T18:51:31.473+0000] {logging_mixin.py:188} INFO - [2026-03-25T18:51:31.472+0000] {dag.py:3036} INFO - Sync 1 DAGs
[2026-03-25T18:51:31.513+0000] {logging_mixin.py:188} INFO - [2026-03-25T18:51:31.512+0000] {dag.py:3823} INFO - Setting next_dagrun for 08_spotify_albums_etl to 2026-03-22 00:00:00+00:00, run_after=2026-03-29 00:00:00+00:00
[2026-03-25T18:51:31.551+0000] {processor.py:183} INFO - Processing /opt/airflow/dags/spotify_albums_etl.py took 0.834 seconds
[2026-03-25T18:52:02.597+0000] {processor.py:161} INFO - Started process (PID=2070) to work on /opt/airflow/dags/spotify_albums_etl.py
[2026-03-25T18:52:02.601+0000] {processor.py:830} INFO - Processing file /opt/airflow/dags/spotify_albums_etl.py for tasks to queue
[2026-03-25T18:52:02.616+0000] {logging_mixin.py:188} INFO - [2026-03-25T18:52:02.613+0000] {dagbag.py:538} INFO - Filling up the DagBag from /opt/airflow/dags/spotify_albums_etl.py
[2026-03-25T18:52:03.502+0000] {processor.py:840} INFO - DAG(s) '08_spotify_albums_etl' retrieved from /opt/airflow/dags/spotify_albums_etl.py
[2026-03-25T18:52:03.533+0000] {logging_mixin.py:188} INFO - [2026-03-25T18:52:03.532+0000] {dag.py:3036} INFO - Sync 1 DAGs
[2026-03-25T18:52:03.576+0000] {logging_mixin.py:188} INFO - [2026-03-25T18:52:03.575+0000] {dag.py:3823} INFO - Setting next_dagrun for 08_spotify_albums_etl to 2026-03-22 00:00:00+00:00, run_after=2026-03-29 00:00:00+00:00
[2026-03-25T18:52:03.616+0000] {processor.py:183} INFO - Processing /opt/airflow/dags/spotify_albums_etl.py took 1.047 seconds
[2026-03-25T18:52:35.436+0000] {processor.py:161} INFO - Started process (PID=2110) to work on /opt/airflow/dags/spotify_albums_etl.py
[2026-03-25T18:52:35.438+0000] {processor.py:830} INFO - Processing file /opt/airflow/dags/spotify_albums_etl.py for tasks to queue
[2026-03-25T18:52:35.439+0000] {logging_mixin.py:188} INFO - [2026-03-25T18:52:35.439+0000] {dagbag.py:538} INFO - Filling up the DagBag from /opt/airflow/dags/spotify_albums_etl.py
[2026-03-25T18:52:36.043+0000] {processor.py:840} INFO - DAG(s) '08_spotify_albums_etl' retrieved from /opt/airflow/dags/spotify_albums_etl.py
[2026-03-25T18:52:36.075+0000] {logging_mixin.py:188} INFO - [2026-03-25T18:52:36.074+0000] {dag.py:3036} INFO - Sync 1 DAGs
[2026-03-25T18:52:36.107+0000] {logging_mixin.py:188} INFO - [2026-03-25T18:52:36.107+0000] {dag.py:3823} INFO - Setting next_dagrun for 08_spotify_albums_etl to 2026-03-22 00:00:00+00:00, run_after=2026-03-29 00:00:00+00:00
[2026-03-25T18:52:36.141+0000] {processor.py:183} INFO - Processing /opt/airflow/dags/spotify_albums_etl.py took 0.711 seconds
[2026-03-25T18:53:08.215+0000] {processor.py:161} INFO - Started process (PID=2150) to work on /opt/airflow/dags/spotify_albums_etl.py
[2026-03-25T18:53:08.217+0000] {processor.py:830} INFO - Processing file /opt/airflow/dags/spotify_albums_etl.py for tasks to queue
[2026-03-25T18:53:08.218+0000] {logging_mixin.py:188} INFO - [2026-03-25T18:53:08.218+0000] {dagbag.py:538} INFO - Filling up the DagBag from /opt/airflow/dags/spotify_albums_etl.py
[2026-03-25T18:53:08.786+0000] {processor.py:840} INFO - DAG(s) '08_spotify_albums_etl' retrieved from /opt/airflow/dags/spotify_albums_etl.py
[2026-03-25T18:53:08.819+0000] {logging_mixin.py:188} INFO - [2026-03-25T18:53:08.819+0000] {dag.py:3036} INFO - Sync 1 DAGs
[2026-03-25T18:53:08.849+0000] {logging_mixin.py:188} INFO - [2026-03-25T18:53:08.849+0000] {dag.py:3823} INFO - Setting next_dagrun for 08_spotify_albums_etl to 2026-03-22 00:00:00+00:00, run_after=2026-03-29 00:00:00+00:00
[2026-03-25T18:53:08.876+0000] {processor.py:183} INFO - Processing /opt/airflow/dags/spotify_albums_etl.py took 0.667 seconds
