[2026-02-20T23:00:01.912+0000] {taskinstance.py:1956} INFO - Dependencies all met for dep_context=non-requeueable deps ti=<TaskInstance: owd_etl_robusto.extraer_raw scheduled__2026-02-20T22:00:00+00:00 [queued]>
[2026-02-20T23:00:01.925+0000] {taskinstance.py:1956} INFO - Dependencies all met for dep_context=requeueable deps ti=<TaskInstance: owd_etl_robusto.extraer_raw scheduled__2026-02-20T22:00:00+00:00 [queued]>
[2026-02-20T23:00:01.925+0000] {taskinstance.py:2170} INFO - Starting attempt 1 of 3
[2026-02-20T23:00:01.944+0000] {taskinstance.py:2191} INFO - Executing <Task(_PythonDecoratedOperator): extraer_raw> on 2026-02-20 22:00:00+00:00
[2026-02-20T23:00:01.951+0000] {standard_task_runner.py:60} INFO - Started process 42399 to run task
[2026-02-20T23:00:01.956+0000] {standard_task_runner.py:87} INFO - Running: ['***', 'tasks', 'run', 'owd_etl_robusto', 'extraer_raw', 'scheduled__2026-02-20T22:00:00+00:00', '--job-id', '108', '--raw', '--subdir', 'DAGS_FOLDER/owd_etl_robusto.py', '--cfg-path', '/tmp/tmpb_yi0rka']
[2026-02-20T23:00:01.959+0000] {standard_task_runner.py:88} INFO - Job 108: Subtask extraer_raw
[2026-02-20T23:00:01.988+0000] {logging_mixin.py:188} WARNING - /home/***/.local/lib/python3.8/site-packages/***/settings.py:194 DeprecationWarning: The sql_alchemy_conn option in [core] has been moved to the sql_alchemy_conn option in [database] - the old setting has been used, but please update your config.
[2026-02-20T23:00:02.061+0000] {task_command.py:423} INFO - Running <TaskInstance: owd_etl_robusto.extraer_raw scheduled__2026-02-20T22:00:00+00:00 [running]> on host 9c61b33cde5a
[2026-02-20T23:00:02.404+0000] {taskinstance.py:2480} INFO - Exporting env vars: AIRFLOW_CTX_DAG_OWNER='Procesos_ETL' AIRFLOW_CTX_DAG_ID='owd_etl_robusto' AIRFLOW_CTX_TASK_ID='extraer_raw' AIRFLOW_CTX_EXECUTION_DATE='2026-02-20T22:00:00+00:00' AIRFLOW_CTX_TRY_NUMBER='1' AIRFLOW_CTX_DAG_RUN_ID='scheduled__2026-02-20T22:00:00+00:00'
[2026-02-20T23:00:02.405+0000] {logging_mixin.py:188} INFO - Iniciando la extracción de datos desde la Api...
[2026-02-20T23:00:02.890+0000] {logging_mixin.py:188} INFO - Extraido: Quito
[2026-02-20T23:00:03.440+0000] {logging_mixin.py:188} INFO - Extraido: Loja
[2026-02-20T23:00:03.882+0000] {logging_mixin.py:188} INFO - Extraido: Guayaquil
[2026-02-20T23:00:04.322+0000] {logging_mixin.py:188} INFO - Extraido: Cuenca
[2026-02-20T23:00:04.744+0000] {logging_mixin.py:188} INFO - Extraido: London
[2026-02-20T23:00:05.170+0000] {logging_mixin.py:188} INFO - Extraido: Tokyo
[2026-02-20T23:00:05.605+0000] {logging_mixin.py:188} INFO - Extraido: Madrid
[2026-02-20T23:00:05.725+0000] {logging_mixin.py:188} INFO - (Bronze) Datos guardados en: /opt/***/dags/data_lake/master_weather/bronze/raw_weather_20260220_2300.parquet
[2026-02-20T23:00:05.726+0000] {python.py:201} INFO - Done. Returned value was: /opt/***/dags/data_lake/master_weather/bronze/raw_weather_20260220_2300.parquet
[2026-02-20T23:00:05.756+0000] {taskinstance.py:1138} INFO - Marking task as SUCCESS. dag_id=owd_etl_robusto, task_id=extraer_raw, execution_date=20260220T220000, start_date=20260220T230001, end_date=20260220T230005
[2026-02-20T23:00:05.801+0000] {local_task_job_runner.py:234} INFO - Task exited with return code 0
[2026-02-20T23:00:05.836+0000] {taskinstance.py:3280} INFO - 1 downstream tasks scheduled from follow-on schedule check
